11:01:09.983 [main] INFO  c.a.n.c.u.ParamUtil - [<clinit>,87] - [settings] [req-serv] nacos-server port:8848
11:01:09.986 [main] INFO  c.a.n.c.u.ParamUtil - [<clinit>,98] - [settings] [http-client] connect timeout:1000
11:01:09.989 [main] INFO  c.a.n.c.u.ParamUtil - [<clinit>,105] - PER_TASK_CONFIG_SIZE: 3000.0
11:01:10.025 [main] INFO  c.a.n.p.a.s.c.ClientAuthPluginManager - [init,56] - [ClientAuthPluginManager] Load ClientAuthService com.alibaba.nacos.client.auth.impl.NacosClientAuthServiceImpl success.
11:01:10.026 [main] INFO  c.a.n.p.a.s.c.ClientAuthPluginManager - [init,56] - [ClientAuthPluginManager] Load ClientAuthService com.alibaba.nacos.client.auth.ram.RamClientAuthServiceImpl success.
11:01:10.030 [main] INFO  c.a.n.c.a.r.i.CredentialWatcher - [loadCredential,165] - null No credential found
11:01:10.579 [main] INFO  c.a.n.c.c.i.LocalConfigInfoProcessor - [<clinit>,63] - LOCAL_SNAPSHOT_PATH:C:\Users\Administrator\nacos\config
11:01:10.588 [main] INFO  c.a.n.c.r.client - [lambda$createClient$0,108] - [RpcClientFactory] create a new rpc client of cdb7f038-577e-4c90-8fec-24f781e6fecf_config-0
11:01:10.642 [main] INFO  c.a.n.c.r.client - [printIfInfoEnabled,63] - [cdb7f038-577e-4c90-8fec-24f781e6fecf_config-0] Register server push request handler:com.alibaba.nacos.client.config.impl.ClientWorker$ConfigRpcTransportClient$$Lambda$565/0x000001ac0130c068
11:01:10.642 [main] INFO  c.a.n.c.r.client - [printIfInfoEnabled,63] - [cdb7f038-577e-4c90-8fec-24f781e6fecf_config-0] Register server push request handler:com.alibaba.nacos.client.config.impl.ClientWorker$ConfigRpcTransportClient$$Lambda$566/0x000001ac0130c488
11:01:10.644 [main] INFO  c.a.n.c.r.client - [printIfInfoEnabled,63] - [cdb7f038-577e-4c90-8fec-24f781e6fecf_config-0] Registry connection listener to current client:com.alibaba.nacos.client.config.impl.ClientWorker$ConfigRpcTransportClient$1
11:01:10.646 [main] INFO  c.a.n.c.r.client - [printIfInfoEnabled,63] - [cdb7f038-577e-4c90-8fec-24f781e6fecf_config-0] RpcClient init, ServerListFactory = com.alibaba.nacos.client.config.impl.ClientWorker$ConfigRpcTransportClient$2
11:01:10.663 [main] INFO  c.a.n.c.r.client - [printIfInfoEnabled,63] - [cdb7f038-577e-4c90-8fec-24f781e6fecf_config-0] Try to connect to server on start up, server: {serverIp = 'localhost', server main port = 8848}
11:01:10.728 [main] INFO  c.a.n.c.r.c.g.GrpcClient - [createNewManagedChannel,182] - grpc client connection server:localhost ip,serverPort:9848,grpcTslConfig:{"sslProvider":"OPENSSL","enableTls":false,"mutualAuthEnable":false,"trustAll":false}
11:01:13.732 [main] INFO  c.a.n.c.r.client - [printIfInfoEnabled,63] - [cdb7f038-577e-4c90-8fec-24f781e6fecf_config-0] Success to connect to server [localhost:8848] on start up, connectionId = 1737342073175_172.17.0.1_34858
11:01:13.734 [com.alibaba.nacos.client.remote.worker] INFO  c.a.n.c.r.client - [printIfInfoEnabled,63] - [cdb7f038-577e-4c90-8fec-24f781e6fecf_config-0] Notify connected event to listeners.
11:01:13.735 [com.alibaba.nacos.client.remote.worker] INFO  c.a.n.c.c.i.ClientWorker - [onConnected,639] - [cdb7f038-577e-4c90-8fec-24f781e6fecf_config-0] Connected,notify listen context...
11:01:13.735 [main] INFO  c.a.n.c.r.client - [printIfInfoEnabled,63] - [cdb7f038-577e-4c90-8fec-24f781e6fecf_config-0] Register server push request handler:com.alibaba.nacos.common.remote.client.RpcClient$ConnectResetRequestHandler
11:01:13.736 [main] INFO  c.a.n.c.r.client - [printIfInfoEnabled,63] - [cdb7f038-577e-4c90-8fec-24f781e6fecf_config-0] Register server push request handler:com.alibaba.nacos.common.remote.client.RpcClient$$Lambda$586/0x000001ac01453780
11:01:13.861 [main] INFO  c.a.n.c.c.i.Limiter - [<clinit>,62] - limitTime:5.0
11:01:14.235 [main] INFO  c.a.n.c.c.u.JvmUtil - [<clinit>,54] - isMultiInstance:false
11:01:14.248 [main] INFO  o.s.c.b.c.PropertySourceBootstrapConfiguration - [initialize,108] - Located property source: [BootstrapPropertySource {name='bootstrapProperties-oj-system-local.yaml,DEFAULT_GROUP'}, BootstrapPropertySource {name='bootstrapProperties-oj-system.yaml,DEFAULT_GROUP'}, BootstrapPropertySource {name='bootstrapProperties-oj-system,DEFAULT_GROUP'}]
11:01:14.266 [main] INFO  c.f.s.OjSystemApplication - [logStartupProfileInfo,636] - The following 1 profile is active: "local"
11:01:15.816 [main] INFO  o.s.d.r.c.RepositoryConfigurationDelegate - [multipleStoresDetected,294] - Multiple Spring Data modules found, entering strict repository configuration mode
11:01:15.821 [main] INFO  o.s.d.r.c.RepositoryConfigurationDelegate - [registerRepositoriesIn,138] - Bootstrapping Spring Data Redis repositories in DEFAULT mode.
11:01:15.874 [main] INFO  o.s.d.r.c.RepositoryConfigurationDelegate - [registerRepositoriesIn,208] - Finished Spring Data repository scanning in 17 ms. Found 0 Redis repository interfaces.
11:01:16.194 [main] INFO  o.s.c.c.s.GenericScope - [setSerializationId,282] - BeanFactory id=2c6cb4f2-f5b8-3d8b-9c67-a80eed923a98
11:01:16.855 [main] INFO  o.s.b.w.e.t.TomcatWebServer - [initialize,108] - Tomcat initialized with port(s): 9201 (http)
11:01:16.865 [main] INFO  o.a.c.h.Http11NioProtocol - [log,173] - Initializing ProtocolHandler ["http-nio-9201"]
11:01:16.866 [main] INFO  o.a.c.c.StandardService - [log,173] - Starting service [Tomcat]
11:01:16.867 [main] INFO  o.a.c.c.StandardEngine - [log,173] - Starting Servlet engine: [Apache Tomcat/10.1.4]
11:01:16.972 [main] INFO  o.a.c.c.C.[.[.[/] - [log,173] - Initializing Spring embedded WebApplicationContext
11:01:16.973 [main] INFO  o.s.b.w.s.c.ServletWebServerApplicationContext - [prepareWebApplicationContext,291] - Root WebApplicationContext: initialization completed in 2668 ms
11:01:20.096 [main] INFO  o.a.c.h.Http11NioProtocol - [log,173] - Starting ProtocolHandler ["http-nio-9201"]
11:01:20.114 [main] INFO  o.s.b.w.e.t.TomcatWebServer - [start,220] - Tomcat started on port(s): 9201 (http) with context path ''
11:01:20.119 [main] INFO  c.a.n.client.naming - [initNamespaceForNaming,62] - initializer namespace from ans.namespace attribute : null
11:01:20.120 [main] INFO  c.a.n.client.naming - [lambda$initNamespaceForNaming$0,66] - initializer namespace from ALIBABA_ALIWARE_NAMESPACE attribute :null
11:01:20.121 [main] INFO  c.a.n.client.naming - [lambda$initNamespaceForNaming$1,73] - initializer namespace from namespace attribute :null
11:01:20.136 [main] INFO  c.a.n.p.a.s.c.ClientAuthPluginManager - [init,56] - [ClientAuthPluginManager] Load ClientAuthService com.alibaba.nacos.client.auth.impl.NacosClientAuthServiceImpl success.
11:01:20.136 [main] INFO  c.a.n.p.a.s.c.ClientAuthPluginManager - [init,56] - [ClientAuthPluginManager] Load ClientAuthService com.alibaba.nacos.client.auth.ram.RamClientAuthServiceImpl success.
11:01:20.142 [main] INFO  c.a.n.c.r.client - [lambda$createClient$0,108] - [RpcClientFactory] create a new rpc client of 9b5dcacf-13c8-4d56-afa1-2b9b6cb8e997
11:01:20.145 [main] INFO  c.a.n.c.r.client - [printIfInfoEnabled,63] - [9b5dcacf-13c8-4d56-afa1-2b9b6cb8e997] RpcClient init, ServerListFactory = com.alibaba.nacos.client.naming.core.ServerListManager
11:01:20.145 [main] INFO  c.a.n.c.r.client - [printIfInfoEnabled,63] - [9b5dcacf-13c8-4d56-afa1-2b9b6cb8e997] Registry connection listener to current client:com.alibaba.nacos.client.naming.remote.gprc.redo.NamingGrpcRedoService
11:01:20.146 [main] INFO  c.a.n.c.r.client - [printIfInfoEnabled,63] - [9b5dcacf-13c8-4d56-afa1-2b9b6cb8e997] Register server push request handler:com.alibaba.nacos.client.naming.remote.gprc.NamingPushRequestHandler
11:01:20.146 [main] INFO  c.a.n.c.r.client - [printIfInfoEnabled,63] - [9b5dcacf-13c8-4d56-afa1-2b9b6cb8e997] Try to connect to server on start up, server: {serverIp = 'localhost', server main port = 8848}
11:01:20.147 [main] INFO  c.a.n.c.r.c.g.GrpcClient - [createNewManagedChannel,182] - grpc client connection server:localhost ip,serverPort:9848,grpcTslConfig:{"sslProvider":"OPENSSL","enableTls":false,"mutualAuthEnable":false,"trustAll":false}
11:01:20.283 [main] INFO  c.a.n.c.r.client - [printIfInfoEnabled,63] - [9b5dcacf-13c8-4d56-afa1-2b9b6cb8e997] Success to connect to server [localhost:8848] on start up, connectionId = 1737342080160_172.17.0.1_34416
11:01:20.283 [main] INFO  c.a.n.c.r.client - [printIfInfoEnabled,63] - [9b5dcacf-13c8-4d56-afa1-2b9b6cb8e997] Register server push request handler:com.alibaba.nacos.common.remote.client.RpcClient$ConnectResetRequestHandler
11:01:20.283 [com.alibaba.nacos.client.remote.worker] INFO  c.a.n.c.r.client - [printIfInfoEnabled,63] - [9b5dcacf-13c8-4d56-afa1-2b9b6cb8e997] Notify connected event to listeners.
11:01:20.284 [main] INFO  c.a.n.c.r.client - [printIfInfoEnabled,63] - [9b5dcacf-13c8-4d56-afa1-2b9b6cb8e997] Register server push request handler:com.alibaba.nacos.common.remote.client.RpcClient$$Lambda$586/0x000001ac01453780
11:01:20.284 [com.alibaba.nacos.client.remote.worker] INFO  c.a.n.client.naming - [onConnected,78] - Grpc connection connect
11:01:20.285 [main] INFO  c.a.n.client.naming - [registerService,121] - [REGISTER-SERVICE] 62113bd0-93ee-4621-9b30-60de09bd5520 registering service oj-system with instance Instance{instanceId='null', ip='192.168.137.1', port=9201, weight=1.0, healthy=true, enabled=true, ephemeral=true, clusterName='DEFAULT', serviceName='null', metadata={IPv6=null, preserved.register.source=SPRING_CLOUD}}
11:01:20.324 [main] INFO  c.a.c.n.r.NacosServiceRegistry - [register,76] - nacos registry, DEFAULT_GROUP oj-system 192.168.137.1:9201 register finished
11:01:20.760 [main] INFO  c.f.s.OjSystemApplication - [logStarted,57] - Started OjSystemApplication in 12.137 seconds (process running for 13.759)
11:01:20.767 [main] INFO  c.a.n.c.c.i.CacheData - [<clinit>,67] - nacos.cache.data.init.snapshot = true 
11:01:20.771 [main] INFO  c.a.n.c.c.i.ClientWorker - [addCacheDataIfAbsent,380] - [fixed-62113bd0-93ee-4621-9b30-60de09bd5520-localhost_8848] [subscribe] oj-system-local.yaml+DEFAULT_GROUP+62113bd0-93ee-4621-9b30-60de09bd5520
11:01:20.786 [main] INFO  c.a.n.c.c.i.CacheData - [addListener,197] - [fixed-62113bd0-93ee-4621-9b30-60de09bd5520-localhost_8848] [add-listener] ok, tenant=62113bd0-93ee-4621-9b30-60de09bd5520, dataId=oj-system-local.yaml, group=DEFAULT_GROUP, cnt=1
11:01:20.787 [main] INFO  c.a.c.n.r.NacosContextRefresher - [registerNacosListener,129] - [Nacos Config] Listening config: dataId=oj-system-local.yaml, group=DEFAULT_GROUP
11:01:20.788 [main] INFO  c.a.n.c.c.i.ClientWorker - [addCacheDataIfAbsent,380] - [fixed-62113bd0-93ee-4621-9b30-60de09bd5520-localhost_8848] [subscribe] oj-system+DEFAULT_GROUP+62113bd0-93ee-4621-9b30-60de09bd5520
11:01:20.788 [main] INFO  c.a.n.c.c.i.CacheData - [addListener,197] - [fixed-62113bd0-93ee-4621-9b30-60de09bd5520-localhost_8848] [add-listener] ok, tenant=62113bd0-93ee-4621-9b30-60de09bd5520, dataId=oj-system, group=DEFAULT_GROUP, cnt=1
11:01:20.788 [main] INFO  c.a.c.n.r.NacosContextRefresher - [registerNacosListener,129] - [Nacos Config] Listening config: dataId=oj-system, group=DEFAULT_GROUP
11:01:20.789 [main] INFO  c.a.n.c.c.i.ClientWorker - [addCacheDataIfAbsent,380] - [fixed-62113bd0-93ee-4621-9b30-60de09bd5520-localhost_8848] [subscribe] oj-system.yaml+DEFAULT_GROUP+62113bd0-93ee-4621-9b30-60de09bd5520
11:01:20.790 [main] INFO  c.a.n.c.c.i.CacheData - [addListener,197] - [fixed-62113bd0-93ee-4621-9b30-60de09bd5520-localhost_8848] [add-listener] ok, tenant=62113bd0-93ee-4621-9b30-60de09bd5520, dataId=oj-system.yaml, group=DEFAULT_GROUP, cnt=1
11:01:20.790 [main] INFO  c.a.c.n.r.NacosContextRefresher - [registerNacosListener,129] - [Nacos Config] Listening config: dataId=oj-system.yaml, group=DEFAULT_GROUP
11:02:53.694 [http-nio-9201-exec-1] INFO  o.a.c.c.C.[.[.[/] - [log,173] - Initializing Spring DispatcherServlet 'dispatcherServlet'
11:02:53.695 [http-nio-9201-exec-1] INFO  o.s.w.s.DispatcherServlet - [initServletBean,532] - Initializing Servlet 'dispatcherServlet'
11:02:53.697 [http-nio-9201-exec-1] INFO  o.s.w.s.DispatcherServlet - [initServletBean,554] - Completed initialization in 2 ms
11:02:53.909 [http-nio-9201-exec-1] INFO  c.z.h.HikariDataSource - [getConnection,110] - HikariPool-1 - Starting...
11:02:54.164 [http-nio-9201-exec-1] INFO  c.z.h.p.HikariPool - [checkFailFast,565] - HikariPool-1 - Added connection com.mysql.cj.jdbc.ConnectionImpl@253444ce
11:02:54.168 [http-nio-9201-exec-1] INFO  c.z.h.HikariDataSource - [getConnection,123] - HikariPool-1 - Start completed.
17:11:09.382 [SpringApplicationShutdownHook] INFO  c.a.c.n.r.NacosServiceRegistry - [deregister,95] - De-registering from Nacos Server now...
17:11:09.386 [SpringApplicationShutdownHook] INFO  c.a.n.client.naming - [deregisterService,217] - [DEREGISTER-SERVICE] 62113bd0-93ee-4621-9b30-60de09bd5520 deregistering service oj-system with instance: Instance{instanceId='null', ip='192.168.137.1', port=9201, weight=1.0, healthy=true, enabled=true, ephemeral=true, clusterName='DEFAULT', serviceName='null', metadata={}}
17:11:09.398 [SpringApplicationShutdownHook] INFO  c.a.c.n.r.NacosServiceRegistry - [deregister,115] - De-registration finished.
17:11:09.400 [SpringApplicationShutdownHook] INFO  c.a.n.client.naming - [shutdown,256] - com.alibaba.nacos.client.naming.cache.ServiceInfoHolder do shutdown begin
17:11:09.401 [SpringApplicationShutdownHook] INFO  c.a.n.client.naming - [shutdown,136] - com.alibaba.nacos.client.naming.backups.FailoverReactor do shutdown begin
17:11:09.402 [SpringApplicationShutdownHook] INFO  c.a.n.client.naming - [shutdown,138] - com.alibaba.nacos.client.naming.backups.FailoverReactor do shutdown stop
17:11:09.402 [SpringApplicationShutdownHook] INFO  c.a.n.client.naming - [shutdown,258] - com.alibaba.nacos.client.naming.cache.ServiceInfoHolder do shutdown stop
17:11:09.402 [SpringApplicationShutdownHook] INFO  c.a.n.client.naming - [shutdown,204] - com.alibaba.nacos.client.naming.remote.NamingClientProxyDelegate do shutdown begin
17:11:09.402 [SpringApplicationShutdownHook] INFO  c.a.n.client.naming - [shutdown,143] - com.alibaba.nacos.client.naming.core.ServiceInfoUpdateService do shutdown begin
17:11:09.403 [SpringApplicationShutdownHook] INFO  c.a.n.client.naming - [shutdown,145] - com.alibaba.nacos.client.naming.core.ServiceInfoUpdateService do shutdown stop
17:11:09.403 [SpringApplicationShutdownHook] INFO  c.a.n.client.naming - [shutdown,194] - com.alibaba.nacos.client.naming.core.ServerListManager do shutdown begin
17:11:09.403 [SpringApplicationShutdownHook] INFO  c.a.n.client.naming - [shutdown,199] - com.alibaba.nacos.client.naming.core.ServerListManager do shutdown stop
17:11:09.404 [SpringApplicationShutdownHook] INFO  c.a.n.client.naming - [shutdown,484] - com.alibaba.nacos.client.naming.remote.http.NamingHttpClientProxy do shutdown begin
17:11:09.404 [SpringApplicationShutdownHook] INFO  c.a.n.client.naming - [shutdown,486] - com.alibaba.nacos.client.naming.remote.http.NamingHttpClientProxy do shutdown stop
17:11:09.404 [SpringApplicationShutdownHook] INFO  c.a.n.c.r.client - [shutdown,429] - Shutdown rpc client, set status to shutdown
17:11:09.404 [SpringApplicationShutdownHook] INFO  c.a.n.c.r.client - [shutdown,431] - Shutdown client event executor java.util.concurrent.ScheduledThreadPoolExecutor@2674903[Running, pool size = 2, active threads = 2, queued tasks = 0, completed tasks = 0]
17:11:09.405 [SpringApplicationShutdownHook] INFO  c.a.n.c.r.client - [closeConnection,584] - Close current connection 1737342080160_172.17.0.1_34416
17:11:09.412 [nacos-grpc-client-executor-localhost-4523] INFO  c.a.n.c.r.c.g.GrpcClient - [printIfInfoEnabled,63] - [1737342080160_172.17.0.1_34416]Ignore complete event,isRunning:false,isAbandon=false
17:11:09.435 [SpringApplicationShutdownHook] INFO  c.a.n.c.r.c.g.GrpcClient - [shutdown,159] - Shutdown grpc executor java.util.concurrent.ThreadPoolExecutor@794d006e[Running, pool size = 4, active threads = 0, queued tasks = 0, completed tasks = 4524]
17:11:09.436 [SpringApplicationShutdownHook] INFO  c.a.n.client.naming - [shutdown,318] - Shutdown grpc redo service executor java.util.concurrent.ScheduledThreadPoolExecutor@461ebfbf[Running, pool size = 1, active threads = 0, queued tasks = 1, completed tasks = 7376]
17:11:09.440 [SpringApplicationShutdownHook] INFO  c.a.n.c.a.r.i.CredentialWatcher - [stop,106] - [null] CredentialWatcher is stopped
17:11:09.441 [SpringApplicationShutdownHook] INFO  c.a.n.c.a.r.i.CredentialService - [free,100] - [null] CredentialService is freed
17:11:09.443 [SpringApplicationShutdownHook] INFO  c.a.n.client.naming - [shutdown,211] - com.alibaba.nacos.client.naming.remote.NamingClientProxyDelegate do shutdown stop
17:11:09.637 [SpringApplicationShutdownHook] INFO  c.z.h.HikariDataSource - [close,350] - HikariPool-1 - Shutdown initiated...
17:11:09.645 [SpringApplicationShutdownHook] INFO  c.z.h.HikariDataSource - [close,352] - HikariPool-1 - Shutdown completed.
