14:26:46.814 [background-preinit] INFO  o.h.v.i.util.Version - [<clinit>,21] - HV000001: Hibernate Validator 8.0.0.Final
14:26:47.263 [main] INFO  c.a.n.c.u.ParamUtil - [<clinit>,87] - [settings] [req-serv] nacos-server port:8848
14:26:47.264 [main] INFO  c.a.n.c.u.ParamUtil - [<clinit>,98] - [settings] [http-client] connect timeout:1000
14:26:47.266 [main] INFO  c.a.n.c.u.ParamUtil - [<clinit>,105] - PER_TASK_CONFIG_SIZE: 3000.0
14:26:47.315 [main] INFO  c.a.n.p.a.s.c.ClientAuthPluginManager - [init,56] - [ClientAuthPluginManager] Load ClientAuthService com.alibaba.nacos.client.auth.impl.NacosClientAuthServiceImpl success.
14:26:47.316 [main] INFO  c.a.n.p.a.s.c.ClientAuthPluginManager - [init,56] - [ClientAuthPluginManager] Load ClientAuthService com.alibaba.nacos.client.auth.ram.RamClientAuthServiceImpl success.
14:26:47.323 [main] INFO  c.a.n.c.a.r.i.CredentialWatcher - [loadCredential,165] - null No credential found
14:26:48.340 [main] INFO  c.a.n.c.c.i.LocalConfigInfoProcessor - [<clinit>,63] - LOCAL_SNAPSHOT_PATH:C:\Users\Administrator\nacos\config
14:26:48.346 [main] INFO  c.a.n.c.r.client - [lambda$createClient$0,108] - [RpcClientFactory] create a new rpc client of b6d57486-2bc8-4582-8651-cc2bd8202c55_config-0
14:26:48.379 [main] INFO  c.a.n.c.r.client - [printIfInfoEnabled,63] - [b6d57486-2bc8-4582-8651-cc2bd8202c55_config-0] Register server push request handler:com.alibaba.nacos.client.config.impl.ClientWorker$ConfigRpcTransportClient$$Lambda$571/0x0000021c1b362150
14:26:48.381 [main] INFO  c.a.n.c.r.client - [printIfInfoEnabled,63] - [b6d57486-2bc8-4582-8651-cc2bd8202c55_config-0] Register server push request handler:com.alibaba.nacos.client.config.impl.ClientWorker$ConfigRpcTransportClient$$Lambda$572/0x0000021c1b362570
14:26:48.381 [main] INFO  c.a.n.c.r.client - [printIfInfoEnabled,63] - [b6d57486-2bc8-4582-8651-cc2bd8202c55_config-0] Registry connection listener to current client:com.alibaba.nacos.client.config.impl.ClientWorker$ConfigRpcTransportClient$1
14:26:48.382 [main] INFO  c.a.n.c.r.client - [printIfInfoEnabled,63] - [b6d57486-2bc8-4582-8651-cc2bd8202c55_config-0] RpcClient init, ServerListFactory = com.alibaba.nacos.client.config.impl.ClientWorker$ConfigRpcTransportClient$2
14:26:48.398 [main] INFO  c.a.n.c.r.client - [printIfInfoEnabled,63] - [b6d57486-2bc8-4582-8651-cc2bd8202c55_config-0] Try to connect to server on start up, server: {serverIp = 'localhost', server main port = 8848}
14:26:48.462 [main] INFO  c.a.n.c.r.c.g.GrpcClient - [createNewManagedChannel,182] - grpc client connection server:localhost ip,serverPort:9848,grpcTslConfig:{"sslProvider":"OPENSSL","enableTls":false,"mutualAuthEnable":false,"trustAll":false}
14:26:50.603 [main] INFO  c.a.n.c.r.client - [printIfInfoEnabled,63] - [b6d57486-2bc8-4582-8651-cc2bd8202c55_config-0] Success to connect to server [localhost:8848] on start up, connectionId = 1738477610353_172.17.0.1_47362
14:26:50.605 [com.alibaba.nacos.client.remote.worker] INFO  c.a.n.c.r.client - [printIfInfoEnabled,63] - [b6d57486-2bc8-4582-8651-cc2bd8202c55_config-0] Notify connected event to listeners.
14:26:50.605 [com.alibaba.nacos.client.remote.worker] INFO  c.a.n.c.c.i.ClientWorker - [onConnected,639] - [b6d57486-2bc8-4582-8651-cc2bd8202c55_config-0] Connected,notify listen context...
14:26:50.605 [main] INFO  c.a.n.c.r.client - [printIfInfoEnabled,63] - [b6d57486-2bc8-4582-8651-cc2bd8202c55_config-0] Register server push request handler:com.alibaba.nacos.common.remote.client.RpcClient$ConnectResetRequestHandler
14:26:50.606 [main] INFO  c.a.n.c.r.client - [printIfInfoEnabled,63] - [b6d57486-2bc8-4582-8651-cc2bd8202c55_config-0] Register server push request handler:com.alibaba.nacos.common.remote.client.RpcClient$$Lambda$592/0x0000021c1b4b91e8
14:26:50.694 [main] INFO  c.a.n.c.c.i.Limiter - [<clinit>,62] - limitTime:5.0
14:26:50.751 [main] INFO  c.a.n.c.c.u.JvmUtil - [<clinit>,54] - isMultiInstance:false
14:26:50.760 [main] INFO  o.s.c.b.c.PropertySourceBootstrapConfiguration - [initialize,108] - Located property source: [BootstrapPropertySource {name='bootstrapProperties-oj-system-local.yaml,DEFAULT_GROUP'}, BootstrapPropertySource {name='bootstrapProperties-oj-system.yaml,DEFAULT_GROUP'}, BootstrapPropertySource {name='bootstrapProperties-oj-system,DEFAULT_GROUP'}]
14:26:50.773 [main] INFO  c.f.s.OjSystemApplication - [logStartupProfileInfo,636] - The following 1 profile is active: "local"
14:26:51.853 [main] INFO  o.s.d.r.c.RepositoryConfigurationDelegate - [multipleStoresDetected,294] - Multiple Spring Data modules found, entering strict repository configuration mode
14:26:51.857 [main] INFO  o.s.d.r.c.RepositoryConfigurationDelegate - [registerRepositoriesIn,138] - Bootstrapping Spring Data Redis repositories in DEFAULT mode.
14:26:51.901 [main] INFO  o.s.d.r.c.RepositoryConfigurationDelegate - [registerRepositoriesIn,208] - Finished Spring Data repository scanning in 19 ms. Found 0 Redis repository interfaces.
14:26:52.211 [main] INFO  o.s.c.c.s.GenericScope - [setSerializationId,282] - BeanFactory id=13398bf6-2285-3f62-adbd-817dfb8711db
14:26:52.776 [main] INFO  o.s.b.w.e.t.TomcatWebServer - [initialize,108] - Tomcat initialized with port(s): 9201 (http)
14:26:52.787 [main] INFO  o.a.c.h.Http11NioProtocol - [log,173] - Initializing ProtocolHandler ["http-nio-9201"]
14:26:52.788 [main] INFO  o.a.c.c.StandardService - [log,173] - Starting service [Tomcat]
14:26:52.788 [main] INFO  o.a.c.c.StandardEngine - [log,173] - Starting Servlet engine: [Apache Tomcat/10.1.4]
14:26:52.900 [main] INFO  o.a.c.c.C.[.[.[/] - [log,173] - Initializing Spring embedded WebApplicationContext
14:26:52.902 [main] INFO  o.s.b.w.s.c.ServletWebServerApplicationContext - [prepareWebApplicationContext,291] - Root WebApplicationContext: initialization completed in 2092 ms
14:26:56.389 [main] INFO  o.a.c.h.Http11NioProtocol - [log,173] - Starting ProtocolHandler ["http-nio-9201"]
14:26:56.407 [main] INFO  o.s.b.w.e.t.TomcatWebServer - [start,220] - Tomcat started on port(s): 9201 (http) with context path ''
14:26:56.412 [main] INFO  c.a.n.client.naming - [initNamespaceForNaming,62] - initializer namespace from ans.namespace attribute : null
14:26:56.412 [main] INFO  c.a.n.client.naming - [lambda$initNamespaceForNaming$0,66] - initializer namespace from ALIBABA_ALIWARE_NAMESPACE attribute :null
14:26:56.413 [main] INFO  c.a.n.client.naming - [lambda$initNamespaceForNaming$1,73] - initializer namespace from namespace attribute :null
14:26:56.427 [main] INFO  c.a.n.p.a.s.c.ClientAuthPluginManager - [init,56] - [ClientAuthPluginManager] Load ClientAuthService com.alibaba.nacos.client.auth.impl.NacosClientAuthServiceImpl success.
14:26:56.428 [main] INFO  c.a.n.p.a.s.c.ClientAuthPluginManager - [init,56] - [ClientAuthPluginManager] Load ClientAuthService com.alibaba.nacos.client.auth.ram.RamClientAuthServiceImpl success.
14:26:56.436 [main] INFO  c.a.n.c.r.client - [lambda$createClient$0,108] - [RpcClientFactory] create a new rpc client of daaa808c-4a73-4cb4-97e4-1dea9554db63
14:26:56.439 [main] INFO  c.a.n.c.r.client - [printIfInfoEnabled,63] - [daaa808c-4a73-4cb4-97e4-1dea9554db63] RpcClient init, ServerListFactory = com.alibaba.nacos.client.naming.core.ServerListManager
14:26:56.439 [main] INFO  c.a.n.c.r.client - [printIfInfoEnabled,63] - [daaa808c-4a73-4cb4-97e4-1dea9554db63] Registry connection listener to current client:com.alibaba.nacos.client.naming.remote.gprc.redo.NamingGrpcRedoService
14:26:56.440 [main] INFO  c.a.n.c.r.client - [printIfInfoEnabled,63] - [daaa808c-4a73-4cb4-97e4-1dea9554db63] Register server push request handler:com.alibaba.nacos.client.naming.remote.gprc.NamingPushRequestHandler
14:26:56.440 [main] INFO  c.a.n.c.r.client - [printIfInfoEnabled,63] - [daaa808c-4a73-4cb4-97e4-1dea9554db63] Try to connect to server on start up, server: {serverIp = 'localhost', server main port = 8848}
14:26:56.440 [main] INFO  c.a.n.c.r.c.g.GrpcClient - [createNewManagedChannel,182] - grpc client connection server:localhost ip,serverPort:9848,grpcTslConfig:{"sslProvider":"OPENSSL","enableTls":false,"mutualAuthEnable":false,"trustAll":false}
14:26:56.565 [main] INFO  c.a.n.c.r.client - [printIfInfoEnabled,63] - [daaa808c-4a73-4cb4-97e4-1dea9554db63] Success to connect to server [localhost:8848] on start up, connectionId = 1738477616453_172.17.0.1_40504
14:26:56.566 [main] INFO  c.a.n.c.r.client - [printIfInfoEnabled,63] - [daaa808c-4a73-4cb4-97e4-1dea9554db63] Register server push request handler:com.alibaba.nacos.common.remote.client.RpcClient$ConnectResetRequestHandler
14:26:56.566 [com.alibaba.nacos.client.remote.worker] INFO  c.a.n.c.r.client - [printIfInfoEnabled,63] - [daaa808c-4a73-4cb4-97e4-1dea9554db63] Notify connected event to listeners.
14:26:56.566 [main] INFO  c.a.n.c.r.client - [printIfInfoEnabled,63] - [daaa808c-4a73-4cb4-97e4-1dea9554db63] Register server push request handler:com.alibaba.nacos.common.remote.client.RpcClient$$Lambda$592/0x0000021c1b4b91e8
14:26:56.566 [com.alibaba.nacos.client.remote.worker] INFO  c.a.n.client.naming - [onConnected,78] - Grpc connection connect
14:26:56.569 [main] INFO  c.a.n.client.naming - [registerService,121] - [REGISTER-SERVICE] 62113bd0-93ee-4621-9b30-60de09bd5520 registering service oj-system with instance Instance{instanceId='null', ip='192.168.137.1', port=9201, weight=1.0, healthy=true, enabled=true, ephemeral=true, clusterName='DEFAULT', serviceName='null', metadata={IPv6=null, preserved.register.source=SPRING_CLOUD}}
14:26:56.589 [main] INFO  c.a.c.n.r.NacosServiceRegistry - [register,76] - nacos registry, DEFAULT_GROUP oj-system 192.168.137.1:9201 register finished
14:26:57.120 [main] INFO  c.f.s.OjSystemApplication - [logStarted,57] - Started OjSystemApplication in 11.952 seconds (process running for 13.729)
14:26:57.127 [main] INFO  c.a.n.c.c.i.CacheData - [<clinit>,67] - nacos.cache.data.init.snapshot = true 
14:26:57.131 [main] INFO  c.a.n.c.c.i.ClientWorker - [addCacheDataIfAbsent,380] - [fixed-62113bd0-93ee-4621-9b30-60de09bd5520-localhost_8848] [subscribe] oj-system-local.yaml+DEFAULT_GROUP+62113bd0-93ee-4621-9b30-60de09bd5520
14:26:57.151 [main] INFO  c.a.n.c.c.i.CacheData - [addListener,197] - [fixed-62113bd0-93ee-4621-9b30-60de09bd5520-localhost_8848] [add-listener] ok, tenant=62113bd0-93ee-4621-9b30-60de09bd5520, dataId=oj-system-local.yaml, group=DEFAULT_GROUP, cnt=1
14:26:57.152 [main] INFO  c.a.c.n.r.NacosContextRefresher - [registerNacosListener,129] - [Nacos Config] Listening config: dataId=oj-system-local.yaml, group=DEFAULT_GROUP
14:26:57.153 [main] INFO  c.a.n.c.c.i.ClientWorker - [addCacheDataIfAbsent,380] - [fixed-62113bd0-93ee-4621-9b30-60de09bd5520-localhost_8848] [subscribe] oj-system+DEFAULT_GROUP+62113bd0-93ee-4621-9b30-60de09bd5520
14:26:57.153 [main] INFO  c.a.n.c.c.i.CacheData - [addListener,197] - [fixed-62113bd0-93ee-4621-9b30-60de09bd5520-localhost_8848] [add-listener] ok, tenant=62113bd0-93ee-4621-9b30-60de09bd5520, dataId=oj-system, group=DEFAULT_GROUP, cnt=1
14:26:57.153 [main] INFO  c.a.c.n.r.NacosContextRefresher - [registerNacosListener,129] - [Nacos Config] Listening config: dataId=oj-system, group=DEFAULT_GROUP
14:26:57.154 [main] INFO  c.a.n.c.c.i.ClientWorker - [addCacheDataIfAbsent,380] - [fixed-62113bd0-93ee-4621-9b30-60de09bd5520-localhost_8848] [subscribe] oj-system.yaml+DEFAULT_GROUP+62113bd0-93ee-4621-9b30-60de09bd5520
14:26:57.154 [main] INFO  c.a.n.c.c.i.CacheData - [addListener,197] - [fixed-62113bd0-93ee-4621-9b30-60de09bd5520-localhost_8848] [add-listener] ok, tenant=62113bd0-93ee-4621-9b30-60de09bd5520, dataId=oj-system.yaml, group=DEFAULT_GROUP, cnt=1
14:26:57.154 [main] INFO  c.a.c.n.r.NacosContextRefresher - [registerNacosListener,129] - [Nacos Config] Listening config: dataId=oj-system.yaml, group=DEFAULT_GROUP
14:27:42.065 [http-nio-9201-exec-1] INFO  o.a.c.c.C.[.[.[/] - [log,173] - Initializing Spring DispatcherServlet 'dispatcherServlet'
14:27:42.065 [http-nio-9201-exec-1] INFO  o.s.w.s.DispatcherServlet - [initServletBean,532] - Initializing Servlet 'dispatcherServlet'
14:27:42.067 [http-nio-9201-exec-1] INFO  o.s.w.s.DispatcherServlet - [initServletBean,554] - Completed initialization in 2 ms
14:27:42.225 [http-nio-9201-exec-1] INFO  c.z.h.HikariDataSource - [getConnection,110] - HikariPool-1 - Starting...
14:27:42.448 [http-nio-9201-exec-1] INFO  c.z.h.p.HikariPool - [checkFailFast,565] - HikariPool-1 - Added connection com.mysql.cj.jdbc.ConnectionImpl@372e6905
14:27:42.451 [http-nio-9201-exec-1] INFO  c.z.h.HikariDataSource - [getConnection,123] - HikariPool-1 - Start completed.
14:54:23.847 [nacos-grpc-client-executor-localhost-387] INFO  c.a.n.c.r.client - [printIfInfoEnabled,63] - [b6d57486-2bc8-4582-8651-cc2bd8202c55_config-0] Receive server push request, request = ConfigChangeNotifyRequest, requestId = 2
14:54:23.847 [nacos-grpc-client-executor-localhost-387] INFO  c.a.n.c.c.i.ClientWorker - [lambda$initRpcClientHandler$0,606] - [b6d57486-2bc8-4582-8651-cc2bd8202c55_config-0] [server-push] config changed. dataId=oj-system-local.yaml, group=DEFAULT_GROUP,tenant=62113bd0-93ee-4621-9b30-60de09bd5520
14:54:23.848 [nacos-grpc-client-executor-localhost-387] INFO  c.a.n.c.r.client - [printIfInfoEnabled,63] - [b6d57486-2bc8-4582-8651-cc2bd8202c55_config-0] Ack server push request, request = ConfigChangeNotifyRequest, requestId = 2
14:54:23.870 [com.alibaba.nacos.client.Worker] INFO  c.a.n.c.c.i.ClientWorker - [refreshContentAndCheck,449] - [fixed-62113bd0-93ee-4621-9b30-60de09bd5520-localhost_8848] [data-received] dataId=oj-system-local.yaml, group=DEFAULT_GROUP, tenant=62113bd0-93ee-4621-9b30-60de09bd5520, md5=4c1a0538ae0b12e45c664e06e2bff0e1, content=server:
  port: 9201

spring:
  data:
    redis:
      host: localhost
      password: 2001
  dataso..., type=yaml
14:54:23.873 [com.alibaba.nacos.client.Worker] INFO  c.a.n.c.c.i.CacheData - [safeNotifyListener,383] - [fixed-62113bd0-93ee-4621-9b30-60de09bd5520-localhost_8848] [notify-listener] time cost=0ms in ClientWorker, dataId=oj-system-local.yaml, group=DEFAULT_GROUP, md5=4c1a0538ae0b12e45c664e06e2bff0e1, listener=com.alibaba.cloud.nacos.refresh.NacosContextRefresher$1@703611a0 
14:54:23.874 [nacos.client.cachedata.internal.notifier] INFO  c.a.n.c.c.i.CacheData - [lambda$safeNotifyListener$1,319] - [fixed-62113bd0-93ee-4621-9b30-60de09bd5520-localhost_8848] [notify-context] dataId=oj-system-local.yaml, group=DEFAULT_GROUP, md5=4c1a0538ae0b12e45c664e06e2bff0e1
14:54:24.565 [nacos.client.cachedata.internal.notifier] INFO  o.s.c.b.c.PropertySourceBootstrapConfiguration - [initialize,108] - Located property source: [BootstrapPropertySource {name='bootstrapProperties-oj-system-local.yaml,DEFAULT_GROUP'}, BootstrapPropertySource {name='bootstrapProperties-oj-system.yaml,DEFAULT_GROUP'}, BootstrapPropertySource {name='bootstrapProperties-oj-system,DEFAULT_GROUP'}]
14:54:24.569 [nacos.client.cachedata.internal.notifier] INFO  o.s.b.SpringApplication - [logStartupProfileInfo,636] - The following 1 profile is active: "local"
14:54:24.575 [nacos.client.cachedata.internal.notifier] INFO  o.s.b.SpringApplication - [logStarted,57] - Started application in 0.694 seconds (process running for 1661.185)
14:54:24.642 [nacos.client.cachedata.internal.notifier] INFO  o.s.c.e.e.RefreshEventListener - [handle,73] - Refresh keys changed: [spring.servlet.multipart.enabled, spring.servlet.multipart.max-request-size, spring.servlet.multipart.max-file-size]
14:54:24.642 [nacos.client.cachedata.internal.notifier] INFO  c.a.n.c.c.i.CacheData - [lambda$safeNotifyListener$1,345] - [fixed-62113bd0-93ee-4621-9b30-60de09bd5520-localhost_8848] [notify-ok] dataId=oj-system-local.yaml, group=DEFAULT_GROUP, md5=4c1a0538ae0b12e45c664e06e2bff0e1, listener=com.alibaba.cloud.nacos.refresh.NacosContextRefresher$1@703611a0 ,cost=769 millis.
14:54:28.542 [SpringApplicationShutdownHook] INFO  c.a.c.n.r.NacosServiceRegistry - [deregister,95] - De-registering from Nacos Server now...
14:54:28.542 [SpringApplicationShutdownHook] INFO  c.a.n.client.naming - [deregisterService,217] - [DEREGISTER-SERVICE] 62113bd0-93ee-4621-9b30-60de09bd5520 deregistering service oj-system with instance: Instance{instanceId='null', ip='192.168.137.1', port=9201, weight=1.0, healthy=true, enabled=true, ephemeral=true, clusterName='DEFAULT', serviceName='null', metadata={}}
14:54:28.550 [SpringApplicationShutdownHook] INFO  c.a.c.n.r.NacosServiceRegistry - [deregister,115] - De-registration finished.
14:54:28.551 [SpringApplicationShutdownHook] INFO  c.a.n.client.naming - [shutdown,256] - com.alibaba.nacos.client.naming.cache.ServiceInfoHolder do shutdown begin
14:54:28.551 [SpringApplicationShutdownHook] INFO  c.a.n.client.naming - [shutdown,136] - com.alibaba.nacos.client.naming.backups.FailoverReactor do shutdown begin
14:54:28.552 [SpringApplicationShutdownHook] INFO  c.a.n.client.naming - [shutdown,138] - com.alibaba.nacos.client.naming.backups.FailoverReactor do shutdown stop
14:54:28.552 [SpringApplicationShutdownHook] INFO  c.a.n.client.naming - [shutdown,258] - com.alibaba.nacos.client.naming.cache.ServiceInfoHolder do shutdown stop
14:54:28.552 [SpringApplicationShutdownHook] INFO  c.a.n.client.naming - [shutdown,204] - com.alibaba.nacos.client.naming.remote.NamingClientProxyDelegate do shutdown begin
14:54:28.552 [SpringApplicationShutdownHook] INFO  c.a.n.client.naming - [shutdown,143] - com.alibaba.nacos.client.naming.core.ServiceInfoUpdateService do shutdown begin
14:54:28.553 [SpringApplicationShutdownHook] INFO  c.a.n.client.naming - [shutdown,145] - com.alibaba.nacos.client.naming.core.ServiceInfoUpdateService do shutdown stop
14:54:28.553 [SpringApplicationShutdownHook] INFO  c.a.n.client.naming - [shutdown,194] - com.alibaba.nacos.client.naming.core.ServerListManager do shutdown begin
14:54:28.554 [SpringApplicationShutdownHook] INFO  c.a.n.client.naming - [shutdown,199] - com.alibaba.nacos.client.naming.core.ServerListManager do shutdown stop
14:54:28.554 [SpringApplicationShutdownHook] INFO  c.a.n.client.naming - [shutdown,484] - com.alibaba.nacos.client.naming.remote.http.NamingHttpClientProxy do shutdown begin
14:54:28.554 [SpringApplicationShutdownHook] INFO  c.a.n.client.naming - [shutdown,486] - com.alibaba.nacos.client.naming.remote.http.NamingHttpClientProxy do shutdown stop
14:54:28.554 [SpringApplicationShutdownHook] INFO  c.a.n.c.r.client - [shutdown,429] - Shutdown rpc client, set status to shutdown
14:54:28.555 [SpringApplicationShutdownHook] INFO  c.a.n.c.r.client - [shutdown,431] - Shutdown client event executor java.util.concurrent.ScheduledThreadPoolExecutor@74e5d059[Running, pool size = 2, active threads = 2, queued tasks = 0, completed tasks = 0]
14:54:28.555 [SpringApplicationShutdownHook] INFO  c.a.n.c.r.client - [closeConnection,584] - Close current connection 1738477616453_172.17.0.1_40504
14:54:28.560 [nacos-grpc-client-executor-localhost-387] INFO  c.a.n.c.r.c.g.GrpcClient - [printIfInfoEnabled,63] - [1738477616453_172.17.0.1_40504]Ignore complete event,isRunning:false,isAbandon=false
14:54:28.563 [SpringApplicationShutdownHook] INFO  c.a.n.c.r.c.g.GrpcClient - [shutdown,159] - Shutdown grpc executor java.util.concurrent.ThreadPoolExecutor@4de83a9[Running, pool size = 4, active threads = 0, queued tasks = 0, completed tasks = 388]
14:54:28.564 [SpringApplicationShutdownHook] INFO  c.a.n.client.naming - [shutdown,318] - Shutdown grpc redo service executor java.util.concurrent.ScheduledThreadPoolExecutor@524b45b1[Running, pool size = 1, active threads = 0, queued tasks = 1, completed tasks = 549]
14:54:28.565 [SpringApplicationShutdownHook] INFO  c.a.n.c.a.r.i.CredentialWatcher - [stop,106] - [null] CredentialWatcher is stopped
14:54:28.566 [SpringApplicationShutdownHook] INFO  c.a.n.c.a.r.i.CredentialService - [free,100] - [null] CredentialService is freed
14:54:28.567 [SpringApplicationShutdownHook] INFO  c.a.n.client.naming - [shutdown,211] - com.alibaba.nacos.client.naming.remote.NamingClientProxyDelegate do shutdown stop
14:54:28.697 [SpringApplicationShutdownHook] INFO  c.z.h.HikariDataSource - [close,350] - HikariPool-1 - Shutdown initiated...
14:54:28.712 [SpringApplicationShutdownHook] INFO  c.z.h.HikariDataSource - [close,352] - HikariPool-1 - Shutdown completed.
14:54:36.181 [background-preinit] INFO  o.h.v.i.util.Version - [<clinit>,21] - HV000001: Hibernate Validator 8.0.0.Final
14:54:36.529 [main] INFO  c.a.n.c.u.ParamUtil - [<clinit>,87] - [settings] [req-serv] nacos-server port:8848
14:54:36.529 [main] INFO  c.a.n.c.u.ParamUtil - [<clinit>,98] - [settings] [http-client] connect timeout:1000
14:54:36.531 [main] INFO  c.a.n.c.u.ParamUtil - [<clinit>,105] - PER_TASK_CONFIG_SIZE: 3000.0
14:54:36.571 [main] INFO  c.a.n.p.a.s.c.ClientAuthPluginManager - [init,56] - [ClientAuthPluginManager] Load ClientAuthService com.alibaba.nacos.client.auth.impl.NacosClientAuthServiceImpl success.
14:54:36.571 [main] INFO  c.a.n.p.a.s.c.ClientAuthPluginManager - [init,56] - [ClientAuthPluginManager] Load ClientAuthService com.alibaba.nacos.client.auth.ram.RamClientAuthServiceImpl success.
14:54:36.577 [main] INFO  c.a.n.c.a.r.i.CredentialWatcher - [loadCredential,165] - null No credential found
14:54:37.395 [main] INFO  c.a.n.c.c.i.LocalConfigInfoProcessor - [<clinit>,63] - LOCAL_SNAPSHOT_PATH:C:\Users\Administrator\nacos\config
14:54:37.404 [main] INFO  c.a.n.c.r.client - [lambda$createClient$0,108] - [RpcClientFactory] create a new rpc client of 45803909-3538-4669-8097-e6daef7bb71b_config-0
14:54:37.442 [main] INFO  c.a.n.c.r.client - [printIfInfoEnabled,63] - [45803909-3538-4669-8097-e6daef7bb71b_config-0] Register server push request handler:com.alibaba.nacos.client.config.impl.ClientWorker$ConfigRpcTransportClient$$Lambda$571/0x000001bc3a361540
14:54:37.443 [main] INFO  c.a.n.c.r.client - [printIfInfoEnabled,63] - [45803909-3538-4669-8097-e6daef7bb71b_config-0] Register server push request handler:com.alibaba.nacos.client.config.impl.ClientWorker$ConfigRpcTransportClient$$Lambda$572/0x000001bc3a361960
14:54:37.444 [main] INFO  c.a.n.c.r.client - [printIfInfoEnabled,63] - [45803909-3538-4669-8097-e6daef7bb71b_config-0] Registry connection listener to current client:com.alibaba.nacos.client.config.impl.ClientWorker$ConfigRpcTransportClient$1
14:54:37.445 [main] INFO  c.a.n.c.r.client - [printIfInfoEnabled,63] - [45803909-3538-4669-8097-e6daef7bb71b_config-0] RpcClient init, ServerListFactory = com.alibaba.nacos.client.config.impl.ClientWorker$ConfigRpcTransportClient$2
14:54:37.458 [main] INFO  c.a.n.c.r.client - [printIfInfoEnabled,63] - [45803909-3538-4669-8097-e6daef7bb71b_config-0] Try to connect to server on start up, server: {serverIp = 'localhost', server main port = 8848}
14:54:37.504 [main] INFO  c.a.n.c.r.c.g.GrpcClient - [createNewManagedChannel,182] - grpc client connection server:localhost ip,serverPort:9848,grpcTslConfig:{"sslProvider":"OPENSSL","enableTls":false,"mutualAuthEnable":false,"trustAll":false}
14:54:39.354 [main] INFO  c.a.n.c.r.client - [printIfInfoEnabled,63] - [45803909-3538-4669-8097-e6daef7bb71b_config-0] Success to connect to server [localhost:8848] on start up, connectionId = 1738479279100_172.17.0.1_39244
14:54:39.356 [com.alibaba.nacos.client.remote.worker] INFO  c.a.n.c.r.client - [printIfInfoEnabled,63] - [45803909-3538-4669-8097-e6daef7bb71b_config-0] Notify connected event to listeners.
14:54:39.357 [main] INFO  c.a.n.c.r.client - [printIfInfoEnabled,63] - [45803909-3538-4669-8097-e6daef7bb71b_config-0] Register server push request handler:com.alibaba.nacos.common.remote.client.RpcClient$ConnectResetRequestHandler
14:54:39.357 [com.alibaba.nacos.client.remote.worker] INFO  c.a.n.c.c.i.ClientWorker - [onConnected,639] - [45803909-3538-4669-8097-e6daef7bb71b_config-0] Connected,notify listen context...
14:54:39.357 [main] INFO  c.a.n.c.r.client - [printIfInfoEnabled,63] - [45803909-3538-4669-8097-e6daef7bb71b_config-0] Register server push request handler:com.alibaba.nacos.common.remote.client.RpcClient$$Lambda$592/0x000001bc3a4b8890
14:54:39.413 [main] INFO  c.a.n.c.c.i.Limiter - [<clinit>,62] - limitTime:5.0
14:54:39.461 [main] INFO  c.a.n.c.c.u.JvmUtil - [<clinit>,54] - isMultiInstance:false
14:54:39.467 [main] INFO  o.s.c.b.c.PropertySourceBootstrapConfiguration - [initialize,108] - Located property source: [BootstrapPropertySource {name='bootstrapProperties-oj-system-local.yaml,DEFAULT_GROUP'}, BootstrapPropertySource {name='bootstrapProperties-oj-system.yaml,DEFAULT_GROUP'}, BootstrapPropertySource {name='bootstrapProperties-oj-system,DEFAULT_GROUP'}]
14:54:39.479 [main] INFO  c.f.s.OjSystemApplication - [logStartupProfileInfo,636] - The following 1 profile is active: "local"
14:54:40.447 [main] INFO  o.s.d.r.c.RepositoryConfigurationDelegate - [multipleStoresDetected,294] - Multiple Spring Data modules found, entering strict repository configuration mode
14:54:40.452 [main] INFO  o.s.d.r.c.RepositoryConfigurationDelegate - [registerRepositoriesIn,138] - Bootstrapping Spring Data Redis repositories in DEFAULT mode.
14:54:40.502 [main] INFO  o.s.d.r.c.RepositoryConfigurationDelegate - [registerRepositoriesIn,208] - Finished Spring Data repository scanning in 16 ms. Found 0 Redis repository interfaces.
14:54:40.815 [main] INFO  o.s.c.c.s.GenericScope - [setSerializationId,282] - BeanFactory id=13398bf6-2285-3f62-adbd-817dfb8711db
14:54:41.342 [main] INFO  o.s.b.w.e.t.TomcatWebServer - [initialize,108] - Tomcat initialized with port(s): 9201 (http)
14:54:41.351 [main] INFO  o.a.c.h.Http11NioProtocol - [log,173] - Initializing ProtocolHandler ["http-nio-9201"]
14:54:41.354 [main] INFO  o.a.c.c.StandardService - [log,173] - Starting service [Tomcat]
14:54:41.355 [main] INFO  o.a.c.c.StandardEngine - [log,173] - Starting Servlet engine: [Apache Tomcat/10.1.4]
14:54:41.459 [main] INFO  o.a.c.c.C.[.[.[/] - [log,173] - Initializing Spring embedded WebApplicationContext
14:54:41.460 [main] INFO  o.s.b.w.s.c.ServletWebServerApplicationContext - [prepareWebApplicationContext,291] - Root WebApplicationContext: initialization completed in 1963 ms
14:54:45.406 [main] INFO  o.a.c.h.Http11NioProtocol - [log,173] - Starting ProtocolHandler ["http-nio-9201"]
14:54:45.427 [main] INFO  o.s.b.w.e.t.TomcatWebServer - [start,220] - Tomcat started on port(s): 9201 (http) with context path ''
14:54:45.438 [main] INFO  c.a.n.client.naming - [initNamespaceForNaming,62] - initializer namespace from ans.namespace attribute : null
14:54:45.439 [main] INFO  c.a.n.client.naming - [lambda$initNamespaceForNaming$0,66] - initializer namespace from ALIBABA_ALIWARE_NAMESPACE attribute :null
14:54:45.441 [main] INFO  c.a.n.client.naming - [lambda$initNamespaceForNaming$1,73] - initializer namespace from namespace attribute :null
14:54:45.461 [main] INFO  c.a.n.p.a.s.c.ClientAuthPluginManager - [init,56] - [ClientAuthPluginManager] Load ClientAuthService com.alibaba.nacos.client.auth.impl.NacosClientAuthServiceImpl success.
14:54:45.462 [main] INFO  c.a.n.p.a.s.c.ClientAuthPluginManager - [init,56] - [ClientAuthPluginManager] Load ClientAuthService com.alibaba.nacos.client.auth.ram.RamClientAuthServiceImpl success.
14:54:45.473 [main] INFO  c.a.n.c.r.client - [lambda$createClient$0,108] - [RpcClientFactory] create a new rpc client of 9b2684e0-96a4-41ec-976b-2cc06f5c0162
14:54:45.481 [main] INFO  c.a.n.c.r.client - [printIfInfoEnabled,63] - [9b2684e0-96a4-41ec-976b-2cc06f5c0162] RpcClient init, ServerListFactory = com.alibaba.nacos.client.naming.core.ServerListManager
14:54:45.482 [main] INFO  c.a.n.c.r.client - [printIfInfoEnabled,63] - [9b2684e0-96a4-41ec-976b-2cc06f5c0162] Registry connection listener to current client:com.alibaba.nacos.client.naming.remote.gprc.redo.NamingGrpcRedoService
14:54:45.483 [main] INFO  c.a.n.c.r.client - [printIfInfoEnabled,63] - [9b2684e0-96a4-41ec-976b-2cc06f5c0162] Register server push request handler:com.alibaba.nacos.client.naming.remote.gprc.NamingPushRequestHandler
14:54:45.485 [main] INFO  c.a.n.c.r.client - [printIfInfoEnabled,63] - [9b2684e0-96a4-41ec-976b-2cc06f5c0162] Try to connect to server on start up, server: {serverIp = 'localhost', server main port = 8848}
14:54:45.487 [main] INFO  c.a.n.c.r.c.g.GrpcClient - [createNewManagedChannel,182] - grpc client connection server:localhost ip,serverPort:9848,grpcTslConfig:{"sslProvider":"OPENSSL","enableTls":false,"mutualAuthEnable":false,"trustAll":false}
14:54:45.792 [main] INFO  c.a.n.c.r.client - [printIfInfoEnabled,63] - [9b2684e0-96a4-41ec-976b-2cc06f5c0162] Success to connect to server [localhost:8848] on start up, connectionId = 1738479285667_172.17.0.1_41440
14:54:45.793 [main] INFO  c.a.n.c.r.client - [printIfInfoEnabled,63] - [9b2684e0-96a4-41ec-976b-2cc06f5c0162] Register server push request handler:com.alibaba.nacos.common.remote.client.RpcClient$ConnectResetRequestHandler
14:54:45.793 [com.alibaba.nacos.client.remote.worker] INFO  c.a.n.c.r.client - [printIfInfoEnabled,63] - [9b2684e0-96a4-41ec-976b-2cc06f5c0162] Notify connected event to listeners.
14:54:45.793 [main] INFO  c.a.n.c.r.client - [printIfInfoEnabled,63] - [9b2684e0-96a4-41ec-976b-2cc06f5c0162] Register server push request handler:com.alibaba.nacos.common.remote.client.RpcClient$$Lambda$592/0x000001bc3a4b8890
14:54:45.794 [com.alibaba.nacos.client.remote.worker] INFO  c.a.n.client.naming - [onConnected,78] - Grpc connection connect
14:54:45.796 [main] INFO  c.a.n.client.naming - [registerService,121] - [REGISTER-SERVICE] 62113bd0-93ee-4621-9b30-60de09bd5520 registering service oj-system with instance Instance{instanceId='null', ip='192.168.137.1', port=9201, weight=1.0, healthy=true, enabled=true, ephemeral=true, clusterName='DEFAULT', serviceName='null', metadata={IPv6=null, preserved.register.source=SPRING_CLOUD}}
14:54:45.815 [main] INFO  c.a.c.n.r.NacosServiceRegistry - [register,76] - nacos registry, DEFAULT_GROUP oj-system 192.168.137.1:9201 register finished
14:54:46.435 [main] INFO  c.f.s.OjSystemApplication - [logStarted,57] - Started OjSystemApplication in 11.387 seconds (process running for 12.823)
14:54:46.444 [main] INFO  c.a.n.c.c.i.CacheData - [<clinit>,67] - nacos.cache.data.init.snapshot = true 
14:54:46.447 [main] INFO  c.a.n.c.c.i.ClientWorker - [addCacheDataIfAbsent,380] - [fixed-62113bd0-93ee-4621-9b30-60de09bd5520-localhost_8848] [subscribe] oj-system-local.yaml+DEFAULT_GROUP+62113bd0-93ee-4621-9b30-60de09bd5520
14:54:46.462 [main] INFO  c.a.n.c.c.i.CacheData - [addListener,197] - [fixed-62113bd0-93ee-4621-9b30-60de09bd5520-localhost_8848] [add-listener] ok, tenant=62113bd0-93ee-4621-9b30-60de09bd5520, dataId=oj-system-local.yaml, group=DEFAULT_GROUP, cnt=1
14:54:46.463 [main] INFO  c.a.c.n.r.NacosContextRefresher - [registerNacosListener,129] - [Nacos Config] Listening config: dataId=oj-system-local.yaml, group=DEFAULT_GROUP
14:54:46.464 [main] INFO  c.a.n.c.c.i.ClientWorker - [addCacheDataIfAbsent,380] - [fixed-62113bd0-93ee-4621-9b30-60de09bd5520-localhost_8848] [subscribe] oj-system+DEFAULT_GROUP+62113bd0-93ee-4621-9b30-60de09bd5520
14:54:46.464 [main] INFO  c.a.n.c.c.i.CacheData - [addListener,197] - [fixed-62113bd0-93ee-4621-9b30-60de09bd5520-localhost_8848] [add-listener] ok, tenant=62113bd0-93ee-4621-9b30-60de09bd5520, dataId=oj-system, group=DEFAULT_GROUP, cnt=1
14:54:46.464 [main] INFO  c.a.c.n.r.NacosContextRefresher - [registerNacosListener,129] - [Nacos Config] Listening config: dataId=oj-system, group=DEFAULT_GROUP
14:54:46.465 [main] INFO  c.a.n.c.c.i.ClientWorker - [addCacheDataIfAbsent,380] - [fixed-62113bd0-93ee-4621-9b30-60de09bd5520-localhost_8848] [subscribe] oj-system.yaml+DEFAULT_GROUP+62113bd0-93ee-4621-9b30-60de09bd5520
14:54:46.466 [main] INFO  c.a.n.c.c.i.CacheData - [addListener,197] - [fixed-62113bd0-93ee-4621-9b30-60de09bd5520-localhost_8848] [add-listener] ok, tenant=62113bd0-93ee-4621-9b30-60de09bd5520, dataId=oj-system.yaml, group=DEFAULT_GROUP, cnt=1
14:54:46.466 [main] INFO  c.a.c.n.r.NacosContextRefresher - [registerNacosListener,129] - [Nacos Config] Listening config: dataId=oj-system.yaml, group=DEFAULT_GROUP
14:55:14.434 [http-nio-9201-exec-1] INFO  o.a.c.c.C.[.[.[/] - [log,173] - Initializing Spring DispatcherServlet 'dispatcherServlet'
14:55:14.435 [http-nio-9201-exec-1] INFO  o.s.w.s.DispatcherServlet - [initServletBean,532] - Initializing Servlet 'dispatcherServlet'
14:55:14.436 [http-nio-9201-exec-1] INFO  o.s.w.s.DispatcherServlet - [initServletBean,554] - Completed initialization in 1 ms
15:02:40.577 [http-nio-9201-exec-4] INFO  c.z.h.HikariDataSource - [getConnection,110] - HikariPool-1 - Starting...
15:02:40.883 [http-nio-9201-exec-4] INFO  c.z.h.p.HikariPool - [checkFailFast,565] - HikariPool-1 - Added connection com.mysql.cj.jdbc.ConnectionImpl@245f9590
15:02:40.888 [http-nio-9201-exec-4] INFO  c.z.h.HikariDataSource - [getConnection,123] - HikariPool-1 - Start completed.
15:04:20.904 [nacos-grpc-client-executor-localhost-166] INFO  c.a.n.c.r.client - [printIfInfoEnabled,63] - [45803909-3538-4669-8097-e6daef7bb71b_config-0] Receive server push request, request = ConfigChangeNotifyRequest, requestId = 5
15:04:20.906 [nacos-grpc-client-executor-localhost-166] INFO  c.a.n.c.c.i.ClientWorker - [lambda$initRpcClientHandler$0,606] - [45803909-3538-4669-8097-e6daef7bb71b_config-0] [server-push] config changed. dataId=oj-system-local.yaml, group=DEFAULT_GROUP,tenant=62113bd0-93ee-4621-9b30-60de09bd5520
15:04:20.908 [nacos-grpc-client-executor-localhost-166] INFO  c.a.n.c.r.client - [printIfInfoEnabled,63] - [45803909-3538-4669-8097-e6daef7bb71b_config-0] Ack server push request, request = ConfigChangeNotifyRequest, requestId = 5
15:04:20.933 [com.alibaba.nacos.client.Worker] INFO  c.a.n.c.c.i.ClientWorker - [refreshContentAndCheck,449] - [fixed-62113bd0-93ee-4621-9b30-60de09bd5520-localhost_8848] [data-received] dataId=oj-system-local.yaml, group=DEFAULT_GROUP, tenant=62113bd0-93ee-4621-9b30-60de09bd5520, md5=a136b315880821e541f92388fc57ba20, content=server:
  port: 9201

spring:
  data:
    redis:
      host: localhost
      password: 2001
  dataso..., type=yaml
15:04:20.936 [com.alibaba.nacos.client.Worker] INFO  c.a.n.c.c.i.CacheData - [safeNotifyListener,383] - [fixed-62113bd0-93ee-4621-9b30-60de09bd5520-localhost_8848] [notify-listener] time cost=0ms in ClientWorker, dataId=oj-system-local.yaml, group=DEFAULT_GROUP, md5=a136b315880821e541f92388fc57ba20, listener=com.alibaba.cloud.nacos.refresh.NacosContextRefresher$1@105b95b8 
15:04:20.936 [nacos.client.cachedata.internal.notifier] INFO  c.a.n.c.c.i.CacheData - [lambda$safeNotifyListener$1,319] - [fixed-62113bd0-93ee-4621-9b30-60de09bd5520-localhost_8848] [notify-context] dataId=oj-system-local.yaml, group=DEFAULT_GROUP, md5=a136b315880821e541f92388fc57ba20
15:04:21.905 [nacos.client.cachedata.internal.notifier] INFO  o.s.c.b.c.PropertySourceBootstrapConfiguration - [initialize,108] - Located property source: [BootstrapPropertySource {name='bootstrapProperties-oj-system-local.yaml,DEFAULT_GROUP'}, BootstrapPropertySource {name='bootstrapProperties-oj-system.yaml,DEFAULT_GROUP'}, BootstrapPropertySource {name='bootstrapProperties-oj-system,DEFAULT_GROUP'}]
15:04:21.909 [nacos.client.cachedata.internal.notifier] INFO  o.s.b.SpringApplication - [logStartupProfileInfo,636] - The following 1 profile is active: "local"
15:04:21.914 [nacos.client.cachedata.internal.notifier] INFO  o.s.b.SpringApplication - [logStarted,57] - Started application in 0.971 seconds (process running for 588.302)
15:04:22.012 [nacos.client.cachedata.internal.notifier] INFO  o.s.c.e.e.RefreshEventListener - [handle,73] - Refresh keys changed: [spring.servlet.multipart.enabled, spring.servlet.multipart.max-request-size, spring.servlet.multipart.max-file-size]
15:04:22.012 [nacos.client.cachedata.internal.notifier] INFO  c.a.n.c.c.i.CacheData - [lambda$safeNotifyListener$1,345] - [fixed-62113bd0-93ee-4621-9b30-60de09bd5520-localhost_8848] [notify-ok] dataId=oj-system-local.yaml, group=DEFAULT_GROUP, md5=a136b315880821e541f92388fc57ba20, listener=com.alibaba.cloud.nacos.refresh.NacosContextRefresher$1@105b95b8 ,cost=1076 millis.
15:35:57.852 [SpringApplicationShutdownHook] INFO  c.a.c.n.r.NacosServiceRegistry - [deregister,95] - De-registering from Nacos Server now...
15:35:57.852 [SpringApplicationShutdownHook] INFO  c.a.n.client.naming - [deregisterService,217] - [DEREGISTER-SERVICE] 62113bd0-93ee-4621-9b30-60de09bd5520 deregistering service oj-system with instance: Instance{instanceId='null', ip='192.168.137.1', port=9201, weight=1.0, healthy=true, enabled=true, ephemeral=true, clusterName='DEFAULT', serviceName='null', metadata={}}
15:35:57.859 [SpringApplicationShutdownHook] INFO  c.a.c.n.r.NacosServiceRegistry - [deregister,115] - De-registration finished.
15:35:57.860 [SpringApplicationShutdownHook] INFO  c.a.n.client.naming - [shutdown,256] - com.alibaba.nacos.client.naming.cache.ServiceInfoHolder do shutdown begin
15:35:57.860 [SpringApplicationShutdownHook] INFO  c.a.n.client.naming - [shutdown,136] - com.alibaba.nacos.client.naming.backups.FailoverReactor do shutdown begin
15:35:57.861 [SpringApplicationShutdownHook] INFO  c.a.n.client.naming - [shutdown,138] - com.alibaba.nacos.client.naming.backups.FailoverReactor do shutdown stop
15:35:57.861 [SpringApplicationShutdownHook] INFO  c.a.n.client.naming - [shutdown,258] - com.alibaba.nacos.client.naming.cache.ServiceInfoHolder do shutdown stop
15:35:57.861 [SpringApplicationShutdownHook] INFO  c.a.n.client.naming - [shutdown,204] - com.alibaba.nacos.client.naming.remote.NamingClientProxyDelegate do shutdown begin
15:35:57.862 [SpringApplicationShutdownHook] INFO  c.a.n.client.naming - [shutdown,143] - com.alibaba.nacos.client.naming.core.ServiceInfoUpdateService do shutdown begin
15:35:57.862 [SpringApplicationShutdownHook] INFO  c.a.n.client.naming - [shutdown,145] - com.alibaba.nacos.client.naming.core.ServiceInfoUpdateService do shutdown stop
15:35:57.863 [SpringApplicationShutdownHook] INFO  c.a.n.client.naming - [shutdown,194] - com.alibaba.nacos.client.naming.core.ServerListManager do shutdown begin
15:35:57.864 [SpringApplicationShutdownHook] INFO  c.a.n.client.naming - [shutdown,199] - com.alibaba.nacos.client.naming.core.ServerListManager do shutdown stop
15:35:57.864 [SpringApplicationShutdownHook] INFO  c.a.n.client.naming - [shutdown,484] - com.alibaba.nacos.client.naming.remote.http.NamingHttpClientProxy do shutdown begin
15:35:57.864 [SpringApplicationShutdownHook] INFO  c.a.n.client.naming - [shutdown,486] - com.alibaba.nacos.client.naming.remote.http.NamingHttpClientProxy do shutdown stop
15:35:57.864 [SpringApplicationShutdownHook] INFO  c.a.n.c.r.client - [shutdown,429] - Shutdown rpc client, set status to shutdown
15:35:57.864 [SpringApplicationShutdownHook] INFO  c.a.n.c.r.client - [shutdown,431] - Shutdown client event executor java.util.concurrent.ScheduledThreadPoolExecutor@49ce092b[Running, pool size = 2, active threads = 2, queued tasks = 0, completed tasks = 0]
15:35:57.865 [SpringApplicationShutdownHook] INFO  c.a.n.c.r.client - [closeConnection,584] - Close current connection 1738479285667_172.17.0.1_41440
15:35:57.872 [nacos-grpc-client-executor-localhost-547] INFO  c.a.n.c.r.c.g.GrpcClient - [printIfInfoEnabled,63] - [1738479285667_172.17.0.1_41440]Ignore complete event,isRunning:false,isAbandon=false
15:35:57.876 [SpringApplicationShutdownHook] INFO  c.a.n.c.r.c.g.GrpcClient - [shutdown,159] - Shutdown grpc executor java.util.concurrent.ThreadPoolExecutor@46cea25a[Running, pool size = 4, active threads = 0, queued tasks = 0, completed tasks = 548]
15:35:57.876 [SpringApplicationShutdownHook] INFO  c.a.n.client.naming - [shutdown,318] - Shutdown grpc redo service executor java.util.concurrent.ScheduledThreadPoolExecutor@48563a03[Running, pool size = 1, active threads = 0, queued tasks = 1, completed tasks = 821]
15:35:57.876 [SpringApplicationShutdownHook] INFO  c.a.n.c.a.r.i.CredentialWatcher - [stop,106] - [null] CredentialWatcher is stopped
15:35:57.877 [SpringApplicationShutdownHook] INFO  c.a.n.c.a.r.i.CredentialService - [free,100] - [null] CredentialService is freed
15:35:57.878 [SpringApplicationShutdownHook] INFO  c.a.n.client.naming - [shutdown,211] - com.alibaba.nacos.client.naming.remote.NamingClientProxyDelegate do shutdown stop
15:35:58.016 [SpringApplicationShutdownHook] INFO  c.z.h.HikariDataSource - [close,350] - HikariPool-1 - Shutdown initiated...
15:35:58.023 [SpringApplicationShutdownHook] INFO  c.z.h.HikariDataSource - [close,352] - HikariPool-1 - Shutdown completed.
15:36:07.221 [background-preinit] INFO  o.h.v.i.util.Version - [<clinit>,21] - HV000001: Hibernate Validator 8.0.0.Final
15:36:07.660 [main] INFO  c.a.n.c.u.ParamUtil - [<clinit>,87] - [settings] [req-serv] nacos-server port:8848
15:36:07.660 [main] INFO  c.a.n.c.u.ParamUtil - [<clinit>,98] - [settings] [http-client] connect timeout:1000
15:36:07.662 [main] INFO  c.a.n.c.u.ParamUtil - [<clinit>,105] - PER_TASK_CONFIG_SIZE: 3000.0
15:36:07.714 [main] INFO  c.a.n.p.a.s.c.ClientAuthPluginManager - [init,56] - [ClientAuthPluginManager] Load ClientAuthService com.alibaba.nacos.client.auth.impl.NacosClientAuthServiceImpl success.
15:36:07.715 [main] INFO  c.a.n.p.a.s.c.ClientAuthPluginManager - [init,56] - [ClientAuthPluginManager] Load ClientAuthService com.alibaba.nacos.client.auth.ram.RamClientAuthServiceImpl success.
15:36:07.720 [main] INFO  c.a.n.c.a.r.i.CredentialWatcher - [loadCredential,165] - null No credential found
15:36:08.538 [main] INFO  c.a.n.c.c.i.LocalConfigInfoProcessor - [<clinit>,63] - LOCAL_SNAPSHOT_PATH:C:\Users\Administrator\nacos\config
15:36:08.544 [main] INFO  c.a.n.c.r.client - [lambda$createClient$0,108] - [RpcClientFactory] create a new rpc client of 22896f2c-6562-4480-8d58-0d1912957b83_config-0
15:36:08.595 [main] INFO  c.a.n.c.r.client - [printIfInfoEnabled,63] - [22896f2c-6562-4480-8d58-0d1912957b83_config-0] Register server push request handler:com.alibaba.nacos.client.config.impl.ClientWorker$ConfigRpcTransportClient$$Lambda$571/0x00000228813623b8
15:36:08.596 [main] INFO  c.a.n.c.r.client - [printIfInfoEnabled,63] - [22896f2c-6562-4480-8d58-0d1912957b83_config-0] Register server push request handler:com.alibaba.nacos.client.config.impl.ClientWorker$ConfigRpcTransportClient$$Lambda$572/0x00000228813627d8
15:36:08.597 [main] INFO  c.a.n.c.r.client - [printIfInfoEnabled,63] - [22896f2c-6562-4480-8d58-0d1912957b83_config-0] Registry connection listener to current client:com.alibaba.nacos.client.config.impl.ClientWorker$ConfigRpcTransportClient$1
15:36:08.599 [main] INFO  c.a.n.c.r.client - [printIfInfoEnabled,63] - [22896f2c-6562-4480-8d58-0d1912957b83_config-0] RpcClient init, ServerListFactory = com.alibaba.nacos.client.config.impl.ClientWorker$ConfigRpcTransportClient$2
15:36:08.619 [main] INFO  c.a.n.c.r.client - [printIfInfoEnabled,63] - [22896f2c-6562-4480-8d58-0d1912957b83_config-0] Try to connect to server on start up, server: {serverIp = 'localhost', server main port = 8848}
15:36:08.675 [main] INFO  c.a.n.c.r.c.g.GrpcClient - [createNewManagedChannel,182] - grpc client connection server:localhost ip,serverPort:9848,grpcTslConfig:{"sslProvider":"OPENSSL","enableTls":false,"mutualAuthEnable":false,"trustAll":false}
15:36:10.617 [main] INFO  c.a.n.c.r.client - [printIfInfoEnabled,63] - [22896f2c-6562-4480-8d58-0d1912957b83_config-0] Success to connect to server [localhost:8848] on start up, connectionId = 1738481770342_172.17.0.1_37230
15:36:10.618 [com.alibaba.nacos.client.remote.worker] INFO  c.a.n.c.r.client - [printIfInfoEnabled,63] - [22896f2c-6562-4480-8d58-0d1912957b83_config-0] Notify connected event to listeners.
15:36:10.618 [com.alibaba.nacos.client.remote.worker] INFO  c.a.n.c.c.i.ClientWorker - [onConnected,639] - [22896f2c-6562-4480-8d58-0d1912957b83_config-0] Connected,notify listen context...
15:36:10.619 [main] INFO  c.a.n.c.r.client - [printIfInfoEnabled,63] - [22896f2c-6562-4480-8d58-0d1912957b83_config-0] Register server push request handler:com.alibaba.nacos.common.remote.client.RpcClient$ConnectResetRequestHandler
15:36:10.619 [main] INFO  c.a.n.c.r.client - [printIfInfoEnabled,63] - [22896f2c-6562-4480-8d58-0d1912957b83_config-0] Register server push request handler:com.alibaba.nacos.common.remote.client.RpcClient$$Lambda$592/0x00000228814c9ad0
15:36:10.697 [main] INFO  c.a.n.c.c.i.Limiter - [<clinit>,62] - limitTime:5.0
15:36:10.746 [main] INFO  c.a.n.c.c.u.JvmUtil - [<clinit>,54] - isMultiInstance:false
15:36:10.756 [main] INFO  o.s.c.b.c.PropertySourceBootstrapConfiguration - [initialize,108] - Located property source: [BootstrapPropertySource {name='bootstrapProperties-oj-system-local.yaml,DEFAULT_GROUP'}, BootstrapPropertySource {name='bootstrapProperties-oj-system.yaml,DEFAULT_GROUP'}, BootstrapPropertySource {name='bootstrapProperties-oj-system,DEFAULT_GROUP'}]
15:36:10.771 [main] INFO  c.f.s.OjSystemApplication - [logStartupProfileInfo,636] - The following 1 profile is active: "local"
15:36:11.850 [main] INFO  o.s.d.r.c.RepositoryConfigurationDelegate - [multipleStoresDetected,294] - Multiple Spring Data modules found, entering strict repository configuration mode
15:36:11.854 [main] INFO  o.s.d.r.c.RepositoryConfigurationDelegate - [registerRepositoriesIn,138] - Bootstrapping Spring Data Redis repositories in DEFAULT mode.
15:36:11.892 [main] INFO  o.s.d.r.c.RepositoryConfigurationDelegate - [registerRepositoriesIn,208] - Finished Spring Data repository scanning in 17 ms. Found 0 Redis repository interfaces.
15:36:12.179 [main] INFO  o.s.c.c.s.GenericScope - [setSerializationId,282] - BeanFactory id=13398bf6-2285-3f62-adbd-817dfb8711db
15:36:12.758 [main] INFO  o.s.b.w.e.t.TomcatWebServer - [initialize,108] - Tomcat initialized with port(s): 9201 (http)
15:36:12.769 [main] INFO  o.a.c.h.Http11NioProtocol - [log,173] - Initializing ProtocolHandler ["http-nio-9201"]
15:36:12.770 [main] INFO  o.a.c.c.StandardService - [log,173] - Starting service [Tomcat]
15:36:12.771 [main] INFO  o.a.c.c.StandardEngine - [log,173] - Starting Servlet engine: [Apache Tomcat/10.1.4]
15:36:12.886 [main] INFO  o.a.c.c.C.[.[.[/] - [log,173] - Initializing Spring embedded WebApplicationContext
15:36:12.886 [main] INFO  o.s.b.w.s.c.ServletWebServerApplicationContext - [prepareWebApplicationContext,291] - Root WebApplicationContext: initialization completed in 2092 ms
15:36:16.395 [main] INFO  o.a.c.h.Http11NioProtocol - [log,173] - Starting ProtocolHandler ["http-nio-9201"]
15:36:16.419 [main] INFO  o.s.b.w.e.t.TomcatWebServer - [start,220] - Tomcat started on port(s): 9201 (http) with context path ''
15:36:16.430 [main] INFO  c.a.n.client.naming - [initNamespaceForNaming,62] - initializer namespace from ans.namespace attribute : null
15:36:16.432 [main] INFO  c.a.n.client.naming - [lambda$initNamespaceForNaming$0,66] - initializer namespace from ALIBABA_ALIWARE_NAMESPACE attribute :null
15:36:16.433 [main] INFO  c.a.n.client.naming - [lambda$initNamespaceForNaming$1,73] - initializer namespace from namespace attribute :null
15:36:16.452 [main] INFO  c.a.n.p.a.s.c.ClientAuthPluginManager - [init,56] - [ClientAuthPluginManager] Load ClientAuthService com.alibaba.nacos.client.auth.impl.NacosClientAuthServiceImpl success.
15:36:16.452 [main] INFO  c.a.n.p.a.s.c.ClientAuthPluginManager - [init,56] - [ClientAuthPluginManager] Load ClientAuthService com.alibaba.nacos.client.auth.ram.RamClientAuthServiceImpl success.
15:36:16.460 [main] INFO  c.a.n.c.r.client - [lambda$createClient$0,108] - [RpcClientFactory] create a new rpc client of f8d0d903-99dc-4d8f-8815-9609fa8743fa
15:36:16.464 [main] INFO  c.a.n.c.r.client - [printIfInfoEnabled,63] - [f8d0d903-99dc-4d8f-8815-9609fa8743fa] RpcClient init, ServerListFactory = com.alibaba.nacos.client.naming.core.ServerListManager
15:36:16.464 [main] INFO  c.a.n.c.r.client - [printIfInfoEnabled,63] - [f8d0d903-99dc-4d8f-8815-9609fa8743fa] Registry connection listener to current client:com.alibaba.nacos.client.naming.remote.gprc.redo.NamingGrpcRedoService
15:36:16.465 [main] INFO  c.a.n.c.r.client - [printIfInfoEnabled,63] - [f8d0d903-99dc-4d8f-8815-9609fa8743fa] Register server push request handler:com.alibaba.nacos.client.naming.remote.gprc.NamingPushRequestHandler
15:36:16.466 [main] INFO  c.a.n.c.r.client - [printIfInfoEnabled,63] - [f8d0d903-99dc-4d8f-8815-9609fa8743fa] Try to connect to server on start up, server: {serverIp = 'localhost', server main port = 8848}
15:36:16.467 [main] INFO  c.a.n.c.r.c.g.GrpcClient - [createNewManagedChannel,182] - grpc client connection server:localhost ip,serverPort:9848,grpcTslConfig:{"sslProvider":"OPENSSL","enableTls":false,"mutualAuthEnable":false,"trustAll":false}
15:36:16.596 [main] INFO  c.a.n.c.r.client - [printIfInfoEnabled,63] - [f8d0d903-99dc-4d8f-8815-9609fa8743fa] Success to connect to server [localhost:8848] on start up, connectionId = 1738481776483_172.17.0.1_37996
15:36:16.596 [main] INFO  c.a.n.c.r.client - [printIfInfoEnabled,63] - [f8d0d903-99dc-4d8f-8815-9609fa8743fa] Register server push request handler:com.alibaba.nacos.common.remote.client.RpcClient$ConnectResetRequestHandler
15:36:16.596 [com.alibaba.nacos.client.remote.worker] INFO  c.a.n.c.r.client - [printIfInfoEnabled,63] - [f8d0d903-99dc-4d8f-8815-9609fa8743fa] Notify connected event to listeners.
15:36:16.597 [main] INFO  c.a.n.c.r.client - [printIfInfoEnabled,63] - [f8d0d903-99dc-4d8f-8815-9609fa8743fa] Register server push request handler:com.alibaba.nacos.common.remote.client.RpcClient$$Lambda$592/0x00000228814c9ad0
15:36:16.597 [com.alibaba.nacos.client.remote.worker] INFO  c.a.n.client.naming - [onConnected,78] - Grpc connection connect
15:36:16.598 [main] INFO  c.a.n.client.naming - [registerService,121] - [REGISTER-SERVICE] 62113bd0-93ee-4621-9b30-60de09bd5520 registering service oj-system with instance Instance{instanceId='null', ip='192.168.137.1', port=9201, weight=1.0, healthy=true, enabled=true, ephemeral=true, clusterName='DEFAULT', serviceName='null', metadata={IPv6=null, preserved.register.source=SPRING_CLOUD}}
15:36:16.617 [main] INFO  c.a.c.n.r.NacosServiceRegistry - [register,76] - nacos registry, DEFAULT_GROUP oj-system 192.168.137.1:9201 register finished
15:36:17.153 [main] INFO  c.f.s.OjSystemApplication - [logStarted,57] - Started OjSystemApplication in 11.152 seconds (process running for 13.623)
15:36:17.160 [main] INFO  c.a.n.c.c.i.CacheData - [<clinit>,67] - nacos.cache.data.init.snapshot = true 
15:36:17.163 [main] INFO  c.a.n.c.c.i.ClientWorker - [addCacheDataIfAbsent,380] - [fixed-62113bd0-93ee-4621-9b30-60de09bd5520-localhost_8848] [subscribe] oj-system-local.yaml+DEFAULT_GROUP+62113bd0-93ee-4621-9b30-60de09bd5520
15:36:17.179 [main] INFO  c.a.n.c.c.i.CacheData - [addListener,197] - [fixed-62113bd0-93ee-4621-9b30-60de09bd5520-localhost_8848] [add-listener] ok, tenant=62113bd0-93ee-4621-9b30-60de09bd5520, dataId=oj-system-local.yaml, group=DEFAULT_GROUP, cnt=1
15:36:17.180 [main] INFO  c.a.c.n.r.NacosContextRefresher - [registerNacosListener,129] - [Nacos Config] Listening config: dataId=oj-system-local.yaml, group=DEFAULT_GROUP
15:36:17.180 [main] INFO  c.a.n.c.c.i.ClientWorker - [addCacheDataIfAbsent,380] - [fixed-62113bd0-93ee-4621-9b30-60de09bd5520-localhost_8848] [subscribe] oj-system+DEFAULT_GROUP+62113bd0-93ee-4621-9b30-60de09bd5520
15:36:17.181 [main] INFO  c.a.n.c.c.i.CacheData - [addListener,197] - [fixed-62113bd0-93ee-4621-9b30-60de09bd5520-localhost_8848] [add-listener] ok, tenant=62113bd0-93ee-4621-9b30-60de09bd5520, dataId=oj-system, group=DEFAULT_GROUP, cnt=1
15:36:17.181 [main] INFO  c.a.c.n.r.NacosContextRefresher - [registerNacosListener,129] - [Nacos Config] Listening config: dataId=oj-system, group=DEFAULT_GROUP
15:36:17.182 [main] INFO  c.a.n.c.c.i.ClientWorker - [addCacheDataIfAbsent,380] - [fixed-62113bd0-93ee-4621-9b30-60de09bd5520-localhost_8848] [subscribe] oj-system.yaml+DEFAULT_GROUP+62113bd0-93ee-4621-9b30-60de09bd5520
15:36:17.182 [main] INFO  c.a.n.c.c.i.CacheData - [addListener,197] - [fixed-62113bd0-93ee-4621-9b30-60de09bd5520-localhost_8848] [add-listener] ok, tenant=62113bd0-93ee-4621-9b30-60de09bd5520, dataId=oj-system.yaml, group=DEFAULT_GROUP, cnt=1
15:36:17.183 [main] INFO  c.a.c.n.r.NacosContextRefresher - [registerNacosListener,129] - [Nacos Config] Listening config: dataId=oj-system.yaml, group=DEFAULT_GROUP
15:36:25.561 [http-nio-9201-exec-1] INFO  o.a.c.c.C.[.[.[/] - [log,173] - Initializing Spring DispatcherServlet 'dispatcherServlet'
15:36:25.562 [http-nio-9201-exec-1] INFO  o.s.w.s.DispatcherServlet - [initServletBean,532] - Initializing Servlet 'dispatcherServlet'
15:36:25.564 [http-nio-9201-exec-1] INFO  o.s.w.s.DispatcherServlet - [initServletBean,554] - Completed initialization in 2 ms
15:36:27.404 [http-nio-9201-exec-3] INFO  c.z.h.HikariDataSource - [getConnection,110] - HikariPool-1 - Starting...
15:36:27.686 [http-nio-9201-exec-3] INFO  c.z.h.p.HikariPool - [checkFailFast,565] - HikariPool-1 - Added connection com.mysql.cj.jdbc.ConnectionImpl@33b1b8d5
15:36:27.689 [http-nio-9201-exec-3] INFO  c.z.h.HikariDataSource - [getConnection,123] - HikariPool-1 - Start completed.
15:38:21.133 [SpringApplicationShutdownHook] INFO  c.a.c.n.r.NacosServiceRegistry - [deregister,95] - De-registering from Nacos Server now...
15:38:21.134 [SpringApplicationShutdownHook] INFO  c.a.n.client.naming - [deregisterService,217] - [DEREGISTER-SERVICE] 62113bd0-93ee-4621-9b30-60de09bd5520 deregistering service oj-system with instance: Instance{instanceId='null', ip='192.168.137.1', port=9201, weight=1.0, healthy=true, enabled=true, ephemeral=true, clusterName='DEFAULT', serviceName='null', metadata={}}
15:38:21.145 [SpringApplicationShutdownHook] INFO  c.a.c.n.r.NacosServiceRegistry - [deregister,115] - De-registration finished.
15:38:21.146 [SpringApplicationShutdownHook] INFO  c.a.n.client.naming - [shutdown,256] - com.alibaba.nacos.client.naming.cache.ServiceInfoHolder do shutdown begin
15:38:21.147 [SpringApplicationShutdownHook] INFO  c.a.n.client.naming - [shutdown,136] - com.alibaba.nacos.client.naming.backups.FailoverReactor do shutdown begin
15:38:21.148 [SpringApplicationShutdownHook] INFO  c.a.n.client.naming - [shutdown,138] - com.alibaba.nacos.client.naming.backups.FailoverReactor do shutdown stop
15:38:21.148 [SpringApplicationShutdownHook] INFO  c.a.n.client.naming - [shutdown,258] - com.alibaba.nacos.client.naming.cache.ServiceInfoHolder do shutdown stop
15:38:21.149 [SpringApplicationShutdownHook] INFO  c.a.n.client.naming - [shutdown,204] - com.alibaba.nacos.client.naming.remote.NamingClientProxyDelegate do shutdown begin
15:38:21.149 [SpringApplicationShutdownHook] INFO  c.a.n.client.naming - [shutdown,143] - com.alibaba.nacos.client.naming.core.ServiceInfoUpdateService do shutdown begin
15:38:21.149 [SpringApplicationShutdownHook] INFO  c.a.n.client.naming - [shutdown,145] - com.alibaba.nacos.client.naming.core.ServiceInfoUpdateService do shutdown stop
15:38:21.149 [SpringApplicationShutdownHook] INFO  c.a.n.client.naming - [shutdown,194] - com.alibaba.nacos.client.naming.core.ServerListManager do shutdown begin
15:38:21.150 [SpringApplicationShutdownHook] INFO  c.a.n.client.naming - [shutdown,199] - com.alibaba.nacos.client.naming.core.ServerListManager do shutdown stop
15:38:21.150 [SpringApplicationShutdownHook] INFO  c.a.n.client.naming - [shutdown,484] - com.alibaba.nacos.client.naming.remote.http.NamingHttpClientProxy do shutdown begin
15:38:21.150 [SpringApplicationShutdownHook] INFO  c.a.n.client.naming - [shutdown,486] - com.alibaba.nacos.client.naming.remote.http.NamingHttpClientProxy do shutdown stop
15:38:21.150 [SpringApplicationShutdownHook] INFO  c.a.n.c.r.client - [shutdown,429] - Shutdown rpc client, set status to shutdown
15:38:21.151 [SpringApplicationShutdownHook] INFO  c.a.n.c.r.client - [shutdown,431] - Shutdown client event executor java.util.concurrent.ScheduledThreadPoolExecutor@5fc291b3[Running, pool size = 2, active threads = 2, queued tasks = 0, completed tasks = 0]
15:38:21.151 [SpringApplicationShutdownHook] INFO  c.a.n.c.r.client - [closeConnection,584] - Close current connection 1738481776483_172.17.0.1_37996
15:38:21.159 [nacos-grpc-client-executor-localhost-43] INFO  c.a.n.c.r.c.g.GrpcClient - [printIfInfoEnabled,63] - [1738481776483_172.17.0.1_37996]Ignore complete event,isRunning:false,isAbandon=false
15:38:21.165 [SpringApplicationShutdownHook] INFO  c.a.n.c.r.c.g.GrpcClient - [shutdown,159] - Shutdown grpc executor java.util.concurrent.ThreadPoolExecutor@55bf0211[Running, pool size = 5, active threads = 0, queued tasks = 0, completed tasks = 44]
15:38:21.166 [SpringApplicationShutdownHook] INFO  c.a.n.client.naming - [shutdown,318] - Shutdown grpc redo service executor java.util.concurrent.ScheduledThreadPoolExecutor@58818bfd[Running, pool size = 1, active threads = 0, queued tasks = 1, completed tasks = 41]
15:38:21.168 [SpringApplicationShutdownHook] INFO  c.a.n.c.a.r.i.CredentialWatcher - [stop,106] - [null] CredentialWatcher is stopped
15:38:21.169 [SpringApplicationShutdownHook] INFO  c.a.n.c.a.r.i.CredentialService - [free,100] - [null] CredentialService is freed
15:38:21.171 [SpringApplicationShutdownHook] INFO  c.a.n.client.naming - [shutdown,211] - com.alibaba.nacos.client.naming.remote.NamingClientProxyDelegate do shutdown stop
15:38:21.301 [SpringApplicationShutdownHook] INFO  c.z.h.HikariDataSource - [close,350] - HikariPool-1 - Shutdown initiated...
15:38:21.319 [SpringApplicationShutdownHook] INFO  c.z.h.HikariDataSource - [close,352] - HikariPool-1 - Shutdown completed.
15:38:30.246 [background-preinit] INFO  o.h.v.i.util.Version - [<clinit>,21] - HV000001: Hibernate Validator 8.0.0.Final
15:38:30.676 [main] INFO  c.a.n.c.u.ParamUtil - [<clinit>,87] - [settings] [req-serv] nacos-server port:8848
15:38:30.677 [main] INFO  c.a.n.c.u.ParamUtil - [<clinit>,98] - [settings] [http-client] connect timeout:1000
15:38:30.679 [main] INFO  c.a.n.c.u.ParamUtil - [<clinit>,105] - PER_TASK_CONFIG_SIZE: 3000.0
15:38:30.731 [main] INFO  c.a.n.p.a.s.c.ClientAuthPluginManager - [init,56] - [ClientAuthPluginManager] Load ClientAuthService com.alibaba.nacos.client.auth.impl.NacosClientAuthServiceImpl success.
15:38:30.732 [main] INFO  c.a.n.p.a.s.c.ClientAuthPluginManager - [init,56] - [ClientAuthPluginManager] Load ClientAuthService com.alibaba.nacos.client.auth.ram.RamClientAuthServiceImpl success.
15:38:30.737 [main] INFO  c.a.n.c.a.r.i.CredentialWatcher - [loadCredential,165] - null No credential found
15:38:31.599 [main] INFO  c.a.n.c.c.i.LocalConfigInfoProcessor - [<clinit>,63] - LOCAL_SNAPSHOT_PATH:C:\Users\Administrator\nacos\config
15:38:31.606 [main] INFO  c.a.n.c.r.client - [lambda$createClient$0,108] - [RpcClientFactory] create a new rpc client of 4ebc5b54-4608-4730-8ad6-ff61d1ac68ca_config-0
15:38:31.653 [main] INFO  c.a.n.c.r.client - [printIfInfoEnabled,63] - [4ebc5b54-4608-4730-8ad6-ff61d1ac68ca_config-0] Register server push request handler:com.alibaba.nacos.client.config.impl.ClientWorker$ConfigRpcTransportClient$$Lambda$571/0x000001da0d361830
15:38:31.654 [main] INFO  c.a.n.c.r.client - [printIfInfoEnabled,63] - [4ebc5b54-4608-4730-8ad6-ff61d1ac68ca_config-0] Register server push request handler:com.alibaba.nacos.client.config.impl.ClientWorker$ConfigRpcTransportClient$$Lambda$572/0x000001da0d361c50
15:38:31.654 [main] INFO  c.a.n.c.r.client - [printIfInfoEnabled,63] - [4ebc5b54-4608-4730-8ad6-ff61d1ac68ca_config-0] Registry connection listener to current client:com.alibaba.nacos.client.config.impl.ClientWorker$ConfigRpcTransportClient$1
15:38:31.655 [main] INFO  c.a.n.c.r.client - [printIfInfoEnabled,63] - [4ebc5b54-4608-4730-8ad6-ff61d1ac68ca_config-0] RpcClient init, ServerListFactory = com.alibaba.nacos.client.config.impl.ClientWorker$ConfigRpcTransportClient$2
15:38:31.670 [main] INFO  c.a.n.c.r.client - [printIfInfoEnabled,63] - [4ebc5b54-4608-4730-8ad6-ff61d1ac68ca_config-0] Try to connect to server on start up, server: {serverIp = 'localhost', server main port = 8848}
15:38:31.727 [main] INFO  c.a.n.c.r.c.g.GrpcClient - [createNewManagedChannel,182] - grpc client connection server:localhost ip,serverPort:9848,grpcTslConfig:{"sslProvider":"OPENSSL","enableTls":false,"mutualAuthEnable":false,"trustAll":false}
15:38:33.706 [main] INFO  c.a.n.c.r.client - [printIfInfoEnabled,63] - [4ebc5b54-4608-4730-8ad6-ff61d1ac68ca_config-0] Success to connect to server [localhost:8848] on start up, connectionId = 1738481913420_172.17.0.1_35056
15:38:33.708 [com.alibaba.nacos.client.remote.worker] INFO  c.a.n.c.r.client - [printIfInfoEnabled,63] - [4ebc5b54-4608-4730-8ad6-ff61d1ac68ca_config-0] Notify connected event to listeners.
15:38:33.708 [com.alibaba.nacos.client.remote.worker] INFO  c.a.n.c.c.i.ClientWorker - [onConnected,639] - [4ebc5b54-4608-4730-8ad6-ff61d1ac68ca_config-0] Connected,notify listen context...
15:38:33.708 [main] INFO  c.a.n.c.r.client - [printIfInfoEnabled,63] - [4ebc5b54-4608-4730-8ad6-ff61d1ac68ca_config-0] Register server push request handler:com.alibaba.nacos.common.remote.client.RpcClient$ConnectResetRequestHandler
15:38:33.709 [main] INFO  c.a.n.c.r.client - [printIfInfoEnabled,63] - [4ebc5b54-4608-4730-8ad6-ff61d1ac68ca_config-0] Register server push request handler:com.alibaba.nacos.common.remote.client.RpcClient$$Lambda$592/0x000001da0d4c8fe8
15:38:33.810 [main] INFO  c.a.n.c.c.i.Limiter - [<clinit>,62] - limitTime:5.0
15:38:33.857 [main] INFO  c.a.n.c.c.u.JvmUtil - [<clinit>,54] - isMultiInstance:false
15:38:33.871 [main] INFO  o.s.c.b.c.PropertySourceBootstrapConfiguration - [initialize,108] - Located property source: [BootstrapPropertySource {name='bootstrapProperties-oj-system-local.yaml,DEFAULT_GROUP'}, BootstrapPropertySource {name='bootstrapProperties-oj-system.yaml,DEFAULT_GROUP'}, BootstrapPropertySource {name='bootstrapProperties-oj-system,DEFAULT_GROUP'}]
15:38:33.888 [main] INFO  c.f.s.OjSystemApplication - [logStartupProfileInfo,636] - The following 1 profile is active: "local"
15:38:34.946 [main] INFO  o.s.d.r.c.RepositoryConfigurationDelegate - [multipleStoresDetected,294] - Multiple Spring Data modules found, entering strict repository configuration mode
15:38:34.952 [main] INFO  o.s.d.r.c.RepositoryConfigurationDelegate - [registerRepositoriesIn,138] - Bootstrapping Spring Data Redis repositories in DEFAULT mode.
15:38:34.992 [main] INFO  o.s.d.r.c.RepositoryConfigurationDelegate - [registerRepositoriesIn,208] - Finished Spring Data repository scanning in 16 ms. Found 0 Redis repository interfaces.
15:38:35.306 [main] INFO  o.s.c.c.s.GenericScope - [setSerializationId,282] - BeanFactory id=13398bf6-2285-3f62-adbd-817dfb8711db
15:38:35.922 [main] INFO  o.s.b.w.e.t.TomcatWebServer - [initialize,108] - Tomcat initialized with port(s): 9201 (http)
15:38:35.934 [main] INFO  o.a.c.h.Http11NioProtocol - [log,173] - Initializing ProtocolHandler ["http-nio-9201"]
15:38:35.935 [main] INFO  o.a.c.c.StandardService - [log,173] - Starting service [Tomcat]
15:38:35.936 [main] INFO  o.a.c.c.StandardEngine - [log,173] - Starting Servlet engine: [Apache Tomcat/10.1.4]
15:38:36.052 [main] INFO  o.a.c.c.C.[.[.[/] - [log,173] - Initializing Spring embedded WebApplicationContext
15:38:36.052 [main] INFO  o.s.b.w.s.c.ServletWebServerApplicationContext - [prepareWebApplicationContext,291] - Root WebApplicationContext: initialization completed in 2145 ms
15:38:39.555 [main] INFO  o.a.c.h.Http11NioProtocol - [log,173] - Starting ProtocolHandler ["http-nio-9201"]
15:38:39.572 [main] INFO  o.s.b.w.e.t.TomcatWebServer - [start,220] - Tomcat started on port(s): 9201 (http) with context path ''
15:38:39.580 [main] INFO  c.a.n.client.naming - [initNamespaceForNaming,62] - initializer namespace from ans.namespace attribute : null
15:38:39.581 [main] INFO  c.a.n.client.naming - [lambda$initNamespaceForNaming$0,66] - initializer namespace from ALIBABA_ALIWARE_NAMESPACE attribute :null
15:38:39.583 [main] INFO  c.a.n.client.naming - [lambda$initNamespaceForNaming$1,73] - initializer namespace from namespace attribute :null
15:38:39.603 [main] INFO  c.a.n.p.a.s.c.ClientAuthPluginManager - [init,56] - [ClientAuthPluginManager] Load ClientAuthService com.alibaba.nacos.client.auth.impl.NacosClientAuthServiceImpl success.
15:38:39.603 [main] INFO  c.a.n.p.a.s.c.ClientAuthPluginManager - [init,56] - [ClientAuthPluginManager] Load ClientAuthService com.alibaba.nacos.client.auth.ram.RamClientAuthServiceImpl success.
15:38:39.611 [main] INFO  c.a.n.c.r.client - [lambda$createClient$0,108] - [RpcClientFactory] create a new rpc client of 33688883-620a-44e6-a82d-bbccfda24a46
15:38:39.616 [main] INFO  c.a.n.c.r.client - [printIfInfoEnabled,63] - [33688883-620a-44e6-a82d-bbccfda24a46] RpcClient init, ServerListFactory = com.alibaba.nacos.client.naming.core.ServerListManager
15:38:39.617 [main] INFO  c.a.n.c.r.client - [printIfInfoEnabled,63] - [33688883-620a-44e6-a82d-bbccfda24a46] Registry connection listener to current client:com.alibaba.nacos.client.naming.remote.gprc.redo.NamingGrpcRedoService
15:38:39.618 [main] INFO  c.a.n.c.r.client - [printIfInfoEnabled,63] - [33688883-620a-44e6-a82d-bbccfda24a46] Register server push request handler:com.alibaba.nacos.client.naming.remote.gprc.NamingPushRequestHandler
15:38:39.619 [main] INFO  c.a.n.c.r.client - [printIfInfoEnabled,63] - [33688883-620a-44e6-a82d-bbccfda24a46] Try to connect to server on start up, server: {serverIp = 'localhost', server main port = 8848}
15:38:39.620 [main] INFO  c.a.n.c.r.c.g.GrpcClient - [createNewManagedChannel,182] - grpc client connection server:localhost ip,serverPort:9848,grpcTslConfig:{"sslProvider":"OPENSSL","enableTls":false,"mutualAuthEnable":false,"trustAll":false}
15:38:39.750 [main] INFO  c.a.n.c.r.client - [printIfInfoEnabled,63] - [33688883-620a-44e6-a82d-bbccfda24a46] Success to connect to server [localhost:8848] on start up, connectionId = 1738481919636_172.17.0.1_47328
15:38:39.750 [main] INFO  c.a.n.c.r.client - [printIfInfoEnabled,63] - [33688883-620a-44e6-a82d-bbccfda24a46] Register server push request handler:com.alibaba.nacos.common.remote.client.RpcClient$ConnectResetRequestHandler
15:38:39.750 [com.alibaba.nacos.client.remote.worker] INFO  c.a.n.c.r.client - [printIfInfoEnabled,63] - [33688883-620a-44e6-a82d-bbccfda24a46] Notify connected event to listeners.
15:38:39.750 [main] INFO  c.a.n.c.r.client - [printIfInfoEnabled,63] - [33688883-620a-44e6-a82d-bbccfda24a46] Register server push request handler:com.alibaba.nacos.common.remote.client.RpcClient$$Lambda$592/0x000001da0d4c8fe8
15:38:39.750 [com.alibaba.nacos.client.remote.worker] INFO  c.a.n.client.naming - [onConnected,78] - Grpc connection connect
15:38:39.752 [main] INFO  c.a.n.client.naming - [registerService,121] - [REGISTER-SERVICE] 62113bd0-93ee-4621-9b30-60de09bd5520 registering service oj-system with instance Instance{instanceId='null', ip='192.168.137.1', port=9201, weight=1.0, healthy=true, enabled=true, ephemeral=true, clusterName='DEFAULT', serviceName='null', metadata={IPv6=null, preserved.register.source=SPRING_CLOUD}}
15:38:39.773 [main] INFO  c.a.c.n.r.NacosServiceRegistry - [register,76] - nacos registry, DEFAULT_GROUP oj-system 192.168.137.1:9201 register finished
15:38:40.270 [main] INFO  c.f.s.OjSystemApplication - [logStarted,57] - Started OjSystemApplication in 11.207 seconds (process running for 13.1)
15:38:40.277 [main] INFO  c.a.n.c.c.i.CacheData - [<clinit>,67] - nacos.cache.data.init.snapshot = true 
15:38:40.280 [main] INFO  c.a.n.c.c.i.ClientWorker - [addCacheDataIfAbsent,380] - [fixed-62113bd0-93ee-4621-9b30-60de09bd5520-localhost_8848] [subscribe] oj-system-local.yaml+DEFAULT_GROUP+62113bd0-93ee-4621-9b30-60de09bd5520
15:38:40.299 [main] INFO  c.a.n.c.c.i.CacheData - [addListener,197] - [fixed-62113bd0-93ee-4621-9b30-60de09bd5520-localhost_8848] [add-listener] ok, tenant=62113bd0-93ee-4621-9b30-60de09bd5520, dataId=oj-system-local.yaml, group=DEFAULT_GROUP, cnt=1
15:38:40.299 [main] INFO  c.a.c.n.r.NacosContextRefresher - [registerNacosListener,129] - [Nacos Config] Listening config: dataId=oj-system-local.yaml, group=DEFAULT_GROUP
15:38:40.300 [main] INFO  c.a.n.c.c.i.ClientWorker - [addCacheDataIfAbsent,380] - [fixed-62113bd0-93ee-4621-9b30-60de09bd5520-localhost_8848] [subscribe] oj-system+DEFAULT_GROUP+62113bd0-93ee-4621-9b30-60de09bd5520
15:38:40.300 [main] INFO  c.a.n.c.c.i.CacheData - [addListener,197] - [fixed-62113bd0-93ee-4621-9b30-60de09bd5520-localhost_8848] [add-listener] ok, tenant=62113bd0-93ee-4621-9b30-60de09bd5520, dataId=oj-system, group=DEFAULT_GROUP, cnt=1
15:38:40.300 [main] INFO  c.a.c.n.r.NacosContextRefresher - [registerNacosListener,129] - [Nacos Config] Listening config: dataId=oj-system, group=DEFAULT_GROUP
15:38:40.300 [main] INFO  c.a.n.c.c.i.ClientWorker - [addCacheDataIfAbsent,380] - [fixed-62113bd0-93ee-4621-9b30-60de09bd5520-localhost_8848] [subscribe] oj-system.yaml+DEFAULT_GROUP+62113bd0-93ee-4621-9b30-60de09bd5520
15:38:40.301 [main] INFO  c.a.n.c.c.i.CacheData - [addListener,197] - [fixed-62113bd0-93ee-4621-9b30-60de09bd5520-localhost_8848] [add-listener] ok, tenant=62113bd0-93ee-4621-9b30-60de09bd5520, dataId=oj-system.yaml, group=DEFAULT_GROUP, cnt=1
15:38:40.301 [main] INFO  c.a.c.n.r.NacosContextRefresher - [registerNacosListener,129] - [Nacos Config] Listening config: dataId=oj-system.yaml, group=DEFAULT_GROUP
15:38:47.884 [http-nio-9201-exec-1] INFO  o.a.c.c.C.[.[.[/] - [log,173] - Initializing Spring DispatcherServlet 'dispatcherServlet'
15:38:47.885 [http-nio-9201-exec-1] INFO  o.s.w.s.DispatcherServlet - [initServletBean,532] - Initializing Servlet 'dispatcherServlet'
15:38:47.886 [http-nio-9201-exec-1] INFO  o.s.w.s.DispatcherServlet - [initServletBean,554] - Completed initialization in 1 ms
15:38:49.670 [http-nio-9201-exec-2] INFO  c.z.h.HikariDataSource - [getConnection,110] - HikariPool-1 - Starting...
15:38:49.968 [http-nio-9201-exec-2] INFO  c.z.h.p.HikariPool - [checkFailFast,565] - HikariPool-1 - Added connection com.mysql.cj.jdbc.ConnectionImpl@5d00172
15:38:49.972 [http-nio-9201-exec-2] INFO  c.z.h.HikariDataSource - [getConnection,123] - HikariPool-1 - Start completed.
21:08:12.507 [SpringApplicationShutdownHook] INFO  c.a.c.n.r.NacosServiceRegistry - [deregister,95] - De-registering from Nacos Server now...
21:08:12.510 [SpringApplicationShutdownHook] INFO  c.a.n.client.naming - [deregisterService,217] - [DEREGISTER-SERVICE] 62113bd0-93ee-4621-9b30-60de09bd5520 deregistering service oj-system with instance: Instance{instanceId='null', ip='192.168.137.1', port=9201, weight=1.0, healthy=true, enabled=true, ephemeral=true, clusterName='DEFAULT', serviceName='null', metadata={}}
21:08:12.519 [SpringApplicationShutdownHook] INFO  c.a.c.n.r.NacosServiceRegistry - [deregister,115] - De-registration finished.
21:08:12.521 [SpringApplicationShutdownHook] INFO  c.a.n.client.naming - [shutdown,256] - com.alibaba.nacos.client.naming.cache.ServiceInfoHolder do shutdown begin
21:08:12.521 [SpringApplicationShutdownHook] INFO  c.a.n.client.naming - [shutdown,136] - com.alibaba.nacos.client.naming.backups.FailoverReactor do shutdown begin
21:08:12.522 [SpringApplicationShutdownHook] INFO  c.a.n.client.naming - [shutdown,138] - com.alibaba.nacos.client.naming.backups.FailoverReactor do shutdown stop
21:08:12.522 [SpringApplicationShutdownHook] INFO  c.a.n.client.naming - [shutdown,258] - com.alibaba.nacos.client.naming.cache.ServiceInfoHolder do shutdown stop
21:08:12.523 [SpringApplicationShutdownHook] INFO  c.a.n.client.naming - [shutdown,204] - com.alibaba.nacos.client.naming.remote.NamingClientProxyDelegate do shutdown begin
21:08:12.523 [SpringApplicationShutdownHook] INFO  c.a.n.client.naming - [shutdown,143] - com.alibaba.nacos.client.naming.core.ServiceInfoUpdateService do shutdown begin
21:08:12.523 [SpringApplicationShutdownHook] INFO  c.a.n.client.naming - [shutdown,145] - com.alibaba.nacos.client.naming.core.ServiceInfoUpdateService do shutdown stop
21:08:12.524 [SpringApplicationShutdownHook] INFO  c.a.n.client.naming - [shutdown,194] - com.alibaba.nacos.client.naming.core.ServerListManager do shutdown begin
21:08:12.524 [SpringApplicationShutdownHook] INFO  c.a.n.client.naming - [shutdown,199] - com.alibaba.nacos.client.naming.core.ServerListManager do shutdown stop
21:08:12.524 [SpringApplicationShutdownHook] INFO  c.a.n.client.naming - [shutdown,484] - com.alibaba.nacos.client.naming.remote.http.NamingHttpClientProxy do shutdown begin
21:08:12.525 [SpringApplicationShutdownHook] INFO  c.a.n.client.naming - [shutdown,486] - com.alibaba.nacos.client.naming.remote.http.NamingHttpClientProxy do shutdown stop
21:08:12.525 [SpringApplicationShutdownHook] INFO  c.a.n.c.r.client - [shutdown,429] - Shutdown rpc client, set status to shutdown
21:08:12.526 [SpringApplicationShutdownHook] INFO  c.a.n.c.r.client - [shutdown,431] - Shutdown client event executor java.util.concurrent.ScheduledThreadPoolExecutor@388cb8e6[Running, pool size = 2, active threads = 2, queued tasks = 0, completed tasks = 0]
21:08:12.526 [SpringApplicationShutdownHook] INFO  c.a.n.c.r.client - [closeConnection,584] - Close current connection 1738481919636_172.17.0.1_47328
21:08:12.532 [nacos-grpc-client-executor-localhost-4009] INFO  c.a.n.c.r.c.g.GrpcClient - [printIfInfoEnabled,63] - [1738481919636_172.17.0.1_47328]Ignore complete event,isRunning:false,isAbandon=false
21:08:12.545 [SpringApplicationShutdownHook] INFO  c.a.n.c.r.c.g.GrpcClient - [shutdown,159] - Shutdown grpc executor java.util.concurrent.ThreadPoolExecutor@1e4273eb[Running, pool size = 4, active threads = 0, queued tasks = 0, completed tasks = 4010]
21:08:12.546 [SpringApplicationShutdownHook] INFO  c.a.n.client.naming - [shutdown,318] - Shutdown grpc redo service executor java.util.concurrent.ScheduledThreadPoolExecutor@12d6d7c5[Running, pool size = 1, active threads = 0, queued tasks = 1, completed tasks = 6574]
21:08:12.547 [SpringApplicationShutdownHook] INFO  c.a.n.c.a.r.i.CredentialWatcher - [stop,106] - [null] CredentialWatcher is stopped
21:08:12.548 [SpringApplicationShutdownHook] INFO  c.a.n.c.a.r.i.CredentialService - [free,100] - [null] CredentialService is freed
21:08:12.549 [SpringApplicationShutdownHook] INFO  c.a.n.client.naming - [shutdown,211] - com.alibaba.nacos.client.naming.remote.NamingClientProxyDelegate do shutdown stop
21:08:12.712 [SpringApplicationShutdownHook] INFO  c.z.h.HikariDataSource - [close,350] - HikariPool-1 - Shutdown initiated...
21:08:12.720 [SpringApplicationShutdownHook] INFO  c.z.h.HikariDataSource - [close,352] - HikariPool-1 - Shutdown completed.
