17:01:52.570 [background-preinit] INFO  o.h.v.i.util.Version - [<clinit>,21] - HV000001: Hibernate Validator 8.0.0.Final
17:01:53.050 [main] INFO  c.a.n.c.u.ParamUtil - [<clinit>,87] - [settings] [req-serv] nacos-server port:8848
17:01:53.050 [main] INFO  c.a.n.c.u.ParamUtil - [<clinit>,98] - [settings] [http-client] connect timeout:1000
17:01:53.052 [main] INFO  c.a.n.c.u.ParamUtil - [<clinit>,105] - PER_TASK_CONFIG_SIZE: 3000.0
17:01:53.100 [main] INFO  c.a.n.p.a.s.c.ClientAuthPluginManager - [init,56] - [ClientAuthPluginManager] Load ClientAuthService com.alibaba.nacos.client.auth.impl.NacosClientAuthServiceImpl success.
17:01:53.101 [main] INFO  c.a.n.p.a.s.c.ClientAuthPluginManager - [init,56] - [ClientAuthPluginManager] Load ClientAuthService com.alibaba.nacos.client.auth.ram.RamClientAuthServiceImpl success.
17:01:53.106 [main] INFO  c.a.n.c.a.r.i.CredentialWatcher - [loadCredential,165] - null No credential found
17:01:53.957 [main] INFO  c.a.n.c.c.i.LocalConfigInfoProcessor - [<clinit>,63] - LOCAL_SNAPSHOT_PATH:C:\Users\Administrator\nacos\config
17:01:53.970 [main] INFO  c.a.n.c.r.client - [lambda$createClient$0,108] - [RpcClientFactory] create a new rpc client of f286620c-a699-4814-84b0-9da2ca57d94b_config-0
17:01:54.012 [main] INFO  c.a.n.c.r.client - [printIfInfoEnabled,63] - [f286620c-a699-4814-84b0-9da2ca57d94b_config-0] Register server push request handler:com.alibaba.nacos.client.config.impl.ClientWorker$ConfigRpcTransportClient$$Lambda$571/0x0000018d193623b8
17:01:54.013 [main] INFO  c.a.n.c.r.client - [printIfInfoEnabled,63] - [f286620c-a699-4814-84b0-9da2ca57d94b_config-0] Register server push request handler:com.alibaba.nacos.client.config.impl.ClientWorker$ConfigRpcTransportClient$$Lambda$572/0x0000018d193627d8
17:01:54.013 [main] INFO  c.a.n.c.r.client - [printIfInfoEnabled,63] - [f286620c-a699-4814-84b0-9da2ca57d94b_config-0] Registry connection listener to current client:com.alibaba.nacos.client.config.impl.ClientWorker$ConfigRpcTransportClient$1
17:01:54.014 [main] INFO  c.a.n.c.r.client - [printIfInfoEnabled,63] - [f286620c-a699-4814-84b0-9da2ca57d94b_config-0] RpcClient init, ServerListFactory = com.alibaba.nacos.client.config.impl.ClientWorker$ConfigRpcTransportClient$2
17:01:54.029 [main] INFO  c.a.n.c.r.client - [printIfInfoEnabled,63] - [f286620c-a699-4814-84b0-9da2ca57d94b_config-0] Try to connect to server on start up, server: {serverIp = 'localhost', server main port = 8848}
17:01:54.075 [main] INFO  c.a.n.c.r.c.g.GrpcClient - [createNewManagedChannel,182] - grpc client connection server:localhost ip,serverPort:9848,grpcTslConfig:{"sslProvider":"OPENSSL","enableTls":false,"mutualAuthEnable":false,"trustAll":false}
17:01:55.933 [main] INFO  c.a.n.c.r.client - [printIfInfoEnabled,63] - [f286620c-a699-4814-84b0-9da2ca57d94b_config-0] Success to connect to server [localhost:8848] on start up, connectionId = 1739869315676_172.17.0.1_37504
17:01:55.935 [com.alibaba.nacos.client.remote.worker] INFO  c.a.n.c.r.client - [printIfInfoEnabled,63] - [f286620c-a699-4814-84b0-9da2ca57d94b_config-0] Notify connected event to listeners.
17:01:55.936 [main] INFO  c.a.n.c.r.client - [printIfInfoEnabled,63] - [f286620c-a699-4814-84b0-9da2ca57d94b_config-0] Register server push request handler:com.alibaba.nacos.common.remote.client.RpcClient$ConnectResetRequestHandler
17:01:55.936 [com.alibaba.nacos.client.remote.worker] INFO  c.a.n.c.c.i.ClientWorker - [onConnected,639] - [f286620c-a699-4814-84b0-9da2ca57d94b_config-0] Connected,notify listen context...
17:01:55.936 [main] INFO  c.a.n.c.r.client - [printIfInfoEnabled,63] - [f286620c-a699-4814-84b0-9da2ca57d94b_config-0] Register server push request handler:com.alibaba.nacos.common.remote.client.RpcClient$$Lambda$592/0x0000018d194e9688
17:01:56.034 [main] INFO  c.a.n.c.c.i.Limiter - [<clinit>,62] - limitTime:5.0
17:01:56.314 [main] INFO  c.a.n.c.c.u.JvmUtil - [<clinit>,54] - isMultiInstance:false
17:01:56.322 [main] INFO  o.s.c.b.c.PropertySourceBootstrapConfiguration - [initialize,108] - Located property source: [BootstrapPropertySource {name='bootstrapProperties-oj-system-local.yaml,DEFAULT_GROUP'}, BootstrapPropertySource {name='bootstrapProperties-oj-system.yaml,DEFAULT_GROUP'}, BootstrapPropertySource {name='bootstrapProperties-oj-system,DEFAULT_GROUP'}]
17:01:56.331 [main] INFO  c.f.s.OjSystemApplication - [logStartupProfileInfo,636] - The following 1 profile is active: "local"
17:01:57.547 [main] INFO  o.s.d.r.c.RepositoryConfigurationDelegate - [multipleStoresDetected,294] - Multiple Spring Data modules found, entering strict repository configuration mode
17:01:57.553 [main] INFO  o.s.d.r.c.RepositoryConfigurationDelegate - [registerRepositoriesIn,138] - Bootstrapping Spring Data Elasticsearch repositories in DEFAULT mode.
17:01:57.765 [main] INFO  o.s.d.r.c.RepositoryConfigurationDelegate - [registerRepositoriesIn,208] - Finished Spring Data repository scanning in 205 ms. Found 1 Elasticsearch repository interfaces.
17:01:57.773 [main] INFO  o.s.d.r.c.RepositoryConfigurationDelegate - [multipleStoresDetected,294] - Multiple Spring Data modules found, entering strict repository configuration mode
17:01:57.774 [main] INFO  o.s.d.r.c.RepositoryConfigurationDelegate - [registerRepositoriesIn,138] - Bootstrapping Spring Data Reactive Elasticsearch repositories in DEFAULT mode.
17:01:57.784 [main] INFO  o.s.d.r.c.RepositoryConfigurationDelegate - [registerRepositoriesIn,208] - Finished Spring Data repository scanning in 10 ms. Found 0 Reactive Elasticsearch repository interfaces.
17:01:57.803 [main] INFO  o.s.d.r.c.RepositoryConfigurationDelegate - [multipleStoresDetected,294] - Multiple Spring Data modules found, entering strict repository configuration mode
17:01:57.805 [main] INFO  o.s.d.r.c.RepositoryConfigurationDelegate - [registerRepositoriesIn,138] - Bootstrapping Spring Data Redis repositories in DEFAULT mode.
17:01:57.827 [main] INFO  o.s.d.r.c.RepositoryConfigurationExtensionSupport - [isStrictRepositoryCandidate,320] - Spring Data Redis - Could not safely identify store assignment for repository candidate interface com.fly.system.elasticsearch.QuestionRepository; If you want this repository to be a Redis repository, consider annotating your entities with one of these annotations: org.springframework.data.redis.core.RedisHash (preferred), or consider extending one of the following types with your repository: org.springframework.data.keyvalue.repository.KeyValueRepository
17:01:57.828 [main] INFO  o.s.d.r.c.RepositoryConfigurationDelegate - [registerRepositoriesIn,208] - Finished Spring Data repository scanning in 13 ms. Found 0 Redis repository interfaces.
17:01:58.161 [main] INFO  o.s.c.c.s.GenericScope - [setSerializationId,282] - BeanFactory id=7521dcc1-9187-33d9-9f74-214dc9b8ecf8
17:01:58.635 [main] INFO  o.s.b.w.e.t.TomcatWebServer - [initialize,108] - Tomcat initialized with port(s): 9201 (http)
17:01:58.650 [main] INFO  o.a.c.h.Http11NioProtocol - [log,173] - Initializing ProtocolHandler ["http-nio-9201"]
17:01:58.651 [main] INFO  o.a.c.c.StandardService - [log,173] - Starting service [Tomcat]
17:01:58.651 [main] INFO  o.a.c.c.StandardEngine - [log,173] - Starting Servlet engine: [Apache Tomcat/10.1.4]
17:01:58.766 [main] INFO  o.a.c.c.C.[.[.[/] - [log,173] - Initializing Spring embedded WebApplicationContext
17:01:58.768 [main] INFO  o.s.b.w.s.c.ServletWebServerApplicationContext - [prepareWebApplicationContext,291] - Root WebApplicationContext: initialization completed in 2419 ms
17:02:03.906 [main] INFO  o.a.c.h.Http11NioProtocol - [log,173] - Starting ProtocolHandler ["http-nio-9201"]
17:02:03.923 [main] INFO  o.s.b.w.e.t.TomcatWebServer - [start,220] - Tomcat started on port(s): 9201 (http) with context path ''
17:02:03.930 [main] INFO  c.a.n.client.naming - [initNamespaceForNaming,62] - initializer namespace from ans.namespace attribute : null
17:02:03.931 [main] INFO  c.a.n.client.naming - [lambda$initNamespaceForNaming$0,66] - initializer namespace from ALIBABA_ALIWARE_NAMESPACE attribute :null
17:02:03.932 [main] INFO  c.a.n.client.naming - [lambda$initNamespaceForNaming$1,73] - initializer namespace from namespace attribute :null
17:02:03.948 [main] INFO  c.a.n.p.a.s.c.ClientAuthPluginManager - [init,56] - [ClientAuthPluginManager] Load ClientAuthService com.alibaba.nacos.client.auth.impl.NacosClientAuthServiceImpl success.
17:02:03.948 [main] INFO  c.a.n.p.a.s.c.ClientAuthPluginManager - [init,56] - [ClientAuthPluginManager] Load ClientAuthService com.alibaba.nacos.client.auth.ram.RamClientAuthServiceImpl success.
17:02:03.959 [main] INFO  c.a.n.c.r.client - [lambda$createClient$0,108] - [RpcClientFactory] create a new rpc client of d3091fe9-e2b9-4f55-a556-9ac751a161fe
17:02:03.964 [main] INFO  c.a.n.c.r.client - [printIfInfoEnabled,63] - [d3091fe9-e2b9-4f55-a556-9ac751a161fe] RpcClient init, ServerListFactory = com.alibaba.nacos.client.naming.core.ServerListManager
17:02:03.965 [main] INFO  c.a.n.c.r.client - [printIfInfoEnabled,63] - [d3091fe9-e2b9-4f55-a556-9ac751a161fe] Registry connection listener to current client:com.alibaba.nacos.client.naming.remote.gprc.redo.NamingGrpcRedoService
17:02:03.966 [main] INFO  c.a.n.c.r.client - [printIfInfoEnabled,63] - [d3091fe9-e2b9-4f55-a556-9ac751a161fe] Register server push request handler:com.alibaba.nacos.client.naming.remote.gprc.NamingPushRequestHandler
17:02:03.967 [main] INFO  c.a.n.c.r.client - [printIfInfoEnabled,63] - [d3091fe9-e2b9-4f55-a556-9ac751a161fe] Try to connect to server on start up, server: {serverIp = 'localhost', server main port = 8848}
17:02:03.968 [main] INFO  c.a.n.c.r.c.g.GrpcClient - [createNewManagedChannel,182] - grpc client connection server:localhost ip,serverPort:9848,grpcTslConfig:{"sslProvider":"OPENSSL","enableTls":false,"mutualAuthEnable":false,"trustAll":false}
17:02:04.100 [main] INFO  c.a.n.c.r.client - [printIfInfoEnabled,63] - [d3091fe9-e2b9-4f55-a556-9ac751a161fe] Success to connect to server [localhost:8848] on start up, connectionId = 1739869323978_172.17.0.1_35758
17:02:04.100 [main] INFO  c.a.n.c.r.client - [printIfInfoEnabled,63] - [d3091fe9-e2b9-4f55-a556-9ac751a161fe] Register server push request handler:com.alibaba.nacos.common.remote.client.RpcClient$ConnectResetRequestHandler
17:02:04.100 [main] INFO  c.a.n.c.r.client - [printIfInfoEnabled,63] - [d3091fe9-e2b9-4f55-a556-9ac751a161fe] Register server push request handler:com.alibaba.nacos.common.remote.client.RpcClient$$Lambda$592/0x0000018d194e9688
17:02:04.100 [com.alibaba.nacos.client.remote.worker] INFO  c.a.n.c.r.client - [printIfInfoEnabled,63] - [d3091fe9-e2b9-4f55-a556-9ac751a161fe] Notify connected event to listeners.
17:02:04.100 [com.alibaba.nacos.client.remote.worker] INFO  c.a.n.client.naming - [onConnected,78] - Grpc connection connect
17:02:04.102 [main] INFO  c.a.n.client.naming - [registerService,121] - [REGISTER-SERVICE] 62113bd0-93ee-4621-9b30-60de09bd5520 registering service oj-system with instance Instance{instanceId='null', ip='192.168.137.1', port=9201, weight=1.0, healthy=true, enabled=true, ephemeral=true, clusterName='DEFAULT', serviceName='null', metadata={IPv6=null, preserved.register.source=SPRING_CLOUD}}
17:02:04.123 [main] INFO  c.a.c.n.r.NacosServiceRegistry - [register,76] - nacos registry, DEFAULT_GROUP oj-system 192.168.137.1:9201 register finished
17:02:04.633 [main] INFO  c.f.s.OjSystemApplication - [logStarted,57] - Started OjSystemApplication in 13.255 seconds (process running for 14.757)
17:02:04.638 [main] INFO  c.a.n.c.c.i.CacheData - [<clinit>,67] - nacos.cache.data.init.snapshot = true 
17:02:04.641 [main] INFO  c.a.n.c.c.i.ClientWorker - [addCacheDataIfAbsent,380] - [fixed-62113bd0-93ee-4621-9b30-60de09bd5520-localhost_8848] [subscribe] oj-system-local.yaml+DEFAULT_GROUP+62113bd0-93ee-4621-9b30-60de09bd5520
17:02:04.651 [main] INFO  c.a.n.c.c.i.CacheData - [addListener,197] - [fixed-62113bd0-93ee-4621-9b30-60de09bd5520-localhost_8848] [add-listener] ok, tenant=62113bd0-93ee-4621-9b30-60de09bd5520, dataId=oj-system-local.yaml, group=DEFAULT_GROUP, cnt=1
17:02:04.652 [main] INFO  c.a.c.n.r.NacosContextRefresher - [registerNacosListener,129] - [Nacos Config] Listening config: dataId=oj-system-local.yaml, group=DEFAULT_GROUP
17:02:04.652 [main] INFO  c.a.n.c.c.i.ClientWorker - [addCacheDataIfAbsent,380] - [fixed-62113bd0-93ee-4621-9b30-60de09bd5520-localhost_8848] [subscribe] oj-system+DEFAULT_GROUP+62113bd0-93ee-4621-9b30-60de09bd5520
17:02:04.653 [main] INFO  c.a.n.c.c.i.CacheData - [addListener,197] - [fixed-62113bd0-93ee-4621-9b30-60de09bd5520-localhost_8848] [add-listener] ok, tenant=62113bd0-93ee-4621-9b30-60de09bd5520, dataId=oj-system, group=DEFAULT_GROUP, cnt=1
17:02:04.653 [main] INFO  c.a.c.n.r.NacosContextRefresher - [registerNacosListener,129] - [Nacos Config] Listening config: dataId=oj-system, group=DEFAULT_GROUP
17:02:04.653 [main] INFO  c.a.n.c.c.i.ClientWorker - [addCacheDataIfAbsent,380] - [fixed-62113bd0-93ee-4621-9b30-60de09bd5520-localhost_8848] [subscribe] oj-system.yaml+DEFAULT_GROUP+62113bd0-93ee-4621-9b30-60de09bd5520
17:02:04.653 [main] INFO  c.a.n.c.c.i.CacheData - [addListener,197] - [fixed-62113bd0-93ee-4621-9b30-60de09bd5520-localhost_8848] [add-listener] ok, tenant=62113bd0-93ee-4621-9b30-60de09bd5520, dataId=oj-system.yaml, group=DEFAULT_GROUP, cnt=1
17:02:04.654 [main] INFO  c.a.c.n.r.NacosContextRefresher - [registerNacosListener,129] - [Nacos Config] Listening config: dataId=oj-system.yaml, group=DEFAULT_GROUP
17:03:20.637 [http-nio-9201-exec-1] INFO  o.a.c.c.C.[.[.[/] - [log,173] - Initializing Spring DispatcherServlet 'dispatcherServlet'
17:03:20.638 [http-nio-9201-exec-1] INFO  o.s.w.s.DispatcherServlet - [initServletBean,532] - Initializing Servlet 'dispatcherServlet'
17:03:20.639 [http-nio-9201-exec-1] INFO  o.s.w.s.DispatcherServlet - [initServletBean,554] - Completed initialization in 1 ms
17:03:20.817 [http-nio-9201-exec-1] INFO  c.z.h.HikariDataSource - [getConnection,110] - HikariPool-1 - Starting...
17:03:21.038 [http-nio-9201-exec-1] INFO  c.z.h.p.HikariPool - [checkFailFast,565] - HikariPool-1 - Added connection com.mysql.cj.jdbc.ConnectionImpl@63006b6c
17:03:21.041 [http-nio-9201-exec-1] INFO  c.z.h.HikariDataSource - [getConnection,123] - HikariPool-1 - Start completed.
22:12:15.114 [SpringApplicationShutdownHook] INFO  c.a.c.n.r.NacosServiceRegistry - [deregister,95] - De-registering from Nacos Server now...
22:12:15.116 [SpringApplicationShutdownHook] INFO  c.a.n.client.naming - [deregisterService,217] - [DEREGISTER-SERVICE] 62113bd0-93ee-4621-9b30-60de09bd5520 deregistering service oj-system with instance: Instance{instanceId='null', ip='192.168.137.1', port=9201, weight=1.0, healthy=true, enabled=true, ephemeral=true, clusterName='DEFAULT', serviceName='null', metadata={}}
22:12:15.122 [SpringApplicationShutdownHook] INFO  c.a.c.n.r.NacosServiceRegistry - [deregister,115] - De-registration finished.
22:12:15.123 [SpringApplicationShutdownHook] INFO  c.a.n.client.naming - [shutdown,256] - com.alibaba.nacos.client.naming.cache.ServiceInfoHolder do shutdown begin
22:12:15.124 [SpringApplicationShutdownHook] INFO  c.a.n.client.naming - [shutdown,136] - com.alibaba.nacos.client.naming.backups.FailoverReactor do shutdown begin
22:12:15.124 [SpringApplicationShutdownHook] INFO  c.a.n.client.naming - [shutdown,138] - com.alibaba.nacos.client.naming.backups.FailoverReactor do shutdown stop
22:12:15.125 [SpringApplicationShutdownHook] INFO  c.a.n.client.naming - [shutdown,258] - com.alibaba.nacos.client.naming.cache.ServiceInfoHolder do shutdown stop
22:12:15.125 [SpringApplicationShutdownHook] INFO  c.a.n.client.naming - [shutdown,204] - com.alibaba.nacos.client.naming.remote.NamingClientProxyDelegate do shutdown begin
22:12:15.125 [SpringApplicationShutdownHook] INFO  c.a.n.client.naming - [shutdown,143] - com.alibaba.nacos.client.naming.core.ServiceInfoUpdateService do shutdown begin
22:12:15.125 [SpringApplicationShutdownHook] INFO  c.a.n.client.naming - [shutdown,145] - com.alibaba.nacos.client.naming.core.ServiceInfoUpdateService do shutdown stop
22:12:15.125 [SpringApplicationShutdownHook] INFO  c.a.n.client.naming - [shutdown,194] - com.alibaba.nacos.client.naming.core.ServerListManager do shutdown begin
22:12:15.126 [SpringApplicationShutdownHook] INFO  c.a.n.client.naming - [shutdown,199] - com.alibaba.nacos.client.naming.core.ServerListManager do shutdown stop
22:12:15.126 [SpringApplicationShutdownHook] INFO  c.a.n.client.naming - [shutdown,484] - com.alibaba.nacos.client.naming.remote.http.NamingHttpClientProxy do shutdown begin
22:12:15.126 [SpringApplicationShutdownHook] INFO  c.a.n.client.naming - [shutdown,486] - com.alibaba.nacos.client.naming.remote.http.NamingHttpClientProxy do shutdown stop
22:12:15.126 [SpringApplicationShutdownHook] INFO  c.a.n.c.r.client - [shutdown,429] - Shutdown rpc client, set status to shutdown
22:12:15.127 [SpringApplicationShutdownHook] INFO  c.a.n.c.r.client - [shutdown,431] - Shutdown client event executor java.util.concurrent.ScheduledThreadPoolExecutor@71b40175[Running, pool size = 2, active threads = 2, queued tasks = 0, completed tasks = 0]
22:12:15.127 [SpringApplicationShutdownHook] INFO  c.a.n.c.r.client - [closeConnection,584] - Close current connection 1739869323978_172.17.0.1_35758
22:12:15.134 [SpringApplicationShutdownHook] INFO  c.a.n.c.r.c.g.GrpcClient - [shutdown,159] - Shutdown grpc executor java.util.concurrent.ThreadPoolExecutor@bac3102[Running, pool size = 3, active threads = 0, queued tasks = 0, completed tasks = 3769]
22:12:15.135 [SpringApplicationShutdownHook] INFO  c.a.n.client.naming - [shutdown,318] - Shutdown grpc redo service executor java.util.concurrent.ScheduledThreadPoolExecutor@15553d15[Running, pool size = 1, active threads = 0, queued tasks = 1, completed tasks = 6189]
22:12:15.135 [SpringApplicationShutdownHook] INFO  c.a.n.c.a.r.i.CredentialWatcher - [stop,106] - [null] CredentialWatcher is stopped
22:12:15.136 [SpringApplicationShutdownHook] INFO  c.a.n.c.a.r.i.CredentialService - [free,100] - [null] CredentialService is freed
22:12:15.136 [SpringApplicationShutdownHook] INFO  c.a.n.client.naming - [shutdown,211] - com.alibaba.nacos.client.naming.remote.NamingClientProxyDelegate do shutdown stop
22:12:15.271 [SpringApplicationShutdownHook] INFO  c.z.h.HikariDataSource - [close,350] - HikariPool-1 - Shutdown initiated...
22:12:15.277 [SpringApplicationShutdownHook] INFO  c.z.h.HikariDataSource - [close,352] - HikariPool-1 - Shutdown completed.
22:12:25.201 [background-preinit] INFO  o.h.v.i.util.Version - [<clinit>,21] - HV000001: Hibernate Validator 8.0.0.Final
22:12:25.525 [main] INFO  c.a.n.c.u.ParamUtil - [<clinit>,87] - [settings] [req-serv] nacos-server port:8848
22:12:25.526 [main] INFO  c.a.n.c.u.ParamUtil - [<clinit>,98] - [settings] [http-client] connect timeout:1000
22:12:25.528 [main] INFO  c.a.n.c.u.ParamUtil - [<clinit>,105] - PER_TASK_CONFIG_SIZE: 3000.0
22:12:25.576 [main] INFO  c.a.n.p.a.s.c.ClientAuthPluginManager - [init,56] - [ClientAuthPluginManager] Load ClientAuthService com.alibaba.nacos.client.auth.impl.NacosClientAuthServiceImpl success.
22:12:25.576 [main] INFO  c.a.n.p.a.s.c.ClientAuthPluginManager - [init,56] - [ClientAuthPluginManager] Load ClientAuthService com.alibaba.nacos.client.auth.ram.RamClientAuthServiceImpl success.
22:12:25.582 [main] INFO  c.a.n.c.a.r.i.CredentialWatcher - [loadCredential,165] - null No credential found
22:12:26.363 [main] INFO  c.a.n.c.c.i.LocalConfigInfoProcessor - [<clinit>,63] - LOCAL_SNAPSHOT_PATH:C:\Users\Administrator\nacos\config
22:12:26.368 [main] INFO  c.a.n.c.r.client - [lambda$createClient$0,108] - [RpcClientFactory] create a new rpc client of fbe44b77-0b1c-4248-8244-5b928e45f1d0_config-0
22:12:26.398 [main] INFO  c.a.n.c.r.client - [printIfInfoEnabled,63] - [fbe44b77-0b1c-4248-8244-5b928e45f1d0_config-0] Register server push request handler:com.alibaba.nacos.client.config.impl.ClientWorker$ConfigRpcTransportClient$$Lambda$571/0x0000022630362150
22:12:26.398 [main] INFO  c.a.n.c.r.client - [printIfInfoEnabled,63] - [fbe44b77-0b1c-4248-8244-5b928e45f1d0_config-0] Register server push request handler:com.alibaba.nacos.client.config.impl.ClientWorker$ConfigRpcTransportClient$$Lambda$572/0x0000022630362570
22:12:26.399 [main] INFO  c.a.n.c.r.client - [printIfInfoEnabled,63] - [fbe44b77-0b1c-4248-8244-5b928e45f1d0_config-0] Registry connection listener to current client:com.alibaba.nacos.client.config.impl.ClientWorker$ConfigRpcTransportClient$1
22:12:26.399 [main] INFO  c.a.n.c.r.client - [printIfInfoEnabled,63] - [fbe44b77-0b1c-4248-8244-5b928e45f1d0_config-0] RpcClient init, ServerListFactory = com.alibaba.nacos.client.config.impl.ClientWorker$ConfigRpcTransportClient$2
22:12:26.412 [main] INFO  c.a.n.c.r.client - [printIfInfoEnabled,63] - [fbe44b77-0b1c-4248-8244-5b928e45f1d0_config-0] Try to connect to server on start up, server: {serverIp = 'localhost', server main port = 8848}
22:12:26.449 [main] INFO  c.a.n.c.r.c.g.GrpcClient - [createNewManagedChannel,182] - grpc client connection server:localhost ip,serverPort:9848,grpcTslConfig:{"sslProvider":"OPENSSL","enableTls":false,"mutualAuthEnable":false,"trustAll":false}
22:12:28.609 [main] INFO  c.a.n.c.r.client - [printIfInfoEnabled,63] - [fbe44b77-0b1c-4248-8244-5b928e45f1d0_config-0] Success to connect to server [localhost:8848] on start up, connectionId = 1739887948406_172.17.0.1_38234
22:12:28.610 [com.alibaba.nacos.client.remote.worker] INFO  c.a.n.c.r.client - [printIfInfoEnabled,63] - [fbe44b77-0b1c-4248-8244-5b928e45f1d0_config-0] Notify connected event to listeners.
22:12:28.611 [com.alibaba.nacos.client.remote.worker] INFO  c.a.n.c.c.i.ClientWorker - [onConnected,639] - [fbe44b77-0b1c-4248-8244-5b928e45f1d0_config-0] Connected,notify listen context...
22:12:28.611 [main] INFO  c.a.n.c.r.client - [printIfInfoEnabled,63] - [fbe44b77-0b1c-4248-8244-5b928e45f1d0_config-0] Register server push request handler:com.alibaba.nacos.common.remote.client.RpcClient$ConnectResetRequestHandler
22:12:28.611 [main] INFO  c.a.n.c.r.client - [printIfInfoEnabled,63] - [fbe44b77-0b1c-4248-8244-5b928e45f1d0_config-0] Register server push request handler:com.alibaba.nacos.common.remote.client.RpcClient$$Lambda$592/0x00000226304b8d08
22:12:28.684 [main] INFO  c.a.n.c.c.i.Limiter - [<clinit>,62] - limitTime:5.0
22:12:28.733 [main] INFO  c.a.n.c.c.u.JvmUtil - [<clinit>,54] - isMultiInstance:false
22:12:28.743 [main] INFO  o.s.c.b.c.PropertySourceBootstrapConfiguration - [initialize,108] - Located property source: [BootstrapPropertySource {name='bootstrapProperties-oj-system-local.yaml,DEFAULT_GROUP'}, BootstrapPropertySource {name='bootstrapProperties-oj-system.yaml,DEFAULT_GROUP'}, BootstrapPropertySource {name='bootstrapProperties-oj-system,DEFAULT_GROUP'}]
22:12:28.754 [main] INFO  c.f.s.OjSystemApplication - [logStartupProfileInfo,636] - The following 1 profile is active: "local"
22:12:30.169 [main] INFO  o.s.d.r.c.RepositoryConfigurationDelegate - [multipleStoresDetected,294] - Multiple Spring Data modules found, entering strict repository configuration mode
22:12:30.172 [main] INFO  o.s.d.r.c.RepositoryConfigurationDelegate - [registerRepositoriesIn,138] - Bootstrapping Spring Data Elasticsearch repositories in DEFAULT mode.
22:12:30.348 [main] INFO  o.s.d.r.c.RepositoryConfigurationDelegate - [registerRepositoriesIn,208] - Finished Spring Data repository scanning in 171 ms. Found 1 Elasticsearch repository interfaces.
22:12:30.355 [main] INFO  o.s.d.r.c.RepositoryConfigurationDelegate - [multipleStoresDetected,294] - Multiple Spring Data modules found, entering strict repository configuration mode
22:12:30.356 [main] INFO  o.s.d.r.c.RepositoryConfigurationDelegate - [registerRepositoriesIn,138] - Bootstrapping Spring Data Reactive Elasticsearch repositories in DEFAULT mode.
22:12:30.365 [main] INFO  o.s.d.r.c.RepositoryConfigurationDelegate - [registerRepositoriesIn,208] - Finished Spring Data repository scanning in 8 ms. Found 0 Reactive Elasticsearch repository interfaces.
22:12:30.377 [main] INFO  o.s.d.r.c.RepositoryConfigurationDelegate - [multipleStoresDetected,294] - Multiple Spring Data modules found, entering strict repository configuration mode
22:12:30.379 [main] INFO  o.s.d.r.c.RepositoryConfigurationDelegate - [registerRepositoriesIn,138] - Bootstrapping Spring Data Redis repositories in DEFAULT mode.
22:12:30.396 [main] INFO  o.s.d.r.c.RepositoryConfigurationExtensionSupport - [isStrictRepositoryCandidate,320] - Spring Data Redis - Could not safely identify store assignment for repository candidate interface com.fly.system.elasticsearch.QuestionRepository; If you want this repository to be a Redis repository, consider annotating your entities with one of these annotations: org.springframework.data.redis.core.RedisHash (preferred), or consider extending one of the following types with your repository: org.springframework.data.keyvalue.repository.KeyValueRepository
22:12:30.397 [main] INFO  o.s.d.r.c.RepositoryConfigurationDelegate - [registerRepositoriesIn,208] - Finished Spring Data repository scanning in 9 ms. Found 0 Redis repository interfaces.
22:12:30.726 [main] INFO  o.s.c.c.s.GenericScope - [setSerializationId,282] - BeanFactory id=7521dcc1-9187-33d9-9f74-214dc9b8ecf8
22:12:31.159 [main] INFO  o.s.b.w.e.t.TomcatWebServer - [initialize,108] - Tomcat initialized with port(s): 9201 (http)
22:12:31.173 [main] INFO  o.a.c.h.Http11NioProtocol - [log,173] - Initializing ProtocolHandler ["http-nio-9201"]
22:12:31.175 [main] INFO  o.a.c.c.StandardService - [log,173] - Starting service [Tomcat]
22:12:31.175 [main] INFO  o.a.c.c.StandardEngine - [log,173] - Starting Servlet engine: [Apache Tomcat/10.1.4]
22:12:31.287 [main] INFO  o.a.c.c.C.[.[.[/] - [log,173] - Initializing Spring embedded WebApplicationContext
22:12:31.288 [main] INFO  o.s.b.w.s.c.ServletWebServerApplicationContext - [prepareWebApplicationContext,291] - Root WebApplicationContext: initialization completed in 2512 ms
22:12:35.593 [main] INFO  o.a.c.h.Http11NioProtocol - [log,173] - Starting ProtocolHandler ["http-nio-9201"]
22:12:35.616 [main] INFO  o.s.b.w.e.t.TomcatWebServer - [start,220] - Tomcat started on port(s): 9201 (http) with context path ''
22:12:35.623 [main] INFO  c.a.n.client.naming - [initNamespaceForNaming,62] - initializer namespace from ans.namespace attribute : null
22:12:35.624 [main] INFO  c.a.n.client.naming - [lambda$initNamespaceForNaming$0,66] - initializer namespace from ALIBABA_ALIWARE_NAMESPACE attribute :null
22:12:35.626 [main] INFO  c.a.n.client.naming - [lambda$initNamespaceForNaming$1,73] - initializer namespace from namespace attribute :null
22:12:35.644 [main] INFO  c.a.n.p.a.s.c.ClientAuthPluginManager - [init,56] - [ClientAuthPluginManager] Load ClientAuthService com.alibaba.nacos.client.auth.impl.NacosClientAuthServiceImpl success.
22:12:35.645 [main] INFO  c.a.n.p.a.s.c.ClientAuthPluginManager - [init,56] - [ClientAuthPluginManager] Load ClientAuthService com.alibaba.nacos.client.auth.ram.RamClientAuthServiceImpl success.
22:12:35.651 [main] INFO  c.a.n.c.r.client - [lambda$createClient$0,108] - [RpcClientFactory] create a new rpc client of 28a0f8e9-e1d6-4cc6-8584-dd753f7eb09a
22:12:35.653 [main] INFO  c.a.n.c.r.client - [printIfInfoEnabled,63] - [28a0f8e9-e1d6-4cc6-8584-dd753f7eb09a] RpcClient init, ServerListFactory = com.alibaba.nacos.client.naming.core.ServerListManager
22:12:35.654 [main] INFO  c.a.n.c.r.client - [printIfInfoEnabled,63] - [28a0f8e9-e1d6-4cc6-8584-dd753f7eb09a] Registry connection listener to current client:com.alibaba.nacos.client.naming.remote.gprc.redo.NamingGrpcRedoService
22:12:35.654 [main] INFO  c.a.n.c.r.client - [printIfInfoEnabled,63] - [28a0f8e9-e1d6-4cc6-8584-dd753f7eb09a] Register server push request handler:com.alibaba.nacos.client.naming.remote.gprc.NamingPushRequestHandler
22:12:35.655 [main] INFO  c.a.n.c.r.client - [printIfInfoEnabled,63] - [28a0f8e9-e1d6-4cc6-8584-dd753f7eb09a] Try to connect to server on start up, server: {serverIp = 'localhost', server main port = 8848}
22:12:35.655 [main] INFO  c.a.n.c.r.c.g.GrpcClient - [createNewManagedChannel,182] - grpc client connection server:localhost ip,serverPort:9848,grpcTslConfig:{"sslProvider":"OPENSSL","enableTls":false,"mutualAuthEnable":false,"trustAll":false}
22:12:35.779 [main] INFO  c.a.n.c.r.client - [printIfInfoEnabled,63] - [28a0f8e9-e1d6-4cc6-8584-dd753f7eb09a] Success to connect to server [localhost:8848] on start up, connectionId = 1739887955665_172.17.0.1_51832
22:12:35.779 [com.alibaba.nacos.client.remote.worker] INFO  c.a.n.c.r.client - [printIfInfoEnabled,63] - [28a0f8e9-e1d6-4cc6-8584-dd753f7eb09a] Notify connected event to listeners.
22:12:35.779 [main] INFO  c.a.n.c.r.client - [printIfInfoEnabled,63] - [28a0f8e9-e1d6-4cc6-8584-dd753f7eb09a] Register server push request handler:com.alibaba.nacos.common.remote.client.RpcClient$ConnectResetRequestHandler
22:12:35.780 [com.alibaba.nacos.client.remote.worker] INFO  c.a.n.client.naming - [onConnected,78] - Grpc connection connect
22:12:35.780 [main] INFO  c.a.n.c.r.client - [printIfInfoEnabled,63] - [28a0f8e9-e1d6-4cc6-8584-dd753f7eb09a] Register server push request handler:com.alibaba.nacos.common.remote.client.RpcClient$$Lambda$592/0x00000226304b8d08
22:12:35.781 [main] INFO  c.a.n.client.naming - [registerService,121] - [REGISTER-SERVICE] 62113bd0-93ee-4621-9b30-60de09bd5520 registering service oj-system with instance Instance{instanceId='null', ip='192.168.137.1', port=9201, weight=1.0, healthy=true, enabled=true, ephemeral=true, clusterName='DEFAULT', serviceName='null', metadata={IPv6=null, preserved.register.source=SPRING_CLOUD}}
22:12:35.797 [main] INFO  c.a.c.n.r.NacosServiceRegistry - [register,76] - nacos registry, DEFAULT_GROUP oj-system 192.168.137.1:9201 register finished
22:12:36.338 [main] INFO  c.f.s.OjSystemApplication - [logStarted,57] - Started OjSystemApplication in 12.182 seconds (process running for 13.582)
22:12:36.344 [main] INFO  c.a.n.c.c.i.CacheData - [<clinit>,67] - nacos.cache.data.init.snapshot = true 
22:12:36.347 [main] INFO  c.a.n.c.c.i.ClientWorker - [addCacheDataIfAbsent,380] - [fixed-62113bd0-93ee-4621-9b30-60de09bd5520-localhost_8848] [subscribe] oj-system-local.yaml+DEFAULT_GROUP+62113bd0-93ee-4621-9b30-60de09bd5520
22:12:36.361 [main] INFO  c.a.n.c.c.i.CacheData - [addListener,197] - [fixed-62113bd0-93ee-4621-9b30-60de09bd5520-localhost_8848] [add-listener] ok, tenant=62113bd0-93ee-4621-9b30-60de09bd5520, dataId=oj-system-local.yaml, group=DEFAULT_GROUP, cnt=1
22:12:36.361 [main] INFO  c.a.c.n.r.NacosContextRefresher - [registerNacosListener,129] - [Nacos Config] Listening config: dataId=oj-system-local.yaml, group=DEFAULT_GROUP
22:12:36.362 [main] INFO  c.a.n.c.c.i.ClientWorker - [addCacheDataIfAbsent,380] - [fixed-62113bd0-93ee-4621-9b30-60de09bd5520-localhost_8848] [subscribe] oj-system+DEFAULT_GROUP+62113bd0-93ee-4621-9b30-60de09bd5520
22:12:36.362 [main] INFO  c.a.n.c.c.i.CacheData - [addListener,197] - [fixed-62113bd0-93ee-4621-9b30-60de09bd5520-localhost_8848] [add-listener] ok, tenant=62113bd0-93ee-4621-9b30-60de09bd5520, dataId=oj-system, group=DEFAULT_GROUP, cnt=1
22:12:36.362 [main] INFO  c.a.c.n.r.NacosContextRefresher - [registerNacosListener,129] - [Nacos Config] Listening config: dataId=oj-system, group=DEFAULT_GROUP
22:12:36.363 [main] INFO  c.a.n.c.c.i.ClientWorker - [addCacheDataIfAbsent,380] - [fixed-62113bd0-93ee-4621-9b30-60de09bd5520-localhost_8848] [subscribe] oj-system.yaml+DEFAULT_GROUP+62113bd0-93ee-4621-9b30-60de09bd5520
22:12:36.364 [main] INFO  c.a.n.c.c.i.CacheData - [addListener,197] - [fixed-62113bd0-93ee-4621-9b30-60de09bd5520-localhost_8848] [add-listener] ok, tenant=62113bd0-93ee-4621-9b30-60de09bd5520, dataId=oj-system.yaml, group=DEFAULT_GROUP, cnt=1
22:12:36.364 [main] INFO  c.a.c.n.r.NacosContextRefresher - [registerNacosListener,129] - [Nacos Config] Listening config: dataId=oj-system.yaml, group=DEFAULT_GROUP
22:14:21.269 [http-nio-9201-exec-2] INFO  o.a.c.c.C.[.[.[/] - [log,173] - Initializing Spring DispatcherServlet 'dispatcherServlet'
22:14:21.270 [http-nio-9201-exec-2] INFO  o.s.w.s.DispatcherServlet - [initServletBean,532] - Initializing Servlet 'dispatcherServlet'
22:14:21.272 [http-nio-9201-exec-2] INFO  o.s.w.s.DispatcherServlet - [initServletBean,554] - Completed initialization in 2 ms
22:14:22.450 [http-nio-9201-exec-2] INFO  c.z.h.HikariDataSource - [getConnection,110] - HikariPool-1 - Starting...
22:14:22.715 [http-nio-9201-exec-2] INFO  c.z.h.p.HikariPool - [checkFailFast,565] - HikariPool-1 - Added connection com.mysql.cj.jdbc.ConnectionImpl@bbf7b8a
22:14:22.719 [http-nio-9201-exec-2] INFO  c.z.h.HikariDataSource - [getConnection,123] - HikariPool-1 - Start completed.
23:11:17.931 [SpringApplicationShutdownHook] INFO  c.a.c.n.r.NacosServiceRegistry - [deregister,95] - De-registering from Nacos Server now...
23:11:17.932 [SpringApplicationShutdownHook] INFO  c.a.n.client.naming - [deregisterService,217] - [DEREGISTER-SERVICE] 62113bd0-93ee-4621-9b30-60de09bd5520 deregistering service oj-system with instance: Instance{instanceId='null', ip='192.168.137.1', port=9201, weight=1.0, healthy=true, enabled=true, ephemeral=true, clusterName='DEFAULT', serviceName='null', metadata={}}
23:11:17.941 [SpringApplicationShutdownHook] INFO  c.a.c.n.r.NacosServiceRegistry - [deregister,115] - De-registration finished.
23:11:17.943 [SpringApplicationShutdownHook] INFO  c.a.n.client.naming - [shutdown,256] - com.alibaba.nacos.client.naming.cache.ServiceInfoHolder do shutdown begin
23:11:17.944 [SpringApplicationShutdownHook] INFO  c.a.n.client.naming - [shutdown,136] - com.alibaba.nacos.client.naming.backups.FailoverReactor do shutdown begin
23:11:17.945 [SpringApplicationShutdownHook] INFO  c.a.n.client.naming - [shutdown,138] - com.alibaba.nacos.client.naming.backups.FailoverReactor do shutdown stop
23:11:17.946 [SpringApplicationShutdownHook] INFO  c.a.n.client.naming - [shutdown,258] - com.alibaba.nacos.client.naming.cache.ServiceInfoHolder do shutdown stop
23:11:17.946 [SpringApplicationShutdownHook] INFO  c.a.n.client.naming - [shutdown,204] - com.alibaba.nacos.client.naming.remote.NamingClientProxyDelegate do shutdown begin
23:11:17.948 [SpringApplicationShutdownHook] INFO  c.a.n.client.naming - [shutdown,143] - com.alibaba.nacos.client.naming.core.ServiceInfoUpdateService do shutdown begin
23:11:17.948 [SpringApplicationShutdownHook] INFO  c.a.n.client.naming - [shutdown,145] - com.alibaba.nacos.client.naming.core.ServiceInfoUpdateService do shutdown stop
23:11:17.949 [SpringApplicationShutdownHook] INFO  c.a.n.client.naming - [shutdown,194] - com.alibaba.nacos.client.naming.core.ServerListManager do shutdown begin
23:11:17.950 [SpringApplicationShutdownHook] INFO  c.a.n.client.naming - [shutdown,199] - com.alibaba.nacos.client.naming.core.ServerListManager do shutdown stop
23:11:17.950 [SpringApplicationShutdownHook] INFO  c.a.n.client.naming - [shutdown,484] - com.alibaba.nacos.client.naming.remote.http.NamingHttpClientProxy do shutdown begin
23:11:17.951 [SpringApplicationShutdownHook] INFO  c.a.n.client.naming - [shutdown,486] - com.alibaba.nacos.client.naming.remote.http.NamingHttpClientProxy do shutdown stop
23:11:17.951 [SpringApplicationShutdownHook] INFO  c.a.n.c.r.client - [shutdown,429] - Shutdown rpc client, set status to shutdown
23:11:17.952 [SpringApplicationShutdownHook] INFO  c.a.n.c.r.client - [shutdown,431] - Shutdown client event executor java.util.concurrent.ScheduledThreadPoolExecutor@41196143[Running, pool size = 2, active threads = 2, queued tasks = 0, completed tasks = 0]
23:11:17.952 [SpringApplicationShutdownHook] INFO  c.a.n.c.r.client - [closeConnection,584] - Close current connection 1739887955665_172.17.0.1_51832
23:11:17.961 [nacos-grpc-client-executor-localhost-746] INFO  c.a.n.c.r.c.g.GrpcClient - [printIfInfoEnabled,63] - [1739887955665_172.17.0.1_51832]Ignore complete event,isRunning:false,isAbandon=false
23:11:17.967 [SpringApplicationShutdownHook] INFO  c.a.n.c.r.c.g.GrpcClient - [shutdown,159] - Shutdown grpc executor java.util.concurrent.ThreadPoolExecutor@4b4d75ea[Running, pool size = 4, active threads = 0, queued tasks = 0, completed tasks = 747]
23:11:17.968 [SpringApplicationShutdownHook] INFO  c.a.n.client.naming - [shutdown,318] - Shutdown grpc redo service executor java.util.concurrent.ScheduledThreadPoolExecutor@39b9f7f1[Running, pool size = 1, active threads = 0, queued tasks = 1, completed tasks = 1171]
23:11:17.969 [SpringApplicationShutdownHook] INFO  c.a.n.c.a.r.i.CredentialWatcher - [stop,106] - [null] CredentialWatcher is stopped
23:11:17.970 [SpringApplicationShutdownHook] INFO  c.a.n.c.a.r.i.CredentialService - [free,100] - [null] CredentialService is freed
23:11:17.971 [SpringApplicationShutdownHook] INFO  c.a.n.client.naming - [shutdown,211] - com.alibaba.nacos.client.naming.remote.NamingClientProxyDelegate do shutdown stop
23:11:18.121 [SpringApplicationShutdownHook] INFO  c.z.h.HikariDataSource - [close,350] - HikariPool-1 - Shutdown initiated...
23:11:18.129 [SpringApplicationShutdownHook] INFO  c.z.h.HikariDataSource - [close,352] - HikariPool-1 - Shutdown completed.
