09:12:03.354 [background-preinit] INFO  o.h.v.i.util.Version - [<clinit>,21] - HV000001: Hibernate Validator 8.0.0.Final
09:12:03.795 [main] INFO  c.a.n.c.u.ParamUtil - [<clinit>,87] - [settings] [req-serv] nacos-server port:8848
09:12:03.796 [main] INFO  c.a.n.c.u.ParamUtil - [<clinit>,98] - [settings] [http-client] connect timeout:1000
09:12:03.799 [main] INFO  c.a.n.c.u.ParamUtil - [<clinit>,105] - PER_TASK_CONFIG_SIZE: 3000.0
09:12:03.866 [main] INFO  c.a.n.p.a.s.c.ClientAuthPluginManager - [init,56] - [ClientAuthPluginManager] Load ClientAuthService com.alibaba.nacos.client.auth.impl.NacosClientAuthServiceImpl success.
09:12:03.867 [main] INFO  c.a.n.p.a.s.c.ClientAuthPluginManager - [init,56] - [ClientAuthPluginManager] Load ClientAuthService com.alibaba.nacos.client.auth.ram.RamClientAuthServiceImpl success.
09:12:03.874 [main] INFO  c.a.n.c.a.r.i.CredentialWatcher - [loadCredential,165] - null No credential found
09:12:04.698 [main] INFO  c.a.n.c.c.i.LocalConfigInfoProcessor - [<clinit>,63] - LOCAL_SNAPSHOT_PATH:C:\Users\Administrator\nacos\config
09:12:04.703 [main] INFO  c.a.n.c.r.client - [lambda$createClient$0,108] - [RpcClientFactory] create a new rpc client of bf905518-fdc4-475d-8067-ff9e38b8fad1_config-0
09:12:04.738 [main] INFO  c.a.n.c.r.client - [printIfInfoEnabled,63] - [bf905518-fdc4-475d-8067-ff9e38b8fad1_config-0] Register server push request handler:com.alibaba.nacos.client.config.impl.ClientWorker$ConfigRpcTransportClient$$Lambda$571/0x000002c0073623b8
09:12:04.739 [main] INFO  c.a.n.c.r.client - [printIfInfoEnabled,63] - [bf905518-fdc4-475d-8067-ff9e38b8fad1_config-0] Register server push request handler:com.alibaba.nacos.client.config.impl.ClientWorker$ConfigRpcTransportClient$$Lambda$572/0x000002c0073627d8
09:12:04.740 [main] INFO  c.a.n.c.r.client - [printIfInfoEnabled,63] - [bf905518-fdc4-475d-8067-ff9e38b8fad1_config-0] Registry connection listener to current client:com.alibaba.nacos.client.config.impl.ClientWorker$ConfigRpcTransportClient$1
09:12:04.740 [main] INFO  c.a.n.c.r.client - [printIfInfoEnabled,63] - [bf905518-fdc4-475d-8067-ff9e38b8fad1_config-0] RpcClient init, ServerListFactory = com.alibaba.nacos.client.config.impl.ClientWorker$ConfigRpcTransportClient$2
09:12:04.754 [main] INFO  c.a.n.c.r.client - [printIfInfoEnabled,63] - [bf905518-fdc4-475d-8067-ff9e38b8fad1_config-0] Try to connect to server on start up, server: {serverIp = 'localhost', server main port = 8848}
09:12:04.795 [main] INFO  c.a.n.c.r.c.g.GrpcClient - [createNewManagedChannel,182] - grpc client connection server:localhost ip,serverPort:9848,grpcTslConfig:{"sslProvider":"OPENSSL","enableTls":false,"mutualAuthEnable":false,"trustAll":false}
09:12:06.816 [main] INFO  c.a.n.c.r.client - [printIfInfoEnabled,63] - [bf905518-fdc4-475d-8067-ff9e38b8fad1_config-0] Success to connect to server [localhost:8848] on start up, connectionId = 1738199526300_172.17.0.1_38460
09:12:06.818 [com.alibaba.nacos.client.remote.worker] INFO  c.a.n.c.r.client - [printIfInfoEnabled,63] - [bf905518-fdc4-475d-8067-ff9e38b8fad1_config-0] Notify connected event to listeners.
09:12:06.818 [com.alibaba.nacos.client.remote.worker] INFO  c.a.n.c.c.i.ClientWorker - [onConnected,639] - [bf905518-fdc4-475d-8067-ff9e38b8fad1_config-0] Connected,notify listen context...
09:12:06.819 [main] INFO  c.a.n.c.r.client - [printIfInfoEnabled,63] - [bf905518-fdc4-475d-8067-ff9e38b8fad1_config-0] Register server push request handler:com.alibaba.nacos.common.remote.client.RpcClient$ConnectResetRequestHandler
09:12:06.820 [main] INFO  c.a.n.c.r.client - [printIfInfoEnabled,63] - [bf905518-fdc4-475d-8067-ff9e38b8fad1_config-0] Register server push request handler:com.alibaba.nacos.common.remote.client.RpcClient$$Lambda$592/0x000002c0074b9ad0
09:12:06.878 [main] INFO  c.a.n.c.c.i.Limiter - [<clinit>,62] - limitTime:5.0
09:12:06.924 [main] INFO  c.a.n.c.c.u.JvmUtil - [<clinit>,54] - isMultiInstance:false
09:12:06.937 [main] INFO  o.s.c.b.c.PropertySourceBootstrapConfiguration - [initialize,108] - Located property source: [BootstrapPropertySource {name='bootstrapProperties-oj-system-local.yaml,DEFAULT_GROUP'}, BootstrapPropertySource {name='bootstrapProperties-oj-system.yaml,DEFAULT_GROUP'}, BootstrapPropertySource {name='bootstrapProperties-oj-system,DEFAULT_GROUP'}]
09:12:06.949 [main] INFO  c.f.s.OjSystemApplication - [logStartupProfileInfo,636] - The following 1 profile is active: "local"
09:12:07.918 [main] INFO  o.s.d.r.c.RepositoryConfigurationDelegate - [multipleStoresDetected,294] - Multiple Spring Data modules found, entering strict repository configuration mode
09:12:07.922 [main] INFO  o.s.d.r.c.RepositoryConfigurationDelegate - [registerRepositoriesIn,138] - Bootstrapping Spring Data Redis repositories in DEFAULT mode.
09:12:07.955 [main] INFO  o.s.d.r.c.RepositoryConfigurationDelegate - [registerRepositoriesIn,208] - Finished Spring Data repository scanning in 14 ms. Found 0 Redis repository interfaces.
09:12:08.201 [main] INFO  o.s.c.c.s.GenericScope - [setSerializationId,282] - BeanFactory id=d27f6d64-a227-311b-9772-ff06ba941d73
09:12:08.753 [main] INFO  o.s.b.w.e.t.TomcatWebServer - [initialize,108] - Tomcat initialized with port(s): 9201 (http)
09:12:08.763 [main] INFO  o.a.c.h.Http11NioProtocol - [log,173] - Initializing ProtocolHandler ["http-nio-9201"]
09:12:08.764 [main] INFO  o.a.c.c.StandardService - [log,173] - Starting service [Tomcat]
09:12:08.764 [main] INFO  o.a.c.c.StandardEngine - [log,173] - Starting Servlet engine: [Apache Tomcat/10.1.4]
09:12:08.873 [main] INFO  o.a.c.c.C.[.[.[/] - [log,173] - Initializing Spring embedded WebApplicationContext
09:12:08.874 [main] INFO  o.s.b.w.s.c.ServletWebServerApplicationContext - [prepareWebApplicationContext,291] - Root WebApplicationContext: initialization completed in 1906 ms
09:12:12.058 [main] INFO  o.a.c.h.Http11NioProtocol - [log,173] - Starting ProtocolHandler ["http-nio-9201"]
09:12:12.082 [main] INFO  o.s.b.w.e.t.TomcatWebServer - [start,220] - Tomcat started on port(s): 9201 (http) with context path ''
09:12:12.092 [main] INFO  c.a.n.client.naming - [initNamespaceForNaming,62] - initializer namespace from ans.namespace attribute : null
09:12:12.093 [main] INFO  c.a.n.client.naming - [lambda$initNamespaceForNaming$0,66] - initializer namespace from ALIBABA_ALIWARE_NAMESPACE attribute :null
09:12:12.094 [main] INFO  c.a.n.client.naming - [lambda$initNamespaceForNaming$1,73] - initializer namespace from namespace attribute :null
09:12:12.110 [main] INFO  c.a.n.p.a.s.c.ClientAuthPluginManager - [init,56] - [ClientAuthPluginManager] Load ClientAuthService com.alibaba.nacos.client.auth.impl.NacosClientAuthServiceImpl success.
09:12:12.110 [main] INFO  c.a.n.p.a.s.c.ClientAuthPluginManager - [init,56] - [ClientAuthPluginManager] Load ClientAuthService com.alibaba.nacos.client.auth.ram.RamClientAuthServiceImpl success.
09:12:12.116 [main] INFO  c.a.n.c.r.client - [lambda$createClient$0,108] - [RpcClientFactory] create a new rpc client of 97615674-d241-473a-b246-c7957b936857
09:12:12.119 [main] INFO  c.a.n.c.r.client - [printIfInfoEnabled,63] - [97615674-d241-473a-b246-c7957b936857] RpcClient init, ServerListFactory = com.alibaba.nacos.client.naming.core.ServerListManager
09:12:12.120 [main] INFO  c.a.n.c.r.client - [printIfInfoEnabled,63] - [97615674-d241-473a-b246-c7957b936857] Registry connection listener to current client:com.alibaba.nacos.client.naming.remote.gprc.redo.NamingGrpcRedoService
09:12:12.120 [main] INFO  c.a.n.c.r.client - [printIfInfoEnabled,63] - [97615674-d241-473a-b246-c7957b936857] Register server push request handler:com.alibaba.nacos.client.naming.remote.gprc.NamingPushRequestHandler
09:12:12.121 [main] INFO  c.a.n.c.r.client - [printIfInfoEnabled,63] - [97615674-d241-473a-b246-c7957b936857] Try to connect to server on start up, server: {serverIp = 'localhost', server main port = 8848}
09:12:12.122 [main] INFO  c.a.n.c.r.c.g.GrpcClient - [createNewManagedChannel,182] - grpc client connection server:localhost ip,serverPort:9848,grpcTslConfig:{"sslProvider":"OPENSSL","enableTls":false,"mutualAuthEnable":false,"trustAll":false}
09:12:12.259 [main] INFO  c.a.n.c.r.client - [printIfInfoEnabled,63] - [97615674-d241-473a-b246-c7957b936857] Success to connect to server [localhost:8848] on start up, connectionId = 1738199532139_172.17.0.1_40066
09:12:12.260 [main] INFO  c.a.n.c.r.client - [printIfInfoEnabled,63] - [97615674-d241-473a-b246-c7957b936857] Register server push request handler:com.alibaba.nacos.common.remote.client.RpcClient$ConnectResetRequestHandler
09:12:12.260 [com.alibaba.nacos.client.remote.worker] INFO  c.a.n.c.r.client - [printIfInfoEnabled,63] - [97615674-d241-473a-b246-c7957b936857] Notify connected event to listeners.
09:12:12.260 [com.alibaba.nacos.client.remote.worker] INFO  c.a.n.client.naming - [onConnected,78] - Grpc connection connect
09:12:12.260 [main] INFO  c.a.n.c.r.client - [printIfInfoEnabled,63] - [97615674-d241-473a-b246-c7957b936857] Register server push request handler:com.alibaba.nacos.common.remote.client.RpcClient$$Lambda$592/0x000002c0074b9ad0
09:12:12.263 [main] INFO  c.a.n.client.naming - [registerService,121] - [REGISTER-SERVICE] 62113bd0-93ee-4621-9b30-60de09bd5520 registering service oj-system with instance Instance{instanceId='null', ip='192.168.137.1', port=9201, weight=1.0, healthy=true, enabled=true, ephemeral=true, clusterName='DEFAULT', serviceName='null', metadata={IPv6=null, preserved.register.source=SPRING_CLOUD}}
09:12:12.280 [main] INFO  c.a.c.n.r.NacosServiceRegistry - [register,76] - nacos registry, DEFAULT_GROUP oj-system 192.168.137.1:9201 register finished
09:12:12.770 [main] INFO  c.f.s.OjSystemApplication - [logStarted,57] - Started OjSystemApplication in 10.711 seconds (process running for 12.205)
09:12:12.777 [main] INFO  c.a.n.c.c.i.CacheData - [<clinit>,67] - nacos.cache.data.init.snapshot = true 
09:12:12.780 [main] INFO  c.a.n.c.c.i.ClientWorker - [addCacheDataIfAbsent,380] - [fixed-62113bd0-93ee-4621-9b30-60de09bd5520-localhost_8848] [subscribe] oj-system-local.yaml+DEFAULT_GROUP+62113bd0-93ee-4621-9b30-60de09bd5520
09:12:12.797 [main] INFO  c.a.n.c.c.i.CacheData - [addListener,197] - [fixed-62113bd0-93ee-4621-9b30-60de09bd5520-localhost_8848] [add-listener] ok, tenant=62113bd0-93ee-4621-9b30-60de09bd5520, dataId=oj-system-local.yaml, group=DEFAULT_GROUP, cnt=1
09:12:12.798 [main] INFO  c.a.c.n.r.NacosContextRefresher - [registerNacosListener,129] - [Nacos Config] Listening config: dataId=oj-system-local.yaml, group=DEFAULT_GROUP
09:12:12.798 [main] INFO  c.a.n.c.c.i.ClientWorker - [addCacheDataIfAbsent,380] - [fixed-62113bd0-93ee-4621-9b30-60de09bd5520-localhost_8848] [subscribe] oj-system+DEFAULT_GROUP+62113bd0-93ee-4621-9b30-60de09bd5520
09:12:12.799 [main] INFO  c.a.n.c.c.i.CacheData - [addListener,197] - [fixed-62113bd0-93ee-4621-9b30-60de09bd5520-localhost_8848] [add-listener] ok, tenant=62113bd0-93ee-4621-9b30-60de09bd5520, dataId=oj-system, group=DEFAULT_GROUP, cnt=1
09:12:12.799 [main] INFO  c.a.c.n.r.NacosContextRefresher - [registerNacosListener,129] - [Nacos Config] Listening config: dataId=oj-system, group=DEFAULT_GROUP
09:12:12.800 [main] INFO  c.a.n.c.c.i.ClientWorker - [addCacheDataIfAbsent,380] - [fixed-62113bd0-93ee-4621-9b30-60de09bd5520-localhost_8848] [subscribe] oj-system.yaml+DEFAULT_GROUP+62113bd0-93ee-4621-9b30-60de09bd5520
09:12:12.800 [main] INFO  c.a.n.c.c.i.CacheData - [addListener,197] - [fixed-62113bd0-93ee-4621-9b30-60de09bd5520-localhost_8848] [add-listener] ok, tenant=62113bd0-93ee-4621-9b30-60de09bd5520, dataId=oj-system.yaml, group=DEFAULT_GROUP, cnt=1
09:12:12.800 [main] INFO  c.a.c.n.r.NacosContextRefresher - [registerNacosListener,129] - [Nacos Config] Listening config: dataId=oj-system.yaml, group=DEFAULT_GROUP
09:14:49.348 [http-nio-9201-exec-1] INFO  o.a.c.c.C.[.[.[/] - [log,173] - Initializing Spring DispatcherServlet 'dispatcherServlet'
09:14:49.349 [http-nio-9201-exec-1] INFO  o.s.w.s.DispatcherServlet - [initServletBean,532] - Initializing Servlet 'dispatcherServlet'
09:14:49.351 [http-nio-9201-exec-1] INFO  o.s.w.s.DispatcherServlet - [initServletBean,554] - Completed initialization in 1 ms
09:14:49.534 [http-nio-9201-exec-1] INFO  c.z.h.HikariDataSource - [getConnection,110] - HikariPool-1 - Starting...
09:14:49.770 [http-nio-9201-exec-1] INFO  c.z.h.p.HikariPool - [checkFailFast,565] - HikariPool-1 - Added connection com.mysql.cj.jdbc.ConnectionImpl@2fed47f6
09:14:49.773 [http-nio-9201-exec-1] INFO  c.z.h.HikariDataSource - [getConnection,123] - HikariPool-1 - Start completed.
17:59:58.859 [SpringApplicationShutdownHook] INFO  c.a.c.n.r.NacosServiceRegistry - [deregister,95] - De-registering from Nacos Server now...
17:59:58.862 [SpringApplicationShutdownHook] INFO  c.a.n.client.naming - [deregisterService,217] - [DEREGISTER-SERVICE] 62113bd0-93ee-4621-9b30-60de09bd5520 deregistering service oj-system with instance: Instance{instanceId='null', ip='192.168.137.1', port=9201, weight=1.0, healthy=true, enabled=true, ephemeral=true, clusterName='DEFAULT', serviceName='null', metadata={}}
17:59:58.871 [SpringApplicationShutdownHook] INFO  c.a.c.n.r.NacosServiceRegistry - [deregister,115] - De-registration finished.
17:59:58.873 [SpringApplicationShutdownHook] INFO  c.a.n.client.naming - [shutdown,256] - com.alibaba.nacos.client.naming.cache.ServiceInfoHolder do shutdown begin
17:59:58.874 [SpringApplicationShutdownHook] INFO  c.a.n.client.naming - [shutdown,136] - com.alibaba.nacos.client.naming.backups.FailoverReactor do shutdown begin
17:59:58.876 [SpringApplicationShutdownHook] INFO  c.a.n.client.naming - [shutdown,138] - com.alibaba.nacos.client.naming.backups.FailoverReactor do shutdown stop
17:59:58.876 [SpringApplicationShutdownHook] INFO  c.a.n.client.naming - [shutdown,258] - com.alibaba.nacos.client.naming.cache.ServiceInfoHolder do shutdown stop
17:59:58.877 [SpringApplicationShutdownHook] INFO  c.a.n.client.naming - [shutdown,204] - com.alibaba.nacos.client.naming.remote.NamingClientProxyDelegate do shutdown begin
17:59:58.877 [SpringApplicationShutdownHook] INFO  c.a.n.client.naming - [shutdown,143] - com.alibaba.nacos.client.naming.core.ServiceInfoUpdateService do shutdown begin
17:59:58.877 [SpringApplicationShutdownHook] INFO  c.a.n.client.naming - [shutdown,145] - com.alibaba.nacos.client.naming.core.ServiceInfoUpdateService do shutdown stop
17:59:58.877 [SpringApplicationShutdownHook] INFO  c.a.n.client.naming - [shutdown,194] - com.alibaba.nacos.client.naming.core.ServerListManager do shutdown begin
17:59:58.877 [SpringApplicationShutdownHook] INFO  c.a.n.client.naming - [shutdown,199] - com.alibaba.nacos.client.naming.core.ServerListManager do shutdown stop
17:59:58.878 [SpringApplicationShutdownHook] INFO  c.a.n.client.naming - [shutdown,484] - com.alibaba.nacos.client.naming.remote.http.NamingHttpClientProxy do shutdown begin
17:59:58.878 [SpringApplicationShutdownHook] INFO  c.a.n.client.naming - [shutdown,486] - com.alibaba.nacos.client.naming.remote.http.NamingHttpClientProxy do shutdown stop
17:59:58.878 [SpringApplicationShutdownHook] INFO  c.a.n.c.r.client - [shutdown,429] - Shutdown rpc client, set status to shutdown
17:59:58.878 [SpringApplicationShutdownHook] INFO  c.a.n.c.r.client - [shutdown,431] - Shutdown client event executor java.util.concurrent.ScheduledThreadPoolExecutor@2ca7af92[Running, pool size = 2, active threads = 2, queued tasks = 0, completed tasks = 0]
17:59:58.879 [SpringApplicationShutdownHook] INFO  c.a.n.c.r.client - [closeConnection,584] - Close current connection 1738199532139_172.17.0.1_40066
17:59:58.886 [nacos-grpc-client-executor-localhost-6425] INFO  c.a.n.c.r.c.g.GrpcClient - [printIfInfoEnabled,63] - [1738199532139_172.17.0.1_40066]Ignore complete event,isRunning:false,isAbandon=false
17:59:58.906 [SpringApplicationShutdownHook] INFO  c.a.n.c.r.c.g.GrpcClient - [shutdown,159] - Shutdown grpc executor java.util.concurrent.ThreadPoolExecutor@7c8b4323[Running, pool size = 4, active threads = 0, queued tasks = 0, completed tasks = 6426]
17:59:58.907 [SpringApplicationShutdownHook] INFO  c.a.n.client.naming - [shutdown,318] - Shutdown grpc redo service executor java.util.concurrent.ScheduledThreadPoolExecutor@3daf046a[Running, pool size = 1, active threads = 0, queued tasks = 1, completed tasks = 10528]
17:59:58.908 [SpringApplicationShutdownHook] INFO  c.a.n.c.a.r.i.CredentialWatcher - [stop,106] - [null] CredentialWatcher is stopped
17:59:58.910 [SpringApplicationShutdownHook] INFO  c.a.n.c.a.r.i.CredentialService - [free,100] - [null] CredentialService is freed
17:59:58.910 [SpringApplicationShutdownHook] INFO  c.a.n.client.naming - [shutdown,211] - com.alibaba.nacos.client.naming.remote.NamingClientProxyDelegate do shutdown stop
17:59:59.074 [com.alibaba.nacos.client.Worker] INFO  c.a.n.c.a.r.i.CredentialWatcher - [loadCredential,165] - null No credential found
17:59:59.082 [SpringApplicationShutdownHook] INFO  c.z.h.HikariDataSource - [close,350] - HikariPool-1 - Shutdown initiated...
17:59:59.088 [SpringApplicationShutdownHook] INFO  c.z.h.HikariDataSource - [close,352] - HikariPool-1 - Shutdown completed.
18:00:30.218 [background-preinit] INFO  o.h.v.i.util.Version - [<clinit>,21] - HV000001: Hibernate Validator 8.0.0.Final
18:00:30.685 [main] INFO  c.a.n.c.u.ParamUtil - [<clinit>,87] - [settings] [req-serv] nacos-server port:8848
18:00:30.685 [main] INFO  c.a.n.c.u.ParamUtil - [<clinit>,98] - [settings] [http-client] connect timeout:1000
18:00:30.688 [main] INFO  c.a.n.c.u.ParamUtil - [<clinit>,105] - PER_TASK_CONFIG_SIZE: 3000.0
18:00:30.737 [main] INFO  c.a.n.p.a.s.c.ClientAuthPluginManager - [init,56] - [ClientAuthPluginManager] Load ClientAuthService com.alibaba.nacos.client.auth.impl.NacosClientAuthServiceImpl success.
18:00:30.738 [main] INFO  c.a.n.p.a.s.c.ClientAuthPluginManager - [init,56] - [ClientAuthPluginManager] Load ClientAuthService com.alibaba.nacos.client.auth.ram.RamClientAuthServiceImpl success.
18:00:30.749 [main] INFO  c.a.n.c.a.r.i.CredentialWatcher - [loadCredential,165] - null No credential found
18:00:31.785 [main] INFO  c.a.n.c.c.i.LocalConfigInfoProcessor - [<clinit>,63] - LOCAL_SNAPSHOT_PATH:C:\Users\Administrator\nacos\config
18:00:31.793 [main] INFO  c.a.n.c.r.client - [lambda$createClient$0,108] - [RpcClientFactory] create a new rpc client of abcd4be4-4162-4310-84c0-b962319dc160_config-0
18:00:31.836 [main] INFO  c.a.n.c.r.client - [printIfInfoEnabled,63] - [abcd4be4-4162-4310-84c0-b962319dc160_config-0] Register server push request handler:com.alibaba.nacos.client.config.impl.ClientWorker$ConfigRpcTransportClient$$Lambda$571/0x000001b993362150
18:00:31.836 [main] INFO  c.a.n.c.r.client - [printIfInfoEnabled,63] - [abcd4be4-4162-4310-84c0-b962319dc160_config-0] Register server push request handler:com.alibaba.nacos.client.config.impl.ClientWorker$ConfigRpcTransportClient$$Lambda$572/0x000001b993362570
18:00:31.838 [main] INFO  c.a.n.c.r.client - [printIfInfoEnabled,63] - [abcd4be4-4162-4310-84c0-b962319dc160_config-0] Registry connection listener to current client:com.alibaba.nacos.client.config.impl.ClientWorker$ConfigRpcTransportClient$1
18:00:31.839 [main] INFO  c.a.n.c.r.client - [printIfInfoEnabled,63] - [abcd4be4-4162-4310-84c0-b962319dc160_config-0] RpcClient init, ServerListFactory = com.alibaba.nacos.client.config.impl.ClientWorker$ConfigRpcTransportClient$2
18:00:31.852 [main] INFO  c.a.n.c.r.client - [printIfInfoEnabled,63] - [abcd4be4-4162-4310-84c0-b962319dc160_config-0] Try to connect to server on start up, server: {serverIp = 'localhost', server main port = 8848}
18:00:31.926 [main] INFO  c.a.n.c.r.c.g.GrpcClient - [createNewManagedChannel,182] - grpc client connection server:localhost ip,serverPort:9848,grpcTslConfig:{"sslProvider":"OPENSSL","enableTls":false,"mutualAuthEnable":false,"trustAll":false}
18:00:34.180 [main] INFO  c.a.n.c.r.client - [printIfInfoEnabled,63] - [abcd4be4-4162-4310-84c0-b962319dc160_config-0] Success to connect to server [localhost:8848] on start up, connectionId = 1738231233895_172.17.0.1_33286
18:00:34.182 [com.alibaba.nacos.client.remote.worker] INFO  c.a.n.c.r.client - [printIfInfoEnabled,63] - [abcd4be4-4162-4310-84c0-b962319dc160_config-0] Notify connected event to listeners.
18:00:34.182 [com.alibaba.nacos.client.remote.worker] INFO  c.a.n.c.c.i.ClientWorker - [onConnected,639] - [abcd4be4-4162-4310-84c0-b962319dc160_config-0] Connected,notify listen context...
18:00:34.183 [main] INFO  c.a.n.c.r.client - [printIfInfoEnabled,63] - [abcd4be4-4162-4310-84c0-b962319dc160_config-0] Register server push request handler:com.alibaba.nacos.common.remote.client.RpcClient$ConnectResetRequestHandler
18:00:34.183 [main] INFO  c.a.n.c.r.client - [printIfInfoEnabled,63] - [abcd4be4-4162-4310-84c0-b962319dc160_config-0] Register server push request handler:com.alibaba.nacos.common.remote.client.RpcClient$$Lambda$592/0x000001b9934b8d08
18:00:34.275 [main] INFO  c.a.n.c.c.i.Limiter - [<clinit>,62] - limitTime:5.0
18:00:34.322 [main] INFO  c.a.n.c.c.u.JvmUtil - [<clinit>,54] - isMultiInstance:false
18:00:34.335 [main] INFO  o.s.c.b.c.PropertySourceBootstrapConfiguration - [initialize,108] - Located property source: [BootstrapPropertySource {name='bootstrapProperties-oj-system-local.yaml,DEFAULT_GROUP'}, BootstrapPropertySource {name='bootstrapProperties-oj-system.yaml,DEFAULT_GROUP'}, BootstrapPropertySource {name='bootstrapProperties-oj-system,DEFAULT_GROUP'}]
18:00:34.349 [main] INFO  c.f.s.OjSystemApplication - [logStartupProfileInfo,636] - The following 1 profile is active: "local"
18:00:35.339 [main] INFO  o.s.d.r.c.RepositoryConfigurationDelegate - [multipleStoresDetected,294] - Multiple Spring Data modules found, entering strict repository configuration mode
18:00:35.346 [main] INFO  o.s.d.r.c.RepositoryConfigurationDelegate - [registerRepositoriesIn,138] - Bootstrapping Spring Data Redis repositories in DEFAULT mode.
18:00:35.395 [main] INFO  o.s.d.r.c.RepositoryConfigurationDelegate - [registerRepositoriesIn,208] - Finished Spring Data repository scanning in 19 ms. Found 0 Redis repository interfaces.
18:00:35.689 [main] INFO  o.s.c.c.s.GenericScope - [setSerializationId,282] - BeanFactory id=13398bf6-2285-3f62-adbd-817dfb8711db
18:00:36.396 [main] INFO  o.s.b.w.e.t.TomcatWebServer - [initialize,108] - Tomcat initialized with port(s): 9201 (http)
18:00:36.409 [main] INFO  o.a.c.h.Http11NioProtocol - [log,173] - Initializing ProtocolHandler ["http-nio-9201"]
18:00:36.410 [main] INFO  o.a.c.c.StandardService - [log,173] - Starting service [Tomcat]
18:00:36.410 [main] INFO  o.a.c.c.StandardEngine - [log,173] - Starting Servlet engine: [Apache Tomcat/10.1.4]
18:00:36.522 [main] INFO  o.a.c.c.C.[.[.[/] - [log,173] - Initializing Spring embedded WebApplicationContext
18:00:36.524 [main] INFO  o.s.b.w.s.c.ServletWebServerApplicationContext - [prepareWebApplicationContext,291] - Root WebApplicationContext: initialization completed in 2150 ms
18:00:40.351 [main] INFO  o.a.c.h.Http11NioProtocol - [log,173] - Starting ProtocolHandler ["http-nio-9201"]
18:00:40.369 [main] INFO  o.s.b.w.e.t.TomcatWebServer - [start,220] - Tomcat started on port(s): 9201 (http) with context path ''
18:00:40.376 [main] INFO  c.a.n.client.naming - [initNamespaceForNaming,62] - initializer namespace from ans.namespace attribute : null
18:00:40.376 [main] INFO  c.a.n.client.naming - [lambda$initNamespaceForNaming$0,66] - initializer namespace from ALIBABA_ALIWARE_NAMESPACE attribute :null
18:00:40.378 [main] INFO  c.a.n.client.naming - [lambda$initNamespaceForNaming$1,73] - initializer namespace from namespace attribute :null
18:00:40.394 [main] INFO  c.a.n.p.a.s.c.ClientAuthPluginManager - [init,56] - [ClientAuthPluginManager] Load ClientAuthService com.alibaba.nacos.client.auth.impl.NacosClientAuthServiceImpl success.
18:00:40.395 [main] INFO  c.a.n.p.a.s.c.ClientAuthPluginManager - [init,56] - [ClientAuthPluginManager] Load ClientAuthService com.alibaba.nacos.client.auth.ram.RamClientAuthServiceImpl success.
18:00:40.400 [main] INFO  c.a.n.c.r.client - [lambda$createClient$0,108] - [RpcClientFactory] create a new rpc client of 6da11e42-1c7d-4325-ac5e-4e0c76568436
18:00:40.405 [main] INFO  c.a.n.c.r.client - [printIfInfoEnabled,63] - [6da11e42-1c7d-4325-ac5e-4e0c76568436] RpcClient init, ServerListFactory = com.alibaba.nacos.client.naming.core.ServerListManager
18:00:40.405 [main] INFO  c.a.n.c.r.client - [printIfInfoEnabled,63] - [6da11e42-1c7d-4325-ac5e-4e0c76568436] Registry connection listener to current client:com.alibaba.nacos.client.naming.remote.gprc.redo.NamingGrpcRedoService
18:00:40.406 [main] INFO  c.a.n.c.r.client - [printIfInfoEnabled,63] - [6da11e42-1c7d-4325-ac5e-4e0c76568436] Register server push request handler:com.alibaba.nacos.client.naming.remote.gprc.NamingPushRequestHandler
18:00:40.407 [main] INFO  c.a.n.c.r.client - [printIfInfoEnabled,63] - [6da11e42-1c7d-4325-ac5e-4e0c76568436] Try to connect to server on start up, server: {serverIp = 'localhost', server main port = 8848}
18:00:40.408 [main] INFO  c.a.n.c.r.c.g.GrpcClient - [createNewManagedChannel,182] - grpc client connection server:localhost ip,serverPort:9848,grpcTslConfig:{"sslProvider":"OPENSSL","enableTls":false,"mutualAuthEnable":false,"trustAll":false}
18:00:40.541 [main] INFO  c.a.n.c.r.client - [printIfInfoEnabled,63] - [6da11e42-1c7d-4325-ac5e-4e0c76568436] Success to connect to server [localhost:8848] on start up, connectionId = 1738231240418_172.17.0.1_43682
18:00:40.542 [main] INFO  c.a.n.c.r.client - [printIfInfoEnabled,63] - [6da11e42-1c7d-4325-ac5e-4e0c76568436] Register server push request handler:com.alibaba.nacos.common.remote.client.RpcClient$ConnectResetRequestHandler
18:00:40.542 [main] INFO  c.a.n.c.r.client - [printIfInfoEnabled,63] - [6da11e42-1c7d-4325-ac5e-4e0c76568436] Register server push request handler:com.alibaba.nacos.common.remote.client.RpcClient$$Lambda$592/0x000001b9934b8d08
18:00:40.542 [com.alibaba.nacos.client.remote.worker] INFO  c.a.n.c.r.client - [printIfInfoEnabled,63] - [6da11e42-1c7d-4325-ac5e-4e0c76568436] Notify connected event to listeners.
18:00:40.543 [com.alibaba.nacos.client.remote.worker] INFO  c.a.n.client.naming - [onConnected,78] - Grpc connection connect
18:00:40.545 [main] INFO  c.a.n.client.naming - [registerService,121] - [REGISTER-SERVICE] 62113bd0-93ee-4621-9b30-60de09bd5520 registering service oj-system with instance Instance{instanceId='null', ip='192.168.137.1', port=9201, weight=1.0, healthy=true, enabled=true, ephemeral=true, clusterName='DEFAULT', serviceName='null', metadata={IPv6=null, preserved.register.source=SPRING_CLOUD}}
18:00:40.563 [main] INFO  c.a.c.n.r.NacosServiceRegistry - [register,76] - nacos registry, DEFAULT_GROUP oj-system 192.168.137.1:9201 register finished
18:00:41.186 [main] INFO  c.f.s.OjSystemApplication - [logStarted,57] - Started OjSystemApplication in 12.348 seconds (process running for 14.174)
18:00:41.195 [main] INFO  c.a.n.c.c.i.CacheData - [<clinit>,67] - nacos.cache.data.init.snapshot = true 
18:00:41.199 [main] INFO  c.a.n.c.c.i.ClientWorker - [addCacheDataIfAbsent,380] - [fixed-62113bd0-93ee-4621-9b30-60de09bd5520-localhost_8848] [subscribe] oj-system-local.yaml+DEFAULT_GROUP+62113bd0-93ee-4621-9b30-60de09bd5520
18:00:41.219 [main] INFO  c.a.n.c.c.i.CacheData - [addListener,197] - [fixed-62113bd0-93ee-4621-9b30-60de09bd5520-localhost_8848] [add-listener] ok, tenant=62113bd0-93ee-4621-9b30-60de09bd5520, dataId=oj-system-local.yaml, group=DEFAULT_GROUP, cnt=1
18:00:41.219 [main] INFO  c.a.c.n.r.NacosContextRefresher - [registerNacosListener,129] - [Nacos Config] Listening config: dataId=oj-system-local.yaml, group=DEFAULT_GROUP
18:00:41.219 [main] INFO  c.a.n.c.c.i.ClientWorker - [addCacheDataIfAbsent,380] - [fixed-62113bd0-93ee-4621-9b30-60de09bd5520-localhost_8848] [subscribe] oj-system+DEFAULT_GROUP+62113bd0-93ee-4621-9b30-60de09bd5520
18:00:41.220 [main] INFO  c.a.n.c.c.i.CacheData - [addListener,197] - [fixed-62113bd0-93ee-4621-9b30-60de09bd5520-localhost_8848] [add-listener] ok, tenant=62113bd0-93ee-4621-9b30-60de09bd5520, dataId=oj-system, group=DEFAULT_GROUP, cnt=1
18:00:41.222 [main] INFO  c.a.c.n.r.NacosContextRefresher - [registerNacosListener,129] - [Nacos Config] Listening config: dataId=oj-system, group=DEFAULT_GROUP
18:00:41.224 [main] INFO  c.a.n.c.c.i.ClientWorker - [addCacheDataIfAbsent,380] - [fixed-62113bd0-93ee-4621-9b30-60de09bd5520-localhost_8848] [subscribe] oj-system.yaml+DEFAULT_GROUP+62113bd0-93ee-4621-9b30-60de09bd5520
18:00:41.224 [main] INFO  c.a.n.c.c.i.CacheData - [addListener,197] - [fixed-62113bd0-93ee-4621-9b30-60de09bd5520-localhost_8848] [add-listener] ok, tenant=62113bd0-93ee-4621-9b30-60de09bd5520, dataId=oj-system.yaml, group=DEFAULT_GROUP, cnt=1
18:00:41.225 [main] INFO  c.a.c.n.r.NacosContextRefresher - [registerNacosListener,129] - [Nacos Config] Listening config: dataId=oj-system.yaml, group=DEFAULT_GROUP
18:01:29.843 [http-nio-9201-exec-2] INFO  o.a.c.c.C.[.[.[/] - [log,173] - Initializing Spring DispatcherServlet 'dispatcherServlet'
18:01:29.843 [http-nio-9201-exec-2] INFO  o.s.w.s.DispatcherServlet - [initServletBean,532] - Initializing Servlet 'dispatcherServlet'
18:01:29.846 [http-nio-9201-exec-2] INFO  o.s.w.s.DispatcherServlet - [initServletBean,554] - Completed initialization in 2 ms
18:02:32.326 [SpringApplicationShutdownHook] INFO  c.a.c.n.r.NacosServiceRegistry - [deregister,95] - De-registering from Nacos Server now...
18:02:32.327 [SpringApplicationShutdownHook] INFO  c.a.n.client.naming - [deregisterService,217] - [DEREGISTER-SERVICE] 62113bd0-93ee-4621-9b30-60de09bd5520 deregistering service oj-system with instance: Instance{instanceId='null', ip='192.168.137.1', port=9201, weight=1.0, healthy=true, enabled=true, ephemeral=true, clusterName='DEFAULT', serviceName='null', metadata={}}
18:02:32.334 [SpringApplicationShutdownHook] INFO  c.a.c.n.r.NacosServiceRegistry - [deregister,115] - De-registration finished.
18:02:32.335 [SpringApplicationShutdownHook] INFO  c.a.n.client.naming - [shutdown,256] - com.alibaba.nacos.client.naming.cache.ServiceInfoHolder do shutdown begin
18:02:32.336 [SpringApplicationShutdownHook] INFO  c.a.n.client.naming - [shutdown,136] - com.alibaba.nacos.client.naming.backups.FailoverReactor do shutdown begin
18:02:32.337 [SpringApplicationShutdownHook] INFO  c.a.n.client.naming - [shutdown,138] - com.alibaba.nacos.client.naming.backups.FailoverReactor do shutdown stop
18:02:32.337 [SpringApplicationShutdownHook] INFO  c.a.n.client.naming - [shutdown,258] - com.alibaba.nacos.client.naming.cache.ServiceInfoHolder do shutdown stop
18:02:32.338 [SpringApplicationShutdownHook] INFO  c.a.n.client.naming - [shutdown,204] - com.alibaba.nacos.client.naming.remote.NamingClientProxyDelegate do shutdown begin
18:02:32.338 [SpringApplicationShutdownHook] INFO  c.a.n.client.naming - [shutdown,143] - com.alibaba.nacos.client.naming.core.ServiceInfoUpdateService do shutdown begin
18:02:32.338 [SpringApplicationShutdownHook] INFO  c.a.n.client.naming - [shutdown,145] - com.alibaba.nacos.client.naming.core.ServiceInfoUpdateService do shutdown stop
18:02:32.338 [SpringApplicationShutdownHook] INFO  c.a.n.client.naming - [shutdown,194] - com.alibaba.nacos.client.naming.core.ServerListManager do shutdown begin
18:02:32.338 [SpringApplicationShutdownHook] INFO  c.a.n.client.naming - [shutdown,199] - com.alibaba.nacos.client.naming.core.ServerListManager do shutdown stop
18:02:32.338 [SpringApplicationShutdownHook] INFO  c.a.n.client.naming - [shutdown,484] - com.alibaba.nacos.client.naming.remote.http.NamingHttpClientProxy do shutdown begin
18:02:32.339 [SpringApplicationShutdownHook] INFO  c.a.n.client.naming - [shutdown,486] - com.alibaba.nacos.client.naming.remote.http.NamingHttpClientProxy do shutdown stop
18:02:32.339 [SpringApplicationShutdownHook] INFO  c.a.n.c.r.client - [shutdown,429] - Shutdown rpc client, set status to shutdown
18:02:32.339 [SpringApplicationShutdownHook] INFO  c.a.n.c.r.client - [shutdown,431] - Shutdown client event executor java.util.concurrent.ScheduledThreadPoolExecutor@1ee30114[Running, pool size = 2, active threads = 2, queued tasks = 0, completed tasks = 0]
18:02:32.339 [SpringApplicationShutdownHook] INFO  c.a.n.c.r.client - [closeConnection,584] - Close current connection 1738231240418_172.17.0.1_43682
18:02:32.345 [nacos-grpc-client-executor-localhost-39] INFO  c.a.n.c.r.c.g.GrpcClient - [printIfInfoEnabled,63] - [1738231240418_172.17.0.1_43682]Ignore complete event,isRunning:false,isAbandon=false
18:02:32.350 [SpringApplicationShutdownHook] INFO  c.a.n.c.r.c.g.GrpcClient - [shutdown,159] - Shutdown grpc executor java.util.concurrent.ThreadPoolExecutor@16cf2cb[Running, pool size = 6, active threads = 0, queued tasks = 0, completed tasks = 40]
18:02:32.352 [SpringApplicationShutdownHook] INFO  c.a.n.client.naming - [shutdown,318] - Shutdown grpc redo service executor java.util.concurrent.ScheduledThreadPoolExecutor@377fc995[Running, pool size = 1, active threads = 0, queued tasks = 1, completed tasks = 37]
18:02:32.352 [SpringApplicationShutdownHook] INFO  c.a.n.c.a.r.i.CredentialWatcher - [stop,106] - [null] CredentialWatcher is stopped
18:02:32.353 [SpringApplicationShutdownHook] INFO  c.a.n.c.a.r.i.CredentialService - [free,100] - [null] CredentialService is freed
18:02:32.354 [SpringApplicationShutdownHook] INFO  c.a.n.client.naming - [shutdown,211] - com.alibaba.nacos.client.naming.remote.NamingClientProxyDelegate do shutdown stop
18:02:37.861 [background-preinit] INFO  o.h.v.i.util.Version - [<clinit>,21] - HV000001: Hibernate Validator 8.0.0.Final
18:02:38.202 [main] INFO  c.a.n.c.u.ParamUtil - [<clinit>,87] - [settings] [req-serv] nacos-server port:8848
18:02:38.203 [main] INFO  c.a.n.c.u.ParamUtil - [<clinit>,98] - [settings] [http-client] connect timeout:1000
18:02:38.205 [main] INFO  c.a.n.c.u.ParamUtil - [<clinit>,105] - PER_TASK_CONFIG_SIZE: 3000.0
18:02:38.252 [main] INFO  c.a.n.p.a.s.c.ClientAuthPluginManager - [init,56] - [ClientAuthPluginManager] Load ClientAuthService com.alibaba.nacos.client.auth.impl.NacosClientAuthServiceImpl success.
18:02:38.253 [main] INFO  c.a.n.p.a.s.c.ClientAuthPluginManager - [init,56] - [ClientAuthPluginManager] Load ClientAuthService com.alibaba.nacos.client.auth.ram.RamClientAuthServiceImpl success.
18:02:38.259 [main] INFO  c.a.n.c.a.r.i.CredentialWatcher - [loadCredential,165] - null No credential found
18:02:39.053 [main] INFO  c.a.n.c.c.i.LocalConfigInfoProcessor - [<clinit>,63] - LOCAL_SNAPSHOT_PATH:C:\Users\Administrator\nacos\config
18:02:39.059 [main] INFO  c.a.n.c.r.client - [lambda$createClient$0,108] - [RpcClientFactory] create a new rpc client of 28fdff50-3aa9-429e-abe3-edb58bf88f57_config-0
18:02:39.089 [main] INFO  c.a.n.c.r.client - [printIfInfoEnabled,63] - [28fdff50-3aa9-429e-abe3-edb58bf88f57_config-0] Register server push request handler:com.alibaba.nacos.client.config.impl.ClientWorker$ConfigRpcTransportClient$$Lambda$571/0x000002ee49362150
18:02:39.090 [main] INFO  c.a.n.c.r.client - [printIfInfoEnabled,63] - [28fdff50-3aa9-429e-abe3-edb58bf88f57_config-0] Register server push request handler:com.alibaba.nacos.client.config.impl.ClientWorker$ConfigRpcTransportClient$$Lambda$572/0x000002ee49362570
18:02:39.091 [main] INFO  c.a.n.c.r.client - [printIfInfoEnabled,63] - [28fdff50-3aa9-429e-abe3-edb58bf88f57_config-0] Registry connection listener to current client:com.alibaba.nacos.client.config.impl.ClientWorker$ConfigRpcTransportClient$1
18:02:39.091 [main] INFO  c.a.n.c.r.client - [printIfInfoEnabled,63] - [28fdff50-3aa9-429e-abe3-edb58bf88f57_config-0] RpcClient init, ServerListFactory = com.alibaba.nacos.client.config.impl.ClientWorker$ConfigRpcTransportClient$2
18:02:39.105 [main] INFO  c.a.n.c.r.client - [printIfInfoEnabled,63] - [28fdff50-3aa9-429e-abe3-edb58bf88f57_config-0] Try to connect to server on start up, server: {serverIp = 'localhost', server main port = 8848}
18:02:39.148 [main] INFO  c.a.n.c.r.c.g.GrpcClient - [createNewManagedChannel,182] - grpc client connection server:localhost ip,serverPort:9848,grpcTslConfig:{"sslProvider":"OPENSSL","enableTls":false,"mutualAuthEnable":false,"trustAll":false}
18:02:40.944 [main] INFO  c.a.n.c.r.client - [printIfInfoEnabled,63] - [28fdff50-3aa9-429e-abe3-edb58bf88f57_config-0] Success to connect to server [localhost:8848] on start up, connectionId = 1738231360710_172.17.0.1_34662
18:02:40.945 [com.alibaba.nacos.client.remote.worker] INFO  c.a.n.c.r.client - [printIfInfoEnabled,63] - [28fdff50-3aa9-429e-abe3-edb58bf88f57_config-0] Notify connected event to listeners.
18:02:40.945 [main] INFO  c.a.n.c.r.client - [printIfInfoEnabled,63] - [28fdff50-3aa9-429e-abe3-edb58bf88f57_config-0] Register server push request handler:com.alibaba.nacos.common.remote.client.RpcClient$ConnectResetRequestHandler
18:02:40.946 [com.alibaba.nacos.client.remote.worker] INFO  c.a.n.c.c.i.ClientWorker - [onConnected,639] - [28fdff50-3aa9-429e-abe3-edb58bf88f57_config-0] Connected,notify listen context...
18:02:40.946 [main] INFO  c.a.n.c.r.client - [printIfInfoEnabled,63] - [28fdff50-3aa9-429e-abe3-edb58bf88f57_config-0] Register server push request handler:com.alibaba.nacos.common.remote.client.RpcClient$$Lambda$592/0x000002ee494c9448
18:02:41.024 [main] INFO  c.a.n.c.c.i.Limiter - [<clinit>,62] - limitTime:5.0
18:02:41.069 [main] INFO  c.a.n.c.c.u.JvmUtil - [<clinit>,54] - isMultiInstance:false
18:02:41.076 [main] INFO  o.s.c.b.c.PropertySourceBootstrapConfiguration - [initialize,108] - Located property source: [BootstrapPropertySource {name='bootstrapProperties-oj-system-local.yaml,DEFAULT_GROUP'}, BootstrapPropertySource {name='bootstrapProperties-oj-system.yaml,DEFAULT_GROUP'}, BootstrapPropertySource {name='bootstrapProperties-oj-system,DEFAULT_GROUP'}]
18:02:41.085 [main] INFO  c.f.s.OjSystemApplication - [logStartupProfileInfo,636] - The following 1 profile is active: "local"
18:02:41.946 [main] INFO  o.s.d.r.c.RepositoryConfigurationDelegate - [multipleStoresDetected,294] - Multiple Spring Data modules found, entering strict repository configuration mode
18:02:41.950 [main] INFO  o.s.d.r.c.RepositoryConfigurationDelegate - [registerRepositoriesIn,138] - Bootstrapping Spring Data Redis repositories in DEFAULT mode.
18:02:41.982 [main] INFO  o.s.d.r.c.RepositoryConfigurationDelegate - [registerRepositoriesIn,208] - Finished Spring Data repository scanning in 13 ms. Found 0 Redis repository interfaces.
18:02:42.237 [main] INFO  o.s.c.c.s.GenericScope - [setSerializationId,282] - BeanFactory id=13398bf6-2285-3f62-adbd-817dfb8711db
18:02:42.819 [main] INFO  o.s.b.w.e.t.TomcatWebServer - [initialize,108] - Tomcat initialized with port(s): 9201 (http)
18:02:42.829 [main] INFO  o.a.c.h.Http11NioProtocol - [log,173] - Initializing ProtocolHandler ["http-nio-9201"]
18:02:42.829 [main] INFO  o.a.c.c.StandardService - [log,173] - Starting service [Tomcat]
18:02:42.830 [main] INFO  o.a.c.c.StandardEngine - [log,173] - Starting Servlet engine: [Apache Tomcat/10.1.4]
18:02:42.926 [main] INFO  o.a.c.c.C.[.[.[/] - [log,173] - Initializing Spring embedded WebApplicationContext
18:02:42.927 [main] INFO  o.s.b.w.s.c.ServletWebServerApplicationContext - [prepareWebApplicationContext,291] - Root WebApplicationContext: initialization completed in 1823 ms
18:02:46.388 [main] INFO  o.a.c.h.Http11NioProtocol - [log,173] - Starting ProtocolHandler ["http-nio-9201"]
18:02:46.407 [main] INFO  o.s.b.w.e.t.TomcatWebServer - [start,220] - Tomcat started on port(s): 9201 (http) with context path ''
18:02:46.413 [main] INFO  c.a.n.client.naming - [initNamespaceForNaming,62] - initializer namespace from ans.namespace attribute : null
18:02:46.414 [main] INFO  c.a.n.client.naming - [lambda$initNamespaceForNaming$0,66] - initializer namespace from ALIBABA_ALIWARE_NAMESPACE attribute :null
18:02:46.415 [main] INFO  c.a.n.client.naming - [lambda$initNamespaceForNaming$1,73] - initializer namespace from namespace attribute :null
18:02:46.430 [main] INFO  c.a.n.p.a.s.c.ClientAuthPluginManager - [init,56] - [ClientAuthPluginManager] Load ClientAuthService com.alibaba.nacos.client.auth.impl.NacosClientAuthServiceImpl success.
18:02:46.431 [main] INFO  c.a.n.p.a.s.c.ClientAuthPluginManager - [init,56] - [ClientAuthPluginManager] Load ClientAuthService com.alibaba.nacos.client.auth.ram.RamClientAuthServiceImpl success.
18:02:46.437 [main] INFO  c.a.n.c.r.client - [lambda$createClient$0,108] - [RpcClientFactory] create a new rpc client of 028a2ffe-d89c-447a-8042-05e9270cc30a
18:02:46.440 [main] INFO  c.a.n.c.r.client - [printIfInfoEnabled,63] - [028a2ffe-d89c-447a-8042-05e9270cc30a] RpcClient init, ServerListFactory = com.alibaba.nacos.client.naming.core.ServerListManager
18:02:46.441 [main] INFO  c.a.n.c.r.client - [printIfInfoEnabled,63] - [028a2ffe-d89c-447a-8042-05e9270cc30a] Registry connection listener to current client:com.alibaba.nacos.client.naming.remote.gprc.redo.NamingGrpcRedoService
18:02:46.442 [main] INFO  c.a.n.c.r.client - [printIfInfoEnabled,63] - [028a2ffe-d89c-447a-8042-05e9270cc30a] Register server push request handler:com.alibaba.nacos.client.naming.remote.gprc.NamingPushRequestHandler
18:02:46.443 [main] INFO  c.a.n.c.r.client - [printIfInfoEnabled,63] - [028a2ffe-d89c-447a-8042-05e9270cc30a] Try to connect to server on start up, server: {serverIp = 'localhost', server main port = 8848}
18:02:46.444 [main] INFO  c.a.n.c.r.c.g.GrpcClient - [createNewManagedChannel,182] - grpc client connection server:localhost ip,serverPort:9848,grpcTslConfig:{"sslProvider":"OPENSSL","enableTls":false,"mutualAuthEnable":false,"trustAll":false}
18:02:46.573 [main] INFO  c.a.n.c.r.client - [printIfInfoEnabled,63] - [028a2ffe-d89c-447a-8042-05e9270cc30a] Success to connect to server [localhost:8848] on start up, connectionId = 1738231366455_172.17.0.1_34678
18:02:46.573 [main] INFO  c.a.n.c.r.client - [printIfInfoEnabled,63] - [028a2ffe-d89c-447a-8042-05e9270cc30a] Register server push request handler:com.alibaba.nacos.common.remote.client.RpcClient$ConnectResetRequestHandler
18:02:46.573 [com.alibaba.nacos.client.remote.worker] INFO  c.a.n.c.r.client - [printIfInfoEnabled,63] - [028a2ffe-d89c-447a-8042-05e9270cc30a] Notify connected event to listeners.
18:02:46.573 [main] INFO  c.a.n.c.r.client - [printIfInfoEnabled,63] - [028a2ffe-d89c-447a-8042-05e9270cc30a] Register server push request handler:com.alibaba.nacos.common.remote.client.RpcClient$$Lambda$592/0x000002ee494c9448
18:02:46.573 [com.alibaba.nacos.client.remote.worker] INFO  c.a.n.client.naming - [onConnected,78] - Grpc connection connect
18:02:46.575 [main] INFO  c.a.n.client.naming - [registerService,121] - [REGISTER-SERVICE] 62113bd0-93ee-4621-9b30-60de09bd5520 registering service oj-system with instance Instance{instanceId='null', ip='192.168.137.1', port=9201, weight=1.0, healthy=true, enabled=true, ephemeral=true, clusterName='DEFAULT', serviceName='null', metadata={IPv6=null, preserved.register.source=SPRING_CLOUD}}
18:02:46.592 [main] INFO  c.a.c.n.r.NacosServiceRegistry - [register,76] - nacos registry, DEFAULT_GROUP oj-system 192.168.137.1:9201 register finished
18:02:47.138 [main] INFO  c.f.s.OjSystemApplication - [logStarted,57] - Started OjSystemApplication in 10.319 seconds (process running for 12.259)
18:02:47.143 [main] INFO  c.a.n.c.c.i.CacheData - [<clinit>,67] - nacos.cache.data.init.snapshot = true 
18:02:47.146 [main] INFO  c.a.n.c.c.i.ClientWorker - [addCacheDataIfAbsent,380] - [fixed-62113bd0-93ee-4621-9b30-60de09bd5520-localhost_8848] [subscribe] oj-system-local.yaml+DEFAULT_GROUP+62113bd0-93ee-4621-9b30-60de09bd5520
18:02:47.160 [main] INFO  c.a.n.c.c.i.CacheData - [addListener,197] - [fixed-62113bd0-93ee-4621-9b30-60de09bd5520-localhost_8848] [add-listener] ok, tenant=62113bd0-93ee-4621-9b30-60de09bd5520, dataId=oj-system-local.yaml, group=DEFAULT_GROUP, cnt=1
18:02:47.160 [main] INFO  c.a.c.n.r.NacosContextRefresher - [registerNacosListener,129] - [Nacos Config] Listening config: dataId=oj-system-local.yaml, group=DEFAULT_GROUP
18:02:47.161 [main] INFO  c.a.n.c.c.i.ClientWorker - [addCacheDataIfAbsent,380] - [fixed-62113bd0-93ee-4621-9b30-60de09bd5520-localhost_8848] [subscribe] oj-system+DEFAULT_GROUP+62113bd0-93ee-4621-9b30-60de09bd5520
18:02:47.162 [main] INFO  c.a.n.c.c.i.CacheData - [addListener,197] - [fixed-62113bd0-93ee-4621-9b30-60de09bd5520-localhost_8848] [add-listener] ok, tenant=62113bd0-93ee-4621-9b30-60de09bd5520, dataId=oj-system, group=DEFAULT_GROUP, cnt=1
18:02:47.162 [main] INFO  c.a.c.n.r.NacosContextRefresher - [registerNacosListener,129] - [Nacos Config] Listening config: dataId=oj-system, group=DEFAULT_GROUP
18:02:47.163 [main] INFO  c.a.n.c.c.i.ClientWorker - [addCacheDataIfAbsent,380] - [fixed-62113bd0-93ee-4621-9b30-60de09bd5520-localhost_8848] [subscribe] oj-system.yaml+DEFAULT_GROUP+62113bd0-93ee-4621-9b30-60de09bd5520
18:02:47.164 [main] INFO  c.a.n.c.c.i.CacheData - [addListener,197] - [fixed-62113bd0-93ee-4621-9b30-60de09bd5520-localhost_8848] [add-listener] ok, tenant=62113bd0-93ee-4621-9b30-60de09bd5520, dataId=oj-system.yaml, group=DEFAULT_GROUP, cnt=1
18:02:47.164 [main] INFO  c.a.c.n.r.NacosContextRefresher - [registerNacosListener,129] - [Nacos Config] Listening config: dataId=oj-system.yaml, group=DEFAULT_GROUP
18:02:57.352 [http-nio-9201-exec-1] INFO  o.a.c.c.C.[.[.[/] - [log,173] - Initializing Spring DispatcherServlet 'dispatcherServlet'
18:02:57.353 [http-nio-9201-exec-1] INFO  o.s.w.s.DispatcherServlet - [initServletBean,532] - Initializing Servlet 'dispatcherServlet'
18:02:57.355 [http-nio-9201-exec-1] INFO  o.s.w.s.DispatcherServlet - [initServletBean,554] - Completed initialization in 2 ms
18:04:18.238 [SpringApplicationShutdownHook] INFO  c.a.c.n.r.NacosServiceRegistry - [deregister,95] - De-registering from Nacos Server now...
18:04:18.239 [SpringApplicationShutdownHook] INFO  c.a.n.client.naming - [deregisterService,217] - [DEREGISTER-SERVICE] 62113bd0-93ee-4621-9b30-60de09bd5520 deregistering service oj-system with instance: Instance{instanceId='null', ip='192.168.137.1', port=9201, weight=1.0, healthy=true, enabled=true, ephemeral=true, clusterName='DEFAULT', serviceName='null', metadata={}}
18:04:18.246 [SpringApplicationShutdownHook] INFO  c.a.c.n.r.NacosServiceRegistry - [deregister,115] - De-registration finished.
18:04:18.247 [SpringApplicationShutdownHook] INFO  c.a.n.client.naming - [shutdown,256] - com.alibaba.nacos.client.naming.cache.ServiceInfoHolder do shutdown begin
18:04:18.248 [SpringApplicationShutdownHook] INFO  c.a.n.client.naming - [shutdown,136] - com.alibaba.nacos.client.naming.backups.FailoverReactor do shutdown begin
18:04:18.248 [SpringApplicationShutdownHook] INFO  c.a.n.client.naming - [shutdown,138] - com.alibaba.nacos.client.naming.backups.FailoverReactor do shutdown stop
18:04:18.249 [SpringApplicationShutdownHook] INFO  c.a.n.client.naming - [shutdown,258] - com.alibaba.nacos.client.naming.cache.ServiceInfoHolder do shutdown stop
18:04:18.249 [SpringApplicationShutdownHook] INFO  c.a.n.client.naming - [shutdown,204] - com.alibaba.nacos.client.naming.remote.NamingClientProxyDelegate do shutdown begin
18:04:18.249 [SpringApplicationShutdownHook] INFO  c.a.n.client.naming - [shutdown,143] - com.alibaba.nacos.client.naming.core.ServiceInfoUpdateService do shutdown begin
18:04:18.250 [SpringApplicationShutdownHook] INFO  c.a.n.client.naming - [shutdown,145] - com.alibaba.nacos.client.naming.core.ServiceInfoUpdateService do shutdown stop
18:04:18.250 [SpringApplicationShutdownHook] INFO  c.a.n.client.naming - [shutdown,194] - com.alibaba.nacos.client.naming.core.ServerListManager do shutdown begin
18:04:18.250 [SpringApplicationShutdownHook] INFO  c.a.n.client.naming - [shutdown,199] - com.alibaba.nacos.client.naming.core.ServerListManager do shutdown stop
18:04:18.250 [SpringApplicationShutdownHook] INFO  c.a.n.client.naming - [shutdown,484] - com.alibaba.nacos.client.naming.remote.http.NamingHttpClientProxy do shutdown begin
18:04:18.251 [SpringApplicationShutdownHook] INFO  c.a.n.client.naming - [shutdown,486] - com.alibaba.nacos.client.naming.remote.http.NamingHttpClientProxy do shutdown stop
18:04:18.251 [SpringApplicationShutdownHook] INFO  c.a.n.c.r.client - [shutdown,429] - Shutdown rpc client, set status to shutdown
18:04:18.251 [SpringApplicationShutdownHook] INFO  c.a.n.c.r.client - [shutdown,431] - Shutdown client event executor java.util.concurrent.ScheduledThreadPoolExecutor@38a4b285[Running, pool size = 2, active threads = 2, queued tasks = 0, completed tasks = 0]
18:04:18.251 [SpringApplicationShutdownHook] INFO  c.a.n.c.r.client - [closeConnection,584] - Close current connection 1738231366455_172.17.0.1_34678
18:04:18.256 [nacos-grpc-client-executor-localhost-25] INFO  c.a.n.c.r.c.g.GrpcClient - [printIfInfoEnabled,63] - [1738231366455_172.17.0.1_34678]Ignore complete event,isRunning:false,isAbandon=false
18:04:18.259 [SpringApplicationShutdownHook] INFO  c.a.n.c.r.c.g.GrpcClient - [shutdown,159] - Shutdown grpc executor java.util.concurrent.ThreadPoolExecutor@6649853a[Running, pool size = 7, active threads = 0, queued tasks = 0, completed tasks = 26]
18:04:18.260 [SpringApplicationShutdownHook] INFO  c.a.n.client.naming - [shutdown,318] - Shutdown grpc redo service executor java.util.concurrent.ScheduledThreadPoolExecutor@2e1b093c[Running, pool size = 1, active threads = 0, queued tasks = 1, completed tasks = 16]
18:04:18.260 [SpringApplicationShutdownHook] INFO  c.a.n.c.a.r.i.CredentialWatcher - [stop,106] - [null] CredentialWatcher is stopped
18:04:18.261 [SpringApplicationShutdownHook] INFO  c.a.n.c.a.r.i.CredentialService - [free,100] - [null] CredentialService is freed
18:04:18.261 [SpringApplicationShutdownHook] INFO  c.a.n.client.naming - [shutdown,211] - com.alibaba.nacos.client.naming.remote.NamingClientProxyDelegate do shutdown stop
19:35:42.329 [background-preinit] INFO  o.h.v.i.util.Version - [<clinit>,21] - HV000001: Hibernate Validator 8.0.0.Final
19:35:42.718 [main] INFO  c.a.n.c.u.ParamUtil - [<clinit>,87] - [settings] [req-serv] nacos-server port:8848
19:35:42.719 [main] INFO  c.a.n.c.u.ParamUtil - [<clinit>,98] - [settings] [http-client] connect timeout:1000
19:35:42.721 [main] INFO  c.a.n.c.u.ParamUtil - [<clinit>,105] - PER_TASK_CONFIG_SIZE: 3000.0
19:35:42.784 [main] INFO  c.a.n.p.a.s.c.ClientAuthPluginManager - [init,56] - [ClientAuthPluginManager] Load ClientAuthService com.alibaba.nacos.client.auth.impl.NacosClientAuthServiceImpl success.
19:35:42.785 [main] INFO  c.a.n.p.a.s.c.ClientAuthPluginManager - [init,56] - [ClientAuthPluginManager] Load ClientAuthService com.alibaba.nacos.client.auth.ram.RamClientAuthServiceImpl success.
19:35:42.791 [main] INFO  c.a.n.c.a.r.i.CredentialWatcher - [loadCredential,165] - null No credential found
19:35:43.569 [main] INFO  c.a.n.c.c.i.LocalConfigInfoProcessor - [<clinit>,63] - LOCAL_SNAPSHOT_PATH:C:\Users\Administrator\nacos\config
19:35:43.576 [main] INFO  c.a.n.c.r.client - [lambda$createClient$0,108] - [RpcClientFactory] create a new rpc client of eac1d06c-ceaa-44ce-83e7-42948fc1d87b_config-0
19:35:43.618 [main] INFO  c.a.n.c.r.client - [printIfInfoEnabled,63] - [eac1d06c-ceaa-44ce-83e7-42948fc1d87b_config-0] Register server push request handler:com.alibaba.nacos.client.config.impl.ClientWorker$ConfigRpcTransportClient$$Lambda$571/0x00000208af361c90
19:35:43.618 [main] INFO  c.a.n.c.r.client - [printIfInfoEnabled,63] - [eac1d06c-ceaa-44ce-83e7-42948fc1d87b_config-0] Register server push request handler:com.alibaba.nacos.client.config.impl.ClientWorker$ConfigRpcTransportClient$$Lambda$572/0x00000208af3620b0
19:35:43.619 [main] INFO  c.a.n.c.r.client - [printIfInfoEnabled,63] - [eac1d06c-ceaa-44ce-83e7-42948fc1d87b_config-0] Registry connection listener to current client:com.alibaba.nacos.client.config.impl.ClientWorker$ConfigRpcTransportClient$1
19:35:43.620 [main] INFO  c.a.n.c.r.client - [printIfInfoEnabled,63] - [eac1d06c-ceaa-44ce-83e7-42948fc1d87b_config-0] RpcClient init, ServerListFactory = com.alibaba.nacos.client.config.impl.ClientWorker$ConfigRpcTransportClient$2
19:35:43.637 [main] INFO  c.a.n.c.r.client - [printIfInfoEnabled,63] - [eac1d06c-ceaa-44ce-83e7-42948fc1d87b_config-0] Try to connect to server on start up, server: {serverIp = 'localhost', server main port = 8848}
19:35:43.696 [main] INFO  c.a.n.c.r.c.g.GrpcClient - [createNewManagedChannel,182] - grpc client connection server:localhost ip,serverPort:9848,grpcTslConfig:{"sslProvider":"OPENSSL","enableTls":false,"mutualAuthEnable":false,"trustAll":false}
19:35:45.664 [main] INFO  c.a.n.c.r.client - [printIfInfoEnabled,63] - [eac1d06c-ceaa-44ce-83e7-42948fc1d87b_config-0] Success to connect to server [localhost:8848] on start up, connectionId = 1738236945402_172.17.0.1_38764
19:35:45.666 [com.alibaba.nacos.client.remote.worker] INFO  c.a.n.c.r.client - [printIfInfoEnabled,63] - [eac1d06c-ceaa-44ce-83e7-42948fc1d87b_config-0] Notify connected event to listeners.
19:35:45.666 [com.alibaba.nacos.client.remote.worker] INFO  c.a.n.c.c.i.ClientWorker - [onConnected,639] - [eac1d06c-ceaa-44ce-83e7-42948fc1d87b_config-0] Connected,notify listen context...
19:35:45.666 [main] INFO  c.a.n.c.r.client - [printIfInfoEnabled,63] - [eac1d06c-ceaa-44ce-83e7-42948fc1d87b_config-0] Register server push request handler:com.alibaba.nacos.common.remote.client.RpcClient$ConnectResetRequestHandler
19:35:45.667 [main] INFO  c.a.n.c.r.client - [printIfInfoEnabled,63] - [eac1d06c-ceaa-44ce-83e7-42948fc1d87b_config-0] Register server push request handler:com.alibaba.nacos.common.remote.client.RpcClient$$Lambda$592/0x00000208af4c8d08
19:35:45.749 [main] INFO  c.a.n.c.c.i.Limiter - [<clinit>,62] - limitTime:5.0
19:35:45.799 [main] INFO  c.a.n.c.c.u.JvmUtil - [<clinit>,54] - isMultiInstance:false
19:35:45.808 [main] INFO  o.s.c.b.c.PropertySourceBootstrapConfiguration - [initialize,108] - Located property source: [BootstrapPropertySource {name='bootstrapProperties-oj-system-local.yaml,DEFAULT_GROUP'}, BootstrapPropertySource {name='bootstrapProperties-oj-system.yaml,DEFAULT_GROUP'}, BootstrapPropertySource {name='bootstrapProperties-oj-system,DEFAULT_GROUP'}]
19:35:45.817 [main] INFO  c.f.s.OjSystemApplication - [logStartupProfileInfo,636] - The following 1 profile is active: "local"
19:35:46.713 [main] INFO  o.s.d.r.c.RepositoryConfigurationDelegate - [multipleStoresDetected,294] - Multiple Spring Data modules found, entering strict repository configuration mode
19:35:46.718 [main] INFO  o.s.d.r.c.RepositoryConfigurationDelegate - [registerRepositoriesIn,138] - Bootstrapping Spring Data Redis repositories in DEFAULT mode.
19:35:46.754 [main] INFO  o.s.d.r.c.RepositoryConfigurationDelegate - [registerRepositoriesIn,208] - Finished Spring Data repository scanning in 16 ms. Found 0 Redis repository interfaces.
19:35:47.110 [main] INFO  o.s.c.c.s.GenericScope - [setSerializationId,282] - BeanFactory id=13398bf6-2285-3f62-adbd-817dfb8711db
19:35:47.927 [main] INFO  o.s.b.w.e.t.TomcatWebServer - [initialize,108] - Tomcat initialized with port(s): 9201 (http)
19:35:47.945 [main] INFO  o.a.c.h.Http11NioProtocol - [log,173] - Initializing ProtocolHandler ["http-nio-9201"]
19:35:47.947 [main] INFO  o.a.c.c.StandardService - [log,173] - Starting service [Tomcat]
19:35:47.947 [main] INFO  o.a.c.c.StandardEngine - [log,173] - Starting Servlet engine: [Apache Tomcat/10.1.4]
19:35:48.150 [main] INFO  o.a.c.c.C.[.[.[/] - [log,173] - Initializing Spring embedded WebApplicationContext
19:35:48.151 [main] INFO  o.s.b.w.s.c.ServletWebServerApplicationContext - [prepareWebApplicationContext,291] - Root WebApplicationContext: initialization completed in 2315 ms
19:35:52.332 [main] INFO  o.a.c.h.Http11NioProtocol - [log,173] - Starting ProtocolHandler ["http-nio-9201"]
19:35:52.350 [main] INFO  o.s.b.w.e.t.TomcatWebServer - [start,220] - Tomcat started on port(s): 9201 (http) with context path ''
19:35:52.357 [main] INFO  c.a.n.client.naming - [initNamespaceForNaming,62] - initializer namespace from ans.namespace attribute : null
19:35:52.358 [main] INFO  c.a.n.client.naming - [lambda$initNamespaceForNaming$0,66] - initializer namespace from ALIBABA_ALIWARE_NAMESPACE attribute :null
19:35:52.359 [main] INFO  c.a.n.client.naming - [lambda$initNamespaceForNaming$1,73] - initializer namespace from namespace attribute :null
19:35:52.374 [main] INFO  c.a.n.p.a.s.c.ClientAuthPluginManager - [init,56] - [ClientAuthPluginManager] Load ClientAuthService com.alibaba.nacos.client.auth.impl.NacosClientAuthServiceImpl success.
19:35:52.374 [main] INFO  c.a.n.p.a.s.c.ClientAuthPluginManager - [init,56] - [ClientAuthPluginManager] Load ClientAuthService com.alibaba.nacos.client.auth.ram.RamClientAuthServiceImpl success.
19:35:52.381 [main] INFO  c.a.n.c.r.client - [lambda$createClient$0,108] - [RpcClientFactory] create a new rpc client of 82d372f8-d6b7-44ca-a91d-28e1e2278372
19:35:52.384 [main] INFO  c.a.n.c.r.client - [printIfInfoEnabled,63] - [82d372f8-d6b7-44ca-a91d-28e1e2278372] RpcClient init, ServerListFactory = com.alibaba.nacos.client.naming.core.ServerListManager
19:35:52.384 [main] INFO  c.a.n.c.r.client - [printIfInfoEnabled,63] - [82d372f8-d6b7-44ca-a91d-28e1e2278372] Registry connection listener to current client:com.alibaba.nacos.client.naming.remote.gprc.redo.NamingGrpcRedoService
19:35:52.385 [main] INFO  c.a.n.c.r.client - [printIfInfoEnabled,63] - [82d372f8-d6b7-44ca-a91d-28e1e2278372] Register server push request handler:com.alibaba.nacos.client.naming.remote.gprc.NamingPushRequestHandler
19:35:52.386 [main] INFO  c.a.n.c.r.client - [printIfInfoEnabled,63] - [82d372f8-d6b7-44ca-a91d-28e1e2278372] Try to connect to server on start up, server: {serverIp = 'localhost', server main port = 8848}
19:35:52.387 [main] INFO  c.a.n.c.r.c.g.GrpcClient - [createNewManagedChannel,182] - grpc client connection server:localhost ip,serverPort:9848,grpcTslConfig:{"sslProvider":"OPENSSL","enableTls":false,"mutualAuthEnable":false,"trustAll":false}
19:35:52.523 [main] INFO  c.a.n.c.r.client - [printIfInfoEnabled,63] - [82d372f8-d6b7-44ca-a91d-28e1e2278372] Success to connect to server [localhost:8848] on start up, connectionId = 1738236952401_172.17.0.1_36882
19:35:52.523 [main] INFO  c.a.n.c.r.client - [printIfInfoEnabled,63] - [82d372f8-d6b7-44ca-a91d-28e1e2278372] Register server push request handler:com.alibaba.nacos.common.remote.client.RpcClient$ConnectResetRequestHandler
19:35:52.523 [main] INFO  c.a.n.c.r.client - [printIfInfoEnabled,63] - [82d372f8-d6b7-44ca-a91d-28e1e2278372] Register server push request handler:com.alibaba.nacos.common.remote.client.RpcClient$$Lambda$592/0x00000208af4c8d08
19:35:52.523 [com.alibaba.nacos.client.remote.worker] INFO  c.a.n.c.r.client - [printIfInfoEnabled,63] - [82d372f8-d6b7-44ca-a91d-28e1e2278372] Notify connected event to listeners.
19:35:52.524 [com.alibaba.nacos.client.remote.worker] INFO  c.a.n.client.naming - [onConnected,78] - Grpc connection connect
19:35:52.526 [main] INFO  c.a.n.client.naming - [registerService,121] - [REGISTER-SERVICE] 62113bd0-93ee-4621-9b30-60de09bd5520 registering service oj-system with instance Instance{instanceId='null', ip='192.168.137.1', port=9201, weight=1.0, healthy=true, enabled=true, ephemeral=true, clusterName='DEFAULT', serviceName='null', metadata={IPv6=null, preserved.register.source=SPRING_CLOUD}}
19:35:52.544 [main] INFO  c.a.c.n.r.NacosServiceRegistry - [register,76] - nacos registry, DEFAULT_GROUP oj-system 192.168.137.1:9201 register finished
19:35:53.130 [main] INFO  c.f.s.OjSystemApplication - [logStarted,57] - Started OjSystemApplication in 11.873 seconds (process running for 13.496)
19:35:53.136 [main] INFO  c.a.n.c.c.i.CacheData - [<clinit>,67] - nacos.cache.data.init.snapshot = true 
19:35:53.139 [main] INFO  c.a.n.c.c.i.ClientWorker - [addCacheDataIfAbsent,380] - [fixed-62113bd0-93ee-4621-9b30-60de09bd5520-localhost_8848] [subscribe] oj-system-local.yaml+DEFAULT_GROUP+62113bd0-93ee-4621-9b30-60de09bd5520
19:35:53.155 [main] INFO  c.a.n.c.c.i.CacheData - [addListener,197] - [fixed-62113bd0-93ee-4621-9b30-60de09bd5520-localhost_8848] [add-listener] ok, tenant=62113bd0-93ee-4621-9b30-60de09bd5520, dataId=oj-system-local.yaml, group=DEFAULT_GROUP, cnt=1
19:35:53.155 [main] INFO  c.a.c.n.r.NacosContextRefresher - [registerNacosListener,129] - [Nacos Config] Listening config: dataId=oj-system-local.yaml, group=DEFAULT_GROUP
19:35:53.157 [main] INFO  c.a.n.c.c.i.ClientWorker - [addCacheDataIfAbsent,380] - [fixed-62113bd0-93ee-4621-9b30-60de09bd5520-localhost_8848] [subscribe] oj-system+DEFAULT_GROUP+62113bd0-93ee-4621-9b30-60de09bd5520
19:35:53.157 [main] INFO  c.a.n.c.c.i.CacheData - [addListener,197] - [fixed-62113bd0-93ee-4621-9b30-60de09bd5520-localhost_8848] [add-listener] ok, tenant=62113bd0-93ee-4621-9b30-60de09bd5520, dataId=oj-system, group=DEFAULT_GROUP, cnt=1
19:35:53.157 [main] INFO  c.a.c.n.r.NacosContextRefresher - [registerNacosListener,129] - [Nacos Config] Listening config: dataId=oj-system, group=DEFAULT_GROUP
19:35:53.159 [main] INFO  c.a.n.c.c.i.ClientWorker - [addCacheDataIfAbsent,380] - [fixed-62113bd0-93ee-4621-9b30-60de09bd5520-localhost_8848] [subscribe] oj-system.yaml+DEFAULT_GROUP+62113bd0-93ee-4621-9b30-60de09bd5520
19:35:53.159 [main] INFO  c.a.n.c.c.i.CacheData - [addListener,197] - [fixed-62113bd0-93ee-4621-9b30-60de09bd5520-localhost_8848] [add-listener] ok, tenant=62113bd0-93ee-4621-9b30-60de09bd5520, dataId=oj-system.yaml, group=DEFAULT_GROUP, cnt=1
19:35:53.159 [main] INFO  c.a.c.n.r.NacosContextRefresher - [registerNacosListener,129] - [Nacos Config] Listening config: dataId=oj-system.yaml, group=DEFAULT_GROUP
19:36:10.911 [http-nio-9201-exec-2] INFO  o.a.c.c.C.[.[.[/] - [log,173] - Initializing Spring DispatcherServlet 'dispatcherServlet'
19:36:10.912 [http-nio-9201-exec-2] INFO  o.s.w.s.DispatcherServlet - [initServletBean,532] - Initializing Servlet 'dispatcherServlet'
19:36:10.915 [http-nio-9201-exec-2] INFO  o.s.w.s.DispatcherServlet - [initServletBean,554] - Completed initialization in 2 ms
19:36:12.633 [http-nio-9201-exec-2] INFO  c.z.h.HikariDataSource - [getConnection,110] - HikariPool-1 - Starting...
19:36:12.914 [http-nio-9201-exec-2] INFO  c.z.h.p.HikariPool - [checkFailFast,565] - HikariPool-1 - Added connection com.mysql.cj.jdbc.ConnectionImpl@60beb0d3
19:36:12.918 [http-nio-9201-exec-2] INFO  c.z.h.HikariDataSource - [getConnection,123] - HikariPool-1 - Start completed.
19:55:08.000 [SpringApplicationShutdownHook] INFO  c.a.c.n.r.NacosServiceRegistry - [deregister,95] - De-registering from Nacos Server now...
19:55:08.001 [SpringApplicationShutdownHook] INFO  c.a.n.client.naming - [deregisterService,217] - [DEREGISTER-SERVICE] 62113bd0-93ee-4621-9b30-60de09bd5520 deregistering service oj-system with instance: Instance{instanceId='null', ip='192.168.137.1', port=9201, weight=1.0, healthy=true, enabled=true, ephemeral=true, clusterName='DEFAULT', serviceName='null', metadata={}}
19:55:08.006 [SpringApplicationShutdownHook] INFO  c.a.c.n.r.NacosServiceRegistry - [deregister,115] - De-registration finished.
19:55:08.007 [SpringApplicationShutdownHook] INFO  c.a.n.client.naming - [shutdown,256] - com.alibaba.nacos.client.naming.cache.ServiceInfoHolder do shutdown begin
19:55:08.008 [SpringApplicationShutdownHook] INFO  c.a.n.client.naming - [shutdown,136] - com.alibaba.nacos.client.naming.backups.FailoverReactor do shutdown begin
19:55:08.008 [SpringApplicationShutdownHook] INFO  c.a.n.client.naming - [shutdown,138] - com.alibaba.nacos.client.naming.backups.FailoverReactor do shutdown stop
19:55:08.008 [SpringApplicationShutdownHook] INFO  c.a.n.client.naming - [shutdown,258] - com.alibaba.nacos.client.naming.cache.ServiceInfoHolder do shutdown stop
19:55:08.009 [SpringApplicationShutdownHook] INFO  c.a.n.client.naming - [shutdown,204] - com.alibaba.nacos.client.naming.remote.NamingClientProxyDelegate do shutdown begin
19:55:08.009 [SpringApplicationShutdownHook] INFO  c.a.n.client.naming - [shutdown,143] - com.alibaba.nacos.client.naming.core.ServiceInfoUpdateService do shutdown begin
19:55:08.010 [SpringApplicationShutdownHook] INFO  c.a.n.client.naming - [shutdown,145] - com.alibaba.nacos.client.naming.core.ServiceInfoUpdateService do shutdown stop
19:55:08.010 [SpringApplicationShutdownHook] INFO  c.a.n.client.naming - [shutdown,194] - com.alibaba.nacos.client.naming.core.ServerListManager do shutdown begin
19:55:08.010 [SpringApplicationShutdownHook] INFO  c.a.n.client.naming - [shutdown,199] - com.alibaba.nacos.client.naming.core.ServerListManager do shutdown stop
19:55:08.010 [SpringApplicationShutdownHook] INFO  c.a.n.client.naming - [shutdown,484] - com.alibaba.nacos.client.naming.remote.http.NamingHttpClientProxy do shutdown begin
19:55:08.010 [SpringApplicationShutdownHook] INFO  c.a.n.client.naming - [shutdown,486] - com.alibaba.nacos.client.naming.remote.http.NamingHttpClientProxy do shutdown stop
19:55:08.010 [SpringApplicationShutdownHook] INFO  c.a.n.c.r.client - [shutdown,429] - Shutdown rpc client, set status to shutdown
19:55:08.011 [SpringApplicationShutdownHook] INFO  c.a.n.c.r.client - [shutdown,431] - Shutdown client event executor java.util.concurrent.ScheduledThreadPoolExecutor@1b7c8625[Running, pool size = 2, active threads = 2, queued tasks = 0, completed tasks = 0]
19:55:08.011 [SpringApplicationShutdownHook] INFO  c.a.n.c.r.client - [closeConnection,584] - Close current connection 1738236952401_172.17.0.1_36882
19:55:08.016 [nacos-grpc-client-executor-localhost-261] INFO  c.a.n.c.r.c.g.GrpcClient - [printIfInfoEnabled,63] - [1738236952401_172.17.0.1_36882]Ignore complete event,isRunning:false,isAbandon=false
19:55:08.018 [SpringApplicationShutdownHook] INFO  c.a.n.c.r.c.g.GrpcClient - [shutdown,159] - Shutdown grpc executor java.util.concurrent.ThreadPoolExecutor@29427502[Running, pool size = 4, active threads = 0, queued tasks = 0, completed tasks = 262]
19:55:08.019 [SpringApplicationShutdownHook] INFO  c.a.n.client.naming - [shutdown,318] - Shutdown grpc redo service executor java.util.concurrent.ScheduledThreadPoolExecutor@5444d2eb[Running, pool size = 1, active threads = 0, queued tasks = 1, completed tasks = 384]
19:55:08.020 [SpringApplicationShutdownHook] INFO  c.a.n.c.a.r.i.CredentialWatcher - [stop,106] - [null] CredentialWatcher is stopped
19:55:08.020 [SpringApplicationShutdownHook] INFO  c.a.n.c.a.r.i.CredentialService - [free,100] - [null] CredentialService is freed
19:55:08.021 [SpringApplicationShutdownHook] INFO  c.a.n.client.naming - [shutdown,211] - com.alibaba.nacos.client.naming.remote.NamingClientProxyDelegate do shutdown stop
19:55:08.158 [SpringApplicationShutdownHook] INFO  c.z.h.HikariDataSource - [close,350] - HikariPool-1 - Shutdown initiated...
19:55:08.173 [SpringApplicationShutdownHook] INFO  c.z.h.HikariDataSource - [close,352] - HikariPool-1 - Shutdown completed.
