10:12:20.341 [background-preinit] INFO  o.h.v.i.util.Version - [<clinit>,21] - HV000001: Hibernate Validator 8.0.0.Final
10:12:20.718 [main] INFO  c.a.n.c.u.ParamUtil - [<clinit>,87] - [settings] [req-serv] nacos-server port:8848
10:12:20.719 [main] INFO  c.a.n.c.u.ParamUtil - [<clinit>,98] - [settings] [http-client] connect timeout:1000
10:12:20.720 [main] INFO  c.a.n.c.u.ParamUtil - [<clinit>,105] - PER_TASK_CONFIG_SIZE: 3000.0
10:12:20.763 [main] INFO  c.a.n.p.a.s.c.ClientAuthPluginManager - [init,56] - [ClientAuthPluginManager] Load ClientAuthService com.alibaba.nacos.client.auth.impl.NacosClientAuthServiceImpl success.
10:12:20.763 [main] INFO  c.a.n.p.a.s.c.ClientAuthPluginManager - [init,56] - [ClientAuthPluginManager] Load ClientAuthService com.alibaba.nacos.client.auth.ram.RamClientAuthServiceImpl success.
10:12:20.766 [main] INFO  c.a.n.c.a.r.i.CredentialWatcher - [loadCredential,165] - null No credential found
10:12:21.384 [main] INFO  c.a.n.c.c.i.LocalConfigInfoProcessor - [<clinit>,63] - LOCAL_SNAPSHOT_PATH:C:\Users\Administrator\nacos\config
10:12:21.391 [main] INFO  c.a.n.c.r.client - [lambda$createClient$0,108] - [RpcClientFactory] create a new rpc client of 960a4bac-6444-4c5e-920c-22cb02593939_config-0
10:12:21.426 [main] INFO  c.a.n.c.r.client - [printIfInfoEnabled,63] - [960a4bac-6444-4c5e-920c-22cb02593939_config-0] Register server push request handler:com.alibaba.nacos.client.config.impl.ClientWorker$ConfigRpcTransportClient$$Lambda$562/0x0000023801362660
10:12:21.427 [main] INFO  c.a.n.c.r.client - [printIfInfoEnabled,63] - [960a4bac-6444-4c5e-920c-22cb02593939_config-0] Register server push request handler:com.alibaba.nacos.client.config.impl.ClientWorker$ConfigRpcTransportClient$$Lambda$563/0x0000023801362a80
10:12:21.428 [main] INFO  c.a.n.c.r.client - [printIfInfoEnabled,63] - [960a4bac-6444-4c5e-920c-22cb02593939_config-0] Registry connection listener to current client:com.alibaba.nacos.client.config.impl.ClientWorker$ConfigRpcTransportClient$1
10:12:21.429 [main] INFO  c.a.n.c.r.client - [printIfInfoEnabled,63] - [960a4bac-6444-4c5e-920c-22cb02593939_config-0] RpcClient init, ServerListFactory = com.alibaba.nacos.client.config.impl.ClientWorker$ConfigRpcTransportClient$2
10:12:21.444 [main] INFO  c.a.n.c.r.client - [printIfInfoEnabled,63] - [960a4bac-6444-4c5e-920c-22cb02593939_config-0] Try to connect to server on start up, server: {serverIp = 'localhost', server main port = 8848}
10:12:21.522 [main] INFO  c.a.n.c.r.c.g.GrpcClient - [createNewManagedChannel,182] - grpc client connection server:localhost ip,serverPort:9848,grpcTslConfig:{"sslProvider":"OPENSSL","enableTls":false,"mutualAuthEnable":false,"trustAll":false}
10:12:24.324 [main] INFO  c.a.n.c.r.client - [printIfInfoEnabled,63] - [960a4bac-6444-4c5e-920c-22cb02593939_config-0] Success to connect to server [localhost:8848] on start up, connectionId = 1737857543974_172.17.0.1_37998
10:12:24.325 [com.alibaba.nacos.client.remote.worker] INFO  c.a.n.c.r.client - [printIfInfoEnabled,63] - [960a4bac-6444-4c5e-920c-22cb02593939_config-0] Notify connected event to listeners.
10:12:24.326 [com.alibaba.nacos.client.remote.worker] INFO  c.a.n.c.c.i.ClientWorker - [onConnected,639] - [960a4bac-6444-4c5e-920c-22cb02593939_config-0] Connected,notify listen context...
10:12:24.326 [main] INFO  c.a.n.c.r.client - [printIfInfoEnabled,63] - [960a4bac-6444-4c5e-920c-22cb02593939_config-0] Register server push request handler:com.alibaba.nacos.common.remote.client.RpcClient$ConnectResetRequestHandler
10:12:24.327 [main] INFO  c.a.n.c.r.client - [printIfInfoEnabled,63] - [960a4bac-6444-4c5e-920c-22cb02593939_config-0] Register server push request handler:com.alibaba.nacos.common.remote.client.RpcClient$$Lambda$583/0x00000238014aa0d8
10:12:24.387 [main] INFO  c.a.n.c.c.i.Limiter - [<clinit>,62] - limitTime:5.0
10:12:24.549 [main] INFO  c.a.n.c.c.u.JvmUtil - [<clinit>,54] - isMultiInstance:false
10:12:24.563 [main] INFO  o.s.c.b.c.PropertySourceBootstrapConfiguration - [initialize,108] - Located property source: [BootstrapPropertySource {name='bootstrapProperties-oj-gateway-local.yaml,DEFAULT_GROUP'}, BootstrapPropertySource {name='bootstrapProperties-oj-gateway.yaml,DEFAULT_GROUP'}, BootstrapPropertySource {name='bootstrapProperties-oj-gateway,DEFAULT_GROUP'}]
10:12:24.572 [main] INFO  c.f.g.OjGatewayApplication - [logStartupProfileInfo,636] - The following 1 profile is active: "local"
10:12:25.633 [main] INFO  o.s.d.r.c.RepositoryConfigurationDelegate - [multipleStoresDetected,294] - Multiple Spring Data modules found, entering strict repository configuration mode
10:12:25.641 [main] INFO  o.s.d.r.c.RepositoryConfigurationDelegate - [registerRepositoriesIn,138] - Bootstrapping Spring Data Redis repositories in DEFAULT mode.
10:12:25.694 [main] INFO  o.s.d.r.c.RepositoryConfigurationDelegate - [registerRepositoriesIn,208] - Finished Spring Data repository scanning in 17 ms. Found 0 Redis repository interfaces.
10:12:26.039 [main] INFO  o.s.c.c.s.GenericScope - [setSerializationId,282] - BeanFactory id=6f8a9ec3-2bff-3dfa-8663-50f835d0848c
10:12:26.110 [main] INFO  o.s.c.s.PostProcessorRegistrationDelegate$BeanPostProcessorChecker - [postProcessAfterInitialization,409] - Bean 'org.springframework.cloud.client.loadbalancer.reactive.LoadBalancerBeanPostProcessorAutoConfiguration' of type [org.springframework.cloud.client.loadbalancer.reactive.LoadBalancerBeanPostProcessorAutoConfiguration] is not eligible for getting processed by all BeanPostProcessors (for example: not eligible for auto-proxying)
10:12:26.112 [main] INFO  o.s.c.s.PostProcessorRegistrationDelegate$BeanPostProcessorChecker - [postProcessAfterInitialization,409] - Bean 'org.springframework.cloud.client.loadbalancer.reactive.LoadBalancerBeanPostProcessorAutoConfiguration$ReactorDeferringLoadBalancerFilterConfig' of type [org.springframework.cloud.client.loadbalancer.reactive.LoadBalancerBeanPostProcessorAutoConfiguration$ReactorDeferringLoadBalancerFilterConfig] is not eligible for getting processed by all BeanPostProcessors (for example: not eligible for auto-proxying)
10:12:26.114 [main] INFO  o.s.c.s.PostProcessorRegistrationDelegate$BeanPostProcessorChecker - [postProcessAfterInitialization,409] - Bean 'reactorDeferringLoadBalancerExchangeFilterFunction' of type [org.springframework.cloud.client.loadbalancer.reactive.DeferringLoadBalancerExchangeFilterFunction] is not eligible for getting processed by all BeanPostProcessors (for example: not eligible for auto-proxying)
10:12:29.833 [main] INFO  o.s.c.g.r.RouteDefinitionRouteLocator - [lambda$initFactories$1,88] - Loaded RoutePredicateFactory [After]
10:12:29.834 [main] INFO  o.s.c.g.r.RouteDefinitionRouteLocator - [lambda$initFactories$1,88] - Loaded RoutePredicateFactory [Before]
10:12:29.834 [main] INFO  o.s.c.g.r.RouteDefinitionRouteLocator - [lambda$initFactories$1,88] - Loaded RoutePredicateFactory [Between]
10:12:29.834 [main] INFO  o.s.c.g.r.RouteDefinitionRouteLocator - [lambda$initFactories$1,88] - Loaded RoutePredicateFactory [Cookie]
10:12:29.834 [main] INFO  o.s.c.g.r.RouteDefinitionRouteLocator - [lambda$initFactories$1,88] - Loaded RoutePredicateFactory [Header]
10:12:29.834 [main] INFO  o.s.c.g.r.RouteDefinitionRouteLocator - [lambda$initFactories$1,88] - Loaded RoutePredicateFactory [Host]
10:12:29.835 [main] INFO  o.s.c.g.r.RouteDefinitionRouteLocator - [lambda$initFactories$1,88] - Loaded RoutePredicateFactory [Method]
10:12:29.835 [main] INFO  o.s.c.g.r.RouteDefinitionRouteLocator - [lambda$initFactories$1,88] - Loaded RoutePredicateFactory [Path]
10:12:29.835 [main] INFO  o.s.c.g.r.RouteDefinitionRouteLocator - [lambda$initFactories$1,88] - Loaded RoutePredicateFactory [Query]
10:12:29.835 [main] INFO  o.s.c.g.r.RouteDefinitionRouteLocator - [lambda$initFactories$1,88] - Loaded RoutePredicateFactory [ReadBody]
10:12:29.835 [main] INFO  o.s.c.g.r.RouteDefinitionRouteLocator - [lambda$initFactories$1,88] - Loaded RoutePredicateFactory [RemoteAddr]
10:12:29.835 [main] INFO  o.s.c.g.r.RouteDefinitionRouteLocator - [lambda$initFactories$1,88] - Loaded RoutePredicateFactory [XForwardedRemoteAddr]
10:12:29.835 [main] INFO  o.s.c.g.r.RouteDefinitionRouteLocator - [lambda$initFactories$1,88] - Loaded RoutePredicateFactory [Weight]
10:12:29.836 [main] INFO  o.s.c.g.r.RouteDefinitionRouteLocator - [lambda$initFactories$1,88] - Loaded RoutePredicateFactory [CloudFoundryRouteService]
10:12:31.610 [main] INFO  o.s.b.w.e.n.NettyWebServer - [start,111] - Netty started on port 19090
10:12:32.728 [main] INFO  c.a.n.client.naming - [initNamespaceForNaming,62] - initializer namespace from ans.namespace attribute : null
10:12:32.730 [main] INFO  c.a.n.client.naming - [lambda$initNamespaceForNaming$0,66] - initializer namespace from ALIBABA_ALIWARE_NAMESPACE attribute :null
10:12:32.732 [main] INFO  c.a.n.client.naming - [lambda$initNamespaceForNaming$1,73] - initializer namespace from namespace attribute :null
10:12:32.751 [main] INFO  c.a.n.p.a.s.c.ClientAuthPluginManager - [init,56] - [ClientAuthPluginManager] Load ClientAuthService com.alibaba.nacos.client.auth.impl.NacosClientAuthServiceImpl success.
10:12:32.752 [main] INFO  c.a.n.p.a.s.c.ClientAuthPluginManager - [init,56] - [ClientAuthPluginManager] Load ClientAuthService com.alibaba.nacos.client.auth.ram.RamClientAuthServiceImpl success.
10:12:32.761 [main] INFO  c.a.n.c.r.client - [lambda$createClient$0,108] - [RpcClientFactory] create a new rpc client of 674f859e-2a5e-4782-a165-11970cb50903
10:12:32.767 [main] INFO  c.a.n.c.r.client - [printIfInfoEnabled,63] - [674f859e-2a5e-4782-a165-11970cb50903] RpcClient init, ServerListFactory = com.alibaba.nacos.client.naming.core.ServerListManager
10:12:32.768 [main] INFO  c.a.n.c.r.client - [printIfInfoEnabled,63] - [674f859e-2a5e-4782-a165-11970cb50903] Registry connection listener to current client:com.alibaba.nacos.client.naming.remote.gprc.redo.NamingGrpcRedoService
10:12:32.770 [main] INFO  c.a.n.c.r.client - [printIfInfoEnabled,63] - [674f859e-2a5e-4782-a165-11970cb50903] Register server push request handler:com.alibaba.nacos.client.naming.remote.gprc.NamingPushRequestHandler
10:12:32.771 [main] INFO  c.a.n.c.r.client - [printIfInfoEnabled,63] - [674f859e-2a5e-4782-a165-11970cb50903] Try to connect to server on start up, server: {serverIp = 'localhost', server main port = 8848}
10:12:32.773 [main] INFO  c.a.n.c.r.c.g.GrpcClient - [createNewManagedChannel,182] - grpc client connection server:localhost ip,serverPort:9848,grpcTslConfig:{"sslProvider":"OPENSSL","enableTls":false,"mutualAuthEnable":false,"trustAll":false}
10:12:32.904 [main] INFO  c.a.n.c.r.client - [printIfInfoEnabled,63] - [674f859e-2a5e-4782-a165-11970cb50903] Success to connect to server [localhost:8848] on start up, connectionId = 1737857552788_172.17.0.1_38490
10:12:32.904 [com.alibaba.nacos.client.remote.worker] INFO  c.a.n.c.r.client - [printIfInfoEnabled,63] - [674f859e-2a5e-4782-a165-11970cb50903] Notify connected event to listeners.
10:12:32.904 [main] INFO  c.a.n.c.r.client - [printIfInfoEnabled,63] - [674f859e-2a5e-4782-a165-11970cb50903] Register server push request handler:com.alibaba.nacos.common.remote.client.RpcClient$ConnectResetRequestHandler
10:12:32.905 [com.alibaba.nacos.client.remote.worker] INFO  c.a.n.client.naming - [onConnected,78] - Grpc connection connect
10:12:32.905 [main] INFO  c.a.n.c.r.client - [printIfInfoEnabled,63] - [674f859e-2a5e-4782-a165-11970cb50903] Register server push request handler:com.alibaba.nacos.common.remote.client.RpcClient$$Lambda$583/0x00000238014aa0d8
10:12:32.907 [main] INFO  c.a.n.client.naming - [registerService,121] - [REGISTER-SERVICE] 62113bd0-93ee-4621-9b30-60de09bd5520 registering service oj-gateway with instance Instance{instanceId='null', ip='192.168.137.1', port=19090, weight=1.0, healthy=true, enabled=true, ephemeral=true, clusterName='DEFAULT', serviceName='null', metadata={IPv6=null, preserved.register.source=SPRING_CLOUD}}
10:12:32.962 [main] INFO  c.a.c.n.r.NacosServiceRegistry - [register,76] - nacos registry, DEFAULT_GROUP oj-gateway 192.168.137.1:19090 register finished
10:12:33.063 [main] INFO  c.f.g.OjGatewayApplication - [logStarted,57] - Started OjGatewayApplication in 13.8 seconds (process running for 15.283)
10:12:33.071 [main] INFO  c.a.n.c.c.i.CacheData - [<clinit>,67] - nacos.cache.data.init.snapshot = true 
10:12:33.074 [main] INFO  c.a.n.c.c.i.ClientWorker - [addCacheDataIfAbsent,380] - [fixed-62113bd0-93ee-4621-9b30-60de09bd5520-localhost_8848] [subscribe] oj-gateway-local.yaml+DEFAULT_GROUP+62113bd0-93ee-4621-9b30-60de09bd5520
10:12:33.089 [main] INFO  c.a.n.c.c.i.CacheData - [addListener,197] - [fixed-62113bd0-93ee-4621-9b30-60de09bd5520-localhost_8848] [add-listener] ok, tenant=62113bd0-93ee-4621-9b30-60de09bd5520, dataId=oj-gateway-local.yaml, group=DEFAULT_GROUP, cnt=1
10:12:33.090 [main] INFO  c.a.c.n.r.NacosContextRefresher - [registerNacosListener,129] - [Nacos Config] Listening config: dataId=oj-gateway-local.yaml, group=DEFAULT_GROUP
10:12:33.091 [main] INFO  c.a.n.c.c.i.ClientWorker - [addCacheDataIfAbsent,380] - [fixed-62113bd0-93ee-4621-9b30-60de09bd5520-localhost_8848] [subscribe] oj-gateway+DEFAULT_GROUP+62113bd0-93ee-4621-9b30-60de09bd5520
10:12:33.091 [main] INFO  c.a.n.c.c.i.CacheData - [addListener,197] - [fixed-62113bd0-93ee-4621-9b30-60de09bd5520-localhost_8848] [add-listener] ok, tenant=62113bd0-93ee-4621-9b30-60de09bd5520, dataId=oj-gateway, group=DEFAULT_GROUP, cnt=1
10:12:33.092 [main] INFO  c.a.c.n.r.NacosContextRefresher - [registerNacosListener,129] - [Nacos Config] Listening config: dataId=oj-gateway, group=DEFAULT_GROUP
10:12:33.092 [main] INFO  c.a.n.c.c.i.ClientWorker - [addCacheDataIfAbsent,380] - [fixed-62113bd0-93ee-4621-9b30-60de09bd5520-localhost_8848] [subscribe] oj-gateway.yaml+DEFAULT_GROUP+62113bd0-93ee-4621-9b30-60de09bd5520
10:12:33.093 [main] INFO  c.a.n.c.c.i.CacheData - [addListener,197] - [fixed-62113bd0-93ee-4621-9b30-60de09bd5520-localhost_8848] [add-listener] ok, tenant=62113bd0-93ee-4621-9b30-60de09bd5520, dataId=oj-gateway.yaml, group=DEFAULT_GROUP, cnt=1
10:12:33.093 [main] INFO  c.a.c.n.r.NacosContextRefresher - [registerNacosListener,129] - [Nacos Config] Listening config: dataId=oj-gateway.yaml, group=DEFAULT_GROUP
10:38:18.286 [boundedElastic-1] INFO  c.a.n.client.naming - [subscribe,167] - [SUBSCRIBE-SERVICE] service:oj-system, group:DEFAULT_GROUP, clusters: 
10:38:18.317 [boundedElastic-1] INFO  c.a.n.client.naming - [isChangedServiceInfo,184] - init new ips(1) service: DEFAULT_GROUP@@oj-system -> [{"ip":"192.168.137.1","port":9201,"weight":1.0,"healthy":true,"enabled":true,"ephemeral":true,"clusterName":"DEFAULT","serviceName":"DEFAULT_GROUP@@oj-system","metadata":{"preserved.register.source":"SPRING_CLOUD"},"instanceHeartBeatTimeOut":15000,"instanceHeartBeatInterval":5000,"ipDeleteTimeout":30000}]
10:38:18.319 [boundedElastic-1] INFO  c.a.n.client.naming - [processServiceInfo,169] - current ips:(1) service: DEFAULT_GROUP@@oj-system -> [{"ip":"192.168.137.1","port":9201,"weight":1.0,"healthy":true,"enabled":true,"ephemeral":true,"clusterName":"DEFAULT","serviceName":"DEFAULT_GROUP@@oj-system","metadata":{"preserved.register.source":"SPRING_CLOUD"},"instanceHeartBeatTimeOut":15000,"instanceHeartBeatInterval":5000,"ipDeleteTimeout":30000}]
10:38:18.905 [nacos-grpc-client-executor-localhost-356] INFO  c.a.n.c.r.client - [printIfInfoEnabled,63] - [674f859e-2a5e-4782-a165-11970cb50903] Receive server push request, request = NotifySubscriberRequest, requestId = 1
10:38:18.906 [nacos-grpc-client-executor-localhost-356] INFO  c.a.n.c.r.client - [printIfInfoEnabled,63] - [674f859e-2a5e-4782-a165-11970cb50903] Ack server push request, request = NotifySubscriberRequest, requestId = 1
12:55:25.742 [nacos-grpc-client-executor-localhost-2001] INFO  c.a.n.c.r.client - [printIfInfoEnabled,63] - [674f859e-2a5e-4782-a165-11970cb50903] Receive server push request, request = NotifySubscriberRequest, requestId = 2
12:55:25.752 [nacos-grpc-client-executor-localhost-2001] INFO  c.a.n.client.naming - [isChangedServiceInfo,241] - removed ips(1) service: DEFAULT_GROUP@@oj-system -> [{"ip":"192.168.137.1","port":9201,"weight":1.0,"healthy":true,"enabled":true,"ephemeral":true,"clusterName":"DEFAULT","serviceName":"DEFAULT_GROUP@@oj-system","metadata":{"preserved.register.source":"SPRING_CLOUD"},"instanceHeartBeatTimeOut":15000,"instanceHeartBeatInterval":5000,"ipDeleteTimeout":30000}]
12:55:25.752 [nacos-grpc-client-executor-localhost-2001] INFO  c.a.n.client.naming - [processServiceInfo,169] - current ips:(0) service: DEFAULT_GROUP@@oj-system -> []
12:55:25.755 [nacos-grpc-client-executor-localhost-2001] INFO  c.a.n.c.r.client - [printIfInfoEnabled,63] - [674f859e-2a5e-4782-a165-11970cb50903] Ack server push request, request = NotifySubscriberRequest, requestId = 2
12:55:41.579 [nacos-grpc-client-executor-localhost-2004] INFO  c.a.n.c.r.client - [printIfInfoEnabled,63] - [674f859e-2a5e-4782-a165-11970cb50903] Receive server push request, request = NotifySubscriberRequest, requestId = 3
12:55:41.580 [nacos-grpc-client-executor-localhost-2004] INFO  c.a.n.client.naming - [isChangedServiceInfo,235] - new ips(1) service: DEFAULT_GROUP@@oj-system -> [{"ip":"192.168.137.1","port":9201,"weight":1.0,"healthy":true,"enabled":true,"ephemeral":true,"clusterName":"DEFAULT","serviceName":"DEFAULT_GROUP@@oj-system","metadata":{"preserved.register.source":"SPRING_CLOUD"},"instanceHeartBeatTimeOut":15000,"instanceHeartBeatInterval":5000,"ipDeleteTimeout":30000}]
12:55:41.580 [nacos-grpc-client-executor-localhost-2004] INFO  c.a.n.client.naming - [processServiceInfo,169] - current ips:(1) service: DEFAULT_GROUP@@oj-system -> [{"ip":"192.168.137.1","port":9201,"weight":1.0,"healthy":true,"enabled":true,"ephemeral":true,"clusterName":"DEFAULT","serviceName":"DEFAULT_GROUP@@oj-system","metadata":{"preserved.register.source":"SPRING_CLOUD"},"instanceHeartBeatTimeOut":15000,"instanceHeartBeatInterval":5000,"ipDeleteTimeout":30000}]
12:55:41.583 [nacos-grpc-client-executor-localhost-2004] INFO  c.a.n.c.r.client - [printIfInfoEnabled,63] - [674f859e-2a5e-4782-a165-11970cb50903] Ack server push request, request = NotifySubscriberRequest, requestId = 3
20:49:01.518 [nacos-grpc-client-executor-localhost-7679] INFO  c.a.n.c.r.client - [printIfInfoEnabled,63] - [674f859e-2a5e-4782-a165-11970cb50903] Receive server push request, request = NotifySubscriberRequest, requestId = 4
20:49:01.518 [nacos-grpc-client-executor-localhost-7679] INFO  c.a.n.client.naming - [isChangedServiceInfo,241] - removed ips(1) service: DEFAULT_GROUP@@oj-system -> [{"ip":"192.168.137.1","port":9201,"weight":1.0,"healthy":true,"enabled":true,"ephemeral":true,"clusterName":"DEFAULT","serviceName":"DEFAULT_GROUP@@oj-system","metadata":{"preserved.register.source":"SPRING_CLOUD"},"instanceHeartBeatTimeOut":15000,"instanceHeartBeatInterval":5000,"ipDeleteTimeout":30000}]
20:49:01.519 [nacos-grpc-client-executor-localhost-7679] INFO  c.a.n.client.naming - [processServiceInfo,169] - current ips:(0) service: DEFAULT_GROUP@@oj-system -> []
20:49:01.521 [nacos-grpc-client-executor-localhost-7679] INFO  c.a.n.c.r.client - [printIfInfoEnabled,63] - [674f859e-2a5e-4782-a165-11970cb50903] Ack server push request, request = NotifySubscriberRequest, requestId = 4
20:49:20.761 [nacos-grpc-client-executor-localhost-7683] INFO  c.a.n.c.r.client - [printIfInfoEnabled,63] - [674f859e-2a5e-4782-a165-11970cb50903] Receive server push request, request = NotifySubscriberRequest, requestId = 5
20:49:20.763 [nacos-grpc-client-executor-localhost-7683] INFO  c.a.n.client.naming - [isChangedServiceInfo,235] - new ips(1) service: DEFAULT_GROUP@@oj-system -> [{"ip":"192.168.137.1","port":9201,"weight":1.0,"healthy":true,"enabled":true,"ephemeral":true,"clusterName":"DEFAULT","serviceName":"DEFAULT_GROUP@@oj-system","metadata":{"preserved.register.source":"SPRING_CLOUD"},"instanceHeartBeatTimeOut":15000,"instanceHeartBeatInterval":5000,"ipDeleteTimeout":30000}]
20:49:20.763 [nacos-grpc-client-executor-localhost-7683] INFO  c.a.n.client.naming - [processServiceInfo,169] - current ips:(1) service: DEFAULT_GROUP@@oj-system -> [{"ip":"192.168.137.1","port":9201,"weight":1.0,"healthy":true,"enabled":true,"ephemeral":true,"clusterName":"DEFAULT","serviceName":"DEFAULT_GROUP@@oj-system","metadata":{"preserved.register.source":"SPRING_CLOUD"},"instanceHeartBeatTimeOut":15000,"instanceHeartBeatInterval":5000,"ipDeleteTimeout":30000}]
20:49:20.765 [nacos-grpc-client-executor-localhost-7683] INFO  c.a.n.c.r.client - [printIfInfoEnabled,63] - [674f859e-2a5e-4782-a165-11970cb50903] Ack server push request, request = NotifySubscriberRequest, requestId = 5
20:53:10.899 [nacos-grpc-client-executor-localhost-7729] INFO  c.a.n.c.r.client - [printIfInfoEnabled,63] - [674f859e-2a5e-4782-a165-11970cb50903] Receive server push request, request = NotifySubscriberRequest, requestId = 6
20:53:10.900 [nacos-grpc-client-executor-localhost-7729] INFO  c.a.n.client.naming - [isChangedServiceInfo,241] - removed ips(1) service: DEFAULT_GROUP@@oj-system -> [{"ip":"192.168.137.1","port":9201,"weight":1.0,"healthy":true,"enabled":true,"ephemeral":true,"clusterName":"DEFAULT","serviceName":"DEFAULT_GROUP@@oj-system","metadata":{"preserved.register.source":"SPRING_CLOUD"},"instanceHeartBeatTimeOut":15000,"instanceHeartBeatInterval":5000,"ipDeleteTimeout":30000}]
20:53:10.900 [nacos-grpc-client-executor-localhost-7729] INFO  c.a.n.client.naming - [processServiceInfo,169] - current ips:(0) service: DEFAULT_GROUP@@oj-system -> []
20:53:10.901 [nacos-grpc-client-executor-localhost-7729] INFO  c.a.n.c.r.client - [printIfInfoEnabled,63] - [674f859e-2a5e-4782-a165-11970cb50903] Ack server push request, request = NotifySubscriberRequest, requestId = 6
20:53:24.517 [nacos-grpc-client-executor-localhost-7732] INFO  c.a.n.c.r.client - [printIfInfoEnabled,63] - [674f859e-2a5e-4782-a165-11970cb50903] Receive server push request, request = NotifySubscriberRequest, requestId = 7
20:53:24.518 [nacos-grpc-client-executor-localhost-7732] INFO  c.a.n.client.naming - [isChangedServiceInfo,235] - new ips(1) service: DEFAULT_GROUP@@oj-system -> [{"ip":"192.168.137.1","port":9201,"weight":1.0,"healthy":true,"enabled":true,"ephemeral":true,"clusterName":"DEFAULT","serviceName":"DEFAULT_GROUP@@oj-system","metadata":{"preserved.register.source":"SPRING_CLOUD"},"instanceHeartBeatTimeOut":15000,"instanceHeartBeatInterval":5000,"ipDeleteTimeout":30000}]
20:53:24.522 [nacos-grpc-client-executor-localhost-7732] INFO  c.a.n.client.naming - [processServiceInfo,169] - current ips:(1) service: DEFAULT_GROUP@@oj-system -> [{"ip":"192.168.137.1","port":9201,"weight":1.0,"healthy":true,"enabled":true,"ephemeral":true,"clusterName":"DEFAULT","serviceName":"DEFAULT_GROUP@@oj-system","metadata":{"preserved.register.source":"SPRING_CLOUD"},"instanceHeartBeatTimeOut":15000,"instanceHeartBeatInterval":5000,"ipDeleteTimeout":30000}]
20:53:24.524 [nacos-grpc-client-executor-localhost-7732] INFO  c.a.n.c.r.client - [printIfInfoEnabled,63] - [674f859e-2a5e-4782-a165-11970cb50903] Ack server push request, request = NotifySubscriberRequest, requestId = 7
20:56:55.829 [nacos-grpc-client-executor-localhost-7774] INFO  c.a.n.c.r.client - [printIfInfoEnabled,63] - [674f859e-2a5e-4782-a165-11970cb50903] Receive server push request, request = NotifySubscriberRequest, requestId = 8
20:56:55.830 [nacos-grpc-client-executor-localhost-7774] INFO  c.a.n.client.naming - [isChangedServiceInfo,241] - removed ips(1) service: DEFAULT_GROUP@@oj-system -> [{"ip":"192.168.137.1","port":9201,"weight":1.0,"healthy":true,"enabled":true,"ephemeral":true,"clusterName":"DEFAULT","serviceName":"DEFAULT_GROUP@@oj-system","metadata":{"preserved.register.source":"SPRING_CLOUD"},"instanceHeartBeatTimeOut":15000,"instanceHeartBeatInterval":5000,"ipDeleteTimeout":30000}]
20:56:55.830 [nacos-grpc-client-executor-localhost-7774] INFO  c.a.n.client.naming - [processServiceInfo,169] - current ips:(0) service: DEFAULT_GROUP@@oj-system -> []
20:56:55.831 [nacos-grpc-client-executor-localhost-7774] INFO  c.a.n.c.r.client - [printIfInfoEnabled,63] - [674f859e-2a5e-4782-a165-11970cb50903] Ack server push request, request = NotifySubscriberRequest, requestId = 8
20:57:10.398 [nacos-grpc-client-executor-localhost-7777] INFO  c.a.n.c.r.client - [printIfInfoEnabled,63] - [674f859e-2a5e-4782-a165-11970cb50903] Receive server push request, request = NotifySubscriberRequest, requestId = 9
20:57:10.399 [nacos-grpc-client-executor-localhost-7777] INFO  c.a.n.client.naming - [isChangedServiceInfo,235] - new ips(1) service: DEFAULT_GROUP@@oj-system -> [{"ip":"192.168.137.1","port":9201,"weight":1.0,"healthy":true,"enabled":true,"ephemeral":true,"clusterName":"DEFAULT","serviceName":"DEFAULT_GROUP@@oj-system","metadata":{"preserved.register.source":"SPRING_CLOUD"},"instanceHeartBeatTimeOut":15000,"instanceHeartBeatInterval":5000,"ipDeleteTimeout":30000}]
20:57:10.400 [nacos-grpc-client-executor-localhost-7777] INFO  c.a.n.client.naming - [processServiceInfo,169] - current ips:(1) service: DEFAULT_GROUP@@oj-system -> [{"ip":"192.168.137.1","port":9201,"weight":1.0,"healthy":true,"enabled":true,"ephemeral":true,"clusterName":"DEFAULT","serviceName":"DEFAULT_GROUP@@oj-system","metadata":{"preserved.register.source":"SPRING_CLOUD"},"instanceHeartBeatTimeOut":15000,"instanceHeartBeatInterval":5000,"ipDeleteTimeout":30000}]
20:57:10.401 [nacos-grpc-client-executor-localhost-7777] INFO  c.a.n.c.r.client - [printIfInfoEnabled,63] - [674f859e-2a5e-4782-a165-11970cb50903] Ack server push request, request = NotifySubscriberRequest, requestId = 9
21:03:26.360 [nacos-grpc-client-executor-localhost-7852] INFO  c.a.n.c.r.client - [printIfInfoEnabled,63] - [674f859e-2a5e-4782-a165-11970cb50903] Receive server push request, request = NotifySubscriberRequest, requestId = 10
21:03:26.361 [nacos-grpc-client-executor-localhost-7852] INFO  c.a.n.client.naming - [isChangedServiceInfo,241] - removed ips(1) service: DEFAULT_GROUP@@oj-system -> [{"ip":"192.168.137.1","port":9201,"weight":1.0,"healthy":true,"enabled":true,"ephemeral":true,"clusterName":"DEFAULT","serviceName":"DEFAULT_GROUP@@oj-system","metadata":{"preserved.register.source":"SPRING_CLOUD"},"instanceHeartBeatTimeOut":15000,"instanceHeartBeatInterval":5000,"ipDeleteTimeout":30000}]
21:03:26.362 [nacos-grpc-client-executor-localhost-7852] INFO  c.a.n.client.naming - [processServiceInfo,169] - current ips:(0) service: DEFAULT_GROUP@@oj-system -> []
21:03:26.364 [nacos-grpc-client-executor-localhost-7852] INFO  c.a.n.c.r.client - [printIfInfoEnabled,63] - [674f859e-2a5e-4782-a165-11970cb50903] Ack server push request, request = NotifySubscriberRequest, requestId = 10
21:03:44.724 [nacos-grpc-client-executor-localhost-7855] INFO  c.a.n.c.r.client - [printIfInfoEnabled,63] - [674f859e-2a5e-4782-a165-11970cb50903] Receive server push request, request = NotifySubscriberRequest, requestId = 11
21:03:44.725 [nacos-grpc-client-executor-localhost-7855] INFO  c.a.n.client.naming - [isChangedServiceInfo,235] - new ips(1) service: DEFAULT_GROUP@@oj-system -> [{"ip":"192.168.137.1","port":9201,"weight":1.0,"healthy":true,"enabled":true,"ephemeral":true,"clusterName":"DEFAULT","serviceName":"DEFAULT_GROUP@@oj-system","metadata":{"preserved.register.source":"SPRING_CLOUD"},"instanceHeartBeatTimeOut":15000,"instanceHeartBeatInterval":5000,"ipDeleteTimeout":30000}]
21:03:44.727 [nacos-grpc-client-executor-localhost-7855] INFO  c.a.n.client.naming - [processServiceInfo,169] - current ips:(1) service: DEFAULT_GROUP@@oj-system -> [{"ip":"192.168.137.1","port":9201,"weight":1.0,"healthy":true,"enabled":true,"ephemeral":true,"clusterName":"DEFAULT","serviceName":"DEFAULT_GROUP@@oj-system","metadata":{"preserved.register.source":"SPRING_CLOUD"},"instanceHeartBeatTimeOut":15000,"instanceHeartBeatInterval":5000,"ipDeleteTimeout":30000}]
21:03:44.729 [nacos-grpc-client-executor-localhost-7855] INFO  c.a.n.c.r.client - [printIfInfoEnabled,63] - [674f859e-2a5e-4782-a165-11970cb50903] Ack server push request, request = NotifySubscriberRequest, requestId = 11
21:10:53.956 [nacos-grpc-client-executor-localhost-7941] INFO  c.a.n.c.r.client - [printIfInfoEnabled,63] - [674f859e-2a5e-4782-a165-11970cb50903] Receive server push request, request = NotifySubscriberRequest, requestId = 12
21:10:53.957 [nacos-grpc-client-executor-localhost-7941] INFO  c.a.n.client.naming - [isChangedServiceInfo,241] - removed ips(1) service: DEFAULT_GROUP@@oj-system -> [{"ip":"192.168.137.1","port":9201,"weight":1.0,"healthy":true,"enabled":true,"ephemeral":true,"clusterName":"DEFAULT","serviceName":"DEFAULT_GROUP@@oj-system","metadata":{"preserved.register.source":"SPRING_CLOUD"},"instanceHeartBeatTimeOut":15000,"instanceHeartBeatInterval":5000,"ipDeleteTimeout":30000}]
21:10:53.957 [nacos-grpc-client-executor-localhost-7941] INFO  c.a.n.client.naming - [processServiceInfo,169] - current ips:(0) service: DEFAULT_GROUP@@oj-system -> []
21:10:53.958 [nacos-grpc-client-executor-localhost-7941] INFO  c.a.n.c.r.client - [printIfInfoEnabled,63] - [674f859e-2a5e-4782-a165-11970cb50903] Ack server push request, request = NotifySubscriberRequest, requestId = 12
21:11:08.696 [nacos-grpc-client-executor-localhost-7944] INFO  c.a.n.c.r.client - [printIfInfoEnabled,63] - [674f859e-2a5e-4782-a165-11970cb50903] Receive server push request, request = NotifySubscriberRequest, requestId = 13
21:11:08.697 [nacos-grpc-client-executor-localhost-7944] INFO  c.a.n.client.naming - [isChangedServiceInfo,235] - new ips(1) service: DEFAULT_GROUP@@oj-system -> [{"ip":"192.168.137.1","port":9201,"weight":1.0,"healthy":true,"enabled":true,"ephemeral":true,"clusterName":"DEFAULT","serviceName":"DEFAULT_GROUP@@oj-system","metadata":{"preserved.register.source":"SPRING_CLOUD"},"instanceHeartBeatTimeOut":15000,"instanceHeartBeatInterval":5000,"ipDeleteTimeout":30000}]
21:11:08.698 [nacos-grpc-client-executor-localhost-7944] INFO  c.a.n.client.naming - [processServiceInfo,169] - current ips:(1) service: DEFAULT_GROUP@@oj-system -> [{"ip":"192.168.137.1","port":9201,"weight":1.0,"healthy":true,"enabled":true,"ephemeral":true,"clusterName":"DEFAULT","serviceName":"DEFAULT_GROUP@@oj-system","metadata":{"preserved.register.source":"SPRING_CLOUD"},"instanceHeartBeatTimeOut":15000,"instanceHeartBeatInterval":5000,"ipDeleteTimeout":30000}]
21:11:08.700 [nacos-grpc-client-executor-localhost-7944] INFO  c.a.n.c.r.client - [printIfInfoEnabled,63] - [674f859e-2a5e-4782-a165-11970cb50903] Ack server push request, request = NotifySubscriberRequest, requestId = 13
22:13:15.185 [SpringApplicationShutdownHook] INFO  c.a.c.n.r.NacosServiceRegistry - [deregister,95] - De-registering from Nacos Server now...
22:13:15.186 [SpringApplicationShutdownHook] INFO  c.a.n.client.naming - [deregisterService,217] - [DEREGISTER-SERVICE] 62113bd0-93ee-4621-9b30-60de09bd5520 deregistering service oj-gateway with instance: Instance{instanceId='null', ip='192.168.137.1', port=19090, weight=1.0, healthy=true, enabled=true, ephemeral=true, clusterName='DEFAULT', serviceName='null', metadata={}}
22:13:15.365 [SpringApplicationShutdownHook] INFO  c.a.c.n.r.NacosServiceRegistry - [deregister,115] - De-registration finished.
22:13:15.366 [SpringApplicationShutdownHook] INFO  c.a.n.client.naming - [shutdown,256] - com.alibaba.nacos.client.naming.cache.ServiceInfoHolder do shutdown begin
22:13:15.367 [SpringApplicationShutdownHook] INFO  c.a.n.client.naming - [shutdown,136] - com.alibaba.nacos.client.naming.backups.FailoverReactor do shutdown begin
22:13:15.368 [SpringApplicationShutdownHook] INFO  c.a.n.client.naming - [shutdown,138] - com.alibaba.nacos.client.naming.backups.FailoverReactor do shutdown stop
22:13:15.368 [SpringApplicationShutdownHook] INFO  c.a.n.client.naming - [shutdown,258] - com.alibaba.nacos.client.naming.cache.ServiceInfoHolder do shutdown stop
22:13:15.368 [SpringApplicationShutdownHook] INFO  c.a.n.client.naming - [shutdown,204] - com.alibaba.nacos.client.naming.remote.NamingClientProxyDelegate do shutdown begin
22:13:15.368 [SpringApplicationShutdownHook] INFO  c.a.n.client.naming - [shutdown,143] - com.alibaba.nacos.client.naming.core.ServiceInfoUpdateService do shutdown begin
22:13:15.369 [SpringApplicationShutdownHook] INFO  c.a.n.client.naming - [shutdown,145] - com.alibaba.nacos.client.naming.core.ServiceInfoUpdateService do shutdown stop
22:13:15.369 [SpringApplicationShutdownHook] INFO  c.a.n.client.naming - [shutdown,194] - com.alibaba.nacos.client.naming.core.ServerListManager do shutdown begin
22:13:15.370 [SpringApplicationShutdownHook] INFO  c.a.n.client.naming - [shutdown,199] - com.alibaba.nacos.client.naming.core.ServerListManager do shutdown stop
22:13:15.370 [SpringApplicationShutdownHook] INFO  c.a.n.client.naming - [shutdown,484] - com.alibaba.nacos.client.naming.remote.http.NamingHttpClientProxy do shutdown begin
22:13:15.371 [SpringApplicationShutdownHook] INFO  c.a.n.client.naming - [shutdown,486] - com.alibaba.nacos.client.naming.remote.http.NamingHttpClientProxy do shutdown stop
22:13:15.372 [SpringApplicationShutdownHook] INFO  c.a.n.c.r.client - [shutdown,429] - Shutdown rpc client, set status to shutdown
22:13:15.372 [SpringApplicationShutdownHook] INFO  c.a.n.c.r.client - [shutdown,431] - Shutdown client event executor java.util.concurrent.ScheduledThreadPoolExecutor@26745403[Running, pool size = 2, active threads = 2, queued tasks = 0, completed tasks = 0]
22:13:15.373 [SpringApplicationShutdownHook] INFO  c.a.n.c.r.client - [closeConnection,584] - Close current connection 1737857552788_172.17.0.1_38490
22:13:15.377 [nacos-grpc-client-executor-localhost-8692] INFO  c.a.n.c.r.c.g.GrpcClient - [printIfInfoEnabled,63] - [1737857552788_172.17.0.1_38490]Ignore complete event,isRunning:false,isAbandon=false
22:13:15.387 [SpringApplicationShutdownHook] INFO  c.a.n.c.r.c.g.GrpcClient - [shutdown,159] - Shutdown grpc executor java.util.concurrent.ThreadPoolExecutor@4530a6c1[Running, pool size = 4, active threads = 0, queued tasks = 0, completed tasks = 8693]
22:13:15.388 [SpringApplicationShutdownHook] INFO  c.a.n.client.naming - [shutdown,318] - Shutdown grpc redo service executor java.util.concurrent.ScheduledThreadPoolExecutor@f965b2[Running, pool size = 1, active threads = 0, queued tasks = 1, completed tasks = 14376]
22:13:15.389 [SpringApplicationShutdownHook] INFO  c.a.n.c.a.r.i.CredentialWatcher - [stop,106] - [null] CredentialWatcher is stopped
22:13:15.390 [SpringApplicationShutdownHook] INFO  c.a.n.c.a.r.i.CredentialService - [free,100] - [null] CredentialService is freed
22:13:15.391 [SpringApplicationShutdownHook] INFO  c.a.n.client.naming - [shutdown,211] - com.alibaba.nacos.client.naming.remote.NamingClientProxyDelegate do shutdown stop
22:13:15.836 [com.alibaba.nacos.client.Worker] INFO  c.a.n.c.a.r.i.CredentialWatcher - [loadCredential,165] - null No credential found
