14:21:27.215 [background-preinit] INFO  o.h.v.i.util.Version - [<clinit>,21] - HV000001: Hibernate Validator 8.0.0.Final
14:21:27.695 [main] INFO  c.a.n.c.u.ParamUtil - [<clinit>,87] - [settings] [req-serv] nacos-server port:8848
14:21:27.696 [main] INFO  c.a.n.c.u.ParamUtil - [<clinit>,98] - [settings] [http-client] connect timeout:1000
14:21:27.701 [main] INFO  c.a.n.c.u.ParamUtil - [<clinit>,105] - PER_TASK_CONFIG_SIZE: 3000.0
14:21:27.798 [main] INFO  c.a.n.p.a.s.c.ClientAuthPluginManager - [init,56] - [ClientAuthPluginManager] Load ClientAuthService com.alibaba.nacos.client.auth.impl.NacosClientAuthServiceImpl success.
14:21:27.799 [main] INFO  c.a.n.p.a.s.c.ClientAuthPluginManager - [init,56] - [ClientAuthPluginManager] Load ClientAuthService com.alibaba.nacos.client.auth.ram.RamClientAuthServiceImpl success.
14:21:27.808 [main] INFO  c.a.n.c.a.r.i.CredentialWatcher - [loadCredential,165] - null No credential found
14:21:28.632 [main] INFO  c.a.n.c.c.i.LocalConfigInfoProcessor - [<clinit>,63] - LOCAL_SNAPSHOT_PATH:C:\Users\Administrator\nacos\config
14:21:28.643 [main] INFO  c.a.n.c.r.client - [lambda$createClient$0,108] - [RpcClientFactory] create a new rpc client of fbdfc73e-06b2-4c46-a740-b3adf50e1795_config-0
14:21:28.672 [main] INFO  c.a.n.c.r.client - [printIfInfoEnabled,63] - [fbdfc73e-06b2-4c46-a740-b3adf50e1795_config-0] Register server push request handler:com.alibaba.nacos.client.config.impl.ClientWorker$ConfigRpcTransportClient$$Lambda$562/0x000001f79f362720
14:21:28.673 [main] INFO  c.a.n.c.r.client - [printIfInfoEnabled,63] - [fbdfc73e-06b2-4c46-a740-b3adf50e1795_config-0] Register server push request handler:com.alibaba.nacos.client.config.impl.ClientWorker$ConfigRpcTransportClient$$Lambda$563/0x000001f79f362b40
14:21:28.674 [main] INFO  c.a.n.c.r.client - [printIfInfoEnabled,63] - [fbdfc73e-06b2-4c46-a740-b3adf50e1795_config-0] Registry connection listener to current client:com.alibaba.nacos.client.config.impl.ClientWorker$ConfigRpcTransportClient$1
14:21:28.676 [main] INFO  c.a.n.c.r.client - [printIfInfoEnabled,63] - [fbdfc73e-06b2-4c46-a740-b3adf50e1795_config-0] RpcClient init, ServerListFactory = com.alibaba.nacos.client.config.impl.ClientWorker$ConfigRpcTransportClient$2
14:21:28.689 [main] INFO  c.a.n.c.r.client - [printIfInfoEnabled,63] - [fbdfc73e-06b2-4c46-a740-b3adf50e1795_config-0] Try to connect to server on start up, server: {serverIp = 'localhost', server main port = 8848}
14:21:28.757 [main] INFO  c.a.n.c.r.c.g.GrpcClient - [createNewManagedChannel,182] - grpc client connection server:localhost ip,serverPort:9848,grpcTslConfig:{"sslProvider":"OPENSSL","enableTls":false,"mutualAuthEnable":false,"trustAll":false}
14:21:30.935 [main] INFO  c.a.n.c.r.client - [printIfInfoEnabled,63] - [fbdfc73e-06b2-4c46-a740-b3adf50e1795_config-0] Success to connect to server [localhost:8848] on start up, connectionId = 1739600490541_172.17.0.1_53540
14:21:30.936 [com.alibaba.nacos.client.remote.worker] INFO  c.a.n.c.r.client - [printIfInfoEnabled,63] - [fbdfc73e-06b2-4c46-a740-b3adf50e1795_config-0] Notify connected event to listeners.
14:21:30.937 [com.alibaba.nacos.client.remote.worker] INFO  c.a.n.c.c.i.ClientWorker - [onConnected,639] - [fbdfc73e-06b2-4c46-a740-b3adf50e1795_config-0] Connected,notify listen context...
14:21:30.937 [main] INFO  c.a.n.c.r.client - [printIfInfoEnabled,63] - [fbdfc73e-06b2-4c46-a740-b3adf50e1795_config-0] Register server push request handler:com.alibaba.nacos.common.remote.client.RpcClient$ConnectResetRequestHandler
14:21:30.938 [main] INFO  c.a.n.c.r.client - [printIfInfoEnabled,63] - [fbdfc73e-06b2-4c46-a740-b3adf50e1795_config-0] Register server push request handler:com.alibaba.nacos.common.remote.client.RpcClient$$Lambda$583/0x000001f79f4a9ad0
14:21:31.024 [main] INFO  c.a.n.c.c.i.Limiter - [<clinit>,62] - limitTime:5.0
14:21:31.133 [main] INFO  c.a.n.c.c.u.JvmUtil - [<clinit>,54] - isMultiInstance:false
14:21:31.152 [main] INFO  o.s.c.b.c.PropertySourceBootstrapConfiguration - [initialize,108] - Located property source: [BootstrapPropertySource {name='bootstrapProperties-oj-gateway-local.yaml,DEFAULT_GROUP'}, BootstrapPropertySource {name='bootstrapProperties-oj-gateway.yaml,DEFAULT_GROUP'}, BootstrapPropertySource {name='bootstrapProperties-oj-gateway,DEFAULT_GROUP'}]
14:21:31.169 [main] INFO  c.f.g.OjGatewayApplication - [logStartupProfileInfo,636] - The following 1 profile is active: "local"
14:21:32.305 [main] INFO  o.s.d.r.c.RepositoryConfigurationDelegate - [multipleStoresDetected,294] - Multiple Spring Data modules found, entering strict repository configuration mode
14:21:32.311 [main] INFO  o.s.d.r.c.RepositoryConfigurationDelegate - [registerRepositoriesIn,138] - Bootstrapping Spring Data Redis repositories in DEFAULT mode.
14:21:32.357 [main] INFO  o.s.d.r.c.RepositoryConfigurationDelegate - [registerRepositoriesIn,208] - Finished Spring Data repository scanning in 14 ms. Found 0 Redis repository interfaces.
14:21:32.714 [main] INFO  o.s.c.c.s.GenericScope - [setSerializationId,282] - BeanFactory id=2a8b3cd7-0483-3a0c-9e5e-ab22ea20ac67
14:21:32.774 [main] INFO  o.s.c.s.PostProcessorRegistrationDelegate$BeanPostProcessorChecker - [postProcessAfterInitialization,409] - Bean 'org.springframework.cloud.client.loadbalancer.reactive.LoadBalancerBeanPostProcessorAutoConfiguration' of type [org.springframework.cloud.client.loadbalancer.reactive.LoadBalancerBeanPostProcessorAutoConfiguration] is not eligible for getting processed by all BeanPostProcessors (for example: not eligible for auto-proxying)
14:21:32.776 [main] INFO  o.s.c.s.PostProcessorRegistrationDelegate$BeanPostProcessorChecker - [postProcessAfterInitialization,409] - Bean 'org.springframework.cloud.client.loadbalancer.reactive.LoadBalancerBeanPostProcessorAutoConfiguration$ReactorDeferringLoadBalancerFilterConfig' of type [org.springframework.cloud.client.loadbalancer.reactive.LoadBalancerBeanPostProcessorAutoConfiguration$ReactorDeferringLoadBalancerFilterConfig] is not eligible for getting processed by all BeanPostProcessors (for example: not eligible for auto-proxying)
14:21:32.778 [main] INFO  o.s.c.s.PostProcessorRegistrationDelegate$BeanPostProcessorChecker - [postProcessAfterInitialization,409] - Bean 'reactorDeferringLoadBalancerExchangeFilterFunction' of type [org.springframework.cloud.client.loadbalancer.reactive.DeferringLoadBalancerExchangeFilterFunction] is not eligible for getting processed by all BeanPostProcessors (for example: not eligible for auto-proxying)
14:21:37.194 [main] INFO  o.s.c.g.r.RouteDefinitionRouteLocator - [lambda$initFactories$1,88] - Loaded RoutePredicateFactory [After]
14:21:37.194 [main] INFO  o.s.c.g.r.RouteDefinitionRouteLocator - [lambda$initFactories$1,88] - Loaded RoutePredicateFactory [Before]
14:21:37.194 [main] INFO  o.s.c.g.r.RouteDefinitionRouteLocator - [lambda$initFactories$1,88] - Loaded RoutePredicateFactory [Between]
14:21:37.194 [main] INFO  o.s.c.g.r.RouteDefinitionRouteLocator - [lambda$initFactories$1,88] - Loaded RoutePredicateFactory [Cookie]
14:21:37.194 [main] INFO  o.s.c.g.r.RouteDefinitionRouteLocator - [lambda$initFactories$1,88] - Loaded RoutePredicateFactory [Header]
14:21:37.195 [main] INFO  o.s.c.g.r.RouteDefinitionRouteLocator - [lambda$initFactories$1,88] - Loaded RoutePredicateFactory [Host]
14:21:37.195 [main] INFO  o.s.c.g.r.RouteDefinitionRouteLocator - [lambda$initFactories$1,88] - Loaded RoutePredicateFactory [Method]
14:21:37.195 [main] INFO  o.s.c.g.r.RouteDefinitionRouteLocator - [lambda$initFactories$1,88] - Loaded RoutePredicateFactory [Path]
14:21:37.195 [main] INFO  o.s.c.g.r.RouteDefinitionRouteLocator - [lambda$initFactories$1,88] - Loaded RoutePredicateFactory [Query]
14:21:37.195 [main] INFO  o.s.c.g.r.RouteDefinitionRouteLocator - [lambda$initFactories$1,88] - Loaded RoutePredicateFactory [ReadBody]
14:21:37.195 [main] INFO  o.s.c.g.r.RouteDefinitionRouteLocator - [lambda$initFactories$1,88] - Loaded RoutePredicateFactory [RemoteAddr]
14:21:37.195 [main] INFO  o.s.c.g.r.RouteDefinitionRouteLocator - [lambda$initFactories$1,88] - Loaded RoutePredicateFactory [XForwardedRemoteAddr]
14:21:37.195 [main] INFO  o.s.c.g.r.RouteDefinitionRouteLocator - [lambda$initFactories$1,88] - Loaded RoutePredicateFactory [Weight]
14:21:37.195 [main] INFO  o.s.c.g.r.RouteDefinitionRouteLocator - [lambda$initFactories$1,88] - Loaded RoutePredicateFactory [CloudFoundryRouteService]
14:21:38.515 [main] INFO  o.s.b.w.e.n.NettyWebServer - [start,111] - Netty started on port 19090
14:21:39.624 [main] INFO  c.a.n.client.naming - [initNamespaceForNaming,62] - initializer namespace from ans.namespace attribute : null
14:21:39.624 [main] INFO  c.a.n.client.naming - [lambda$initNamespaceForNaming$0,66] - initializer namespace from ALIBABA_ALIWARE_NAMESPACE attribute :null
14:21:39.625 [main] INFO  c.a.n.client.naming - [lambda$initNamespaceForNaming$1,73] - initializer namespace from namespace attribute :null
14:21:39.641 [main] INFO  c.a.n.p.a.s.c.ClientAuthPluginManager - [init,56] - [ClientAuthPluginManager] Load ClientAuthService com.alibaba.nacos.client.auth.impl.NacosClientAuthServiceImpl success.
14:21:39.642 [main] INFO  c.a.n.p.a.s.c.ClientAuthPluginManager - [init,56] - [ClientAuthPluginManager] Load ClientAuthService com.alibaba.nacos.client.auth.ram.RamClientAuthServiceImpl success.
14:21:39.649 [main] INFO  c.a.n.c.r.client - [lambda$createClient$0,108] - [RpcClientFactory] create a new rpc client of 595224ee-3085-415e-91da-63ba711a9542
14:21:39.652 [main] INFO  c.a.n.c.r.client - [printIfInfoEnabled,63] - [595224ee-3085-415e-91da-63ba711a9542] RpcClient init, ServerListFactory = com.alibaba.nacos.client.naming.core.ServerListManager
14:21:39.652 [main] INFO  c.a.n.c.r.client - [printIfInfoEnabled,63] - [595224ee-3085-415e-91da-63ba711a9542] Registry connection listener to current client:com.alibaba.nacos.client.naming.remote.gprc.redo.NamingGrpcRedoService
14:21:39.653 [main] INFO  c.a.n.c.r.client - [printIfInfoEnabled,63] - [595224ee-3085-415e-91da-63ba711a9542] Register server push request handler:com.alibaba.nacos.client.naming.remote.gprc.NamingPushRequestHandler
14:21:39.653 [main] INFO  c.a.n.c.r.client - [printIfInfoEnabled,63] - [595224ee-3085-415e-91da-63ba711a9542] Try to connect to server on start up, server: {serverIp = 'localhost', server main port = 8848}
14:21:39.654 [main] INFO  c.a.n.c.r.c.g.GrpcClient - [createNewManagedChannel,182] - grpc client connection server:localhost ip,serverPort:9848,grpcTslConfig:{"sslProvider":"OPENSSL","enableTls":false,"mutualAuthEnable":false,"trustAll":false}
14:21:39.785 [main] INFO  c.a.n.c.r.client - [printIfInfoEnabled,63] - [595224ee-3085-415e-91da-63ba711a9542] Success to connect to server [localhost:8848] on start up, connectionId = 1739600499665_172.17.0.1_51136
14:21:39.785 [main] INFO  c.a.n.c.r.client - [printIfInfoEnabled,63] - [595224ee-3085-415e-91da-63ba711a9542] Register server push request handler:com.alibaba.nacos.common.remote.client.RpcClient$ConnectResetRequestHandler
14:21:39.785 [com.alibaba.nacos.client.remote.worker] INFO  c.a.n.c.r.client - [printIfInfoEnabled,63] - [595224ee-3085-415e-91da-63ba711a9542] Notify connected event to listeners.
14:21:39.785 [main] INFO  c.a.n.c.r.client - [printIfInfoEnabled,63] - [595224ee-3085-415e-91da-63ba711a9542] Register server push request handler:com.alibaba.nacos.common.remote.client.RpcClient$$Lambda$583/0x000001f79f4a9ad0
14:21:39.785 [com.alibaba.nacos.client.remote.worker] INFO  c.a.n.client.naming - [onConnected,78] - Grpc connection connect
14:21:39.788 [main] INFO  c.a.n.client.naming - [registerService,121] - [REGISTER-SERVICE] 62113bd0-93ee-4621-9b30-60de09bd5520 registering service oj-gateway with instance Instance{instanceId='null', ip='192.168.137.1', port=19090, weight=1.0, healthy=true, enabled=true, ephemeral=true, clusterName='DEFAULT', serviceName='null', metadata={IPv6=null, preserved.register.source=SPRING_CLOUD}}
14:21:39.826 [main] INFO  c.a.c.n.r.NacosServiceRegistry - [register,76] - nacos registry, DEFAULT_GROUP oj-gateway 192.168.137.1:19090 register finished
14:21:39.940 [main] INFO  c.f.g.OjGatewayApplication - [logStarted,57] - Started OjGatewayApplication in 13.877 seconds (process running for 15.563)
14:21:39.947 [main] INFO  c.a.n.c.c.i.CacheData - [<clinit>,67] - nacos.cache.data.init.snapshot = true 
14:21:39.952 [main] INFO  c.a.n.c.c.i.ClientWorker - [addCacheDataIfAbsent,380] - [fixed-62113bd0-93ee-4621-9b30-60de09bd5520-localhost_8848] [subscribe] oj-gateway-local.yaml+DEFAULT_GROUP+62113bd0-93ee-4621-9b30-60de09bd5520
14:21:39.964 [main] INFO  c.a.n.c.c.i.CacheData - [addListener,197] - [fixed-62113bd0-93ee-4621-9b30-60de09bd5520-localhost_8848] [add-listener] ok, tenant=62113bd0-93ee-4621-9b30-60de09bd5520, dataId=oj-gateway-local.yaml, group=DEFAULT_GROUP, cnt=1
14:21:39.965 [main] INFO  c.a.c.n.r.NacosContextRefresher - [registerNacosListener,129] - [Nacos Config] Listening config: dataId=oj-gateway-local.yaml, group=DEFAULT_GROUP
14:21:39.965 [main] INFO  c.a.n.c.c.i.ClientWorker - [addCacheDataIfAbsent,380] - [fixed-62113bd0-93ee-4621-9b30-60de09bd5520-localhost_8848] [subscribe] oj-gateway+DEFAULT_GROUP+62113bd0-93ee-4621-9b30-60de09bd5520
14:21:39.966 [main] INFO  c.a.n.c.c.i.CacheData - [addListener,197] - [fixed-62113bd0-93ee-4621-9b30-60de09bd5520-localhost_8848] [add-listener] ok, tenant=62113bd0-93ee-4621-9b30-60de09bd5520, dataId=oj-gateway, group=DEFAULT_GROUP, cnt=1
14:21:39.966 [main] INFO  c.a.c.n.r.NacosContextRefresher - [registerNacosListener,129] - [Nacos Config] Listening config: dataId=oj-gateway, group=DEFAULT_GROUP
14:21:39.967 [main] INFO  c.a.n.c.c.i.ClientWorker - [addCacheDataIfAbsent,380] - [fixed-62113bd0-93ee-4621-9b30-60de09bd5520-localhost_8848] [subscribe] oj-gateway.yaml+DEFAULT_GROUP+62113bd0-93ee-4621-9b30-60de09bd5520
14:21:39.967 [main] INFO  c.a.n.c.c.i.CacheData - [addListener,197] - [fixed-62113bd0-93ee-4621-9b30-60de09bd5520-localhost_8848] [add-listener] ok, tenant=62113bd0-93ee-4621-9b30-60de09bd5520, dataId=oj-gateway.yaml, group=DEFAULT_GROUP, cnt=1
14:21:39.967 [main] INFO  c.a.c.n.r.NacosContextRefresher - [registerNacosListener,129] - [Nacos Config] Listening config: dataId=oj-gateway.yaml, group=DEFAULT_GROUP
14:25:26.716 [nacos-grpc-client-executor-localhost-90] INFO  c.a.n.c.r.client - [printIfInfoEnabled,63] - [fbdfc73e-06b2-4c46-a740-b3adf50e1795_config-0] Receive server push request, request = ConfigChangeNotifyRequest, requestId = 1
14:25:26.716 [nacos-grpc-client-executor-localhost-90] INFO  c.a.n.c.c.i.ClientWorker - [lambda$initRpcClientHandler$0,606] - [fbdfc73e-06b2-4c46-a740-b3adf50e1795_config-0] [server-push] config changed. dataId=oj-gateway-local.yaml, group=DEFAULT_GROUP,tenant=62113bd0-93ee-4621-9b30-60de09bd5520
14:25:26.716 [nacos-grpc-client-executor-localhost-90] INFO  c.a.n.c.r.client - [printIfInfoEnabled,63] - [fbdfc73e-06b2-4c46-a740-b3adf50e1795_config-0] Ack server push request, request = ConfigChangeNotifyRequest, requestId = 1
14:25:26.739 [com.alibaba.nacos.client.Worker] INFO  c.a.n.c.c.i.ClientWorker - [refreshContentAndCheck,449] - [fixed-62113bd0-93ee-4621-9b30-60de09bd5520-localhost_8848] [data-received] dataId=oj-gateway-local.yaml, group=DEFAULT_GROUP, tenant=62113bd0-93ee-4621-9b30-60de09bd5520, md5=98e22749bd5f64303cfdf3c834013668, content=
server:
  port: 19090
spring:
  data:
    redis:
      host: localhost
      password: 2001
  cloud..., type=yaml
14:25:26.741 [com.alibaba.nacos.client.Worker] INFO  c.a.n.c.c.i.CacheData - [safeNotifyListener,383] - [fixed-62113bd0-93ee-4621-9b30-60de09bd5520-localhost_8848] [notify-listener] time cost=1ms in ClientWorker, dataId=oj-gateway-local.yaml, group=DEFAULT_GROUP, md5=98e22749bd5f64303cfdf3c834013668, listener=com.alibaba.cloud.nacos.refresh.NacosContextRefresher$1@dfd8409 
14:25:26.741 [nacos.client.cachedata.internal.notifier] INFO  c.a.n.c.c.i.CacheData - [lambda$safeNotifyListener$1,319] - [fixed-62113bd0-93ee-4621-9b30-60de09bd5520-localhost_8848] [notify-context] dataId=oj-gateway-local.yaml, group=DEFAULT_GROUP, md5=98e22749bd5f64303cfdf3c834013668
14:25:27.413 [nacos.client.cachedata.internal.notifier] INFO  o.s.c.b.c.PropertySourceBootstrapConfiguration - [initialize,108] - Located property source: [BootstrapPropertySource {name='bootstrapProperties-oj-gateway-local.yaml,DEFAULT_GROUP'}, BootstrapPropertySource {name='bootstrapProperties-oj-gateway.yaml,DEFAULT_GROUP'}, BootstrapPropertySource {name='bootstrapProperties-oj-gateway,DEFAULT_GROUP'}]
14:25:27.418 [nacos.client.cachedata.internal.notifier] INFO  o.s.b.SpringApplication - [logStartupProfileInfo,636] - The following 1 profile is active: "local"
14:25:27.423 [nacos.client.cachedata.internal.notifier] INFO  o.s.b.SpringApplication - [logStarted,57] - Started application in 0.675 seconds (process running for 243.046)
14:25:27.491 [nacos.client.cachedata.internal.notifier] INFO  o.s.c.e.e.RefreshEventListener - [handle,73] - Refresh keys changed: [security.ignore.whites[3]]
14:25:27.492 [nacos.client.cachedata.internal.notifier] INFO  c.a.n.c.c.i.CacheData - [lambda$safeNotifyListener$1,345] - [fixed-62113bd0-93ee-4621-9b30-60de09bd5520-localhost_8848] [notify-ok] dataId=oj-gateway-local.yaml, group=DEFAULT_GROUP, md5=98e22749bd5f64303cfdf3c834013668, listener=com.alibaba.cloud.nacos.refresh.NacosContextRefresher$1@dfd8409 ,cost=751 millis.
14:53:41.824 [boundedElastic-2] INFO  c.a.n.client.naming - [subscribe,167] - [SUBSCRIBE-SERVICE] service:oj-friend, group:DEFAULT_GROUP, clusters: 
14:53:41.824 [boundedElastic-1] INFO  c.a.n.client.naming - [subscribe,167] - [SUBSCRIBE-SERVICE] service:oj-friend, group:DEFAULT_GROUP, clusters: 
14:53:41.865 [boundedElastic-1] INFO  c.a.n.client.naming - [isChangedServiceInfo,184] - init new ips(1) service: DEFAULT_GROUP@@oj-friend -> [{"ip":"192.168.137.1","port":9202,"weight":1.0,"healthy":true,"enabled":true,"ephemeral":true,"clusterName":"DEFAULT","serviceName":"DEFAULT_GROUP@@oj-friend","metadata":{"preserved.register.source":"SPRING_CLOUD"},"instanceHeartBeatTimeOut":15000,"instanceHeartBeatInterval":5000,"ipDeleteTimeout":30000}]
14:53:41.865 [boundedElastic-2] INFO  c.a.n.client.naming - [isChangedServiceInfo,184] - init new ips(1) service: DEFAULT_GROUP@@oj-friend -> [{"ip":"192.168.137.1","port":9202,"weight":1.0,"healthy":true,"enabled":true,"ephemeral":true,"clusterName":"DEFAULT","serviceName":"DEFAULT_GROUP@@oj-friend","metadata":{"preserved.register.source":"SPRING_CLOUD"},"instanceHeartBeatTimeOut":15000,"instanceHeartBeatInterval":5000,"ipDeleteTimeout":30000}]
14:53:41.867 [boundedElastic-1] INFO  c.a.n.client.naming - [processServiceInfo,169] - current ips:(1) service: DEFAULT_GROUP@@oj-friend -> [{"ip":"192.168.137.1","port":9202,"weight":1.0,"healthy":true,"enabled":true,"ephemeral":true,"clusterName":"DEFAULT","serviceName":"DEFAULT_GROUP@@oj-friend","metadata":{"preserved.register.source":"SPRING_CLOUD"},"instanceHeartBeatTimeOut":15000,"instanceHeartBeatInterval":5000,"ipDeleteTimeout":30000}]
14:53:41.867 [boundedElastic-2] INFO  c.a.n.client.naming - [processServiceInfo,169] - current ips:(1) service: DEFAULT_GROUP@@oj-friend -> [{"ip":"192.168.137.1","port":9202,"weight":1.0,"healthy":true,"enabled":true,"ephemeral":true,"clusterName":"DEFAULT","serviceName":"DEFAULT_GROUP@@oj-friend","metadata":{"preserved.register.source":"SPRING_CLOUD"},"instanceHeartBeatTimeOut":15000,"instanceHeartBeatInterval":5000,"ipDeleteTimeout":30000}]
14:53:42.453 [nacos-grpc-client-executor-localhost-429] INFO  c.a.n.c.r.client - [printIfInfoEnabled,63] - [595224ee-3085-415e-91da-63ba711a9542] Receive server push request, request = NotifySubscriberRequest, requestId = 2
14:53:42.455 [nacos-grpc-client-executor-localhost-429] INFO  c.a.n.c.r.client - [printIfInfoEnabled,63] - [595224ee-3085-415e-91da-63ba711a9542] Ack server push request, request = NotifySubscriberRequest, requestId = 2
14:54:27.904 [nacos-grpc-client-executor-localhost-438] INFO  c.a.n.c.r.client - [printIfInfoEnabled,63] - [595224ee-3085-415e-91da-63ba711a9542] Receive server push request, request = NotifySubscriberRequest, requestId = 3
14:54:27.905 [nacos-grpc-client-executor-localhost-438] INFO  c.a.n.client.naming - [isChangedServiceInfo,241] - removed ips(1) service: DEFAULT_GROUP@@oj-friend -> [{"ip":"192.168.137.1","port":9202,"weight":1.0,"healthy":true,"enabled":true,"ephemeral":true,"clusterName":"DEFAULT","serviceName":"DEFAULT_GROUP@@oj-friend","metadata":{"preserved.register.source":"SPRING_CLOUD"},"instanceHeartBeatTimeOut":15000,"instanceHeartBeatInterval":5000,"ipDeleteTimeout":30000}]
14:54:27.906 [nacos-grpc-client-executor-localhost-438] INFO  c.a.n.client.naming - [processServiceInfo,169] - current ips:(0) service: DEFAULT_GROUP@@oj-friend -> []
14:54:27.908 [nacos-grpc-client-executor-localhost-438] INFO  c.a.n.c.r.client - [printIfInfoEnabled,63] - [595224ee-3085-415e-91da-63ba711a9542] Ack server push request, request = NotifySubscriberRequest, requestId = 3
14:54:45.121 [nacos-grpc-client-executor-localhost-443] INFO  c.a.n.c.r.client - [printIfInfoEnabled,63] - [595224ee-3085-415e-91da-63ba711a9542] Receive server push request, request = NotifySubscriberRequest, requestId = 4
14:54:45.121 [nacos-grpc-client-executor-localhost-443] INFO  c.a.n.client.naming - [isChangedServiceInfo,235] - new ips(1) service: DEFAULT_GROUP@@oj-friend -> [{"ip":"192.168.137.1","port":9202,"weight":1.0,"healthy":true,"enabled":true,"ephemeral":true,"clusterName":"DEFAULT","serviceName":"DEFAULT_GROUP@@oj-friend","metadata":{"preserved.register.source":"SPRING_CLOUD"},"instanceHeartBeatTimeOut":15000,"instanceHeartBeatInterval":5000,"ipDeleteTimeout":30000}]
14:54:45.122 [nacos-grpc-client-executor-localhost-443] INFO  c.a.n.client.naming - [processServiceInfo,169] - current ips:(1) service: DEFAULT_GROUP@@oj-friend -> [{"ip":"192.168.137.1","port":9202,"weight":1.0,"healthy":true,"enabled":true,"ephemeral":true,"clusterName":"DEFAULT","serviceName":"DEFAULT_GROUP@@oj-friend","metadata":{"preserved.register.source":"SPRING_CLOUD"},"instanceHeartBeatTimeOut":15000,"instanceHeartBeatInterval":5000,"ipDeleteTimeout":30000}]
14:54:45.123 [nacos-grpc-client-executor-localhost-443] INFO  c.a.n.c.r.client - [printIfInfoEnabled,63] - [595224ee-3085-415e-91da-63ba711a9542] Ack server push request, request = NotifySubscriberRequest, requestId = 4
14:57:03.537 [nacos-grpc-client-executor-localhost-470] INFO  c.a.n.c.r.client - [printIfInfoEnabled,63] - [595224ee-3085-415e-91da-63ba711a9542] Receive server push request, request = NotifySubscriberRequest, requestId = 5
14:57:03.538 [nacos-grpc-client-executor-localhost-470] INFO  c.a.n.client.naming - [isChangedServiceInfo,241] - removed ips(1) service: DEFAULT_GROUP@@oj-friend -> [{"ip":"192.168.137.1","port":9202,"weight":1.0,"healthy":true,"enabled":true,"ephemeral":true,"clusterName":"DEFAULT","serviceName":"DEFAULT_GROUP@@oj-friend","metadata":{"preserved.register.source":"SPRING_CLOUD"},"instanceHeartBeatTimeOut":15000,"instanceHeartBeatInterval":5000,"ipDeleteTimeout":30000}]
14:57:03.538 [nacos-grpc-client-executor-localhost-470] INFO  c.a.n.client.naming - [processServiceInfo,169] - current ips:(0) service: DEFAULT_GROUP@@oj-friend -> []
14:57:03.539 [nacos-grpc-client-executor-localhost-470] INFO  c.a.n.c.r.client - [printIfInfoEnabled,63] - [595224ee-3085-415e-91da-63ba711a9542] Ack server push request, request = NotifySubscriberRequest, requestId = 5
14:57:18.202 [nacos-grpc-client-executor-localhost-473] INFO  c.a.n.c.r.client - [printIfInfoEnabled,63] - [595224ee-3085-415e-91da-63ba711a9542] Receive server push request, request = NotifySubscriberRequest, requestId = 6
14:57:18.203 [nacos-grpc-client-executor-localhost-473] INFO  c.a.n.client.naming - [isChangedServiceInfo,235] - new ips(1) service: DEFAULT_GROUP@@oj-friend -> [{"ip":"192.168.137.1","port":9202,"weight":1.0,"healthy":true,"enabled":true,"ephemeral":true,"clusterName":"DEFAULT","serviceName":"DEFAULT_GROUP@@oj-friend","metadata":{"preserved.register.source":"SPRING_CLOUD"},"instanceHeartBeatTimeOut":15000,"instanceHeartBeatInterval":5000,"ipDeleteTimeout":30000}]
14:57:18.205 [nacos-grpc-client-executor-localhost-473] INFO  c.a.n.client.naming - [processServiceInfo,169] - current ips:(1) service: DEFAULT_GROUP@@oj-friend -> [{"ip":"192.168.137.1","port":9202,"weight":1.0,"healthy":true,"enabled":true,"ephemeral":true,"clusterName":"DEFAULT","serviceName":"DEFAULT_GROUP@@oj-friend","metadata":{"preserved.register.source":"SPRING_CLOUD"},"instanceHeartBeatTimeOut":15000,"instanceHeartBeatInterval":5000,"ipDeleteTimeout":30000}]
14:57:18.208 [nacos-grpc-client-executor-localhost-473] INFO  c.a.n.c.r.client - [printIfInfoEnabled,63] - [595224ee-3085-415e-91da-63ba711a9542] Ack server push request, request = NotifySubscriberRequest, requestId = 6
14:59:44.788 [nacos-grpc-client-executor-localhost-504] INFO  c.a.n.c.r.client - [printIfInfoEnabled,63] - [595224ee-3085-415e-91da-63ba711a9542] Receive server push request, request = NotifySubscriberRequest, requestId = 7
14:59:44.789 [nacos-grpc-client-executor-localhost-504] INFO  c.a.n.client.naming - [isChangedServiceInfo,241] - removed ips(1) service: DEFAULT_GROUP@@oj-friend -> [{"ip":"192.168.137.1","port":9202,"weight":1.0,"healthy":true,"enabled":true,"ephemeral":true,"clusterName":"DEFAULT","serviceName":"DEFAULT_GROUP@@oj-friend","metadata":{"preserved.register.source":"SPRING_CLOUD"},"instanceHeartBeatTimeOut":15000,"instanceHeartBeatInterval":5000,"ipDeleteTimeout":30000}]
14:59:44.789 [nacos-grpc-client-executor-localhost-504] INFO  c.a.n.client.naming - [processServiceInfo,169] - current ips:(0) service: DEFAULT_GROUP@@oj-friend -> []
14:59:44.791 [nacos-grpc-client-executor-localhost-504] INFO  c.a.n.c.r.client - [printIfInfoEnabled,63] - [595224ee-3085-415e-91da-63ba711a9542] Ack server push request, request = NotifySubscriberRequest, requestId = 7
14:59:58.630 [nacos-grpc-client-executor-localhost-506] INFO  c.a.n.c.r.client - [printIfInfoEnabled,63] - [595224ee-3085-415e-91da-63ba711a9542] Receive server push request, request = NotifySubscriberRequest, requestId = 8
14:59:58.631 [nacos-grpc-client-executor-localhost-506] INFO  c.a.n.client.naming - [isChangedServiceInfo,235] - new ips(1) service: DEFAULT_GROUP@@oj-friend -> [{"ip":"192.168.137.1","port":9202,"weight":1.0,"healthy":true,"enabled":true,"ephemeral":true,"clusterName":"DEFAULT","serviceName":"DEFAULT_GROUP@@oj-friend","metadata":{"preserved.register.source":"SPRING_CLOUD"},"instanceHeartBeatTimeOut":15000,"instanceHeartBeatInterval":5000,"ipDeleteTimeout":30000}]
14:59:58.632 [nacos-grpc-client-executor-localhost-506] INFO  c.a.n.client.naming - [processServiceInfo,169] - current ips:(1) service: DEFAULT_GROUP@@oj-friend -> [{"ip":"192.168.137.1","port":9202,"weight":1.0,"healthy":true,"enabled":true,"ephemeral":true,"clusterName":"DEFAULT","serviceName":"DEFAULT_GROUP@@oj-friend","metadata":{"preserved.register.source":"SPRING_CLOUD"},"instanceHeartBeatTimeOut":15000,"instanceHeartBeatInterval":5000,"ipDeleteTimeout":30000}]
14:59:58.635 [nacos-grpc-client-executor-localhost-506] INFO  c.a.n.c.r.client - [printIfInfoEnabled,63] - [595224ee-3085-415e-91da-63ba711a9542] Ack server push request, request = NotifySubscriberRequest, requestId = 8
15:01:26.394 [nacos-grpc-client-executor-localhost-524] INFO  c.a.n.c.r.client - [printIfInfoEnabled,63] - [595224ee-3085-415e-91da-63ba711a9542] Receive server push request, request = NotifySubscriberRequest, requestId = 9
15:01:26.396 [nacos-grpc-client-executor-localhost-524] INFO  c.a.n.client.naming - [isChangedServiceInfo,241] - removed ips(1) service: DEFAULT_GROUP@@oj-friend -> [{"ip":"192.168.137.1","port":9202,"weight":1.0,"healthy":true,"enabled":true,"ephemeral":true,"clusterName":"DEFAULT","serviceName":"DEFAULT_GROUP@@oj-friend","metadata":{"preserved.register.source":"SPRING_CLOUD"},"instanceHeartBeatTimeOut":15000,"instanceHeartBeatInterval":5000,"ipDeleteTimeout":30000}]
15:01:26.398 [nacos-grpc-client-executor-localhost-524] INFO  c.a.n.client.naming - [processServiceInfo,169] - current ips:(0) service: DEFAULT_GROUP@@oj-friend -> []
15:01:26.402 [nacos-grpc-client-executor-localhost-524] INFO  c.a.n.c.r.client - [printIfInfoEnabled,63] - [595224ee-3085-415e-91da-63ba711a9542] Ack server push request, request = NotifySubscriberRequest, requestId = 9
15:02:00.285 [nacos-grpc-client-executor-localhost-531] INFO  c.a.n.c.r.client - [printIfInfoEnabled,63] - [595224ee-3085-415e-91da-63ba711a9542] Receive server push request, request = NotifySubscriberRequest, requestId = 10
15:02:00.286 [nacos-grpc-client-executor-localhost-531] INFO  c.a.n.client.naming - [isChangedServiceInfo,235] - new ips(1) service: DEFAULT_GROUP@@oj-friend -> [{"ip":"192.168.137.1","port":9202,"weight":1.0,"healthy":true,"enabled":true,"ephemeral":true,"clusterName":"DEFAULT","serviceName":"DEFAULT_GROUP@@oj-friend","metadata":{"preserved.register.source":"SPRING_CLOUD"},"instanceHeartBeatTimeOut":15000,"instanceHeartBeatInterval":5000,"ipDeleteTimeout":30000}]
15:02:00.286 [nacos-grpc-client-executor-localhost-531] INFO  c.a.n.client.naming - [processServiceInfo,169] - current ips:(1) service: DEFAULT_GROUP@@oj-friend -> [{"ip":"192.168.137.1","port":9202,"weight":1.0,"healthy":true,"enabled":true,"ephemeral":true,"clusterName":"DEFAULT","serviceName":"DEFAULT_GROUP@@oj-friend","metadata":{"preserved.register.source":"SPRING_CLOUD"},"instanceHeartBeatTimeOut":15000,"instanceHeartBeatInterval":5000,"ipDeleteTimeout":30000}]
15:02:00.288 [nacos-grpc-client-executor-localhost-531] INFO  c.a.n.c.r.client - [printIfInfoEnabled,63] - [595224ee-3085-415e-91da-63ba711a9542] Ack server push request, request = NotifySubscriberRequest, requestId = 10
15:58:31.833 [nacos-grpc-client-executor-localhost-1217] INFO  c.a.n.c.r.client - [printIfInfoEnabled,63] - [595224ee-3085-415e-91da-63ba711a9542] Receive server push request, request = NotifySubscriberRequest, requestId = 11
15:58:31.842 [nacos-grpc-client-executor-localhost-1217] INFO  c.a.n.client.naming - [isChangedServiceInfo,241] - removed ips(1) service: DEFAULT_GROUP@@oj-friend -> [{"ip":"192.168.137.1","port":9202,"weight":1.0,"healthy":true,"enabled":true,"ephemeral":true,"clusterName":"DEFAULT","serviceName":"DEFAULT_GROUP@@oj-friend","metadata":{"preserved.register.source":"SPRING_CLOUD"},"instanceHeartBeatTimeOut":15000,"instanceHeartBeatInterval":5000,"ipDeleteTimeout":30000}]
15:58:31.843 [nacos-grpc-client-executor-localhost-1217] INFO  c.a.n.client.naming - [processServiceInfo,169] - current ips:(0) service: DEFAULT_GROUP@@oj-friend -> []
15:58:31.847 [nacos-grpc-client-executor-localhost-1217] INFO  c.a.n.c.r.client - [printIfInfoEnabled,63] - [595224ee-3085-415e-91da-63ba711a9542] Ack server push request, request = NotifySubscriberRequest, requestId = 11
15:58:59.711 [nacos-grpc-client-executor-localhost-1223] INFO  c.a.n.c.r.client - [printIfInfoEnabled,63] - [595224ee-3085-415e-91da-63ba711a9542] Receive server push request, request = NotifySubscriberRequest, requestId = 12
15:58:59.711 [nacos-grpc-client-executor-localhost-1223] INFO  c.a.n.client.naming - [isChangedServiceInfo,235] - new ips(1) service: DEFAULT_GROUP@@oj-friend -> [{"ip":"192.168.137.1","port":9202,"weight":1.0,"healthy":true,"enabled":true,"ephemeral":true,"clusterName":"DEFAULT","serviceName":"DEFAULT_GROUP@@oj-friend","metadata":{"preserved.register.source":"SPRING_CLOUD"},"instanceHeartBeatTimeOut":15000,"instanceHeartBeatInterval":5000,"ipDeleteTimeout":30000}]
15:58:59.712 [nacos-grpc-client-executor-localhost-1223] INFO  c.a.n.client.naming - [processServiceInfo,169] - current ips:(1) service: DEFAULT_GROUP@@oj-friend -> [{"ip":"192.168.137.1","port":9202,"weight":1.0,"healthy":true,"enabled":true,"ephemeral":true,"clusterName":"DEFAULT","serviceName":"DEFAULT_GROUP@@oj-friend","metadata":{"preserved.register.source":"SPRING_CLOUD"},"instanceHeartBeatTimeOut":15000,"instanceHeartBeatInterval":5000,"ipDeleteTimeout":30000}]
15:58:59.714 [nacos-grpc-client-executor-localhost-1223] INFO  c.a.n.c.r.client - [printIfInfoEnabled,63] - [595224ee-3085-415e-91da-63ba711a9542] Ack server push request, request = NotifySubscriberRequest, requestId = 12
16:01:22.507 [nacos-grpc-client-executor-localhost-1252] INFO  c.a.n.c.r.client - [printIfInfoEnabled,63] - [595224ee-3085-415e-91da-63ba711a9542] Receive server push request, request = NotifySubscriberRequest, requestId = 13
16:01:22.508 [nacos-grpc-client-executor-localhost-1252] INFO  c.a.n.client.naming - [isChangedServiceInfo,241] - removed ips(1) service: DEFAULT_GROUP@@oj-friend -> [{"ip":"192.168.137.1","port":9202,"weight":1.0,"healthy":true,"enabled":true,"ephemeral":true,"clusterName":"DEFAULT","serviceName":"DEFAULT_GROUP@@oj-friend","metadata":{"preserved.register.source":"SPRING_CLOUD"},"instanceHeartBeatTimeOut":15000,"instanceHeartBeatInterval":5000,"ipDeleteTimeout":30000}]
16:01:22.509 [nacos-grpc-client-executor-localhost-1252] INFO  c.a.n.client.naming - [processServiceInfo,169] - current ips:(0) service: DEFAULT_GROUP@@oj-friend -> []
16:01:22.510 [nacos-grpc-client-executor-localhost-1252] INFO  c.a.n.c.r.client - [printIfInfoEnabled,63] - [595224ee-3085-415e-91da-63ba711a9542] Ack server push request, request = NotifySubscriberRequest, requestId = 13
16:01:38.921 [nacos-grpc-client-executor-localhost-1255] INFO  c.a.n.c.r.client - [printIfInfoEnabled,63] - [595224ee-3085-415e-91da-63ba711a9542] Receive server push request, request = NotifySubscriberRequest, requestId = 14
16:01:38.922 [nacos-grpc-client-executor-localhost-1255] INFO  c.a.n.client.naming - [isChangedServiceInfo,235] - new ips(1) service: DEFAULT_GROUP@@oj-friend -> [{"ip":"192.168.137.1","port":9202,"weight":1.0,"healthy":true,"enabled":true,"ephemeral":true,"clusterName":"DEFAULT","serviceName":"DEFAULT_GROUP@@oj-friend","metadata":{"preserved.register.source":"SPRING_CLOUD"},"instanceHeartBeatTimeOut":15000,"instanceHeartBeatInterval":5000,"ipDeleteTimeout":30000}]
16:01:38.922 [nacos-grpc-client-executor-localhost-1255] INFO  c.a.n.client.naming - [processServiceInfo,169] - current ips:(1) service: DEFAULT_GROUP@@oj-friend -> [{"ip":"192.168.137.1","port":9202,"weight":1.0,"healthy":true,"enabled":true,"ephemeral":true,"clusterName":"DEFAULT","serviceName":"DEFAULT_GROUP@@oj-friend","metadata":{"preserved.register.source":"SPRING_CLOUD"},"instanceHeartBeatTimeOut":15000,"instanceHeartBeatInterval":5000,"ipDeleteTimeout":30000}]
16:01:38.923 [nacos-grpc-client-executor-localhost-1255] INFO  c.a.n.c.r.client - [printIfInfoEnabled,63] - [595224ee-3085-415e-91da-63ba711a9542] Ack server push request, request = NotifySubscriberRequest, requestId = 14
16:06:23.395 [nacos-grpc-client-executor-localhost-1312] INFO  c.a.n.c.r.client - [printIfInfoEnabled,63] - [595224ee-3085-415e-91da-63ba711a9542] Receive server push request, request = NotifySubscriberRequest, requestId = 15
16:06:23.396 [nacos-grpc-client-executor-localhost-1312] INFO  c.a.n.client.naming - [isChangedServiceInfo,241] - removed ips(1) service: DEFAULT_GROUP@@oj-friend -> [{"ip":"192.168.137.1","port":9202,"weight":1.0,"healthy":true,"enabled":true,"ephemeral":true,"clusterName":"DEFAULT","serviceName":"DEFAULT_GROUP@@oj-friend","metadata":{"preserved.register.source":"SPRING_CLOUD"},"instanceHeartBeatTimeOut":15000,"instanceHeartBeatInterval":5000,"ipDeleteTimeout":30000}]
16:06:23.399 [nacos-grpc-client-executor-localhost-1312] INFO  c.a.n.client.naming - [processServiceInfo,169] - current ips:(0) service: DEFAULT_GROUP@@oj-friend -> []
16:06:23.402 [nacos-grpc-client-executor-localhost-1312] INFO  c.a.n.c.r.client - [printIfInfoEnabled,63] - [595224ee-3085-415e-91da-63ba711a9542] Ack server push request, request = NotifySubscriberRequest, requestId = 15
16:07:55.883 [nacos-grpc-client-executor-localhost-1330] INFO  c.a.n.c.r.client - [printIfInfoEnabled,63] - [595224ee-3085-415e-91da-63ba711a9542] Receive server push request, request = NotifySubscriberRequest, requestId = 16
16:07:55.884 [nacos-grpc-client-executor-localhost-1330] INFO  c.a.n.client.naming - [isChangedServiceInfo,235] - new ips(1) service: DEFAULT_GROUP@@oj-friend -> [{"ip":"192.168.137.1","port":9202,"weight":1.0,"healthy":true,"enabled":true,"ephemeral":true,"clusterName":"DEFAULT","serviceName":"DEFAULT_GROUP@@oj-friend","metadata":{"preserved.register.source":"SPRING_CLOUD"},"instanceHeartBeatTimeOut":15000,"instanceHeartBeatInterval":5000,"ipDeleteTimeout":30000}]
16:07:55.885 [nacos-grpc-client-executor-localhost-1330] INFO  c.a.n.client.naming - [processServiceInfo,169] - current ips:(1) service: DEFAULT_GROUP@@oj-friend -> [{"ip":"192.168.137.1","port":9202,"weight":1.0,"healthy":true,"enabled":true,"ephemeral":true,"clusterName":"DEFAULT","serviceName":"DEFAULT_GROUP@@oj-friend","metadata":{"preserved.register.source":"SPRING_CLOUD"},"instanceHeartBeatTimeOut":15000,"instanceHeartBeatInterval":5000,"ipDeleteTimeout":30000}]
16:07:55.888 [nacos-grpc-client-executor-localhost-1330] INFO  c.a.n.c.r.client - [printIfInfoEnabled,63] - [595224ee-3085-415e-91da-63ba711a9542] Ack server push request, request = NotifySubscriberRequest, requestId = 16
16:17:38.975 [SpringApplicationShutdownHook] INFO  c.a.c.n.r.NacosServiceRegistry - [deregister,95] - De-registering from Nacos Server now...
16:17:38.975 [SpringApplicationShutdownHook] INFO  c.a.n.client.naming - [deregisterService,217] - [DEREGISTER-SERVICE] 62113bd0-93ee-4621-9b30-60de09bd5520 deregistering service oj-gateway with instance: Instance{instanceId='null', ip='192.168.137.1', port=19090, weight=1.0, healthy=true, enabled=true, ephemeral=true, clusterName='DEFAULT', serviceName='null', metadata={}}
16:17:38.980 [SpringApplicationShutdownHook] INFO  c.a.c.n.r.NacosServiceRegistry - [deregister,115] - De-registration finished.
16:17:38.981 [SpringApplicationShutdownHook] INFO  c.a.n.client.naming - [shutdown,256] - com.alibaba.nacos.client.naming.cache.ServiceInfoHolder do shutdown begin
16:17:38.981 [SpringApplicationShutdownHook] INFO  c.a.n.client.naming - [shutdown,136] - com.alibaba.nacos.client.naming.backups.FailoverReactor do shutdown begin
16:17:38.981 [SpringApplicationShutdownHook] INFO  c.a.n.client.naming - [shutdown,138] - com.alibaba.nacos.client.naming.backups.FailoverReactor do shutdown stop
16:17:38.982 [SpringApplicationShutdownHook] INFO  c.a.n.client.naming - [shutdown,258] - com.alibaba.nacos.client.naming.cache.ServiceInfoHolder do shutdown stop
16:17:38.982 [SpringApplicationShutdownHook] INFO  c.a.n.client.naming - [shutdown,204] - com.alibaba.nacos.client.naming.remote.NamingClientProxyDelegate do shutdown begin
16:17:38.982 [SpringApplicationShutdownHook] INFO  c.a.n.client.naming - [shutdown,143] - com.alibaba.nacos.client.naming.core.ServiceInfoUpdateService do shutdown begin
16:17:38.982 [SpringApplicationShutdownHook] INFO  c.a.n.client.naming - [shutdown,145] - com.alibaba.nacos.client.naming.core.ServiceInfoUpdateService do shutdown stop
16:17:38.982 [SpringApplicationShutdownHook] INFO  c.a.n.client.naming - [shutdown,194] - com.alibaba.nacos.client.naming.core.ServerListManager do shutdown begin
16:17:38.982 [SpringApplicationShutdownHook] INFO  c.a.n.client.naming - [shutdown,199] - com.alibaba.nacos.client.naming.core.ServerListManager do shutdown stop
16:17:38.982 [SpringApplicationShutdownHook] INFO  c.a.n.client.naming - [shutdown,484] - com.alibaba.nacos.client.naming.remote.http.NamingHttpClientProxy do shutdown begin
16:17:38.983 [SpringApplicationShutdownHook] INFO  c.a.n.client.naming - [shutdown,486] - com.alibaba.nacos.client.naming.remote.http.NamingHttpClientProxy do shutdown stop
16:17:38.983 [SpringApplicationShutdownHook] INFO  c.a.n.c.r.client - [shutdown,429] - Shutdown rpc client, set status to shutdown
16:17:38.983 [SpringApplicationShutdownHook] INFO  c.a.n.c.r.client - [shutdown,431] - Shutdown client event executor java.util.concurrent.ScheduledThreadPoolExecutor@7b35a6b9[Running, pool size = 2, active threads = 2, queued tasks = 0, completed tasks = 0]
16:17:38.984 [SpringApplicationShutdownHook] INFO  c.a.n.c.r.client - [closeConnection,584] - Close current connection 1739600499665_172.17.0.1_51136
16:17:38.986 [nacos-grpc-client-executor-localhost-1448] INFO  c.a.n.c.r.c.g.GrpcClient - [printIfInfoEnabled,63] - [1739600499665_172.17.0.1_51136]Ignore complete event,isRunning:false,isAbandon=false
16:17:38.992 [SpringApplicationShutdownHook] INFO  c.a.n.c.r.c.g.GrpcClient - [shutdown,159] - Shutdown grpc executor java.util.concurrent.ThreadPoolExecutor@1baa7cf7[Running, pool size = 4, active threads = 0, queued tasks = 0, completed tasks = 1449]
16:17:38.993 [SpringApplicationShutdownHook] INFO  c.a.n.client.naming - [shutdown,318] - Shutdown grpc redo service executor java.util.concurrent.ScheduledThreadPoolExecutor@7ea789a6[Running, pool size = 1, active threads = 0, queued tasks = 1, completed tasks = 2313]
16:17:38.994 [SpringApplicationShutdownHook] INFO  c.a.n.c.a.r.i.CredentialWatcher - [stop,106] - [null] CredentialWatcher is stopped
16:17:38.994 [SpringApplicationShutdownHook] INFO  c.a.n.c.a.r.i.CredentialService - [free,100] - [null] CredentialService is freed
16:17:38.995 [SpringApplicationShutdownHook] INFO  c.a.n.client.naming - [shutdown,211] - com.alibaba.nacos.client.naming.remote.NamingClientProxyDelegate do shutdown stop
16:17:39.572 [com.alibaba.nacos.client.Worker] INFO  c.a.n.c.a.r.i.CredentialWatcher - [loadCredential,165] - null No credential found
16:17:53.149 [background-preinit] INFO  o.h.v.i.util.Version - [<clinit>,21] - HV000001: Hibernate Validator 8.0.0.Final
16:17:53.517 [main] INFO  c.a.n.c.u.ParamUtil - [<clinit>,87] - [settings] [req-serv] nacos-server port:8848
16:17:53.518 [main] INFO  c.a.n.c.u.ParamUtil - [<clinit>,98] - [settings] [http-client] connect timeout:1000
16:17:53.519 [main] INFO  c.a.n.c.u.ParamUtil - [<clinit>,105] - PER_TASK_CONFIG_SIZE: 3000.0
16:17:53.556 [main] INFO  c.a.n.p.a.s.c.ClientAuthPluginManager - [init,56] - [ClientAuthPluginManager] Load ClientAuthService com.alibaba.nacos.client.auth.impl.NacosClientAuthServiceImpl success.
16:17:53.557 [main] INFO  c.a.n.p.a.s.c.ClientAuthPluginManager - [init,56] - [ClientAuthPluginManager] Load ClientAuthService com.alibaba.nacos.client.auth.ram.RamClientAuthServiceImpl success.
16:17:53.560 [main] INFO  c.a.n.c.a.r.i.CredentialWatcher - [loadCredential,165] - null No credential found
16:17:54.195 [main] INFO  c.a.n.c.c.i.LocalConfigInfoProcessor - [<clinit>,63] - LOCAL_SNAPSHOT_PATH:C:\Users\Administrator\nacos\config
16:17:54.200 [main] INFO  c.a.n.c.r.client - [lambda$createClient$0,108] - [RpcClientFactory] create a new rpc client of 73ef6129-427d-4ddb-be84-ea1b81b6203f_config-0
16:17:54.221 [main] INFO  c.a.n.c.r.client - [printIfInfoEnabled,63] - [73ef6129-427d-4ddb-be84-ea1b81b6203f_config-0] Register server push request handler:com.alibaba.nacos.client.config.impl.ClientWorker$ConfigRpcTransportClient$$Lambda$562/0x0000026107361ee8
16:17:54.222 [main] INFO  c.a.n.c.r.client - [printIfInfoEnabled,63] - [73ef6129-427d-4ddb-be84-ea1b81b6203f_config-0] Register server push request handler:com.alibaba.nacos.client.config.impl.ClientWorker$ConfigRpcTransportClient$$Lambda$563/0x0000026107362308
16:17:54.222 [main] INFO  c.a.n.c.r.client - [printIfInfoEnabled,63] - [73ef6129-427d-4ddb-be84-ea1b81b6203f_config-0] Registry connection listener to current client:com.alibaba.nacos.client.config.impl.ClientWorker$ConfigRpcTransportClient$1
16:17:54.223 [main] INFO  c.a.n.c.r.client - [printIfInfoEnabled,63] - [73ef6129-427d-4ddb-be84-ea1b81b6203f_config-0] RpcClient init, ServerListFactory = com.alibaba.nacos.client.config.impl.ClientWorker$ConfigRpcTransportClient$2
16:17:54.232 [main] INFO  c.a.n.c.r.client - [printIfInfoEnabled,63] - [73ef6129-427d-4ddb-be84-ea1b81b6203f_config-0] Try to connect to server on start up, server: {serverIp = 'localhost', server main port = 8848}
16:17:54.280 [main] INFO  c.a.n.c.r.c.g.GrpcClient - [createNewManagedChannel,182] - grpc client connection server:localhost ip,serverPort:9848,grpcTslConfig:{"sslProvider":"OPENSSL","enableTls":false,"mutualAuthEnable":false,"trustAll":false}
16:17:55.781 [main] INFO  c.a.n.c.r.client - [printIfInfoEnabled,63] - [73ef6129-427d-4ddb-be84-ea1b81b6203f_config-0] Success to connect to server [localhost:8848] on start up, connectionId = 1739607475573_172.17.0.1_49846
16:17:55.782 [com.alibaba.nacos.client.remote.worker] INFO  c.a.n.c.r.client - [printIfInfoEnabled,63] - [73ef6129-427d-4ddb-be84-ea1b81b6203f_config-0] Notify connected event to listeners.
16:17:55.783 [com.alibaba.nacos.client.remote.worker] INFO  c.a.n.c.c.i.ClientWorker - [onConnected,639] - [73ef6129-427d-4ddb-be84-ea1b81b6203f_config-0] Connected,notify listen context...
16:17:55.783 [main] INFO  c.a.n.c.r.client - [printIfInfoEnabled,63] - [73ef6129-427d-4ddb-be84-ea1b81b6203f_config-0] Register server push request handler:com.alibaba.nacos.common.remote.client.RpcClient$ConnectResetRequestHandler
16:17:55.783 [main] INFO  c.a.n.c.r.client - [printIfInfoEnabled,63] - [73ef6129-427d-4ddb-be84-ea1b81b6203f_config-0] Register server push request handler:com.alibaba.nacos.common.remote.client.RpcClient$$Lambda$583/0x00000261074a9448
16:17:55.828 [main] INFO  c.a.n.c.c.i.Limiter - [<clinit>,62] - limitTime:5.0
16:17:55.874 [main] INFO  c.a.n.c.c.u.JvmUtil - [<clinit>,54] - isMultiInstance:false
16:17:55.885 [main] INFO  o.s.c.b.c.PropertySourceBootstrapConfiguration - [initialize,108] - Located property source: [BootstrapPropertySource {name='bootstrapProperties-oj-gateway-local.yaml,DEFAULT_GROUP'}, BootstrapPropertySource {name='bootstrapProperties-oj-gateway.yaml,DEFAULT_GROUP'}, BootstrapPropertySource {name='bootstrapProperties-oj-gateway,DEFAULT_GROUP'}]
16:17:55.895 [main] INFO  c.f.g.OjGatewayApplication - [logStartupProfileInfo,636] - The following 1 profile is active: "local"
16:17:56.628 [main] INFO  o.s.d.r.c.RepositoryConfigurationDelegate - [multipleStoresDetected,294] - Multiple Spring Data modules found, entering strict repository configuration mode
16:17:56.632 [main] INFO  o.s.d.r.c.RepositoryConfigurationDelegate - [registerRepositoriesIn,138] - Bootstrapping Spring Data Redis repositories in DEFAULT mode.
16:17:56.657 [main] INFO  o.s.d.r.c.RepositoryConfigurationDelegate - [registerRepositoriesIn,208] - Finished Spring Data repository scanning in 9 ms. Found 0 Redis repository interfaces.
16:17:56.853 [main] INFO  o.s.c.c.s.GenericScope - [setSerializationId,282] - BeanFactory id=2a8b3cd7-0483-3a0c-9e5e-ab22ea20ac67
16:17:56.893 [main] INFO  o.s.c.s.PostProcessorRegistrationDelegate$BeanPostProcessorChecker - [postProcessAfterInitialization,409] - Bean 'org.springframework.cloud.client.loadbalancer.reactive.LoadBalancerBeanPostProcessorAutoConfiguration' of type [org.springframework.cloud.client.loadbalancer.reactive.LoadBalancerBeanPostProcessorAutoConfiguration] is not eligible for getting processed by all BeanPostProcessors (for example: not eligible for auto-proxying)
16:17:56.895 [main] INFO  o.s.c.s.PostProcessorRegistrationDelegate$BeanPostProcessorChecker - [postProcessAfterInitialization,409] - Bean 'org.springframework.cloud.client.loadbalancer.reactive.LoadBalancerBeanPostProcessorAutoConfiguration$ReactorDeferringLoadBalancerFilterConfig' of type [org.springframework.cloud.client.loadbalancer.reactive.LoadBalancerBeanPostProcessorAutoConfiguration$ReactorDeferringLoadBalancerFilterConfig] is not eligible for getting processed by all BeanPostProcessors (for example: not eligible for auto-proxying)
16:17:56.896 [main] INFO  o.s.c.s.PostProcessorRegistrationDelegate$BeanPostProcessorChecker - [postProcessAfterInitialization,409] - Bean 'reactorDeferringLoadBalancerExchangeFilterFunction' of type [org.springframework.cloud.client.loadbalancer.reactive.DeferringLoadBalancerExchangeFilterFunction] is not eligible for getting processed by all BeanPostProcessors (for example: not eligible for auto-proxying)
16:17:59.498 [main] INFO  o.s.c.g.r.RouteDefinitionRouteLocator - [lambda$initFactories$1,88] - Loaded RoutePredicateFactory [After]
16:17:59.499 [main] INFO  o.s.c.g.r.RouteDefinitionRouteLocator - [lambda$initFactories$1,88] - Loaded RoutePredicateFactory [Before]
16:17:59.499 [main] INFO  o.s.c.g.r.RouteDefinitionRouteLocator - [lambda$initFactories$1,88] - Loaded RoutePredicateFactory [Between]
16:17:59.499 [main] INFO  o.s.c.g.r.RouteDefinitionRouteLocator - [lambda$initFactories$1,88] - Loaded RoutePredicateFactory [Cookie]
16:17:59.499 [main] INFO  o.s.c.g.r.RouteDefinitionRouteLocator - [lambda$initFactories$1,88] - Loaded RoutePredicateFactory [Header]
16:17:59.499 [main] INFO  o.s.c.g.r.RouteDefinitionRouteLocator - [lambda$initFactories$1,88] - Loaded RoutePredicateFactory [Host]
16:17:59.499 [main] INFO  o.s.c.g.r.RouteDefinitionRouteLocator - [lambda$initFactories$1,88] - Loaded RoutePredicateFactory [Method]
16:17:59.499 [main] INFO  o.s.c.g.r.RouteDefinitionRouteLocator - [lambda$initFactories$1,88] - Loaded RoutePredicateFactory [Path]
16:17:59.499 [main] INFO  o.s.c.g.r.RouteDefinitionRouteLocator - [lambda$initFactories$1,88] - Loaded RoutePredicateFactory [Query]
16:17:59.499 [main] INFO  o.s.c.g.r.RouteDefinitionRouteLocator - [lambda$initFactories$1,88] - Loaded RoutePredicateFactory [ReadBody]
16:17:59.500 [main] INFO  o.s.c.g.r.RouteDefinitionRouteLocator - [lambda$initFactories$1,88] - Loaded RoutePredicateFactory [RemoteAddr]
16:17:59.500 [main] INFO  o.s.c.g.r.RouteDefinitionRouteLocator - [lambda$initFactories$1,88] - Loaded RoutePredicateFactory [XForwardedRemoteAddr]
16:17:59.500 [main] INFO  o.s.c.g.r.RouteDefinitionRouteLocator - [lambda$initFactories$1,88] - Loaded RoutePredicateFactory [Weight]
16:17:59.500 [main] INFO  o.s.c.g.r.RouteDefinitionRouteLocator - [lambda$initFactories$1,88] - Loaded RoutePredicateFactory [CloudFoundryRouteService]
16:18:00.505 [main] INFO  o.s.b.w.e.n.NettyWebServer - [start,111] - Netty started on port 19090
16:18:01.416 [main] INFO  c.a.n.client.naming - [initNamespaceForNaming,62] - initializer namespace from ans.namespace attribute : null
16:18:01.417 [main] INFO  c.a.n.client.naming - [lambda$initNamespaceForNaming$0,66] - initializer namespace from ALIBABA_ALIWARE_NAMESPACE attribute :null
16:18:01.417 [main] INFO  c.a.n.client.naming - [lambda$initNamespaceForNaming$1,73] - initializer namespace from namespace attribute :null
16:18:01.426 [main] INFO  c.a.n.p.a.s.c.ClientAuthPluginManager - [init,56] - [ClientAuthPluginManager] Load ClientAuthService com.alibaba.nacos.client.auth.impl.NacosClientAuthServiceImpl success.
16:18:01.426 [main] INFO  c.a.n.p.a.s.c.ClientAuthPluginManager - [init,56] - [ClientAuthPluginManager] Load ClientAuthService com.alibaba.nacos.client.auth.ram.RamClientAuthServiceImpl success.
16:18:01.431 [main] INFO  c.a.n.c.r.client - [lambda$createClient$0,108] - [RpcClientFactory] create a new rpc client of a74edc7c-33c1-4f76-bc9c-d5ba4bd3ccfc
16:18:01.433 [main] INFO  c.a.n.c.r.client - [printIfInfoEnabled,63] - [a74edc7c-33c1-4f76-bc9c-d5ba4bd3ccfc] RpcClient init, ServerListFactory = com.alibaba.nacos.client.naming.core.ServerListManager
16:18:01.434 [main] INFO  c.a.n.c.r.client - [printIfInfoEnabled,63] - [a74edc7c-33c1-4f76-bc9c-d5ba4bd3ccfc] Registry connection listener to current client:com.alibaba.nacos.client.naming.remote.gprc.redo.NamingGrpcRedoService
16:18:01.435 [main] INFO  c.a.n.c.r.client - [printIfInfoEnabled,63] - [a74edc7c-33c1-4f76-bc9c-d5ba4bd3ccfc] Register server push request handler:com.alibaba.nacos.client.naming.remote.gprc.NamingPushRequestHandler
16:18:01.435 [main] INFO  c.a.n.c.r.client - [printIfInfoEnabled,63] - [a74edc7c-33c1-4f76-bc9c-d5ba4bd3ccfc] Try to connect to server on start up, server: {serverIp = 'localhost', server main port = 8848}
16:18:01.436 [main] INFO  c.a.n.c.r.c.g.GrpcClient - [createNewManagedChannel,182] - grpc client connection server:localhost ip,serverPort:9848,grpcTslConfig:{"sslProvider":"OPENSSL","enableTls":false,"mutualAuthEnable":false,"trustAll":false}
16:18:01.567 [main] INFO  c.a.n.c.r.client - [printIfInfoEnabled,63] - [a74edc7c-33c1-4f76-bc9c-d5ba4bd3ccfc] Success to connect to server [localhost:8848] on start up, connectionId = 1739607481448_172.17.0.1_53420
16:18:01.568 [com.alibaba.nacos.client.remote.worker] INFO  c.a.n.c.r.client - [printIfInfoEnabled,63] - [a74edc7c-33c1-4f76-bc9c-d5ba4bd3ccfc] Notify connected event to listeners.
16:18:01.568 [main] INFO  c.a.n.c.r.client - [printIfInfoEnabled,63] - [a74edc7c-33c1-4f76-bc9c-d5ba4bd3ccfc] Register server push request handler:com.alibaba.nacos.common.remote.client.RpcClient$ConnectResetRequestHandler
16:18:01.568 [com.alibaba.nacos.client.remote.worker] INFO  c.a.n.client.naming - [onConnected,78] - Grpc connection connect
16:18:01.568 [main] INFO  c.a.n.c.r.client - [printIfInfoEnabled,63] - [a74edc7c-33c1-4f76-bc9c-d5ba4bd3ccfc] Register server push request handler:com.alibaba.nacos.common.remote.client.RpcClient$$Lambda$583/0x00000261074a9448
16:18:01.571 [main] INFO  c.a.n.client.naming - [registerService,121] - [REGISTER-SERVICE] 62113bd0-93ee-4621-9b30-60de09bd5520 registering service oj-gateway with instance Instance{instanceId='null', ip='192.168.137.1', port=19090, weight=1.0, healthy=true, enabled=true, ephemeral=true, clusterName='DEFAULT', serviceName='null', metadata={IPv6=null, preserved.register.source=SPRING_CLOUD}}
16:18:01.588 [main] INFO  c.a.c.n.r.NacosServiceRegistry - [register,76] - nacos registry, DEFAULT_GROUP oj-gateway 192.168.137.1:19090 register finished
16:18:01.654 [main] INFO  c.f.g.OjGatewayApplication - [logStarted,57] - Started OjGatewayApplication in 9.579 seconds (process running for 11.189)
16:18:01.660 [main] INFO  c.a.n.c.c.i.CacheData - [<clinit>,67] - nacos.cache.data.init.snapshot = true 
16:18:01.663 [main] INFO  c.a.n.c.c.i.ClientWorker - [addCacheDataIfAbsent,380] - [fixed-62113bd0-93ee-4621-9b30-60de09bd5520-localhost_8848] [subscribe] oj-gateway-local.yaml+DEFAULT_GROUP+62113bd0-93ee-4621-9b30-60de09bd5520
16:18:01.672 [main] INFO  c.a.n.c.c.i.CacheData - [addListener,197] - [fixed-62113bd0-93ee-4621-9b30-60de09bd5520-localhost_8848] [add-listener] ok, tenant=62113bd0-93ee-4621-9b30-60de09bd5520, dataId=oj-gateway-local.yaml, group=DEFAULT_GROUP, cnt=1
16:18:01.673 [main] INFO  c.a.c.n.r.NacosContextRefresher - [registerNacosListener,129] - [Nacos Config] Listening config: dataId=oj-gateway-local.yaml, group=DEFAULT_GROUP
16:18:01.675 [main] INFO  c.a.n.c.c.i.ClientWorker - [addCacheDataIfAbsent,380] - [fixed-62113bd0-93ee-4621-9b30-60de09bd5520-localhost_8848] [subscribe] oj-gateway+DEFAULT_GROUP+62113bd0-93ee-4621-9b30-60de09bd5520
16:18:01.675 [main] INFO  c.a.n.c.c.i.CacheData - [addListener,197] - [fixed-62113bd0-93ee-4621-9b30-60de09bd5520-localhost_8848] [add-listener] ok, tenant=62113bd0-93ee-4621-9b30-60de09bd5520, dataId=oj-gateway, group=DEFAULT_GROUP, cnt=1
16:18:01.675 [main] INFO  c.a.c.n.r.NacosContextRefresher - [registerNacosListener,129] - [Nacos Config] Listening config: dataId=oj-gateway, group=DEFAULT_GROUP
16:18:01.676 [main] INFO  c.a.n.c.c.i.ClientWorker - [addCacheDataIfAbsent,380] - [fixed-62113bd0-93ee-4621-9b30-60de09bd5520-localhost_8848] [subscribe] oj-gateway.yaml+DEFAULT_GROUP+62113bd0-93ee-4621-9b30-60de09bd5520
16:18:01.676 [main] INFO  c.a.n.c.c.i.CacheData - [addListener,197] - [fixed-62113bd0-93ee-4621-9b30-60de09bd5520-localhost_8848] [add-listener] ok, tenant=62113bd0-93ee-4621-9b30-60de09bd5520, dataId=oj-gateway.yaml, group=DEFAULT_GROUP, cnt=1
16:18:01.676 [main] INFO  c.a.c.n.r.NacosContextRefresher - [registerNacosListener,129] - [Nacos Config] Listening config: dataId=oj-gateway.yaml, group=DEFAULT_GROUP
16:18:20.919 [boundedElastic-2] INFO  c.a.n.client.naming - [subscribe,167] - [SUBSCRIBE-SERVICE] service:oj-friend, group:DEFAULT_GROUP, clusters: 
16:18:20.919 [boundedElastic-1] INFO  c.a.n.client.naming - [subscribe,167] - [SUBSCRIBE-SERVICE] service:oj-friend, group:DEFAULT_GROUP, clusters: 
16:18:21.009 [boundedElastic-2] INFO  c.a.n.client.naming - [isChangedServiceInfo,184] - init new ips(1) service: DEFAULT_GROUP@@oj-friend -> [{"ip":"192.168.137.1","port":9202,"weight":1.0,"healthy":true,"enabled":true,"ephemeral":true,"clusterName":"DEFAULT","serviceName":"DEFAULT_GROUP@@oj-friend","metadata":{"preserved.register.source":"SPRING_CLOUD"},"ipDeleteTimeout":30000,"instanceHeartBeatTimeOut":15000,"instanceHeartBeatInterval":5000}]
16:18:21.009 [boundedElastic-1] INFO  c.a.n.client.naming - [isChangedServiceInfo,184] - init new ips(1) service: DEFAULT_GROUP@@oj-friend -> [{"ip":"192.168.137.1","port":9202,"weight":1.0,"healthy":true,"enabled":true,"ephemeral":true,"clusterName":"DEFAULT","serviceName":"DEFAULT_GROUP@@oj-friend","metadata":{"preserved.register.source":"SPRING_CLOUD"},"ipDeleteTimeout":30000,"instanceHeartBeatTimeOut":15000,"instanceHeartBeatInterval":5000}]
16:18:21.011 [boundedElastic-1] INFO  c.a.n.client.naming - [processServiceInfo,169] - current ips:(1) service: DEFAULT_GROUP@@oj-friend -> [{"ip":"192.168.137.1","port":9202,"weight":1.0,"healthy":true,"enabled":true,"ephemeral":true,"clusterName":"DEFAULT","serviceName":"DEFAULT_GROUP@@oj-friend","metadata":{"preserved.register.source":"SPRING_CLOUD"},"ipDeleteTimeout":30000,"instanceHeartBeatTimeOut":15000,"instanceHeartBeatInterval":5000}]
16:18:21.011 [boundedElastic-2] INFO  c.a.n.client.naming - [processServiceInfo,169] - current ips:(1) service: DEFAULT_GROUP@@oj-friend -> [{"ip":"192.168.137.1","port":9202,"weight":1.0,"healthy":true,"enabled":true,"ephemeral":true,"clusterName":"DEFAULT","serviceName":"DEFAULT_GROUP@@oj-friend","metadata":{"preserved.register.source":"SPRING_CLOUD"},"ipDeleteTimeout":30000,"instanceHeartBeatTimeOut":15000,"instanceHeartBeatInterval":5000}]
16:18:21.573 [nacos-grpc-client-executor-localhost-15] INFO  c.a.n.c.r.client - [printIfInfoEnabled,63] - [a74edc7c-33c1-4f76-bc9c-d5ba4bd3ccfc] Receive server push request, request = NotifySubscriberRequest, requestId = 17
16:18:21.574 [nacos-grpc-client-executor-localhost-15] INFO  c.a.n.c.r.client - [printIfInfoEnabled,63] - [a74edc7c-33c1-4f76-bc9c-d5ba4bd3ccfc] Ack server push request, request = NotifySubscriberRequest, requestId = 17
16:52:13.599 [nacos-grpc-client-executor-localhost-446] INFO  c.a.n.c.r.client - [printIfInfoEnabled,63] - [a74edc7c-33c1-4f76-bc9c-d5ba4bd3ccfc] Receive server push request, request = NotifySubscriberRequest, requestId = 19
16:52:13.604 [nacos-grpc-client-executor-localhost-446] INFO  c.a.n.client.naming - [isChangedServiceInfo,241] - removed ips(1) service: DEFAULT_GROUP@@oj-friend -> [{"ip":"192.168.137.1","port":9202,"weight":1.0,"healthy":true,"enabled":true,"ephemeral":true,"clusterName":"DEFAULT","serviceName":"DEFAULT_GROUP@@oj-friend","metadata":{"preserved.register.source":"SPRING_CLOUD"},"ipDeleteTimeout":30000,"instanceHeartBeatTimeOut":15000,"instanceHeartBeatInterval":5000}]
16:52:13.605 [nacos-grpc-client-executor-localhost-446] INFO  c.a.n.client.naming - [processServiceInfo,169] - current ips:(0) service: DEFAULT_GROUP@@oj-friend -> []
16:52:13.610 [nacos-grpc-client-executor-localhost-446] INFO  c.a.n.c.r.client - [printIfInfoEnabled,63] - [a74edc7c-33c1-4f76-bc9c-d5ba4bd3ccfc] Ack server push request, request = NotifySubscriberRequest, requestId = 19
16:52:35.656 [nacos-grpc-client-executor-localhost-450] INFO  c.a.n.c.r.client - [printIfInfoEnabled,63] - [a74edc7c-33c1-4f76-bc9c-d5ba4bd3ccfc] Receive server push request, request = NotifySubscriberRequest, requestId = 20
16:52:35.657 [nacos-grpc-client-executor-localhost-450] INFO  c.a.n.client.naming - [isChangedServiceInfo,235] - new ips(1) service: DEFAULT_GROUP@@oj-friend -> [{"ip":"192.168.137.1","port":9202,"weight":1.0,"healthy":true,"enabled":true,"ephemeral":true,"clusterName":"DEFAULT","serviceName":"DEFAULT_GROUP@@oj-friend","metadata":{"preserved.register.source":"SPRING_CLOUD"},"ipDeleteTimeout":30000,"instanceHeartBeatTimeOut":15000,"instanceHeartBeatInterval":5000}]
16:52:35.657 [nacos-grpc-client-executor-localhost-450] INFO  c.a.n.client.naming - [processServiceInfo,169] - current ips:(1) service: DEFAULT_GROUP@@oj-friend -> [{"ip":"192.168.137.1","port":9202,"weight":1.0,"healthy":true,"enabled":true,"ephemeral":true,"clusterName":"DEFAULT","serviceName":"DEFAULT_GROUP@@oj-friend","metadata":{"preserved.register.source":"SPRING_CLOUD"},"ipDeleteTimeout":30000,"instanceHeartBeatTimeOut":15000,"instanceHeartBeatInterval":5000}]
16:52:35.660 [nacos-grpc-client-executor-localhost-450] INFO  c.a.n.c.r.client - [printIfInfoEnabled,63] - [a74edc7c-33c1-4f76-bc9c-d5ba4bd3ccfc] Ack server push request, request = NotifySubscriberRequest, requestId = 20
19:35:48.927 [SpringApplicationShutdownHook] INFO  c.a.c.n.r.NacosServiceRegistry - [deregister,95] - De-registering from Nacos Server now...
19:35:48.929 [SpringApplicationShutdownHook] INFO  c.a.n.client.naming - [deregisterService,217] - [DEREGISTER-SERVICE] 62113bd0-93ee-4621-9b30-60de09bd5520 deregistering service oj-gateway with instance: Instance{instanceId='null', ip='192.168.137.1', port=19090, weight=1.0, healthy=true, enabled=true, ephemeral=true, clusterName='DEFAULT', serviceName='null', metadata={}}
19:35:48.938 [SpringApplicationShutdownHook] INFO  c.a.c.n.r.NacosServiceRegistry - [deregister,115] - De-registration finished.
19:35:48.939 [SpringApplicationShutdownHook] INFO  c.a.n.client.naming - [shutdown,256] - com.alibaba.nacos.client.naming.cache.ServiceInfoHolder do shutdown begin
19:35:48.940 [SpringApplicationShutdownHook] INFO  c.a.n.client.naming - [shutdown,136] - com.alibaba.nacos.client.naming.backups.FailoverReactor do shutdown begin
19:35:48.941 [SpringApplicationShutdownHook] INFO  c.a.n.client.naming - [shutdown,138] - com.alibaba.nacos.client.naming.backups.FailoverReactor do shutdown stop
19:35:48.942 [SpringApplicationShutdownHook] INFO  c.a.n.client.naming - [shutdown,258] - com.alibaba.nacos.client.naming.cache.ServiceInfoHolder do shutdown stop
19:35:48.942 [SpringApplicationShutdownHook] INFO  c.a.n.client.naming - [shutdown,204] - com.alibaba.nacos.client.naming.remote.NamingClientProxyDelegate do shutdown begin
19:35:48.942 [SpringApplicationShutdownHook] INFO  c.a.n.client.naming - [shutdown,143] - com.alibaba.nacos.client.naming.core.ServiceInfoUpdateService do shutdown begin
19:35:48.943 [SpringApplicationShutdownHook] INFO  c.a.n.client.naming - [shutdown,145] - com.alibaba.nacos.client.naming.core.ServiceInfoUpdateService do shutdown stop
19:35:48.943 [SpringApplicationShutdownHook] INFO  c.a.n.client.naming - [shutdown,194] - com.alibaba.nacos.client.naming.core.ServerListManager do shutdown begin
19:35:48.944 [SpringApplicationShutdownHook] INFO  c.a.n.client.naming - [shutdown,199] - com.alibaba.nacos.client.naming.core.ServerListManager do shutdown stop
19:35:48.944 [SpringApplicationShutdownHook] INFO  c.a.n.client.naming - [shutdown,484] - com.alibaba.nacos.client.naming.remote.http.NamingHttpClientProxy do shutdown begin
19:35:48.945 [SpringApplicationShutdownHook] INFO  c.a.n.client.naming - [shutdown,486] - com.alibaba.nacos.client.naming.remote.http.NamingHttpClientProxy do shutdown stop
19:35:48.945 [SpringApplicationShutdownHook] INFO  c.a.n.c.r.client - [shutdown,429] - Shutdown rpc client, set status to shutdown
19:35:48.945 [SpringApplicationShutdownHook] INFO  c.a.n.c.r.client - [shutdown,431] - Shutdown client event executor java.util.concurrent.ScheduledThreadPoolExecutor@17c5061d[Running, pool size = 2, active threads = 2, queued tasks = 0, completed tasks = 0]
19:35:48.946 [SpringApplicationShutdownHook] INFO  c.a.n.c.r.client - [closeConnection,584] - Close current connection 1739607481448_172.17.0.1_53420
19:35:48.950 [nacos-grpc-client-executor-localhost-2413] INFO  c.a.n.c.r.c.g.GrpcClient - [printIfInfoEnabled,63] - [1739607481448_172.17.0.1_53420]Ignore complete event,isRunning:false,isAbandon=false
19:35:48.962 [SpringApplicationShutdownHook] INFO  c.a.n.c.r.c.g.GrpcClient - [shutdown,159] - Shutdown grpc executor java.util.concurrent.ThreadPoolExecutor@37460774[Running, pool size = 4, active threads = 0, queued tasks = 0, completed tasks = 2414]
19:35:48.962 [SpringApplicationShutdownHook] INFO  c.a.n.client.naming - [shutdown,318] - Shutdown grpc redo service executor java.util.concurrent.ScheduledThreadPoolExecutor@6533285e[Running, pool size = 1, active threads = 0, queued tasks = 1, completed tasks = 3945]
19:35:48.963 [SpringApplicationShutdownHook] INFO  c.a.n.c.a.r.i.CredentialWatcher - [stop,106] - [null] CredentialWatcher is stopped
19:35:48.964 [SpringApplicationShutdownHook] INFO  c.a.n.c.a.r.i.CredentialService - [free,100] - [null] CredentialService is freed
19:35:48.965 [SpringApplicationShutdownHook] INFO  c.a.n.client.naming - [shutdown,211] - com.alibaba.nacos.client.naming.remote.NamingClientProxyDelegate do shutdown stop
