10:00:56.381 [background-preinit] INFO  o.h.v.i.util.Version - [<clinit>,21] - HV000001: Hibernate Validator 8.0.0.Final
10:00:56.846 [main] INFO  c.a.n.c.u.ParamUtil - [<clinit>,87] - [settings] [req-serv] nacos-server port:8848
10:00:56.846 [main] INFO  c.a.n.c.u.ParamUtil - [<clinit>,98] - [settings] [http-client] connect timeout:1000
10:00:56.850 [main] INFO  c.a.n.c.u.ParamUtil - [<clinit>,105] - PER_TASK_CONFIG_SIZE: 3000.0
10:00:56.899 [main] INFO  c.a.n.p.a.s.c.ClientAuthPluginManager - [init,56] - [ClientAuthPluginManager] Load ClientAuthService com.alibaba.nacos.client.auth.impl.NacosClientAuthServiceImpl success.
10:00:56.900 [main] INFO  c.a.n.p.a.s.c.ClientAuthPluginManager - [init,56] - [ClientAuthPluginManager] Load ClientAuthService com.alibaba.nacos.client.auth.ram.RamClientAuthServiceImpl success.
10:00:56.903 [main] INFO  c.a.n.c.a.r.i.CredentialWatcher - [loadCredential,165] - null No credential found
10:00:57.585 [main] INFO  c.a.n.c.c.i.LocalConfigInfoProcessor - [<clinit>,63] - LOCAL_SNAPSHOT_PATH:C:\Users\Administrator\nacos\config
10:00:57.597 [main] INFO  c.a.n.c.r.client - [lambda$createClient$0,108] - [RpcClientFactory] create a new rpc client of 62a00250-dbeb-494f-a70c-e3dc48f6c32d_config-0
10:00:57.644 [main] INFO  c.a.n.c.r.client - [printIfInfoEnabled,63] - [62a00250-dbeb-494f-a70c-e3dc48f6c32d_config-0] Register server push request handler:com.alibaba.nacos.client.config.impl.ClientWorker$ConfigRpcTransportClient$$Lambda$562/0x0000017f81362720
10:00:57.646 [main] INFO  c.a.n.c.r.client - [printIfInfoEnabled,63] - [62a00250-dbeb-494f-a70c-e3dc48f6c32d_config-0] Register server push request handler:com.alibaba.nacos.client.config.impl.ClientWorker$ConfigRpcTransportClient$$Lambda$563/0x0000017f81362b40
10:00:57.647 [main] INFO  c.a.n.c.r.client - [printIfInfoEnabled,63] - [62a00250-dbeb-494f-a70c-e3dc48f6c32d_config-0] Registry connection listener to current client:com.alibaba.nacos.client.config.impl.ClientWorker$ConfigRpcTransportClient$1
10:00:57.648 [main] INFO  c.a.n.c.r.client - [printIfInfoEnabled,63] - [62a00250-dbeb-494f-a70c-e3dc48f6c32d_config-0] RpcClient init, ServerListFactory = com.alibaba.nacos.client.config.impl.ClientWorker$ConfigRpcTransportClient$2
10:00:57.667 [main] INFO  c.a.n.c.r.client - [printIfInfoEnabled,63] - [62a00250-dbeb-494f-a70c-e3dc48f6c32d_config-0] Try to connect to server on start up, server: {serverIp = 'localhost', server main port = 8848}
10:00:57.746 [main] INFO  c.a.n.c.r.c.g.GrpcClient - [createNewManagedChannel,182] - grpc client connection server:localhost ip,serverPort:9848,grpcTslConfig:{"sslProvider":"OPENSSL","enableTls":false,"mutualAuthEnable":false,"trustAll":false}
10:01:00.231 [main] INFO  c.a.n.c.r.client - [printIfInfoEnabled,63] - [62a00250-dbeb-494f-a70c-e3dc48f6c32d_config-0] Success to connect to server [localhost:8848] on start up, connectionId = 1739671259762_172.17.0.1_41514
10:01:00.232 [com.alibaba.nacos.client.remote.worker] INFO  c.a.n.c.r.client - [printIfInfoEnabled,63] - [62a00250-dbeb-494f-a70c-e3dc48f6c32d_config-0] Notify connected event to listeners.
10:01:00.233 [com.alibaba.nacos.client.remote.worker] INFO  c.a.n.c.c.i.ClientWorker - [onConnected,639] - [62a00250-dbeb-494f-a70c-e3dc48f6c32d_config-0] Connected,notify listen context...
10:01:00.233 [main] INFO  c.a.n.c.r.client - [printIfInfoEnabled,63] - [62a00250-dbeb-494f-a70c-e3dc48f6c32d_config-0] Register server push request handler:com.alibaba.nacos.common.remote.client.RpcClient$ConnectResetRequestHandler
10:01:00.234 [main] INFO  c.a.n.c.r.client - [printIfInfoEnabled,63] - [62a00250-dbeb-494f-a70c-e3dc48f6c32d_config-0] Register server push request handler:com.alibaba.nacos.common.remote.client.RpcClient$$Lambda$583/0x0000017f814a9ad0
10:01:00.328 [main] INFO  c.a.n.c.c.i.Limiter - [<clinit>,62] - limitTime:5.0
10:01:00.511 [com.alibaba.nacos.client.remote.worker] INFO  c.a.n.c.r.client - [printIfInfoEnabled,63] - [62a00250-dbeb-494f-a70c-e3dc48f6c32d_config-0] Try to reconnect to a new server, server is  not appointed, will choose a random server.
10:01:00.512 [com.alibaba.nacos.client.remote.worker] INFO  c.a.n.c.r.c.g.GrpcClient - [createNewManagedChannel,182] - grpc client connection server:localhost ip,serverPort:9848,grpcTslConfig:{"sslProvider":"OPENSSL","enableTls":false,"mutualAuthEnable":false,"trustAll":false}
10:01:00.667 [com.alibaba.nacos.client.remote.worker] INFO  c.a.n.c.r.client - [printIfInfoEnabled,63] - [62a00250-dbeb-494f-a70c-e3dc48f6c32d_config-0] Success to connect a server [localhost:8848], connectionId = 1739671260532_172.17.0.1_41524
10:01:00.667 [com.alibaba.nacos.client.remote.worker] INFO  c.a.n.c.r.client - [printIfInfoEnabled,63] - [62a00250-dbeb-494f-a70c-e3dc48f6c32d_config-0] Abandon prev connection, server is localhost:8848, connectionId is 1739671259762_172.17.0.1_41514
10:01:00.667 [com.alibaba.nacos.client.remote.worker] INFO  c.a.n.c.r.client - [closeConnection,584] - Close current connection 1739671259762_172.17.0.1_41514
10:01:00.681 [com.alibaba.nacos.client.remote.worker] INFO  c.a.n.c.r.client - [printIfInfoEnabled,63] - [62a00250-dbeb-494f-a70c-e3dc48f6c32d_config-0] Notify disconnected event to listeners
10:01:00.682 [com.alibaba.nacos.client.remote.worker] INFO  c.a.n.c.c.i.ClientWorker - [onDisConnect,646] - [62a00250-dbeb-494f-a70c-e3dc48f6c32d_config-0] DisConnected,clear listen context...
10:01:00.682 [com.alibaba.nacos.client.remote.worker] INFO  c.a.n.c.r.client - [printIfInfoEnabled,63] - [62a00250-dbeb-494f-a70c-e3dc48f6c32d_config-0] Notify connected event to listeners.
10:01:00.683 [com.alibaba.nacos.client.remote.worker] INFO  c.a.n.c.c.i.ClientWorker - [onConnected,639] - [62a00250-dbeb-494f-a70c-e3dc48f6c32d_config-0] Connected,notify listen context...
10:01:00.872 [main] INFO  c.a.n.c.c.u.JvmUtil - [<clinit>,54] - isMultiInstance:false
10:01:00.896 [main] INFO  o.s.c.b.c.PropertySourceBootstrapConfiguration - [initialize,108] - Located property source: [BootstrapPropertySource {name='bootstrapProperties-oj-gateway-local.yaml,DEFAULT_GROUP'}, BootstrapPropertySource {name='bootstrapProperties-oj-gateway.yaml,DEFAULT_GROUP'}, BootstrapPropertySource {name='bootstrapProperties-oj-gateway,DEFAULT_GROUP'}]
10:01:00.919 [main] INFO  c.f.g.OjGatewayApplication - [logStartupProfileInfo,636] - The following 1 profile is active: "local"
10:01:02.226 [main] INFO  o.s.d.r.c.RepositoryConfigurationDelegate - [multipleStoresDetected,294] - Multiple Spring Data modules found, entering strict repository configuration mode
10:01:02.237 [main] INFO  o.s.d.r.c.RepositoryConfigurationDelegate - [registerRepositoriesIn,138] - Bootstrapping Spring Data Redis repositories in DEFAULT mode.
10:01:02.304 [main] INFO  o.s.d.r.c.RepositoryConfigurationDelegate - [registerRepositoriesIn,208] - Finished Spring Data repository scanning in 19 ms. Found 0 Redis repository interfaces.
10:01:02.638 [main] INFO  o.s.c.c.s.GenericScope - [setSerializationId,282] - BeanFactory id=2a8b3cd7-0483-3a0c-9e5e-ab22ea20ac67
10:01:02.707 [main] INFO  o.s.c.s.PostProcessorRegistrationDelegate$BeanPostProcessorChecker - [postProcessAfterInitialization,409] - Bean 'org.springframework.cloud.client.loadbalancer.reactive.LoadBalancerBeanPostProcessorAutoConfiguration' of type [org.springframework.cloud.client.loadbalancer.reactive.LoadBalancerBeanPostProcessorAutoConfiguration] is not eligible for getting processed by all BeanPostProcessors (for example: not eligible for auto-proxying)
10:01:02.708 [main] INFO  o.s.c.s.PostProcessorRegistrationDelegate$BeanPostProcessorChecker - [postProcessAfterInitialization,409] - Bean 'org.springframework.cloud.client.loadbalancer.reactive.LoadBalancerBeanPostProcessorAutoConfiguration$ReactorDeferringLoadBalancerFilterConfig' of type [org.springframework.cloud.client.loadbalancer.reactive.LoadBalancerBeanPostProcessorAutoConfiguration$ReactorDeferringLoadBalancerFilterConfig] is not eligible for getting processed by all BeanPostProcessors (for example: not eligible for auto-proxying)
10:01:02.711 [main] INFO  o.s.c.s.PostProcessorRegistrationDelegate$BeanPostProcessorChecker - [postProcessAfterInitialization,409] - Bean 'reactorDeferringLoadBalancerExchangeFilterFunction' of type [org.springframework.cloud.client.loadbalancer.reactive.DeferringLoadBalancerExchangeFilterFunction] is not eligible for getting processed by all BeanPostProcessors (for example: not eligible for auto-proxying)
10:01:07.068 [main] INFO  o.s.c.g.r.RouteDefinitionRouteLocator - [lambda$initFactories$1,88] - Loaded RoutePredicateFactory [After]
10:01:07.068 [main] INFO  o.s.c.g.r.RouteDefinitionRouteLocator - [lambda$initFactories$1,88] - Loaded RoutePredicateFactory [Before]
10:01:07.069 [main] INFO  o.s.c.g.r.RouteDefinitionRouteLocator - [lambda$initFactories$1,88] - Loaded RoutePredicateFactory [Between]
10:01:07.069 [main] INFO  o.s.c.g.r.RouteDefinitionRouteLocator - [lambda$initFactories$1,88] - Loaded RoutePredicateFactory [Cookie]
10:01:07.069 [main] INFO  o.s.c.g.r.RouteDefinitionRouteLocator - [lambda$initFactories$1,88] - Loaded RoutePredicateFactory [Header]
10:01:07.069 [main] INFO  o.s.c.g.r.RouteDefinitionRouteLocator - [lambda$initFactories$1,88] - Loaded RoutePredicateFactory [Host]
10:01:07.069 [main] INFO  o.s.c.g.r.RouteDefinitionRouteLocator - [lambda$initFactories$1,88] - Loaded RoutePredicateFactory [Method]
10:01:07.069 [main] INFO  o.s.c.g.r.RouteDefinitionRouteLocator - [lambda$initFactories$1,88] - Loaded RoutePredicateFactory [Path]
10:01:07.070 [main] INFO  o.s.c.g.r.RouteDefinitionRouteLocator - [lambda$initFactories$1,88] - Loaded RoutePredicateFactory [Query]
10:01:07.070 [main] INFO  o.s.c.g.r.RouteDefinitionRouteLocator - [lambda$initFactories$1,88] - Loaded RoutePredicateFactory [ReadBody]
10:01:07.070 [main] INFO  o.s.c.g.r.RouteDefinitionRouteLocator - [lambda$initFactories$1,88] - Loaded RoutePredicateFactory [RemoteAddr]
10:01:07.070 [main] INFO  o.s.c.g.r.RouteDefinitionRouteLocator - [lambda$initFactories$1,88] - Loaded RoutePredicateFactory [XForwardedRemoteAddr]
10:01:07.070 [main] INFO  o.s.c.g.r.RouteDefinitionRouteLocator - [lambda$initFactories$1,88] - Loaded RoutePredicateFactory [Weight]
10:01:07.071 [main] INFO  o.s.c.g.r.RouteDefinitionRouteLocator - [lambda$initFactories$1,88] - Loaded RoutePredicateFactory [CloudFoundryRouteService]
10:01:08.987 [main] INFO  o.s.b.w.e.n.NettyWebServer - [start,111] - Netty started on port 19090
10:01:10.908 [main] INFO  c.a.n.client.naming - [initNamespaceForNaming,62] - initializer namespace from ans.namespace attribute : null
10:01:10.909 [main] INFO  c.a.n.client.naming - [lambda$initNamespaceForNaming$0,66] - initializer namespace from ALIBABA_ALIWARE_NAMESPACE attribute :null
10:01:10.913 [main] INFO  c.a.n.client.naming - [lambda$initNamespaceForNaming$1,73] - initializer namespace from namespace attribute :null
10:01:10.944 [main] INFO  c.a.n.p.a.s.c.ClientAuthPluginManager - [init,56] - [ClientAuthPluginManager] Load ClientAuthService com.alibaba.nacos.client.auth.impl.NacosClientAuthServiceImpl success.
10:01:10.945 [main] INFO  c.a.n.p.a.s.c.ClientAuthPluginManager - [init,56] - [ClientAuthPluginManager] Load ClientAuthService com.alibaba.nacos.client.auth.ram.RamClientAuthServiceImpl success.
10:01:10.956 [main] INFO  c.a.n.c.r.client - [lambda$createClient$0,108] - [RpcClientFactory] create a new rpc client of 5f7d2e7d-ffa8-411c-8cb8-dcd94d2af381
10:01:10.964 [main] INFO  c.a.n.c.r.client - [printIfInfoEnabled,63] - [5f7d2e7d-ffa8-411c-8cb8-dcd94d2af381] RpcClient init, ServerListFactory = com.alibaba.nacos.client.naming.core.ServerListManager
10:01:10.965 [main] INFO  c.a.n.c.r.client - [printIfInfoEnabled,63] - [5f7d2e7d-ffa8-411c-8cb8-dcd94d2af381] Registry connection listener to current client:com.alibaba.nacos.client.naming.remote.gprc.redo.NamingGrpcRedoService
10:01:10.966 [main] INFO  c.a.n.c.r.client - [printIfInfoEnabled,63] - [5f7d2e7d-ffa8-411c-8cb8-dcd94d2af381] Register server push request handler:com.alibaba.nacos.client.naming.remote.gprc.NamingPushRequestHandler
10:01:10.968 [main] INFO  c.a.n.c.r.client - [printIfInfoEnabled,63] - [5f7d2e7d-ffa8-411c-8cb8-dcd94d2af381] Try to connect to server on start up, server: {serverIp = 'localhost', server main port = 8848}
10:01:10.969 [main] INFO  c.a.n.c.r.c.g.GrpcClient - [createNewManagedChannel,182] - grpc client connection server:localhost ip,serverPort:9848,grpcTslConfig:{"sslProvider":"OPENSSL","enableTls":false,"mutualAuthEnable":false,"trustAll":false}
10:01:11.124 [main] INFO  c.a.n.c.r.client - [printIfInfoEnabled,63] - [5f7d2e7d-ffa8-411c-8cb8-dcd94d2af381] Success to connect to server [localhost:8848] on start up, connectionId = 1739671271000_172.17.0.1_59980
10:01:11.124 [main] INFO  c.a.n.c.r.client - [printIfInfoEnabled,63] - [5f7d2e7d-ffa8-411c-8cb8-dcd94d2af381] Register server push request handler:com.alibaba.nacos.common.remote.client.RpcClient$ConnectResetRequestHandler
10:01:11.124 [com.alibaba.nacos.client.remote.worker] INFO  c.a.n.c.r.client - [printIfInfoEnabled,63] - [5f7d2e7d-ffa8-411c-8cb8-dcd94d2af381] Notify connected event to listeners.
10:01:11.124 [main] INFO  c.a.n.c.r.client - [printIfInfoEnabled,63] - [5f7d2e7d-ffa8-411c-8cb8-dcd94d2af381] Register server push request handler:com.alibaba.nacos.common.remote.client.RpcClient$$Lambda$583/0x0000017f814a9ad0
10:01:11.124 [com.alibaba.nacos.client.remote.worker] INFO  c.a.n.client.naming - [onConnected,78] - Grpc connection connect
10:01:11.126 [main] INFO  c.a.n.client.naming - [registerService,121] - [REGISTER-SERVICE] 62113bd0-93ee-4621-9b30-60de09bd5520 registering service oj-gateway with instance Instance{instanceId='null', ip='192.168.137.1', port=19090, weight=1.0, healthy=true, enabled=true, ephemeral=true, clusterName='DEFAULT', serviceName='null', metadata={IPv6=null, preserved.register.source=SPRING_CLOUD}}
10:01:11.210 [main] INFO  c.a.c.n.r.NacosServiceRegistry - [register,76] - nacos registry, DEFAULT_GROUP oj-gateway 192.168.137.1:19090 register finished
10:01:11.383 [main] INFO  c.f.g.OjGatewayApplication - [logStarted,57] - Started OjGatewayApplication in 16.265 seconds (process running for 18.398)
10:01:11.397 [main] INFO  c.a.n.c.c.i.CacheData - [<clinit>,67] - nacos.cache.data.init.snapshot = true 
10:01:11.403 [main] INFO  c.a.n.c.c.i.ClientWorker - [addCacheDataIfAbsent,380] - [fixed-62113bd0-93ee-4621-9b30-60de09bd5520-localhost_8848] [subscribe] oj-gateway-local.yaml+DEFAULT_GROUP+62113bd0-93ee-4621-9b30-60de09bd5520
10:01:11.427 [main] INFO  c.a.n.c.c.i.CacheData - [addListener,197] - [fixed-62113bd0-93ee-4621-9b30-60de09bd5520-localhost_8848] [add-listener] ok, tenant=62113bd0-93ee-4621-9b30-60de09bd5520, dataId=oj-gateway-local.yaml, group=DEFAULT_GROUP, cnt=1
10:01:11.428 [main] INFO  c.a.c.n.r.NacosContextRefresher - [registerNacosListener,129] - [Nacos Config] Listening config: dataId=oj-gateway-local.yaml, group=DEFAULT_GROUP
10:01:11.429 [main] INFO  c.a.n.c.c.i.ClientWorker - [addCacheDataIfAbsent,380] - [fixed-62113bd0-93ee-4621-9b30-60de09bd5520-localhost_8848] [subscribe] oj-gateway+DEFAULT_GROUP+62113bd0-93ee-4621-9b30-60de09bd5520
10:01:11.431 [main] INFO  c.a.n.c.c.i.CacheData - [addListener,197] - [fixed-62113bd0-93ee-4621-9b30-60de09bd5520-localhost_8848] [add-listener] ok, tenant=62113bd0-93ee-4621-9b30-60de09bd5520, dataId=oj-gateway, group=DEFAULT_GROUP, cnt=1
10:01:11.432 [main] INFO  c.a.c.n.r.NacosContextRefresher - [registerNacosListener,129] - [Nacos Config] Listening config: dataId=oj-gateway, group=DEFAULT_GROUP
10:01:11.434 [main] INFO  c.a.n.c.c.i.ClientWorker - [addCacheDataIfAbsent,380] - [fixed-62113bd0-93ee-4621-9b30-60de09bd5520-localhost_8848] [subscribe] oj-gateway.yaml+DEFAULT_GROUP+62113bd0-93ee-4621-9b30-60de09bd5520
10:01:11.434 [main] INFO  c.a.n.c.c.i.CacheData - [addListener,197] - [fixed-62113bd0-93ee-4621-9b30-60de09bd5520-localhost_8848] [add-listener] ok, tenant=62113bd0-93ee-4621-9b30-60de09bd5520, dataId=oj-gateway.yaml, group=DEFAULT_GROUP, cnt=1
10:01:11.434 [main] INFO  c.a.c.n.r.NacosContextRefresher - [registerNacosListener,129] - [Nacos Config] Listening config: dataId=oj-gateway.yaml, group=DEFAULT_GROUP
10:08:29.526 [boundedElastic-1] INFO  c.a.n.client.naming - [subscribe,167] - [SUBSCRIBE-SERVICE] service:oj-friend, group:DEFAULT_GROUP, clusters: 
10:08:29.556 [boundedElastic-1] INFO  c.a.n.client.naming - [isChangedServiceInfo,184] - init new ips(1) service: DEFAULT_GROUP@@oj-friend -> [{"ip":"192.168.137.1","port":9202,"weight":1.0,"healthy":true,"enabled":true,"ephemeral":true,"clusterName":"DEFAULT","serviceName":"DEFAULT_GROUP@@oj-friend","metadata":{"preserved.register.source":"SPRING_CLOUD"},"instanceHeartBeatInterval":5000,"instanceHeartBeatTimeOut":15000,"ipDeleteTimeout":30000}]
10:08:29.559 [boundedElastic-1] INFO  c.a.n.client.naming - [processServiceInfo,169] - current ips:(1) service: DEFAULT_GROUP@@oj-friend -> [{"ip":"192.168.137.1","port":9202,"weight":1.0,"healthy":true,"enabled":true,"ephemeral":true,"clusterName":"DEFAULT","serviceName":"DEFAULT_GROUP@@oj-friend","metadata":{"preserved.register.source":"SPRING_CLOUD"},"instanceHeartBeatInterval":5000,"instanceHeartBeatTimeOut":15000,"ipDeleteTimeout":30000}]
10:08:30.169 [nacos-grpc-client-executor-localhost-121] INFO  c.a.n.c.r.client - [printIfInfoEnabled,63] - [5f7d2e7d-ffa8-411c-8cb8-dcd94d2af381] Receive server push request, request = NotifySubscriberRequest, requestId = 1
10:08:30.172 [nacos-grpc-client-executor-localhost-121] INFO  c.a.n.c.r.client - [printIfInfoEnabled,63] - [5f7d2e7d-ffa8-411c-8cb8-dcd94d2af381] Ack server push request, request = NotifySubscriberRequest, requestId = 1
10:56:35.110 [SpringApplicationShutdownHook] INFO  c.a.c.n.r.NacosServiceRegistry - [deregister,95] - De-registering from Nacos Server now...
10:56:35.111 [SpringApplicationShutdownHook] INFO  c.a.n.client.naming - [deregisterService,217] - [DEREGISTER-SERVICE] 62113bd0-93ee-4621-9b30-60de09bd5520 deregistering service oj-gateway with instance: Instance{instanceId='null', ip='192.168.137.1', port=19090, weight=1.0, healthy=true, enabled=true, ephemeral=true, clusterName='DEFAULT', serviceName='null', metadata={}}
10:56:35.121 [SpringApplicationShutdownHook] INFO  c.a.c.n.r.NacosServiceRegistry - [deregister,115] - De-registration finished.
10:56:35.122 [SpringApplicationShutdownHook] INFO  c.a.n.client.naming - [shutdown,256] - com.alibaba.nacos.client.naming.cache.ServiceInfoHolder do shutdown begin
10:56:35.122 [SpringApplicationShutdownHook] INFO  c.a.n.client.naming - [shutdown,136] - com.alibaba.nacos.client.naming.backups.FailoverReactor do shutdown begin
10:56:35.123 [SpringApplicationShutdownHook] INFO  c.a.n.client.naming - [shutdown,138] - com.alibaba.nacos.client.naming.backups.FailoverReactor do shutdown stop
10:56:35.124 [SpringApplicationShutdownHook] INFO  c.a.n.client.naming - [shutdown,258] - com.alibaba.nacos.client.naming.cache.ServiceInfoHolder do shutdown stop
10:56:35.124 [SpringApplicationShutdownHook] INFO  c.a.n.client.naming - [shutdown,204] - com.alibaba.nacos.client.naming.remote.NamingClientProxyDelegate do shutdown begin
10:56:35.124 [SpringApplicationShutdownHook] INFO  c.a.n.client.naming - [shutdown,143] - com.alibaba.nacos.client.naming.core.ServiceInfoUpdateService do shutdown begin
10:56:35.124 [SpringApplicationShutdownHook] INFO  c.a.n.client.naming - [shutdown,145] - com.alibaba.nacos.client.naming.core.ServiceInfoUpdateService do shutdown stop
10:56:35.125 [SpringApplicationShutdownHook] INFO  c.a.n.client.naming - [shutdown,194] - com.alibaba.nacos.client.naming.core.ServerListManager do shutdown begin
10:56:35.126 [SpringApplicationShutdownHook] INFO  c.a.n.client.naming - [shutdown,199] - com.alibaba.nacos.client.naming.core.ServerListManager do shutdown stop
10:56:35.126 [SpringApplicationShutdownHook] INFO  c.a.n.client.naming - [shutdown,484] - com.alibaba.nacos.client.naming.remote.http.NamingHttpClientProxy do shutdown begin
10:56:35.126 [SpringApplicationShutdownHook] INFO  c.a.n.client.naming - [shutdown,486] - com.alibaba.nacos.client.naming.remote.http.NamingHttpClientProxy do shutdown stop
10:56:35.127 [SpringApplicationShutdownHook] INFO  c.a.n.c.r.client - [shutdown,429] - Shutdown rpc client, set status to shutdown
10:56:35.127 [SpringApplicationShutdownHook] INFO  c.a.n.c.r.client - [shutdown,431] - Shutdown client event executor java.util.concurrent.ScheduledThreadPoolExecutor@43f48375[Running, pool size = 2, active threads = 2, queued tasks = 0, completed tasks = 0]
10:56:35.127 [SpringApplicationShutdownHook] INFO  c.a.n.c.r.client - [closeConnection,584] - Close current connection 1739671271000_172.17.0.1_59980
10:56:35.129 [SpringApplicationShutdownHook] INFO  c.a.n.c.r.c.g.GrpcClient - [shutdown,159] - Shutdown grpc executor java.util.concurrent.ThreadPoolExecutor@4bebd811[Running, pool size = 3, active threads = 0, queued tasks = 0, completed tasks = 708]
10:56:35.130 [SpringApplicationShutdownHook] INFO  c.a.n.client.naming - [shutdown,318] - Shutdown grpc redo service executor java.util.concurrent.ScheduledThreadPoolExecutor@77ee0680[Running, pool size = 1, active threads = 0, queued tasks = 1, completed tasks = 1105]
10:56:35.130 [SpringApplicationShutdownHook] INFO  c.a.n.c.a.r.i.CredentialWatcher - [stop,106] - [null] CredentialWatcher is stopped
10:56:35.131 [SpringApplicationShutdownHook] INFO  c.a.n.c.a.r.i.CredentialService - [free,100] - [null] CredentialService is freed
10:56:35.131 [SpringApplicationShutdownHook] INFO  c.a.n.client.naming - [shutdown,211] - com.alibaba.nacos.client.naming.remote.NamingClientProxyDelegate do shutdown stop
10:56:37.336 [com.alibaba.nacos.client.Worker] INFO  c.a.n.c.a.r.i.CredentialWatcher - [loadCredential,165] - null No credential found
10:59:33.843 [background-preinit] INFO  o.h.v.i.util.Version - [<clinit>,21] - HV000001: Hibernate Validator 8.0.0.Final
10:59:34.198 [main] INFO  c.a.n.c.u.ParamUtil - [<clinit>,87] - [settings] [req-serv] nacos-server port:8848
10:59:34.203 [main] INFO  c.a.n.c.u.ParamUtil - [<clinit>,98] - [settings] [http-client] connect timeout:1000
10:59:34.205 [main] INFO  c.a.n.c.u.ParamUtil - [<clinit>,105] - PER_TASK_CONFIG_SIZE: 3000.0
10:59:34.246 [main] INFO  c.a.n.p.a.s.c.ClientAuthPluginManager - [init,56] - [ClientAuthPluginManager] Load ClientAuthService com.alibaba.nacos.client.auth.impl.NacosClientAuthServiceImpl success.
10:59:34.247 [main] INFO  c.a.n.p.a.s.c.ClientAuthPluginManager - [init,56] - [ClientAuthPluginManager] Load ClientAuthService com.alibaba.nacos.client.auth.ram.RamClientAuthServiceImpl success.
10:59:34.252 [main] INFO  c.a.n.c.a.r.i.CredentialWatcher - [loadCredential,165] - null No credential found
10:59:34.847 [main] INFO  c.a.n.c.c.i.LocalConfigInfoProcessor - [<clinit>,63] - LOCAL_SNAPSHOT_PATH:C:\Users\Administrator\nacos\config
10:59:34.851 [main] INFO  c.a.n.c.r.client - [lambda$createClient$0,108] - [RpcClientFactory] create a new rpc client of bb85f4ff-a8cc-45f9-b32e-8f6d7458462c_config-0
10:59:34.871 [main] INFO  c.a.n.c.r.client - [printIfInfoEnabled,63] - [bb85f4ff-a8cc-45f9-b32e-8f6d7458462c_config-0] Register server push request handler:com.alibaba.nacos.client.config.impl.ClientWorker$ConfigRpcTransportClient$$Lambda$562/0x000001674b362150
10:59:34.872 [main] INFO  c.a.n.c.r.client - [printIfInfoEnabled,63] - [bb85f4ff-a8cc-45f9-b32e-8f6d7458462c_config-0] Register server push request handler:com.alibaba.nacos.client.config.impl.ClientWorker$ConfigRpcTransportClient$$Lambda$563/0x000001674b362570
10:59:34.873 [main] INFO  c.a.n.c.r.client - [printIfInfoEnabled,63] - [bb85f4ff-a8cc-45f9-b32e-8f6d7458462c_config-0] Registry connection listener to current client:com.alibaba.nacos.client.config.impl.ClientWorker$ConfigRpcTransportClient$1
10:59:34.874 [main] INFO  c.a.n.c.r.client - [printIfInfoEnabled,63] - [bb85f4ff-a8cc-45f9-b32e-8f6d7458462c_config-0] RpcClient init, ServerListFactory = com.alibaba.nacos.client.config.impl.ClientWorker$ConfigRpcTransportClient$2
10:59:34.884 [main] INFO  c.a.n.c.r.client - [printIfInfoEnabled,63] - [bb85f4ff-a8cc-45f9-b32e-8f6d7458462c_config-0] Try to connect to server on start up, server: {serverIp = 'localhost', server main port = 8848}
10:59:34.937 [main] INFO  c.a.n.c.r.c.g.GrpcClient - [createNewManagedChannel,182] - grpc client connection server:localhost ip,serverPort:9848,grpcTslConfig:{"sslProvider":"OPENSSL","enableTls":false,"mutualAuthEnable":false,"trustAll":false}
10:59:36.550 [main] INFO  c.a.n.c.r.client - [printIfInfoEnabled,63] - [bb85f4ff-a8cc-45f9-b32e-8f6d7458462c_config-0] Success to connect to server [localhost:8848] on start up, connectionId = 1739674776315_172.17.0.1_40406
10:59:36.552 [com.alibaba.nacos.client.remote.worker] INFO  c.a.n.c.r.client - [printIfInfoEnabled,63] - [bb85f4ff-a8cc-45f9-b32e-8f6d7458462c_config-0] Notify connected event to listeners.
10:59:36.553 [com.alibaba.nacos.client.remote.worker] INFO  c.a.n.c.c.i.ClientWorker - [onConnected,639] - [bb85f4ff-a8cc-45f9-b32e-8f6d7458462c_config-0] Connected,notify listen context...
10:59:36.553 [main] INFO  c.a.n.c.r.client - [printIfInfoEnabled,63] - [bb85f4ff-a8cc-45f9-b32e-8f6d7458462c_config-0] Register server push request handler:com.alibaba.nacos.common.remote.client.RpcClient$ConnectResetRequestHandler
10:59:36.554 [main] INFO  c.a.n.c.r.client - [printIfInfoEnabled,63] - [bb85f4ff-a8cc-45f9-b32e-8f6d7458462c_config-0] Register server push request handler:com.alibaba.nacos.common.remote.client.RpcClient$$Lambda$583/0x000001674b4a8d08
10:59:36.598 [main] INFO  c.a.n.c.c.i.Limiter - [<clinit>,62] - limitTime:5.0
10:59:36.643 [main] INFO  c.a.n.c.c.u.JvmUtil - [<clinit>,54] - isMultiInstance:false
10:59:36.656 [main] INFO  o.s.c.b.c.PropertySourceBootstrapConfiguration - [initialize,108] - Located property source: [BootstrapPropertySource {name='bootstrapProperties-oj-gateway-local.yaml,DEFAULT_GROUP'}, BootstrapPropertySource {name='bootstrapProperties-oj-gateway.yaml,DEFAULT_GROUP'}, BootstrapPropertySource {name='bootstrapProperties-oj-gateway,DEFAULT_GROUP'}]
10:59:36.664 [main] INFO  c.f.g.OjGatewayApplication - [logStartupProfileInfo,636] - The following 1 profile is active: "local"
10:59:37.352 [main] INFO  o.s.d.r.c.RepositoryConfigurationDelegate - [multipleStoresDetected,294] - Multiple Spring Data modules found, entering strict repository configuration mode
10:59:37.356 [main] INFO  o.s.d.r.c.RepositoryConfigurationDelegate - [registerRepositoriesIn,138] - Bootstrapping Spring Data Redis repositories in DEFAULT mode.
10:59:37.384 [main] INFO  o.s.d.r.c.RepositoryConfigurationDelegate - [registerRepositoriesIn,208] - Finished Spring Data repository scanning in 10 ms. Found 0 Redis repository interfaces.
10:59:37.631 [main] INFO  o.s.c.c.s.GenericScope - [setSerializationId,282] - BeanFactory id=2a8b3cd7-0483-3a0c-9e5e-ab22ea20ac67
10:59:37.681 [main] INFO  o.s.c.s.PostProcessorRegistrationDelegate$BeanPostProcessorChecker - [postProcessAfterInitialization,409] - Bean 'org.springframework.cloud.client.loadbalancer.reactive.LoadBalancerBeanPostProcessorAutoConfiguration' of type [org.springframework.cloud.client.loadbalancer.reactive.LoadBalancerBeanPostProcessorAutoConfiguration] is not eligible for getting processed by all BeanPostProcessors (for example: not eligible for auto-proxying)
10:59:37.683 [main] INFO  o.s.c.s.PostProcessorRegistrationDelegate$BeanPostProcessorChecker - [postProcessAfterInitialization,409] - Bean 'org.springframework.cloud.client.loadbalancer.reactive.LoadBalancerBeanPostProcessorAutoConfiguration$ReactorDeferringLoadBalancerFilterConfig' of type [org.springframework.cloud.client.loadbalancer.reactive.LoadBalancerBeanPostProcessorAutoConfiguration$ReactorDeferringLoadBalancerFilterConfig] is not eligible for getting processed by all BeanPostProcessors (for example: not eligible for auto-proxying)
10:59:37.685 [main] INFO  o.s.c.s.PostProcessorRegistrationDelegate$BeanPostProcessorChecker - [postProcessAfterInitialization,409] - Bean 'reactorDeferringLoadBalancerExchangeFilterFunction' of type [org.springframework.cloud.client.loadbalancer.reactive.DeferringLoadBalancerExchangeFilterFunction] is not eligible for getting processed by all BeanPostProcessors (for example: not eligible for auto-proxying)
10:59:40.662 [main] INFO  o.s.c.g.r.RouteDefinitionRouteLocator - [lambda$initFactories$1,88] - Loaded RoutePredicateFactory [After]
10:59:40.662 [main] INFO  o.s.c.g.r.RouteDefinitionRouteLocator - [lambda$initFactories$1,88] - Loaded RoutePredicateFactory [Before]
10:59:40.662 [main] INFO  o.s.c.g.r.RouteDefinitionRouteLocator - [lambda$initFactories$1,88] - Loaded RoutePredicateFactory [Between]
10:59:40.663 [main] INFO  o.s.c.g.r.RouteDefinitionRouteLocator - [lambda$initFactories$1,88] - Loaded RoutePredicateFactory [Cookie]
10:59:40.663 [main] INFO  o.s.c.g.r.RouteDefinitionRouteLocator - [lambda$initFactories$1,88] - Loaded RoutePredicateFactory [Header]
10:59:40.663 [main] INFO  o.s.c.g.r.RouteDefinitionRouteLocator - [lambda$initFactories$1,88] - Loaded RoutePredicateFactory [Host]
10:59:40.663 [main] INFO  o.s.c.g.r.RouteDefinitionRouteLocator - [lambda$initFactories$1,88] - Loaded RoutePredicateFactory [Method]
10:59:40.663 [main] INFO  o.s.c.g.r.RouteDefinitionRouteLocator - [lambda$initFactories$1,88] - Loaded RoutePredicateFactory [Path]
10:59:40.663 [main] INFO  o.s.c.g.r.RouteDefinitionRouteLocator - [lambda$initFactories$1,88] - Loaded RoutePredicateFactory [Query]
10:59:40.663 [main] INFO  o.s.c.g.r.RouteDefinitionRouteLocator - [lambda$initFactories$1,88] - Loaded RoutePredicateFactory [ReadBody]
10:59:40.663 [main] INFO  o.s.c.g.r.RouteDefinitionRouteLocator - [lambda$initFactories$1,88] - Loaded RoutePredicateFactory [RemoteAddr]
10:59:40.663 [main] INFO  o.s.c.g.r.RouteDefinitionRouteLocator - [lambda$initFactories$1,88] - Loaded RoutePredicateFactory [XForwardedRemoteAddr]
10:59:40.663 [main] INFO  o.s.c.g.r.RouteDefinitionRouteLocator - [lambda$initFactories$1,88] - Loaded RoutePredicateFactory [Weight]
10:59:40.664 [main] INFO  o.s.c.g.r.RouteDefinitionRouteLocator - [lambda$initFactories$1,88] - Loaded RoutePredicateFactory [CloudFoundryRouteService]
10:59:41.832 [main] INFO  o.s.b.w.e.n.NettyWebServer - [start,111] - Netty started on port 19090
10:59:42.754 [main] INFO  c.a.n.client.naming - [initNamespaceForNaming,62] - initializer namespace from ans.namespace attribute : null
10:59:42.754 [main] INFO  c.a.n.client.naming - [lambda$initNamespaceForNaming$0,66] - initializer namespace from ALIBABA_ALIWARE_NAMESPACE attribute :null
10:59:42.755 [main] INFO  c.a.n.client.naming - [lambda$initNamespaceForNaming$1,73] - initializer namespace from namespace attribute :null
10:59:42.768 [main] INFO  c.a.n.p.a.s.c.ClientAuthPluginManager - [init,56] - [ClientAuthPluginManager] Load ClientAuthService com.alibaba.nacos.client.auth.impl.NacosClientAuthServiceImpl success.
10:59:42.768 [main] INFO  c.a.n.p.a.s.c.ClientAuthPluginManager - [init,56] - [ClientAuthPluginManager] Load ClientAuthService com.alibaba.nacos.client.auth.ram.RamClientAuthServiceImpl success.
10:59:42.773 [main] INFO  c.a.n.c.r.client - [lambda$createClient$0,108] - [RpcClientFactory] create a new rpc client of 486f62db-a017-4353-92cb-1dcc213b31b1
10:59:42.776 [main] INFO  c.a.n.c.r.client - [printIfInfoEnabled,63] - [486f62db-a017-4353-92cb-1dcc213b31b1] RpcClient init, ServerListFactory = com.alibaba.nacos.client.naming.core.ServerListManager
10:59:42.776 [main] INFO  c.a.n.c.r.client - [printIfInfoEnabled,63] - [486f62db-a017-4353-92cb-1dcc213b31b1] Registry connection listener to current client:com.alibaba.nacos.client.naming.remote.gprc.redo.NamingGrpcRedoService
10:59:42.777 [main] INFO  c.a.n.c.r.client - [printIfInfoEnabled,63] - [486f62db-a017-4353-92cb-1dcc213b31b1] Register server push request handler:com.alibaba.nacos.client.naming.remote.gprc.NamingPushRequestHandler
10:59:42.778 [main] INFO  c.a.n.c.r.client - [printIfInfoEnabled,63] - [486f62db-a017-4353-92cb-1dcc213b31b1] Try to connect to server on start up, server: {serverIp = 'localhost', server main port = 8848}
10:59:42.778 [main] INFO  c.a.n.c.r.c.g.GrpcClient - [createNewManagedChannel,182] - grpc client connection server:localhost ip,serverPort:9848,grpcTslConfig:{"sslProvider":"OPENSSL","enableTls":false,"mutualAuthEnable":false,"trustAll":false}
10:59:42.900 [main] INFO  c.a.n.c.r.client - [printIfInfoEnabled,63] - [486f62db-a017-4353-92cb-1dcc213b31b1] Success to connect to server [localhost:8848] on start up, connectionId = 1739674782787_172.17.0.1_47434
10:59:42.900 [main] INFO  c.a.n.c.r.client - [printIfInfoEnabled,63] - [486f62db-a017-4353-92cb-1dcc213b31b1] Register server push request handler:com.alibaba.nacos.common.remote.client.RpcClient$ConnectResetRequestHandler
10:59:42.900 [main] INFO  c.a.n.c.r.client - [printIfInfoEnabled,63] - [486f62db-a017-4353-92cb-1dcc213b31b1] Register server push request handler:com.alibaba.nacos.common.remote.client.RpcClient$$Lambda$583/0x000001674b4a8d08
10:59:42.900 [com.alibaba.nacos.client.remote.worker] INFO  c.a.n.c.r.client - [printIfInfoEnabled,63] - [486f62db-a017-4353-92cb-1dcc213b31b1] Notify connected event to listeners.
10:59:42.901 [com.alibaba.nacos.client.remote.worker] INFO  c.a.n.client.naming - [onConnected,78] - Grpc connection connect
10:59:42.902 [main] INFO  c.a.n.client.naming - [registerService,121] - [REGISTER-SERVICE] 62113bd0-93ee-4621-9b30-60de09bd5520 registering service oj-gateway with instance Instance{instanceId='null', ip='192.168.137.1', port=19090, weight=1.0, healthy=true, enabled=true, ephemeral=true, clusterName='DEFAULT', serviceName='null', metadata={IPv6=null, preserved.register.source=SPRING_CLOUD}}
10:59:42.919 [main] INFO  c.a.c.n.r.NacosServiceRegistry - [register,76] - nacos registry, DEFAULT_GROUP oj-gateway 192.168.137.1:19090 register finished
10:59:42.982 [main] INFO  c.f.g.OjGatewayApplication - [logStarted,57] - Started OjGatewayApplication in 10.255 seconds (process running for 11.879)
10:59:42.987 [main] INFO  c.a.n.c.c.i.CacheData - [<clinit>,67] - nacos.cache.data.init.snapshot = true 
10:59:42.990 [main] INFO  c.a.n.c.c.i.ClientWorker - [addCacheDataIfAbsent,380] - [fixed-62113bd0-93ee-4621-9b30-60de09bd5520-localhost_8848] [subscribe] oj-gateway-local.yaml+DEFAULT_GROUP+62113bd0-93ee-4621-9b30-60de09bd5520
10:59:43.002 [main] INFO  c.a.n.c.c.i.CacheData - [addListener,197] - [fixed-62113bd0-93ee-4621-9b30-60de09bd5520-localhost_8848] [add-listener] ok, tenant=62113bd0-93ee-4621-9b30-60de09bd5520, dataId=oj-gateway-local.yaml, group=DEFAULT_GROUP, cnt=1
10:59:43.002 [main] INFO  c.a.c.n.r.NacosContextRefresher - [registerNacosListener,129] - [Nacos Config] Listening config: dataId=oj-gateway-local.yaml, group=DEFAULT_GROUP
10:59:43.003 [main] INFO  c.a.n.c.c.i.ClientWorker - [addCacheDataIfAbsent,380] - [fixed-62113bd0-93ee-4621-9b30-60de09bd5520-localhost_8848] [subscribe] oj-gateway+DEFAULT_GROUP+62113bd0-93ee-4621-9b30-60de09bd5520
10:59:43.003 [main] INFO  c.a.n.c.c.i.CacheData - [addListener,197] - [fixed-62113bd0-93ee-4621-9b30-60de09bd5520-localhost_8848] [add-listener] ok, tenant=62113bd0-93ee-4621-9b30-60de09bd5520, dataId=oj-gateway, group=DEFAULT_GROUP, cnt=1
10:59:43.004 [main] INFO  c.a.c.n.r.NacosContextRefresher - [registerNacosListener,129] - [Nacos Config] Listening config: dataId=oj-gateway, group=DEFAULT_GROUP
10:59:43.005 [main] INFO  c.a.n.c.c.i.ClientWorker - [addCacheDataIfAbsent,380] - [fixed-62113bd0-93ee-4621-9b30-60de09bd5520-localhost_8848] [subscribe] oj-gateway.yaml+DEFAULT_GROUP+62113bd0-93ee-4621-9b30-60de09bd5520
10:59:43.005 [main] INFO  c.a.n.c.c.i.CacheData - [addListener,197] - [fixed-62113bd0-93ee-4621-9b30-60de09bd5520-localhost_8848] [add-listener] ok, tenant=62113bd0-93ee-4621-9b30-60de09bd5520, dataId=oj-gateway.yaml, group=DEFAULT_GROUP, cnt=1
10:59:43.005 [main] INFO  c.a.c.n.r.NacosContextRefresher - [registerNacosListener,129] - [Nacos Config] Listening config: dataId=oj-gateway.yaml, group=DEFAULT_GROUP
11:00:09.996 [boundedElastic-1] INFO  c.a.n.client.naming - [subscribe,167] - [SUBSCRIBE-SERVICE] service:oj-friend, group:DEFAULT_GROUP, clusters: 
11:00:10.013 [boundedElastic-1] INFO  c.a.n.client.naming - [isChangedServiceInfo,184] - init new ips(1) service: DEFAULT_GROUP@@oj-friend -> [{"ip":"192.168.137.1","port":9202,"weight":1.0,"healthy":true,"enabled":true,"ephemeral":true,"clusterName":"DEFAULT","serviceName":"DEFAULT_GROUP@@oj-friend","metadata":{"preserved.register.source":"SPRING_CLOUD"},"instanceHeartBeatInterval":5000,"instanceHeartBeatTimeOut":15000,"ipDeleteTimeout":30000}]
11:00:10.016 [boundedElastic-1] INFO  c.a.n.client.naming - [processServiceInfo,169] - current ips:(1) service: DEFAULT_GROUP@@oj-friend -> [{"ip":"192.168.137.1","port":9202,"weight":1.0,"healthy":true,"enabled":true,"ephemeral":true,"clusterName":"DEFAULT","serviceName":"DEFAULT_GROUP@@oj-friend","metadata":{"preserved.register.source":"SPRING_CLOUD"},"instanceHeartBeatInterval":5000,"instanceHeartBeatTimeOut":15000,"ipDeleteTimeout":30000}]
11:00:10.536 [nacos-grpc-client-executor-localhost-17] INFO  c.a.n.c.r.client - [printIfInfoEnabled,63] - [486f62db-a017-4353-92cb-1dcc213b31b1] Receive server push request, request = NotifySubscriberRequest, requestId = 3
11:00:10.536 [nacos-grpc-client-executor-localhost-17] INFO  c.a.n.c.r.client - [printIfInfoEnabled,63] - [486f62db-a017-4353-92cb-1dcc213b31b1] Ack server push request, request = NotifySubscriberRequest, requestId = 3
11:54:12.489 [nacos-grpc-client-executor-localhost-697] INFO  c.a.n.c.r.client - [printIfInfoEnabled,63] - [486f62db-a017-4353-92cb-1dcc213b31b1] Receive server push request, request = NotifySubscriberRequest, requestId = 6
11:54:12.497 [nacos-grpc-client-executor-localhost-697] INFO  c.a.n.client.naming - [isChangedServiceInfo,241] - removed ips(1) service: DEFAULT_GROUP@@oj-friend -> [{"ip":"192.168.137.1","port":9202,"weight":1.0,"healthy":true,"enabled":true,"ephemeral":true,"clusterName":"DEFAULT","serviceName":"DEFAULT_GROUP@@oj-friend","metadata":{"preserved.register.source":"SPRING_CLOUD"},"instanceHeartBeatInterval":5000,"instanceHeartBeatTimeOut":15000,"ipDeleteTimeout":30000}]
11:54:12.498 [nacos-grpc-client-executor-localhost-697] INFO  c.a.n.client.naming - [processServiceInfo,169] - current ips:(0) service: DEFAULT_GROUP@@oj-friend -> []
11:54:12.500 [nacos-grpc-client-executor-localhost-697] INFO  c.a.n.c.r.client - [printIfInfoEnabled,63] - [486f62db-a017-4353-92cb-1dcc213b31b1] Ack server push request, request = NotifySubscriberRequest, requestId = 6
11:54:40.241 [nacos-grpc-client-executor-localhost-703] INFO  c.a.n.c.r.client - [printIfInfoEnabled,63] - [486f62db-a017-4353-92cb-1dcc213b31b1] Receive server push request, request = NotifySubscriberRequest, requestId = 7
11:54:40.242 [nacos-grpc-client-executor-localhost-703] INFO  c.a.n.client.naming - [isChangedServiceInfo,235] - new ips(1) service: DEFAULT_GROUP@@oj-friend -> [{"ip":"192.168.137.1","port":9202,"weight":1.0,"healthy":true,"enabled":true,"ephemeral":true,"clusterName":"DEFAULT","serviceName":"DEFAULT_GROUP@@oj-friend","metadata":{"preserved.register.source":"SPRING_CLOUD"},"instanceHeartBeatInterval":5000,"instanceHeartBeatTimeOut":15000,"ipDeleteTimeout":30000}]
11:54:40.243 [nacos-grpc-client-executor-localhost-703] INFO  c.a.n.client.naming - [processServiceInfo,169] - current ips:(1) service: DEFAULT_GROUP@@oj-friend -> [{"ip":"192.168.137.1","port":9202,"weight":1.0,"healthy":true,"enabled":true,"ephemeral":true,"clusterName":"DEFAULT","serviceName":"DEFAULT_GROUP@@oj-friend","metadata":{"preserved.register.source":"SPRING_CLOUD"},"instanceHeartBeatInterval":5000,"instanceHeartBeatTimeOut":15000,"ipDeleteTimeout":30000}]
11:54:40.246 [nacos-grpc-client-executor-localhost-703] INFO  c.a.n.c.r.client - [printIfInfoEnabled,63] - [486f62db-a017-4353-92cb-1dcc213b31b1] Ack server push request, request = NotifySubscriberRequest, requestId = 7
14:13:11.906 [nacos-grpc-client-executor-localhost-2379] INFO  c.a.n.c.r.client - [printIfInfoEnabled,63] - [486f62db-a017-4353-92cb-1dcc213b31b1] Receive server push request, request = NotifySubscriberRequest, requestId = 8
14:13:11.913 [nacos-grpc-client-executor-localhost-2379] INFO  c.a.n.client.naming - [isChangedServiceInfo,241] - removed ips(1) service: DEFAULT_GROUP@@oj-friend -> [{"ip":"192.168.137.1","port":9202,"weight":1.0,"healthy":true,"enabled":true,"ephemeral":true,"clusterName":"DEFAULT","serviceName":"DEFAULT_GROUP@@oj-friend","metadata":{"preserved.register.source":"SPRING_CLOUD"},"instanceHeartBeatInterval":5000,"instanceHeartBeatTimeOut":15000,"ipDeleteTimeout":30000}]
14:13:11.914 [nacos-grpc-client-executor-localhost-2379] INFO  c.a.n.client.naming - [processServiceInfo,169] - current ips:(0) service: DEFAULT_GROUP@@oj-friend -> []
14:13:11.920 [nacos-grpc-client-executor-localhost-2379] INFO  c.a.n.c.r.client - [printIfInfoEnabled,63] - [486f62db-a017-4353-92cb-1dcc213b31b1] Ack server push request, request = NotifySubscriberRequest, requestId = 8
14:13:31.856 [nacos-grpc-client-executor-localhost-2383] INFO  c.a.n.c.r.client - [printIfInfoEnabled,63] - [486f62db-a017-4353-92cb-1dcc213b31b1] Receive server push request, request = NotifySubscriberRequest, requestId = 9
14:13:31.857 [nacos-grpc-client-executor-localhost-2383] INFO  c.a.n.client.naming - [isChangedServiceInfo,235] - new ips(1) service: DEFAULT_GROUP@@oj-friend -> [{"ip":"192.168.137.1","port":9202,"weight":1.0,"healthy":true,"enabled":true,"ephemeral":true,"clusterName":"DEFAULT","serviceName":"DEFAULT_GROUP@@oj-friend","metadata":{"preserved.register.source":"SPRING_CLOUD"},"instanceHeartBeatInterval":5000,"instanceHeartBeatTimeOut":15000,"ipDeleteTimeout":30000}]
14:13:31.857 [nacos-grpc-client-executor-localhost-2383] INFO  c.a.n.client.naming - [processServiceInfo,169] - current ips:(1) service: DEFAULT_GROUP@@oj-friend -> [{"ip":"192.168.137.1","port":9202,"weight":1.0,"healthy":true,"enabled":true,"ephemeral":true,"clusterName":"DEFAULT","serviceName":"DEFAULT_GROUP@@oj-friend","metadata":{"preserved.register.source":"SPRING_CLOUD"},"instanceHeartBeatInterval":5000,"instanceHeartBeatTimeOut":15000,"ipDeleteTimeout":30000}]
14:13:31.859 [nacos-grpc-client-executor-localhost-2383] INFO  c.a.n.c.r.client - [printIfInfoEnabled,63] - [486f62db-a017-4353-92cb-1dcc213b31b1] Ack server push request, request = NotifySubscriberRequest, requestId = 9
14:18:12.046 [nacos-grpc-client-executor-localhost-2440] INFO  c.a.n.c.r.client - [printIfInfoEnabled,63] - [486f62db-a017-4353-92cb-1dcc213b31b1] Receive server push request, request = NotifySubscriberRequest, requestId = 11
14:18:12.046 [nacos-grpc-client-executor-localhost-2440] INFO  c.a.n.client.naming - [isChangedServiceInfo,241] - removed ips(1) service: DEFAULT_GROUP@@oj-friend -> [{"ip":"192.168.137.1","port":9202,"weight":1.0,"healthy":true,"enabled":true,"ephemeral":true,"clusterName":"DEFAULT","serviceName":"DEFAULT_GROUP@@oj-friend","metadata":{"preserved.register.source":"SPRING_CLOUD"},"instanceHeartBeatInterval":5000,"instanceHeartBeatTimeOut":15000,"ipDeleteTimeout":30000}]
14:18:12.047 [nacos-grpc-client-executor-localhost-2440] INFO  c.a.n.client.naming - [processServiceInfo,169] - current ips:(0) service: DEFAULT_GROUP@@oj-friend -> []
14:18:12.049 [nacos-grpc-client-executor-localhost-2440] INFO  c.a.n.c.r.client - [printIfInfoEnabled,63] - [486f62db-a017-4353-92cb-1dcc213b31b1] Ack server push request, request = NotifySubscriberRequest, requestId = 11
14:18:31.705 [nacos-grpc-client-executor-localhost-2444] INFO  c.a.n.c.r.client - [printIfInfoEnabled,63] - [486f62db-a017-4353-92cb-1dcc213b31b1] Receive server push request, request = NotifySubscriberRequest, requestId = 12
14:18:31.706 [nacos-grpc-client-executor-localhost-2444] INFO  c.a.n.client.naming - [isChangedServiceInfo,235] - new ips(1) service: DEFAULT_GROUP@@oj-friend -> [{"ip":"192.168.137.1","port":9202,"weight":1.0,"healthy":true,"enabled":true,"ephemeral":true,"clusterName":"DEFAULT","serviceName":"DEFAULT_GROUP@@oj-friend","metadata":{"preserved.register.source":"SPRING_CLOUD"},"instanceHeartBeatInterval":5000,"instanceHeartBeatTimeOut":15000,"ipDeleteTimeout":30000}]
14:18:31.728 [nacos-grpc-client-executor-localhost-2444] INFO  c.a.n.client.naming - [processServiceInfo,169] - current ips:(1) service: DEFAULT_GROUP@@oj-friend -> [{"ip":"192.168.137.1","port":9202,"weight":1.0,"healthy":true,"enabled":true,"ephemeral":true,"clusterName":"DEFAULT","serviceName":"DEFAULT_GROUP@@oj-friend","metadata":{"preserved.register.source":"SPRING_CLOUD"},"instanceHeartBeatInterval":5000,"instanceHeartBeatTimeOut":15000,"ipDeleteTimeout":30000}]
14:18:31.731 [nacos-grpc-client-executor-localhost-2444] INFO  c.a.n.c.r.client - [printIfInfoEnabled,63] - [486f62db-a017-4353-92cb-1dcc213b31b1] Ack server push request, request = NotifySubscriberRequest, requestId = 12
14:20:11.557 [nacos-grpc-client-executor-localhost-2464] INFO  c.a.n.c.r.client - [printIfInfoEnabled,63] - [486f62db-a017-4353-92cb-1dcc213b31b1] Receive server push request, request = NotifySubscriberRequest, requestId = 13
14:20:11.557 [nacos-grpc-client-executor-localhost-2464] INFO  c.a.n.client.naming - [isChangedServiceInfo,241] - removed ips(1) service: DEFAULT_GROUP@@oj-friend -> [{"ip":"192.168.137.1","port":9202,"weight":1.0,"healthy":true,"enabled":true,"ephemeral":true,"clusterName":"DEFAULT","serviceName":"DEFAULT_GROUP@@oj-friend","metadata":{"preserved.register.source":"SPRING_CLOUD"},"instanceHeartBeatInterval":5000,"instanceHeartBeatTimeOut":15000,"ipDeleteTimeout":30000}]
14:20:11.557 [nacos-grpc-client-executor-localhost-2464] INFO  c.a.n.client.naming - [processServiceInfo,169] - current ips:(0) service: DEFAULT_GROUP@@oj-friend -> []
14:20:11.559 [nacos-grpc-client-executor-localhost-2464] INFO  c.a.n.c.r.client - [printIfInfoEnabled,63] - [486f62db-a017-4353-92cb-1dcc213b31b1] Ack server push request, request = NotifySubscriberRequest, requestId = 13
14:20:30.981 [nacos-grpc-client-executor-localhost-2468] INFO  c.a.n.c.r.client - [printIfInfoEnabled,63] - [486f62db-a017-4353-92cb-1dcc213b31b1] Receive server push request, request = NotifySubscriberRequest, requestId = 14
14:20:30.982 [nacos-grpc-client-executor-localhost-2468] INFO  c.a.n.client.naming - [isChangedServiceInfo,235] - new ips(1) service: DEFAULT_GROUP@@oj-friend -> [{"ip":"192.168.137.1","port":9202,"weight":1.0,"healthy":true,"enabled":true,"ephemeral":true,"clusterName":"DEFAULT","serviceName":"DEFAULT_GROUP@@oj-friend","metadata":{"preserved.register.source":"SPRING_CLOUD"},"instanceHeartBeatInterval":5000,"instanceHeartBeatTimeOut":15000,"ipDeleteTimeout":30000}]
14:20:30.983 [nacos-grpc-client-executor-localhost-2468] INFO  c.a.n.client.naming - [processServiceInfo,169] - current ips:(1) service: DEFAULT_GROUP@@oj-friend -> [{"ip":"192.168.137.1","port":9202,"weight":1.0,"healthy":true,"enabled":true,"ephemeral":true,"clusterName":"DEFAULT","serviceName":"DEFAULT_GROUP@@oj-friend","metadata":{"preserved.register.source":"SPRING_CLOUD"},"instanceHeartBeatInterval":5000,"instanceHeartBeatTimeOut":15000,"ipDeleteTimeout":30000}]
14:20:30.985 [nacos-grpc-client-executor-localhost-2468] INFO  c.a.n.c.r.client - [printIfInfoEnabled,63] - [486f62db-a017-4353-92cb-1dcc213b31b1] Ack server push request, request = NotifySubscriberRequest, requestId = 14
14:23:40.682 [nacos-grpc-client-executor-localhost-2506] INFO  c.a.n.c.r.client - [printIfInfoEnabled,63] - [486f62db-a017-4353-92cb-1dcc213b31b1] Receive server push request, request = NotifySubscriberRequest, requestId = 15
14:23:40.683 [nacos-grpc-client-executor-localhost-2506] INFO  c.a.n.client.naming - [isChangedServiceInfo,241] - removed ips(1) service: DEFAULT_GROUP@@oj-friend -> [{"ip":"192.168.137.1","port":9202,"weight":1.0,"healthy":true,"enabled":true,"ephemeral":true,"clusterName":"DEFAULT","serviceName":"DEFAULT_GROUP@@oj-friend","metadata":{"preserved.register.source":"SPRING_CLOUD"},"instanceHeartBeatInterval":5000,"instanceHeartBeatTimeOut":15000,"ipDeleteTimeout":30000}]
14:23:40.684 [nacos-grpc-client-executor-localhost-2506] INFO  c.a.n.client.naming - [processServiceInfo,169] - current ips:(0) service: DEFAULT_GROUP@@oj-friend -> []
14:23:40.686 [nacos-grpc-client-executor-localhost-2506] INFO  c.a.n.c.r.client - [printIfInfoEnabled,63] - [486f62db-a017-4353-92cb-1dcc213b31b1] Ack server push request, request = NotifySubscriberRequest, requestId = 15
14:23:57.263 [nacos-grpc-client-executor-localhost-2509] INFO  c.a.n.c.r.client - [printIfInfoEnabled,63] - [486f62db-a017-4353-92cb-1dcc213b31b1] Receive server push request, request = NotifySubscriberRequest, requestId = 16
14:23:57.264 [nacos-grpc-client-executor-localhost-2509] INFO  c.a.n.client.naming - [isChangedServiceInfo,235] - new ips(1) service: DEFAULT_GROUP@@oj-friend -> [{"ip":"192.168.137.1","port":9202,"weight":1.0,"healthy":true,"enabled":true,"ephemeral":true,"clusterName":"DEFAULT","serviceName":"DEFAULT_GROUP@@oj-friend","metadata":{"preserved.register.source":"SPRING_CLOUD"},"instanceHeartBeatInterval":5000,"instanceHeartBeatTimeOut":15000,"ipDeleteTimeout":30000}]
14:23:57.264 [nacos-grpc-client-executor-localhost-2509] INFO  c.a.n.client.naming - [processServiceInfo,169] - current ips:(1) service: DEFAULT_GROUP@@oj-friend -> [{"ip":"192.168.137.1","port":9202,"weight":1.0,"healthy":true,"enabled":true,"ephemeral":true,"clusterName":"DEFAULT","serviceName":"DEFAULT_GROUP@@oj-friend","metadata":{"preserved.register.source":"SPRING_CLOUD"},"instanceHeartBeatInterval":5000,"instanceHeartBeatTimeOut":15000,"ipDeleteTimeout":30000}]
14:23:57.265 [nacos-grpc-client-executor-localhost-2509] INFO  c.a.n.c.r.client - [printIfInfoEnabled,63] - [486f62db-a017-4353-92cb-1dcc213b31b1] Ack server push request, request = NotifySubscriberRequest, requestId = 16
14:26:07.535 [nacos-grpc-client-executor-localhost-2537] INFO  c.a.n.c.r.client - [printIfInfoEnabled,63] - [486f62db-a017-4353-92cb-1dcc213b31b1] Receive server push request, request = NotifySubscriberRequest, requestId = 18
14:26:07.537 [nacos-grpc-client-executor-localhost-2537] INFO  c.a.n.client.naming - [isChangedServiceInfo,241] - removed ips(1) service: DEFAULT_GROUP@@oj-friend -> [{"ip":"192.168.137.1","port":9202,"weight":1.0,"healthy":true,"enabled":true,"ephemeral":true,"clusterName":"DEFAULT","serviceName":"DEFAULT_GROUP@@oj-friend","metadata":{"preserved.register.source":"SPRING_CLOUD"},"instanceHeartBeatInterval":5000,"instanceHeartBeatTimeOut":15000,"ipDeleteTimeout":30000}]
14:26:07.538 [nacos-grpc-client-executor-localhost-2537] INFO  c.a.n.client.naming - [processServiceInfo,169] - current ips:(0) service: DEFAULT_GROUP@@oj-friend -> []
14:26:07.541 [nacos-grpc-client-executor-localhost-2537] INFO  c.a.n.c.r.client - [printIfInfoEnabled,63] - [486f62db-a017-4353-92cb-1dcc213b31b1] Ack server push request, request = NotifySubscriberRequest, requestId = 18
14:26:21.253 [nacos-grpc-client-executor-localhost-2540] INFO  c.a.n.c.r.client - [printIfInfoEnabled,63] - [486f62db-a017-4353-92cb-1dcc213b31b1] Receive server push request, request = NotifySubscriberRequest, requestId = 19
14:26:21.253 [nacos-grpc-client-executor-localhost-2540] INFO  c.a.n.client.naming - [isChangedServiceInfo,235] - new ips(1) service: DEFAULT_GROUP@@oj-friend -> [{"ip":"192.168.137.1","port":9202,"weight":1.0,"healthy":true,"enabled":true,"ephemeral":true,"clusterName":"DEFAULT","serviceName":"DEFAULT_GROUP@@oj-friend","metadata":{"preserved.register.source":"SPRING_CLOUD"},"instanceHeartBeatInterval":5000,"instanceHeartBeatTimeOut":15000,"ipDeleteTimeout":30000}]
14:26:21.253 [nacos-grpc-client-executor-localhost-2540] INFO  c.a.n.client.naming - [processServiceInfo,169] - current ips:(1) service: DEFAULT_GROUP@@oj-friend -> [{"ip":"192.168.137.1","port":9202,"weight":1.0,"healthy":true,"enabled":true,"ephemeral":true,"clusterName":"DEFAULT","serviceName":"DEFAULT_GROUP@@oj-friend","metadata":{"preserved.register.source":"SPRING_CLOUD"},"instanceHeartBeatInterval":5000,"instanceHeartBeatTimeOut":15000,"ipDeleteTimeout":30000}]
14:26:21.254 [nacos-grpc-client-executor-localhost-2540] INFO  c.a.n.c.r.client - [printIfInfoEnabled,63] - [486f62db-a017-4353-92cb-1dcc213b31b1] Ack server push request, request = NotifySubscriberRequest, requestId = 19
14:29:34.782 [nacos-grpc-client-executor-localhost-2579] INFO  c.a.n.c.r.client - [printIfInfoEnabled,63] - [486f62db-a017-4353-92cb-1dcc213b31b1] Receive server push request, request = NotifySubscriberRequest, requestId = 20
14:29:34.782 [nacos-grpc-client-executor-localhost-2579] INFO  c.a.n.client.naming - [isChangedServiceInfo,241] - removed ips(1) service: DEFAULT_GROUP@@oj-friend -> [{"ip":"192.168.137.1","port":9202,"weight":1.0,"healthy":true,"enabled":true,"ephemeral":true,"clusterName":"DEFAULT","serviceName":"DEFAULT_GROUP@@oj-friend","metadata":{"preserved.register.source":"SPRING_CLOUD"},"instanceHeartBeatInterval":5000,"instanceHeartBeatTimeOut":15000,"ipDeleteTimeout":30000}]
14:29:34.783 [nacos-grpc-client-executor-localhost-2579] INFO  c.a.n.client.naming - [processServiceInfo,169] - current ips:(0) service: DEFAULT_GROUP@@oj-friend -> []
14:29:34.784 [nacos-grpc-client-executor-localhost-2579] INFO  c.a.n.c.r.client - [printIfInfoEnabled,63] - [486f62db-a017-4353-92cb-1dcc213b31b1] Ack server push request, request = NotifySubscriberRequest, requestId = 20
14:29:54.321 [nacos-grpc-client-executor-localhost-2583] INFO  c.a.n.c.r.client - [printIfInfoEnabled,63] - [486f62db-a017-4353-92cb-1dcc213b31b1] Receive server push request, request = NotifySubscriberRequest, requestId = 21
14:29:54.322 [nacos-grpc-client-executor-localhost-2583] INFO  c.a.n.client.naming - [isChangedServiceInfo,235] - new ips(1) service: DEFAULT_GROUP@@oj-friend -> [{"ip":"192.168.137.1","port":9202,"weight":1.0,"healthy":true,"enabled":true,"ephemeral":true,"clusterName":"DEFAULT","serviceName":"DEFAULT_GROUP@@oj-friend","metadata":{"preserved.register.source":"SPRING_CLOUD"},"instanceHeartBeatInterval":5000,"instanceHeartBeatTimeOut":15000,"ipDeleteTimeout":30000}]
14:29:54.327 [nacos-grpc-client-executor-localhost-2583] INFO  c.a.n.client.naming - [processServiceInfo,169] - current ips:(1) service: DEFAULT_GROUP@@oj-friend -> [{"ip":"192.168.137.1","port":9202,"weight":1.0,"healthy":true,"enabled":true,"ephemeral":true,"clusterName":"DEFAULT","serviceName":"DEFAULT_GROUP@@oj-friend","metadata":{"preserved.register.source":"SPRING_CLOUD"},"instanceHeartBeatInterval":5000,"instanceHeartBeatTimeOut":15000,"ipDeleteTimeout":30000}]
14:29:54.332 [nacos-grpc-client-executor-localhost-2583] INFO  c.a.n.c.r.client - [printIfInfoEnabled,63] - [486f62db-a017-4353-92cb-1dcc213b31b1] Ack server push request, request = NotifySubscriberRequest, requestId = 21
15:20:01.252 [nacos-grpc-client-executor-localhost-3186] INFO  c.a.n.c.r.client - [printIfInfoEnabled,63] - [486f62db-a017-4353-92cb-1dcc213b31b1] Receive server push request, request = NotifySubscriberRequest, requestId = 22
15:20:01.266 [nacos-grpc-client-executor-localhost-3186] INFO  c.a.n.client.naming - [isChangedServiceInfo,241] - removed ips(1) service: DEFAULT_GROUP@@oj-friend -> [{"ip":"192.168.137.1","port":9202,"weight":1.0,"healthy":true,"enabled":true,"ephemeral":true,"clusterName":"DEFAULT","serviceName":"DEFAULT_GROUP@@oj-friend","metadata":{"preserved.register.source":"SPRING_CLOUD"},"instanceHeartBeatInterval":5000,"instanceHeartBeatTimeOut":15000,"ipDeleteTimeout":30000}]
15:20:01.268 [nacos-grpc-client-executor-localhost-3186] INFO  c.a.n.client.naming - [processServiceInfo,169] - current ips:(0) service: DEFAULT_GROUP@@oj-friend -> []
15:20:01.274 [nacos-grpc-client-executor-localhost-3186] INFO  c.a.n.c.r.client - [printIfInfoEnabled,63] - [486f62db-a017-4353-92cb-1dcc213b31b1] Ack server push request, request = NotifySubscriberRequest, requestId = 22
15:20:23.596 [nacos-grpc-client-executor-localhost-3190] INFO  c.a.n.c.r.client - [printIfInfoEnabled,63] - [486f62db-a017-4353-92cb-1dcc213b31b1] Receive server push request, request = NotifySubscriberRequest, requestId = 23
15:20:23.597 [nacos-grpc-client-executor-localhost-3190] INFO  c.a.n.client.naming - [isChangedServiceInfo,235] - new ips(1) service: DEFAULT_GROUP@@oj-friend -> [{"ip":"192.168.137.1","port":9202,"weight":1.0,"healthy":true,"enabled":true,"ephemeral":true,"clusterName":"DEFAULT","serviceName":"DEFAULT_GROUP@@oj-friend","metadata":{"preserved.register.source":"SPRING_CLOUD"},"instanceHeartBeatInterval":5000,"instanceHeartBeatTimeOut":15000,"ipDeleteTimeout":30000}]
15:20:23.597 [nacos-grpc-client-executor-localhost-3190] INFO  c.a.n.client.naming - [processServiceInfo,169] - current ips:(1) service: DEFAULT_GROUP@@oj-friend -> [{"ip":"192.168.137.1","port":9202,"weight":1.0,"healthy":true,"enabled":true,"ephemeral":true,"clusterName":"DEFAULT","serviceName":"DEFAULT_GROUP@@oj-friend","metadata":{"preserved.register.source":"SPRING_CLOUD"},"instanceHeartBeatInterval":5000,"instanceHeartBeatTimeOut":15000,"ipDeleteTimeout":30000}]
15:20:23.598 [nacos-grpc-client-executor-localhost-3190] INFO  c.a.n.c.r.client - [printIfInfoEnabled,63] - [486f62db-a017-4353-92cb-1dcc213b31b1] Ack server push request, request = NotifySubscriberRequest, requestId = 23
22:00:38.552 [SpringApplicationShutdownHook] INFO  c.a.c.n.r.NacosServiceRegistry - [deregister,95] - De-registering from Nacos Server now...
22:00:38.556 [SpringApplicationShutdownHook] INFO  c.a.n.client.naming - [deregisterService,217] - [DEREGISTER-SERVICE] 62113bd0-93ee-4621-9b30-60de09bd5520 deregistering service oj-gateway with instance: Instance{instanceId='null', ip='192.168.137.1', port=19090, weight=1.0, healthy=true, enabled=true, ephemeral=true, clusterName='DEFAULT', serviceName='null', metadata={}}
22:00:38.568 [SpringApplicationShutdownHook] INFO  c.a.c.n.r.NacosServiceRegistry - [deregister,115] - De-registration finished.
22:00:38.569 [SpringApplicationShutdownHook] INFO  c.a.n.client.naming - [shutdown,256] - com.alibaba.nacos.client.naming.cache.ServiceInfoHolder do shutdown begin
22:00:38.569 [SpringApplicationShutdownHook] INFO  c.a.n.client.naming - [shutdown,136] - com.alibaba.nacos.client.naming.backups.FailoverReactor do shutdown begin
22:00:38.570 [SpringApplicationShutdownHook] INFO  c.a.n.client.naming - [shutdown,138] - com.alibaba.nacos.client.naming.backups.FailoverReactor do shutdown stop
22:00:38.570 [SpringApplicationShutdownHook] INFO  c.a.n.client.naming - [shutdown,258] - com.alibaba.nacos.client.naming.cache.ServiceInfoHolder do shutdown stop
22:00:38.570 [SpringApplicationShutdownHook] INFO  c.a.n.client.naming - [shutdown,204] - com.alibaba.nacos.client.naming.remote.NamingClientProxyDelegate do shutdown begin
22:00:38.571 [SpringApplicationShutdownHook] INFO  c.a.n.client.naming - [shutdown,143] - com.alibaba.nacos.client.naming.core.ServiceInfoUpdateService do shutdown begin
22:00:38.571 [SpringApplicationShutdownHook] INFO  c.a.n.client.naming - [shutdown,145] - com.alibaba.nacos.client.naming.core.ServiceInfoUpdateService do shutdown stop
22:00:38.571 [SpringApplicationShutdownHook] INFO  c.a.n.client.naming - [shutdown,194] - com.alibaba.nacos.client.naming.core.ServerListManager do shutdown begin
22:00:38.572 [SpringApplicationShutdownHook] INFO  c.a.n.client.naming - [shutdown,199] - com.alibaba.nacos.client.naming.core.ServerListManager do shutdown stop
22:00:38.572 [SpringApplicationShutdownHook] INFO  c.a.n.client.naming - [shutdown,484] - com.alibaba.nacos.client.naming.remote.http.NamingHttpClientProxy do shutdown begin
22:00:38.573 [SpringApplicationShutdownHook] INFO  c.a.n.client.naming - [shutdown,486] - com.alibaba.nacos.client.naming.remote.http.NamingHttpClientProxy do shutdown stop
22:00:38.573 [SpringApplicationShutdownHook] INFO  c.a.n.c.r.client - [shutdown,429] - Shutdown rpc client, set status to shutdown
22:00:38.574 [SpringApplicationShutdownHook] INFO  c.a.n.c.r.client - [shutdown,431] - Shutdown client event executor java.util.concurrent.ScheduledThreadPoolExecutor@2618b652[Running, pool size = 2, active threads = 2, queued tasks = 0, completed tasks = 0]
22:00:38.575 [SpringApplicationShutdownHook] INFO  c.a.n.c.r.client - [closeConnection,584] - Close current connection 1739674782787_172.17.0.1_47434
22:00:38.581 [nacos-grpc-client-executor-localhost-8006] INFO  c.a.n.c.r.c.g.GrpcClient - [printIfInfoEnabled,63] - [1739674782787_172.17.0.1_47434]Ignore complete event,isRunning:false,isAbandon=false
22:00:38.602 [SpringApplicationShutdownHook] INFO  c.a.n.c.r.c.g.GrpcClient - [shutdown,159] - Shutdown grpc executor java.util.concurrent.ThreadPoolExecutor@71345bfa[Running, pool size = 4, active threads = 0, queued tasks = 0, completed tasks = 8007]
22:00:38.603 [SpringApplicationShutdownHook] INFO  c.a.n.client.naming - [shutdown,318] - Shutdown grpc redo service executor java.util.concurrent.ScheduledThreadPoolExecutor@6edf6217[Running, pool size = 1, active threads = 0, queued tasks = 1, completed tasks = 13184]
22:00:38.604 [SpringApplicationShutdownHook] INFO  c.a.n.c.a.r.i.CredentialWatcher - [stop,106] - [null] CredentialWatcher is stopped
22:00:38.605 [SpringApplicationShutdownHook] INFO  c.a.n.c.a.r.i.CredentialService - [free,100] - [null] CredentialService is freed
22:00:38.606 [SpringApplicationShutdownHook] INFO  c.a.n.client.naming - [shutdown,211] - com.alibaba.nacos.client.naming.remote.NamingClientProxyDelegate do shutdown stop
